
*** Running vivado
    with args -log BarrelShifter.vds -m64 -product Vivado -mode batch -messageDb vivado.pb -notrace -source BarrelShifter.tcl


****** Vivado v2019.2 (64-bit)
  **** SW Build 2708876 on Wed Nov  6 21:40:23 MST 2019
  **** IP Build 2700528 on Thu Nov  7 00:09:20 MST 2019
    ** Copyright 1986-2019 Xilinx, Inc. All Rights Reserved.

source BarrelShifter.tcl -notrace
create_project: Time (s): cpu = 00:00:11 ; elapsed = 00:00:12 . Memory (MB): peak = 411.703 ; gain = 109.000
Command: synth_design -top BarrelShifter -part xc7vx485tffg1157-1
Starting synth_design
Attempting to get a license for feature 'Synthesis' and/or device 'xc7vx485t'
INFO: [Common 17-349] Got license for feature 'Synthesis' and/or device 'xc7vx485t'
INFO: [Common 17-86] Your Synthesis license expires in 4 day(s)
INFO: [Common 17-1540] The version limit for your license is '2022.09' and has expired for new software. A version limit expiration means that, although you may be able to continue to use the current version of tools or IP with this license, you will not be eligible for any updates or new releases.
INFO: Launching helper process for spawning children vivado processes
INFO: Helper process launched with PID 12412 
---------------------------------------------------------------------------------
Starting Synthesize : Time (s): cpu = 00:00:13 ; elapsed = 00:00:15 . Memory (MB): peak = 683.848 ; gain = 247.332
---------------------------------------------------------------------------------
INFO: [Synth 8-6157] synthesizing module 'BarrelShifter' [C:/Users/Aggelos/Desktop/github/Chi-DMA/CHI-DMA/CHI-DMA.srcs/sources_1/new/BarrelShifter.sv:26]
	Parameter CHI_DATA_WIDTH bound to: 64 - type: integer 
	Parameter SIZE_FIFO_WIDTH bound to: 7 - type: integer 
	Parameter SHIFT_WIDTH bound to: 9 - type: integer 
	Parameter BRAM_COL_WIDTH bound to: 32 - type: integer 
	Parameter FIFO_LENGTH bound to: 32 - type: integer 
	Parameter COUNTER_WIDTH bound to: 6 - type: integer 
INFO: [Synth 8-6157] synthesizing module 'FIFO' [C:/Users/Aggelos/Desktop/github/Chi-DMA/CHI-DMA/CHI-DMA.srcs/sources_1/new/FIFO_Addr.sv:24]
	Parameter FIFO_WIDTH bound to: 32 - type: integer 
	Parameter FIFO_LENGTH bound to: 32 - type: integer 
INFO: [Synth 8-6155] done synthesizing module 'FIFO' (1#1) [C:/Users/Aggelos/Desktop/github/Chi-DMA/CHI-DMA/CHI-DMA.srcs/sources_1/new/FIFO_Addr.sv:24]
INFO: [Synth 8-6157] synthesizing module 'FIFO__parameterized0' [C:/Users/Aggelos/Desktop/github/Chi-DMA/CHI-DMA/CHI-DMA.srcs/sources_1/new/FIFO_Addr.sv:24]
	Parameter FIFO_WIDTH bound to: 1 - type: integer 
	Parameter FIFO_LENGTH bound to: 32 - type: integer 
INFO: [Synth 8-6155] done synthesizing module 'FIFO__parameterized0' (1#1) [C:/Users/Aggelos/Desktop/github/Chi-DMA/CHI-DMA/CHI-DMA.srcs/sources_1/new/FIFO_Addr.sv:24]
INFO: [Synth 8-6157] synthesizing module 'FIFO__parameterized1' [C:/Users/Aggelos/Desktop/github/Chi-DMA/CHI-DMA/CHI-DMA.srcs/sources_1/new/FIFO_Addr.sv:24]
	Parameter FIFO_WIDTH bound to: 512 - type: integer 
	Parameter FIFO_LENGTH bound to: 32 - type: integer 
INFO: [Synth 8-6155] done synthesizing module 'FIFO__parameterized1' (1#1) [C:/Users/Aggelos/Desktop/github/Chi-DMA/CHI-DMA/CHI-DMA.srcs/sources_1/new/FIFO_Addr.sv:24]
INFO: [Synth 8-6157] synthesizing module 'FIFO__parameterized2' [C:/Users/Aggelos/Desktop/github/Chi-DMA/CHI-DMA/CHI-DMA.srcs/sources_1/new/FIFO_Addr.sv:24]
	Parameter FIFO_WIDTH bound to: 7 - type: integer 
	Parameter FIFO_LENGTH bound to: 32 - type: integer 
INFO: [Synth 8-6155] done synthesizing module 'FIFO__parameterized2' (1#1) [C:/Users/Aggelos/Desktop/github/Chi-DMA/CHI-DMA/CHI-DMA.srcs/sources_1/new/FIFO_Addr.sv:24]
INFO: [Synth 8-6155] done synthesizing module 'BarrelShifter' (2#1) [C:/Users/Aggelos/Desktop/github/Chi-DMA/CHI-DMA/CHI-DMA.srcs/sources_1/new/BarrelShifter.sv:26]
WARNING: [Synth 8-3331] design BarrelShifter has unconnected port RXDATFLIT[QoS][3]
WARNING: [Synth 8-3331] design BarrelShifter has unconnected port RXDATFLIT[QoS][2]
WARNING: [Synth 8-3331] design BarrelShifter has unconnected port RXDATFLIT[QoS][1]
WARNING: [Synth 8-3331] design BarrelShifter has unconnected port RXDATFLIT[QoS][0]
WARNING: [Synth 8-3331] design BarrelShifter has unconnected port RXDATFLIT[TgtID][6]
WARNING: [Synth 8-3331] design BarrelShifter has unconnected port RXDATFLIT[TgtID][5]
WARNING: [Synth 8-3331] design BarrelShifter has unconnected port RXDATFLIT[TgtID][4]
WARNING: [Synth 8-3331] design BarrelShifter has unconnected port RXDATFLIT[TgtID][3]
WARNING: [Synth 8-3331] design BarrelShifter has unconnected port RXDATFLIT[TgtID][2]
WARNING: [Synth 8-3331] design BarrelShifter has unconnected port RXDATFLIT[TgtID][1]
WARNING: [Synth 8-3331] design BarrelShifter has unconnected port RXDATFLIT[TgtID][0]
WARNING: [Synth 8-3331] design BarrelShifter has unconnected port RXDATFLIT[SrcID][6]
WARNING: [Synth 8-3331] design BarrelShifter has unconnected port RXDATFLIT[SrcID][5]
WARNING: [Synth 8-3331] design BarrelShifter has unconnected port RXDATFLIT[SrcID][4]
WARNING: [Synth 8-3331] design BarrelShifter has unconnected port RXDATFLIT[SrcID][3]
WARNING: [Synth 8-3331] design BarrelShifter has unconnected port RXDATFLIT[SrcID][2]
WARNING: [Synth 8-3331] design BarrelShifter has unconnected port RXDATFLIT[SrcID][1]
WARNING: [Synth 8-3331] design BarrelShifter has unconnected port RXDATFLIT[SrcID][0]
WARNING: [Synth 8-3331] design BarrelShifter has unconnected port RXDATFLIT[TxnID][7]
WARNING: [Synth 8-3331] design BarrelShifter has unconnected port RXDATFLIT[TxnID][6]
WARNING: [Synth 8-3331] design BarrelShifter has unconnected port RXDATFLIT[TxnID][5]
WARNING: [Synth 8-3331] design BarrelShifter has unconnected port RXDATFLIT[TxnID][4]
WARNING: [Synth 8-3331] design BarrelShifter has unconnected port RXDATFLIT[TxnID][3]
WARNING: [Synth 8-3331] design BarrelShifter has unconnected port RXDATFLIT[TxnID][2]
WARNING: [Synth 8-3331] design BarrelShifter has unconnected port RXDATFLIT[TxnID][1]
WARNING: [Synth 8-3331] design BarrelShifter has unconnected port RXDATFLIT[TxnID][0]
WARNING: [Synth 8-3331] design BarrelShifter has unconnected port RXDATFLIT[HomeNID][6]
WARNING: [Synth 8-3331] design BarrelShifter has unconnected port RXDATFLIT[HomeNID][5]
WARNING: [Synth 8-3331] design BarrelShifter has unconnected port RXDATFLIT[HomeNID][4]
WARNING: [Synth 8-3331] design BarrelShifter has unconnected port RXDATFLIT[HomeNID][3]
WARNING: [Synth 8-3331] design BarrelShifter has unconnected port RXDATFLIT[HomeNID][2]
WARNING: [Synth 8-3331] design BarrelShifter has unconnected port RXDATFLIT[HomeNID][1]
WARNING: [Synth 8-3331] design BarrelShifter has unconnected port RXDATFLIT[HomeNID][0]
WARNING: [Synth 8-3331] design BarrelShifter has unconnected port RXDATFLIT[Opcode][3]
WARNING: [Synth 8-3331] design BarrelShifter has unconnected port RXDATFLIT[Opcode][2]
WARNING: [Synth 8-3331] design BarrelShifter has unconnected port RXDATFLIT[Opcode][1]
WARNING: [Synth 8-3331] design BarrelShifter has unconnected port RXDATFLIT[Opcode][0]
WARNING: [Synth 8-3331] design BarrelShifter has unconnected port RXDATFLIT[RespErr][1]
WARNING: [Synth 8-3331] design BarrelShifter has unconnected port RXDATFLIT[RespErr][0]
WARNING: [Synth 8-3331] design BarrelShifter has unconnected port RXDATFLIT[Resp][2]
WARNING: [Synth 8-3331] design BarrelShifter has unconnected port RXDATFLIT[Resp][1]
WARNING: [Synth 8-3331] design BarrelShifter has unconnected port RXDATFLIT[Resp][0]
WARNING: [Synth 8-3331] design BarrelShifter has unconnected port RXDATFLIT[DataSource][2]
WARNING: [Synth 8-3331] design BarrelShifter has unconnected port RXDATFLIT[DataSource][1]
WARNING: [Synth 8-3331] design BarrelShifter has unconnected port RXDATFLIT[DataSource][0]
WARNING: [Synth 8-3331] design BarrelShifter has unconnected port RXDATFLIT[DBID][7]
WARNING: [Synth 8-3331] design BarrelShifter has unconnected port RXDATFLIT[DBID][6]
WARNING: [Synth 8-3331] design BarrelShifter has unconnected port RXDATFLIT[DBID][5]
WARNING: [Synth 8-3331] design BarrelShifter has unconnected port RXDATFLIT[DBID][4]
WARNING: [Synth 8-3331] design BarrelShifter has unconnected port RXDATFLIT[DBID][3]
WARNING: [Synth 8-3331] design BarrelShifter has unconnected port RXDATFLIT[DBID][2]
WARNING: [Synth 8-3331] design BarrelShifter has unconnected port RXDATFLIT[DBID][1]
WARNING: [Synth 8-3331] design BarrelShifter has unconnected port RXDATFLIT[DBID][0]
WARNING: [Synth 8-3331] design BarrelShifter has unconnected port RXDATFLIT[CCID][1]
WARNING: [Synth 8-3331] design BarrelShifter has unconnected port RXDATFLIT[CCID][0]
WARNING: [Synth 8-3331] design BarrelShifter has unconnected port RXDATFLIT[DataID][1]
WARNING: [Synth 8-3331] design BarrelShifter has unconnected port RXDATFLIT[DataID][0]
WARNING: [Synth 8-3331] design BarrelShifter has unconnected port RXDATFLIT[TraceTag]
WARNING: [Synth 8-3331] design BarrelShifter has unconnected port RXDATFLIT[BE][63]
WARNING: [Synth 8-3331] design BarrelShifter has unconnected port RXDATFLIT[BE][62]
WARNING: [Synth 8-3331] design BarrelShifter has unconnected port RXDATFLIT[BE][61]
WARNING: [Synth 8-3331] design BarrelShifter has unconnected port RXDATFLIT[BE][60]
WARNING: [Synth 8-3331] design BarrelShifter has unconnected port RXDATFLIT[BE][59]
WARNING: [Synth 8-3331] design BarrelShifter has unconnected port RXDATFLIT[BE][58]
WARNING: [Synth 8-3331] design BarrelShifter has unconnected port RXDATFLIT[BE][57]
WARNING: [Synth 8-3331] design BarrelShifter has unconnected port RXDATFLIT[BE][56]
WARNING: [Synth 8-3331] design BarrelShifter has unconnected port RXDATFLIT[BE][55]
WARNING: [Synth 8-3331] design BarrelShifter has unconnected port RXDATFLIT[BE][54]
WARNING: [Synth 8-3331] design BarrelShifter has unconnected port RXDATFLIT[BE][53]
WARNING: [Synth 8-3331] design BarrelShifter has unconnected port RXDATFLIT[BE][52]
WARNING: [Synth 8-3331] design BarrelShifter has unconnected port RXDATFLIT[BE][51]
WARNING: [Synth 8-3331] design BarrelShifter has unconnected port RXDATFLIT[BE][50]
WARNING: [Synth 8-3331] design BarrelShifter has unconnected port RXDATFLIT[BE][49]
WARNING: [Synth 8-3331] design BarrelShifter has unconnected port RXDATFLIT[BE][48]
WARNING: [Synth 8-3331] design BarrelShifter has unconnected port RXDATFLIT[BE][47]
WARNING: [Synth 8-3331] design BarrelShifter has unconnected port RXDATFLIT[BE][46]
WARNING: [Synth 8-3331] design BarrelShifter has unconnected port RXDATFLIT[BE][45]
WARNING: [Synth 8-3331] design BarrelShifter has unconnected port RXDATFLIT[BE][44]
WARNING: [Synth 8-3331] design BarrelShifter has unconnected port RXDATFLIT[BE][43]
WARNING: [Synth 8-3331] design BarrelShifter has unconnected port RXDATFLIT[BE][42]
WARNING: [Synth 8-3331] design BarrelShifter has unconnected port RXDATFLIT[BE][41]
WARNING: [Synth 8-3331] design BarrelShifter has unconnected port RXDATFLIT[BE][40]
WARNING: [Synth 8-3331] design BarrelShifter has unconnected port RXDATFLIT[BE][39]
WARNING: [Synth 8-3331] design BarrelShifter has unconnected port RXDATFLIT[BE][38]
WARNING: [Synth 8-3331] design BarrelShifter has unconnected port RXDATFLIT[BE][37]
WARNING: [Synth 8-3331] design BarrelShifter has unconnected port RXDATFLIT[BE][36]
WARNING: [Synth 8-3331] design BarrelShifter has unconnected port RXDATFLIT[BE][35]
WARNING: [Synth 8-3331] design BarrelShifter has unconnected port RXDATFLIT[BE][34]
WARNING: [Synth 8-3331] design BarrelShifter has unconnected port RXDATFLIT[BE][33]
WARNING: [Synth 8-3331] design BarrelShifter has unconnected port RXDATFLIT[BE][32]
WARNING: [Synth 8-3331] design BarrelShifter has unconnected port RXDATFLIT[BE][31]
WARNING: [Synth 8-3331] design BarrelShifter has unconnected port RXDATFLIT[BE][30]
WARNING: [Synth 8-3331] design BarrelShifter has unconnected port RXDATFLIT[BE][29]
WARNING: [Synth 8-3331] design BarrelShifter has unconnected port RXDATFLIT[BE][28]
WARNING: [Synth 8-3331] design BarrelShifter has unconnected port RXDATFLIT[BE][27]
WARNING: [Synth 8-3331] design BarrelShifter has unconnected port RXDATFLIT[BE][26]
WARNING: [Synth 8-3331] design BarrelShifter has unconnected port RXDATFLIT[BE][25]
WARNING: [Synth 8-3331] design BarrelShifter has unconnected port RXDATFLIT[BE][24]
WARNING: [Synth 8-3331] design BarrelShifter has unconnected port RXDATFLIT[BE][23]
WARNING: [Synth 8-3331] design BarrelShifter has unconnected port RXDATFLIT[BE][22]
INFO: [Common 17-14] Message 'Synth 8-3331' appears 100 times and further instances of the messages will be disabled. Use the Tcl command set_msg_config to change the current settings.
---------------------------------------------------------------------------------
Finished Synthesize : Time (s): cpu = 00:00:21 ; elapsed = 00:00:23 . Memory (MB): peak = 773.516 ; gain = 337.000
---------------------------------------------------------------------------------
---------------------------------------------------------------------------------
Finished Constraint Validation : Time (s): cpu = 00:00:23 ; elapsed = 00:00:26 . Memory (MB): peak = 790.813 ; gain = 354.297
---------------------------------------------------------------------------------
---------------------------------------------------------------------------------
Start Loading Part and Timing Information
---------------------------------------------------------------------------------
Loading part: xc7vx485tffg1157-1
---------------------------------------------------------------------------------
Finished Loading Part and Timing Information : Time (s): cpu = 00:00:23 ; elapsed = 00:00:26 . Memory (MB): peak = 790.813 ; gain = 354.297
---------------------------------------------------------------------------------
INFO: [Device 21-403] Loading part xc7vx485tffg1157-1
INFO: [Synth 8-5818] HDL ADVISOR - The operator resource <adder> is shared. To prevent sharing consider applying a KEEP on the output of the operator [C:/Users/Aggelos/Desktop/github/Chi-DMA/CHI-DMA/CHI-DMA.srcs/sources_1/new/FIFO_Addr.sv:53]
INFO: [Synth 8-5818] HDL ADVISOR - The operator resource <adder> is shared. To prevent sharing consider applying a KEEP on the output of the operator [C:/Users/Aggelos/Desktop/github/Chi-DMA/CHI-DMA/CHI-DMA.srcs/sources_1/new/FIFO_Addr.sv:53]
INFO: [Synth 8-5818] HDL ADVISOR - The operator resource <adder> is shared. To prevent sharing consider applying a KEEP on the output of the operator [C:/Users/Aggelos/Desktop/github/Chi-DMA/CHI-DMA/CHI-DMA.srcs/sources_1/new/FIFO_Addr.sv:53]
INFO: [Synth 8-5818] HDL ADVISOR - The operator resource <adder> is shared. To prevent sharing consider applying a KEEP on the output of the operator [C:/Users/Aggelos/Desktop/github/Chi-DMA/CHI-DMA/CHI-DMA.srcs/sources_1/new/FIFO_Addr.sv:53]
INFO: [Synth 8-5818] HDL ADVISOR - The operator resource <adder> is shared. To prevent sharing consider applying a KEEP on the output of the operator [C:/Users/Aggelos/Desktop/github/Chi-DMA/CHI-DMA/CHI-DMA.srcs/sources_1/new/BarrelShifter.sv:223]
INFO: [Synth 8-5818] HDL ADVISOR - The operator resource <adder> is shared. To prevent sharing consider applying a KEEP on the output of the operator [C:/Users/Aggelos/Desktop/github/Chi-DMA/CHI-DMA/CHI-DMA.srcs/sources_1/new/BarrelShifter.sv:228]
INFO: [Synth 8-802] inferred FSM for state register 'state_reg' in module 'BarrelShifter'
---------------------------------------------------------------------------------------------------
                   State |                     New Encoding |                Previous Encoding 
---------------------------------------------------------------------------------------------------
              StartState |                               00 | 00000000000000000000000000000000
      MergeReadDataState |                               01 | 00000000000000000000000000000001
         ExtraWriteState |                               10 | 00000000000000000000000000000010
---------------------------------------------------------------------------------------------------
INFO: [Synth 8-3354] encoded FSM with state register 'state_reg' using encoding 'sequential' in module 'BarrelShifter'
---------------------------------------------------------------------------------
Finished RTL Optimization Phase 2 : Time (s): cpu = 00:01:22 ; elapsed = 00:01:13 . Memory (MB): peak = 1155.094 ; gain = 718.578
---------------------------------------------------------------------------------

Report RTL Partitions: 
+------+--------------------------+------------+----------+
|      |RTL Partition             |Replication |Instances |
+------+--------------------------+------------+----------+
|1     |FIFO__parameterized1__GB0 |           1|     44695|
|2     |FIFO__parameterized1__GB1 |           1|     12412|
|3     |FIFO__parameterized1__GB2 |           1|     15515|
|4     |FIFO__parameterized1__GB3 |           1|     18618|
|5     |FIFO__parameterized1__GB4 |           1|     24824|
|6     |BarrelShifter__GC0        |           1|     38123|
+------+--------------------------+------------+----------+
No constraint files found.
---------------------------------------------------------------------------------
Start RTL Component Statistics 
---------------------------------------------------------------------------------
Detailed RTL Component Info : 
+---Adders : 
	   3 Input     32 Bit       Adders := 2     
	   5 Input      9 Bit       Adders := 1     
	   2 Input      6 Bit       Adders := 1     
+---Registers : 
	              512 Bit    Registers := 33    
	               32 Bit    Registers := 64    
	                7 Bit    Registers := 32    
	                6 Bit    Registers := 1     
	                1 Bit    Registers := 64    
+---Muxes : 
	   2 Input    512 Bit        Muxes := 109   
	   5 Input    512 Bit        Muxes := 1     
	   3 Input    512 Bit        Muxes := 1     
	   2 Input     64 Bit        Muxes := 1     
	   2 Input     32 Bit        Muxes := 192   
	   2 Input      7 Bit        Muxes := 96    
	   2 Input      2 Bit        Muxes := 6     
	   3 Input      2 Bit        Muxes := 1     
	   2 Input      1 Bit        Muxes := 223   
	   3 Input      1 Bit        Muxes := 190   
---------------------------------------------------------------------------------
Finished RTL Component Statistics 
---------------------------------------------------------------------------------
---------------------------------------------------------------------------------
Start RTL Hierarchical Component Statistics 
---------------------------------------------------------------------------------
Hierarchical RTL Component report 
Module BarrelShifter 
Detailed RTL Component Info : 
+---Adders : 
	   3 Input     32 Bit       Adders := 2     
	   5 Input      9 Bit       Adders := 1     
	   2 Input      6 Bit       Adders := 1     
+---Registers : 
	              512 Bit    Registers := 1     
	                6 Bit    Registers := 1     
+---Muxes : 
	   2 Input    512 Bit        Muxes := 13    
	   5 Input    512 Bit        Muxes := 1     
	   3 Input    512 Bit        Muxes := 1     
	   2 Input     64 Bit        Muxes := 1     
	   2 Input      2 Bit        Muxes := 6     
	   3 Input      2 Bit        Muxes := 1     
	   2 Input      1 Bit        Muxes := 9     
	   3 Input      1 Bit        Muxes := 4     
Module FIFO__parameterized1 
Detailed RTL Component Info : 
+---Registers : 
	              512 Bit    Registers := 32    
+---Muxes : 
	   2 Input    512 Bit        Muxes := 96    
	   2 Input      1 Bit        Muxes := 4     
	   3 Input      1 Bit        Muxes := 31    
Module FIFO__1 
Detailed RTL Component Info : 
+---Registers : 
	               32 Bit    Registers := 32    
+---Muxes : 
	   2 Input     32 Bit        Muxes := 96    
	   2 Input      1 Bit        Muxes := 4     
	   3 Input      1 Bit        Muxes := 31    
Module FIFO__parameterized0__1 
Detailed RTL Component Info : 
+---Registers : 
	                1 Bit    Registers := 32    
+---Muxes : 
	   2 Input      1 Bit        Muxes := 99    
	   3 Input      1 Bit        Muxes := 31    
Module FIFO 
Detailed RTL Component Info : 
+---Registers : 
	               32 Bit    Registers := 32    
+---Muxes : 
	   2 Input     32 Bit        Muxes := 96    
	   2 Input      1 Bit        Muxes := 4     
	   3 Input      1 Bit        Muxes := 31    
Module FIFO__parameterized0 
Detailed RTL Component Info : 
+---Registers : 
	                1 Bit    Registers := 32    
+---Muxes : 
	   2 Input      1 Bit        Muxes := 99    
	   3 Input      1 Bit        Muxes := 31    
Module FIFO__parameterized2 
Detailed RTL Component Info : 
+---Registers : 
	                7 Bit    Registers := 32    
+---Muxes : 
	   2 Input      7 Bit        Muxes := 96    
	   2 Input      1 Bit        Muxes := 4     
	   3 Input      1 Bit        Muxes := 31    
---------------------------------------------------------------------------------
Finished RTL Hierarchical Component Statistics
---------------------------------------------------------------------------------
---------------------------------------------------------------------------------
Start Part Resource Summary
---------------------------------------------------------------------------------
Part Resources:
DSPs: 2800 (col length:140)
BRAMs: 2060 (col length: RAMB18 140 RAMB36 70)
---------------------------------------------------------------------------------
Finished Part Resource Summary
---------------------------------------------------------------------------------
INFO: [Synth 8-5580] Multithreading enabled for synth_design using a maximum of 2 processes.
No constraint files found.
---------------------------------------------------------------------------------
Start Cross Boundary and Area Optimization
---------------------------------------------------------------------------------
---------------------------------------------------------------------------------
Finished Cross Boundary and Area Optimization : Time (s): cpu = 00:02:10 ; elapsed = 00:03:09 . Memory (MB): peak = 1155.094 ; gain = 718.578
---------------------------------------------------------------------------------

Report RTL Partitions: 
+------+--------------------------+------------+----------+
|      |RTL Partition             |Replication |Instances |
+------+--------------------------+------------+----------+
|1     |FIFO__parameterized1__GB0 |           1|     19761|
|2     |FIFO__parameterized1__GB1 |           1|      4139|
|3     |FIFO__parameterized1__GB2 |           1|      5175|
|4     |FIFO__parameterized1__GB3 |           1|      6204|
|5     |FIFO__parameterized1__GB4 |           1|      8249|
|6     |BarrelShifter__GC0        |           1|     11441|
+------+--------------------------+------------+----------+
No constraint files found.
---------------------------------------------------------------------------------
Start Timing Optimization
---------------------------------------------------------------------------------
---------------------------------------------------------------------------------
Finished Timing Optimization : Time (s): cpu = 00:02:12 ; elapsed = 00:03:11 . Memory (MB): peak = 1176.578 ; gain = 740.063
---------------------------------------------------------------------------------

Report RTL Partitions: 
+------+--------------------------+------------+----------+
|      |RTL Partition             |Replication |Instances |
+------+--------------------------+------------+----------+
|1     |FIFO__parameterized1__GB0 |           1|     19760|
|2     |FIFO__parameterized1__GB1 |           1|      4139|
|3     |FIFO__parameterized1__GB2 |           1|      5175|
|4     |FIFO__parameterized1__GB3 |           1|      6204|
|5     |FIFO__parameterized1__GB4 |           1|      8249|
|6     |BarrelShifter__GC0        |           1|     11441|
+------+--------------------------+------------+----------+
---------------------------------------------------------------------------------
Start Technology Mapping
---------------------------------------------------------------------------------
---------------------------------------------------------------------------------
Finished Technology Mapping : Time (s): cpu = 00:02:19 ; elapsed = 00:03:18 . Memory (MB): peak = 1176.578 ; gain = 740.063
---------------------------------------------------------------------------------

Report RTL Partitions: 
+------+--------------------------+------------+----------+
|      |RTL Partition             |Replication |Instances |
+------+--------------------------+------------+----------+
|1     |FIFO__parameterized1__GB0 |           1|      9408|
|2     |FIFO__parameterized1__GB1 |           1|      4107|
|3     |FIFO__parameterized1__GB2 |           1|      5137|
|4     |FIFO__parameterized1__GB3 |           1|      6160|
|5     |FIFO__parameterized1__GB4 |           1|      8212|
|6     |BarrelShifter__GC0        |           1|      6111|
+------+--------------------------+------------+----------+
---------------------------------------------------------------------------------
Start IO Insertion
---------------------------------------------------------------------------------
---------------------------------------------------------------------------------
Start Flattening Before IO Insertion
---------------------------------------------------------------------------------
---------------------------------------------------------------------------------
Finished Flattening Before IO Insertion
---------------------------------------------------------------------------------
---------------------------------------------------------------------------------
Start Final Netlist Cleanup
---------------------------------------------------------------------------------
---------------------------------------------------------------------------------
Finished Final Netlist Cleanup
---------------------------------------------------------------------------------
---------------------------------------------------------------------------------
Finished IO Insertion : Time (s): cpu = 00:02:56 ; elapsed = 00:03:56 . Memory (MB): peak = 1188.148 ; gain = 751.633
---------------------------------------------------------------------------------
---------------------------------------------------------------------------------
Start Renaming Generated Instances
---------------------------------------------------------------------------------
---------------------------------------------------------------------------------
Finished Renaming Generated Instances : Time (s): cpu = 00:02:57 ; elapsed = 00:03:56 . Memory (MB): peak = 1188.148 ; gain = 751.633
---------------------------------------------------------------------------------

Report RTL Partitions: 
+-+--------------+------------+----------+
| |RTL Partition |Replication |Instances |
+-+--------------+------------+----------+
+-+--------------+------------+----------+

Report Check Netlist: 
+------+------------------+-------+---------+-------+------------------+
|      |Item              |Errors |Warnings |Status |Description       |
+------+------------------+-------+---------+-------+------------------+
|1     |multi_driven_nets |      0|        0|Passed |Multi driven nets |
+------+------------------+-------+---------+-------+------------------+
---------------------------------------------------------------------------------
Start Rebuilding User Hierarchy
---------------------------------------------------------------------------------
---------------------------------------------------------------------------------
Finished Rebuilding User Hierarchy : Time (s): cpu = 00:03:01 ; elapsed = 00:04:00 . Memory (MB): peak = 1188.148 ; gain = 751.633
---------------------------------------------------------------------------------
---------------------------------------------------------------------------------
Start Renaming Generated Ports
---------------------------------------------------------------------------------
---------------------------------------------------------------------------------
Finished Renaming Generated Ports : Time (s): cpu = 00:03:01 ; elapsed = 00:04:00 . Memory (MB): peak = 1188.148 ; gain = 751.633
---------------------------------------------------------------------------------
---------------------------------------------------------------------------------
Start Handling Custom Attributes
---------------------------------------------------------------------------------
---------------------------------------------------------------------------------
Finished Handling Custom Attributes : Time (s): cpu = 00:06:56 ; elapsed = 00:07:57 . Memory (MB): peak = 1188.148 ; gain = 751.633
---------------------------------------------------------------------------------
---------------------------------------------------------------------------------
Start Renaming Generated Nets
---------------------------------------------------------------------------------
---------------------------------------------------------------------------------
Finished Renaming Generated Nets : Time (s): cpu = 00:06:56 ; elapsed = 00:07:57 . Memory (MB): peak = 1188.148 ; gain = 751.633
---------------------------------------------------------------------------------
---------------------------------------------------------------------------------
Start Writing Synthesis Report
---------------------------------------------------------------------------------

Report BlackBoxes: 
+-+--------------+----------+
| |BlackBox name |Instances |
+-+--------------+----------+
+-+--------------+----------+

Report Cell Usage: 
+------+-------+------+
|      |Cell   |Count |
+------+-------+------+
|1     |BUFG   |     1|
|2     |CARRY4 |    58|
|3     |LUT1   |   187|
|4     |LUT2   |   306|
|5     |LUT3   |  9344|
|6     |LUT4   |   163|
|7     |LUT5   |  3468|
|8     |LUT6   |  7699|
|9     |FDRE   | 17975|
|10    |IBUF   |   545|
|11    |OBUF   |   580|
+------+-------+------+

Report Instance Areas: 
+------+--------------+-----------------------+------+
|      |Instance      |Module                 |Cells |
+------+--------------+-----------------------+------+
|1     |top           |                       | 40326|
|2     |  FIFOData    |FIFO__parameterized1   | 35624|
|3     |  FIFODstAddr |FIFO                   |   828|
|4     |  FIFOLastDst |FIFO__parameterized0   |   281|
|5     |  FIFOLastSrc |FIFO__parameterized0_0 |   310|
|6     |  FIFOSize    |FIFO__parameterized2   |   764|
|7     |  FIFOSrcAddr |FIFO_1                 |   822|
+------+--------------+-----------------------+------+
---------------------------------------------------------------------------------
Finished Writing Synthesis Report : Time (s): cpu = 00:06:56 ; elapsed = 00:07:57 . Memory (MB): peak = 1188.148 ; gain = 751.633
---------------------------------------------------------------------------------
Synthesis finished with 0 errors, 0 critical warnings and 388 warnings.
Synthesis Optimization Runtime : Time (s): cpu = 00:06:56 ; elapsed = 00:07:59 . Memory (MB): peak = 1188.148 ; gain = 751.633
Synthesis Optimization Complete : Time (s): cpu = 00:06:56 ; elapsed = 00:07:59 . Memory (MB): peak = 1188.148 ; gain = 751.633
INFO: [Project 1-571] Translating synthesized netlist
Netlist sorting complete. Time (s): cpu = 00:00:02 ; elapsed = 00:00:02 . Memory (MB): peak = 1191.488 ; gain = 0.000
INFO: [Netlist 29-17] Analyzing 58 Unisim elements for replacement
INFO: [Netlist 29-28] Unisim Transformation completed in 1 CPU seconds
WARNING: [Netlist 29-101] Netlist 'BarrelShifter' is not ideal for floorplanning, since the cellview 'FIFO__parameterized1' contains a large number of primitives.  Please consider enabling hierarchy in synthesis if you want to do floorplanning.
INFO: [Project 1-570] Preparing netlist for logic optimization
INFO: [Opt 31-138] Pushed 0 inverter(s) to 0 load pin(s).
Netlist sorting complete. Time (s): cpu = 00:00:00 ; elapsed = 00:00:00.022 . Memory (MB): peak = 1316.141 ; gain = 0.000
INFO: [Project 1-111] Unisim Transformation Summary:
No Unisim elements were transformed.

INFO: [Common 17-83] Releasing license: Synthesis
31 Infos, 101 Warnings, 0 Critical Warnings and 0 Errors encountered.
synth_design completed successfully
synth_design: Time (s): cpu = 00:07:33 ; elapsed = 00:08:36 . Memory (MB): peak = 1316.141 ; gain = 904.438
Netlist sorting complete. Time (s): cpu = 00:00:00 ; elapsed = 00:00:00.021 . Memory (MB): peak = 1316.141 ; gain = 0.000
WARNING: [Constraints 18-5210] No constraints selected for write.
Resolution: This message can indicate that there are no constraints for the design, or it can indicate that the used_in flags are set such that the constraints are ignored. This later case is used when running synth_design to not write synthesis constraints to the resulting checkpoint. Instead, project constraints are read when the synthesized design is opened.
INFO: [Common 17-1381] The checkpoint 'C:/Users/Aggelos/Desktop/github/Chi-DMA/CHI-DMA/CHI-DMA.runs/synth_1/BarrelShifter.dcp' has been generated.
write_checkpoint: Time (s): cpu = 00:00:10 ; elapsed = 00:00:07 . Memory (MB): peak = 1316.141 ; gain = 0.000
INFO: [runtcl-4] Executing : report_utilization -file BarrelShifter_utilization_synth.rpt -pb BarrelShifter_utilization_synth.pb
INFO: [Common 17-206] Exiting Vivado at Wed Oct 26 18:01:43 2022...
