#
# A fatal error has been detected by the Java Runtime Environment:
#
#  EXCEPTION_ACCESS_VIOLATION (0xc0000005) at pc=0x000007fed9e18a56, pid=10872, tid=10644
#
# JRE version: Java(TM) SE Runtime Environment (9.0+11) (build 9.0.4+11)
# Java VM: Java HotSpot(TM) 64-Bit Server VM (9.0.4+11, mixed mode, tiered, compressed oops, g1 gc, windows-amd64)
# Problematic frame:
# C  [librdi_filemgmt.dll+0x258a56]
#
# No core dump will be written. Minidumps are not enabled by default on client versions of Windows
#
# If you would like to submit a bug report, please visit:
#   http://bugreport.java.com/bugreport/crash.jsp
# The crash happened outside the Java Virtual Machine in native code.
# See problematic frame for where to report the bug.
#

---------------  S U M M A R Y ------------

Command Line: -Dsun.java2d.pmoffscreen=false -Dsun.java2d.xrender=false -Dsun.java2d.d3d=false -Dsun.awt.nopixfmt=true -Dsun.java2d.dpiaware=true -Dsun.java2d.uiScale.enabled=false -Xverify:none -Dswing.aatext=true -XX:-UsePerfData -Djdk.map.althashing.threshold=512 -XX:StringTableSize=4072 --add-opens=java.base/java.nio=ALL-UNNAMED --add-opens=java.desktop/sun.swing=ALL-UNNAMED --add-opens=java.desktop/javax.swing=ALL-UNNAMED --add-opens=java.desktop/javax.swing.tree=ALL-UNNAMED --add-opens=java.desktop/javax.swing.plaf.basic=ALL-UNNAMED --add-opens=java.desktop/javax.swing.plaf.synth=ALL-UNNAMED --add-opens=java.desktop/com.sun.awt=ALL-UNNAMED -XX:NewSize=60m -XX:MaxNewSize=60m -Xms128m -Xmx3072m -Xss5m 

Host: Intel(R) Core(TM) i7-2820QM CPU @ 2.30GHz, 8 cores, 7G,  Windows 7 , 64 bit Build 7601 (6.1.7601.24545)
Time: Mon Jul 25 19:00:07 2022 Eanei? ?na GTB elapsed time: 19234 seconds (0d 5h 20m 34s)

---------------  T H R E A D  ---------------

Current thread (0x0000000034bf2000):  JavaThread "AWT-EventQueue-0" [_thread_in_native, id=10644, stack(0x0000000038500000,0x0000000038a00000)]

Stack: [0x0000000038500000,0x0000000038a00000],  sp=0x00000000389fd0d0,  free space=5108k
Native frames: (J=compiled Java code, j=interpreted, Vv=VM code, C=native code)
C  [librdi_filemgmt.dll+0x258a56]
C  [librdi_filemgmt.dll+0x257122]
C  [librdi_filemgmt.dll+0x26c6d8]
C  0x000000001e308275

Java frames: (J=compiled Java code, j=interpreted, Vv=VM code)
j  ui.data.srcscan.srcscani.EditorAssist_createFoldInfoIter(JLjava/lang/String;)J+0
j  ui.data.m.a.a.ul(Ljava/lang/String;)J+5
j  ui.data.m.a.a.b(Lui/data/m/a/a;Ljava/lang/String;)J+2
j  ui.data.m.a.c.a(Ljava/net/URI;)V+86
j  ui.data.m.a.a.ui(Ljava/lang/String;)V+15
j  ui.views.V.a.ab.agK(Ljava/lang/String;)V+27
j  ui.views.V.a.ab.hdH()V+43
j  ui.views.V.a.al.finished()V+20
J 24582 c2 ui.frmwork.z.run()V (15 bytes) @ 0x00000000266dcc34 [0x00000000266dc0c0+0x0000000000000b74]
J 24197 c2 java.awt.EventQueue$3.run()Ljava/lang/Object; java.desktop@9.0.4 (5 bytes) @ 0x0000000026af3804 [0x0000000026af3700+0x0000000000000104]
v  ~StubRoutines::call_stub
J 3836  java.security.AccessController.doPrivileged(Ljava/security/PrivilegedAction;Ljava/security/AccessControlContext;)Ljava/lang/Object; java.base@9.0.4 (0 bytes) @ 0x0000000025fce3c6 [0x0000000025fce360+0x0000000000000066]
J 14129 c2 java.awt.EventQueue.dispatchEvent(Ljava/awt/AWTEvent;)V java.desktop@9.0.4 (80 bytes) @ 0x000000002698b988 [0x000000002698b440+0x0000000000000548]
J 20245 c2 ui.frmwork.b.d.dispatchEvent(Ljava/awt/AWTEvent;)V (34 bytes) @ 0x00000000262391bc [0x00000000262390e0+0x00000000000000dc]
J 24513 c2 java.awt.EventDispatchThread.pumpOneEventForFilters(I)V java.desktop@9.0.4 (218 bytes) @ 0x0000000026e2df04 [0x0000000026e2daa0+0x0000000000000464]
J 19328% c2 java.awt.EventDispatchThread.pumpEventsForFilter(ILjava/awt/Conditional;Ljava/awt/EventFilter;)V java.desktop@9.0.4 (47 bytes) @ 0x0000000027035bf8 [0x0000000027035ae0+0x0000000000000118]
j  java.awt.EventDispatchThread.pumpEventsForHierarchy(ILjava/awt/Conditional;Ljava/awt/Component;)V+11 java.desktop@9.0.4
j  java.awt.EventDispatchThread.pumpEvents(ILjava/awt/Conditional;)V+4 java.desktop@9.0.4
j  java.awt.EventDispatchThread.pumpEvents(Ljava/awt/Conditional;)V+3 java.desktop@9.0.4
j  java.awt.EventDispatchThread.run()V+9 java.desktop@9.0.4
v  ~StubRoutines::call_stub

siginfo: EXCEPTION_ACCESS_VIOLATION (0xc0000005), reading address 0xffffffffffffffff


Register to memory mapping:

RIP=0x000007fed9e18a56 librdi_filemgmt.dll
RAX=0x0000000000000001 is an unknown value
RBX=0x000000003e4034b8 is an unknown value
RCX=0x000000ffffffffff is an unknown value
RDX=0x8000007b2f9c8c52 is an unknown value
RSP=0x00000000389fd0d0 is pointing into the stack for thread: 0x0000000034bf2000
RBP=0x00000000389fd230 is pointing into the stack for thread: 0x0000000034bf2000
RSI=0x0000000000000000 is an unknown value
RDI=0x000000003f36a780 is an unknown value
R8 =0x0000000047ea3030 is an unknown value
R9 =0x000007fed9802b18 ucrtbase.DLL
R10=0x0000d1215e6b8911 is an unknown value
R11=0x00001174ffff0000 is an unknown value
R12=0x000000003c38bcf0 is an unknown value
R13=0x0000000000000000 is an unknown value
R14=0x0000000000000000 is an unknown value
R15=0x00000000389fd380 is pointing into the stack for thread: 0x0000000034bf2000


Registers:
RAX=0x0000000000000001, RBX=0x000000003e4034b8, RCX=0x000000ffffffffff, RDX=0x8000007b2f9c8c52
RSP=0x00000000389fd0d0, RBP=0x00000000389fd230, RSI=0x0000000000000000, RDI=0x000000003f36a780
R8 =0x0000000047ea3030, R9 =0x000007fed9802b18, R10=0x0000d1215e6b8911, R11=0x00001174ffff0000
R12=0x000000003c38bcf0, R13=0x0000000000000000, R14=0x0000000000000000, R15=0x00000000389fd380
RIP=0x000007fed9e18a56, EFLAGS=0x0000000000010206

Top of Stack: (sp=0x00000000389fd0d0)
0x00000000389fd0d0:   000000003e4034b0 0000000000000000
0x00000000389fd0e0:   000000003e4034b0 000000000000004e
0x00000000389fd0f0:   fffffffffffffffe 0000000047ea3000
0x00000000389fd100:   0000000052a8f420 0000000000000000
0x00000000389fd110:   000000000000000f 000000004a673200
0x00000000389fd120:   000000070b27cbe8 0000000000000000
0x00000000389fd130:   000000000000000f 00007c4e4703b015
0x00000000389fd140:   000000000000004e 000000003c38bcf0
0x00000000389fd150:   00000000389fd230 000007fed9e17122
0x00000000389fd160:   0000ec1643c1a29e 0000000000000000
0x00000000389fd170:   000000000000004e 000000003f36a780
0x00000000389fd180:   000000000000004e 0000000034bf2218
0x00000000389fd190:   0000000034bf2218 0000000052a8f420
0x00000000389fd1a0:   00000000389fd360 000007fed9e2c6d8
0x00000000389fd1b0:   000000000000004e 000000000000004e
0x00000000389fd1c0:   0000000052a8f420 000000001f1834a4 

Instructions: (pc=0x000007fed9e18a56)
0x000007fed9e18a36:   66 66 0f 1f 84 00 00 00 00 00 48 8b 13 48 c7 44
0x000007fed9e18a46:   24 40 0f 00 00 00 4c 89 74 24 38 c6 44 24 28 00
0x000007fed9e18a56:   80 3a 00 75 05 4d 8b c6 eb 0e 49 83 c8 ff 49 ff
0x000007fed9e18a66:   c0 42 80 3c 02 00 75 f6 48 8d 4c 24 28 e8 48 dc 



---------------  P R O C E S S  ---------------

Java Threads: ( => current thread )
  0x000000003c65d800 JavaThread "Code Inspector Thread" [_thread_in_native, id=12216, stack(0x000000005fb70000,0x0000000060070000)]
  0x000000000a00c800 JavaThread "Image Fetcher 0" daemon [_thread_blocked, id=11552, stack(0x000000005ef90000,0x000000005f490000)]
  0x000000003c65f800 JavaThread "Monitor File Timestamp Swing Worker Thread" [_thread_blocked, id=8280, stack(0x00000000616c0000,0x0000000061bc0000)]
  0x000000003c65f000 JavaThread "Timer-15" [_thread_blocked, id=12376, stack(0x0000000061170000,0x0000000061670000)]
  0x000000003e774800 JavaThread "Monitor File Timestamp Swing Worker Thread" [_thread_blocked, id=4104, stack(0x000000005ea60000,0x000000005ef60000)]
  0x000000003e774000 JavaThread "Timer-14" [_thread_blocked, id=11324, stack(0x0000000056cc0000,0x00000000571c0000)]
  0x000000003e773000 JavaThread "Monitor File Timestamp Swing Worker Thread" [_thread_blocked, id=11772, stack(0x000000005e4d0000,0x000000005e9d0000)]
  0x000000003e772800 JavaThread "Timer-13" [_thread_blocked, id=12056, stack(0x000000005de90000,0x000000005e390000)]
  0x000000003e771800 JavaThread "Monitor File Timestamp Swing Worker Thread" [_thread_blocked, id=8660, stack(0x000000005d910000,0x000000005de10000)]
  0x000000003e771000 JavaThread "Timer-12" [_thread_blocked, id=13288, stack(0x000000005d220000,0x000000005d720000)]
  0x000000003e770000 JavaThread "Monitor File Timestamp Swing Worker Thread" [_thread_blocked, id=12628, stack(0x000000005cb70000,0x000000005d070000)]
  0x000000003e76f800 JavaThread "Timer-11" [_thread_blocked, id=5488, stack(0x000000005c4b0000,0x000000005c9b0000)]
  0x000000003e76e800 JavaThread "Monitor File Timestamp Swing Worker Thread" [_thread_blocked, id=7592, stack(0x000000005bf80000,0x000000005c480000)]
  0x000000003e76e000 JavaThread "Timer-10" [_thread_blocked, id=8180, stack(0x000000005b8e0000,0x000000005bde0000)]
  0x000000004b7e8000 JavaThread "Monitor File Timestamp Swing Worker Thread" [_thread_blocked, id=1428, stack(0x000000005b2c0000,0x000000005b7c0000)]
  0x000000000a011000 JavaThread "Timer-9" [_thread_blocked, id=11040, stack(0x000000005ac60000,0x000000005b160000)]
  0x0000000034856800 JavaThread "Monitor File Timestamp Swing Worker Thread" [_thread_blocked, id=12128, stack(0x000000005a710000,0x000000005ac10000)]
  0x000000000a30e000 JavaThread "Timer-8" [_thread_blocked, id=988, stack(0x000000005a0e0000,0x000000005a5e0000)]
  0x000000000a312000 JavaThread "Monitor File Timestamp Swing Worker Thread" [_thread_blocked, id=11900, stack(0x0000000059ad0000,0x0000000059fd0000)]
  0x000000000a311000 JavaThread "Timer-7" [_thread_blocked, id=2176, stack(0x0000000059590000,0x0000000059a90000)]
  0x000000000a010000 JavaThread "SyntheticaAnimation 50" daemon [_thread_blocked, id=13272, stack(0x0000000057370000,0x0000000057870000)]
  0x000000004b7e5000 JavaThread "Swing-Shell" daemon [_thread_blocked, id=11872, stack(0x0000000056660000,0x0000000056b60000)]
  0x000000000a00a000 JavaThread "Monitor File Timestamp Swing Worker Thread" [_thread_blocked, id=5856, stack(0x0000000057aa0000,0x0000000057fa0000)]
  0x000000004b7e3800 JavaThread "Timer-6" [_thread_blocked, id=11980, stack(0x0000000056080000,0x0000000056580000)]
  0x000000004b7e3000 JavaThread "Monitor File Timestamp Swing Worker Thread" [_thread_blocked, id=12036, stack(0x0000000055500000,0x0000000055a00000)]
  0x000000004b7e4800 JavaThread "Timer-3" [_thread_blocked, id=9632, stack(0x0000000054f10000,0x0000000055410000)]
  0x000000004b7e2000 JavaThread "Monitor File Timestamp Swing Worker Thread" [_thread_blocked, id=5324, stack(0x0000000054950000,0x0000000054e50000)]
  0x000000004b7e1800 JavaThread "Timer-2" [_thread_blocked, id=11396, stack(0x00000000542d0000,0x00000000547d0000)]
  0x000000000a312800 JavaThread "Thread-446" [_thread_in_native, id=12700, stack(0x000000003a880000,0x000000003a980000)]
  0x000000000a30f000 JavaThread "Thread-443" [_thread_in_native, id=7664, stack(0x0000000036290000,0x0000000036390000)]
  0x0000000034859800 JavaThread "ForkJoinPool.commonPool-worker-9" daemon [_thread_blocked, id=3808, stack(0x0000000055b70000,0x0000000056070000)]
  0x000000000a313800 JavaThread "SyntheticaAnimation 50" daemon [_thread_blocked, id=2704, stack(0x0000000050250000,0x0000000050750000)]
  0x000000000a310800 JavaThread "Image Animator 1" daemon [_thread_blocked, id=10296, stack(0x000000004f870000,0x000000004fd70000)]
  0x000000000a30f800 JavaThread "Update Runs Swing Worker Thread" [_thread_blocked, id=12032, stack(0x0000000050ce0000,0x00000000511e0000)]
  0x0000000034859000 JavaThread "hw_ila_monitor" [_thread_blocked, id=8812, stack(0x000000004bf60000,0x000000004c460000)]
  0x0000000034858000 JavaThread "Refresh Filesets Swing Worker Thread" [_thread_blocked, id=9888, stack(0x000000004ba00000,0x000000004bf00000)]
  0x0000000034857800 JavaThread "SyntheticaAnimation 70" daemon [_thread_blocked, id=13256, stack(0x0000000042340000,0x0000000042840000)]
  0x0000000034853800 JavaThread "SyntheticaAnimation 25" daemon [_thread_blocked, id=13012, stack(0x0000000041730000,0x0000000041c30000)]
  0x0000000034855000 JavaThread "SyntheticaAnimation 50" daemon [_thread_blocked, id=10896, stack(0x0000000040fc0000,0x00000000414c0000)]
  0x0000000034856000 JavaThread "Monitor HEventQueue Thread" [_thread_blocked, id=2496, stack(0x0000000040910000,0x0000000040e10000)]
  0x0000000034854800 JavaThread "SyntheticaCleanerThread" daemon [_thread_blocked, id=4564, stack(0x000000003b660000,0x000000003bb60000)]
  0x0000000034853000 JavaThread "Batik CleanerThread" daemon [_thread_blocked, id=3844, stack(0x000000003a9d0000,0x000000003aed0000)]
  0x0000000034c23800 JavaThread "Process Messages Thread" [_thread_blocked, id=5924, stack(0x000000003a060000,0x000000003a560000)]
  0x0000000034fe0000 JavaThread "Thread-1" [_thread_in_native, id=9340, stack(0x00000000034f0000,0x00000000048f0000)]
=>0x0000000034bf2000 JavaThread "AWT-EventQueue-0" [_thread_in_native, id=10644, stack(0x0000000038500000,0x0000000038a00000)]
  0x0000000034fe1800 JavaThread "AWT-Shutdown" [_thread_blocked, id=12492, stack(0x0000000037fc0000,0x00000000384c0000)]
  0x000000003530e800 JavaThread "TimerQueue" daemon [_thread_blocked, id=11592, stack(0x00000000375d0000,0x0000000037ad0000)]
  0x00000000347f2800 JavaThread "AWT-Windows" daemon [_thread_in_native, id=12856, stack(0x00000000363e0000,0x00000000368e0000)]
  0x000000000a681000 JavaThread "Java2D Disposer" daemon [_thread_blocked, id=10868, stack(0x0000000035820000,0x0000000035d20000)]
  0x000000000a267000 JavaThread "Service Thread" daemon [_thread_blocked, id=12084, stack(0x00000000342e0000,0x00000000347e0000)]
  0x0000000009ae5000 JavaThread "Common-Cleaner" daemon [_thread_blocked, id=10660, stack(0x0000000033d50000,0x0000000034250000)]
  0x000000000b033000 JavaThread "Sweeper thread" daemon [_thread_blocked, id=6828, stack(0x0000000033690000,0x0000000033b90000)]
  0x000000000b032000 JavaThread "C1 CompilerThread3" daemon [_thread_blocked, id=12624, stack(0x00000000333f0000,0x00000000334f0000)]
  0x0000000010cfb800 JavaThread "C2 CompilerThread2" daemon [_thread_blocked, id=1896, stack(0x000000001dd80000,0x000000001de80000)]
  0x000000000b82b000 JavaThread "C2 CompilerThread1" daemon [_thread_blocked, id=12672, stack(0x000000001db10000,0x000000001dc10000)]
  0x000000000b82a800 JavaThread "C2 CompilerThread0" daemon [_thread_blocked, id=11780, stack(0x000000001d3f0000,0x000000001d4f0000)]
  0x000000000b435800 JavaThread "Attach Listener" daemon [_thread_blocked, id=4796, stack(0x0000000032e70000,0x0000000033370000)]
  0x000000000e787800 JavaThread "Signal Dispatcher" daemon [_thread_blocked, id=6260, stack(0x0000000032960000,0x0000000032e60000)]
  0x0000000009aba000 JavaThread "Finalizer" daemon [_thread_blocked, id=8328, stack(0x0000000032380000,0x0000000032880000)]
  0x0000000009ab9000 JavaThread "Reference Handler" daemon [_thread_blocked, id=1288, stack(0x000000001d530000,0x000000001da30000)]
  0x000000000d70c000 JavaThread "main" [_thread_blocked, id=12588, stack(0x0000000006bd0000,0x0000000006cd0000)]

Other Threads:
  0x0000000009ce2800 VMThread "VM Thread" [stack: 0x000000001d2c0000,0x000000001d3c0000] [id=10084]
  0x000000000a27b800 WatcherThread [stack: 0x000000001de80000,0x000000001df80000] [id=11376]
  0x0000000009c44000 GCTaskThread "GC Thread#0" [stack: 0x0000000007700000,0x0000000007800000] [id=1832]
  0x000000000c9be800 GCTaskThread "GC Thread#1" [stack: 0x0000000007850000,0x0000000007950000] [id=11976]
  0x000000000c9bf000 GCTaskThread "GC Thread#2" [stack: 0x00000000075e0000,0x00000000076e0000] [id=10988]
  0x000000000c9bf800 GCTaskThread "GC Thread#3" [stack: 0x00000000095b0000,0x00000000096b0000] [id=10540]
  0x000000000c9c0000 GCTaskThread "GC Thread#4" [stack: 0x0000000009770000,0x0000000009870000] [id=11860]
  0x000000000c9c1000 GCTaskThread "GC Thread#5" [stack: 0x000000000c1c0000,0x000000000c2c0000] [id=12876]
  0x000000000c9c1800 GCTaskThread "GC Thread#6" [stack: 0x0000000007960000,0x0000000007a60000] [id=11184]
  0x000000000c9c2000 GCTaskThread "GC Thread#7" [stack: 0x000000000c3f0000,0x000000000c4f0000] [id=12280]
  0x0000000009dc3000 ConcurrentGCThread "G1 Main Marker" [stack: 0x0000000011d70000,0x0000000011e70000] [id=10436]
  0x000000000c9c2800 ConcurrentGCThread "G1 Marker#0" [stack: 0x0000000010580000,0x0000000010680000] [id=13164]
  0x000000000c9c3800 ConcurrentGCThread "G1 Marker#1" [stack: 0x000000000f200000,0x000000000f300000] [id=10592]
  0x0000000009aa7800 ConcurrentGCThread "G1 Refine#0" [stack: 0x000000000f840000,0x000000000f940000] [id=9948]
  0x0000000009d9b800 ConcurrentGCThread "G1 Refine#1" [stack: 0x000000000f650000,0x000000000f750000] [id=12340]
  0x0000000005d6e800 ConcurrentGCThread "G1 Refine#2" [stack: 0x000000000f550000,0x000000000f650000] [id=10848]
  0x0000000005d6e000 ConcurrentGCThread "G1 Refine#3" [stack: 0x000000000f320000,0x000000000f420000] [id=12120]
  0x0000000009d4a000 ConcurrentGCThread "G1 Refine#4" [stack: 0x000000000edd0000,0x000000000eed0000] [id=11720]
  0x0000000005f69000 ConcurrentGCThread "G1 Refine#5" [stack: 0x000000000f100000,0x000000000f200000] [id=13268]
  0x0000000009b81000 ConcurrentGCThread "G1 Refine#6" [stack: 0x000000000eed0000,0x000000000efd0000] [id=10316]
  0x0000000009c81800 ConcurrentGCThread "G1 Refine#7" [stack: 0x000000000ecd0000,0x000000000edd0000] [id=12464]
  0x0000000009aa8000 ConcurrentGCThread "G1 Young RemSet Sampling" [stack: 0x000000000f440000,0x000000000f540000] [id=9232]

Threads with active compile tasks:

VM state:not at safepoint (normal execution)

VM Mutex/Monitor currently owned by a thread: None

Heap address: 0x0000000700000000, size: 3072 MB, Compressed Oops mode: Zero based, Oop shift amount: 3
Narrow klass base: 0x0000000000000000, Narrow klass shift: 3
Compressed class space size: 1073741824 Address: 0x00000007c0000000

Heap:
 garbage-first heap   total 234496K, used 148881K [0x0000000700000000, 0x0000000700100728, 0x00000007c0000000)
  region size 1024K, 53 young (54272K), 1 survivors (1024K)
 Metaspace       used 93079K, capacity 95249K, committed 101456K, reserved 1136640K
  class space    used 13023K, capacity 13483K, committed 14716K, reserved 1048576K
Heap Regions: E=young(eden), S=young(survivor), O=old, HS=humongous(starts), HC=humongous(continues), CS=collection set, F=free, A=archive, TS=gc time stamp, AC=allocation context, TAMS=top-at-mark-start (previous, next)
|   0|0x0000000700000000, 0x00000007000f5ba8, 0x0000000700100000| 95%| O|  |TS  0|AC  0|TAMS 0x0000000700000000, 0x0000000700000000|
|   1|0x0000000700100000, 0x00000007001c65e0, 0x0000000700200000| 77%| O|  |TS  0|AC  0|TAMS 0x0000000700100000, 0x0000000700100000|
|   2|0x0000000700200000, 0x00000007002e0a50, 0x0000000700300000| 87%| O|  |TS  0|AC  0|TAMS 0x0000000700200000, 0x0000000700200000|
|   3|0x0000000700300000, 0x00000007003f8e60, 0x0000000700400000| 97%| O|  |TS  0|AC  0|TAMS 0x0000000700300000, 0x0000000700300000|
|   4|0x0000000700400000, 0x0000000700500000, 0x0000000700500000|100%|HS|  |TS  0|AC  0|TAMS 0x0000000700400000, 0x0000000700400000|
|   5|0x0000000700500000, 0x0000000700600000, 0x0000000700600000|100%|HC|  |TS  0|AC  0|TAMS 0x0000000700500000, 0x0000000700500000|
|   6|0x0000000700600000, 0x0000000700700000, 0x0000000700700000|100%|HS|  |TS  0|AC  0|TAMS 0x0000000700600000, 0x0000000700600000|
|   7|0x0000000700700000, 0x00000007007ffde0, 0x0000000700800000| 99%| O|  |TS  0|AC  0|TAMS 0x0000000700700000, 0x0000000700700000|
|   8|0x0000000700800000, 0x00000007008fe828, 0x0000000700900000| 99%| O|  |TS  0|AC  0|TAMS 0x0000000700800000, 0x0000000700800000|
|   9|0x0000000700900000, 0x00000007009fffe8, 0x0000000700a00000| 99%| O|  |TS  0|AC  0|TAMS 0x0000000700900000, 0x0000000700900000|
|  10|0x0000000700a00000, 0x0000000700b00000, 0x0000000700b00000|100%| O|  |TS  0|AC  0|TAMS 0x0000000700a00000, 0x0000000700a00000|
|  11|0x0000000700b00000, 0x0000000700bfff38, 0x0000000700c00000| 99%| O|  |TS  0|AC  0|TAMS 0x0000000700b00000, 0x0000000700b00000|
|  12|0x0000000700c00000, 0x0000000700cffff8, 0x0000000700d00000| 99%| O|  |TS  0|AC  0|TAMS 0x0000000700c00000, 0x0000000700c00000|
|  13|0x0000000700d00000, 0x0000000700dc40f8, 0x0000000700e00000| 76%| O|  |TS  0|AC  0|TAMS 0x0000000700d00000, 0x0000000700d00000|
|  14|0x0000000700e00000, 0x0000000700effff8, 0x0000000700f00000| 99%| O|  |TS  0|AC  0|TAMS 0x0000000700e00000, 0x0000000700e00000|
|  15|0x0000000700f00000, 0x0000000700ffde08, 0x0000000701000000| 99%| O|  |TS  0|AC  0|TAMS 0x0000000700f00000, 0x0000000700f00000|
|  16|0x0000000701000000, 0x00000007010ffff0, 0x0000000701100000| 99%| O|  |TS  0|AC  0|TAMS 0x0000000701000000, 0x0000000701000000|
|  17|0x0000000701100000, 0x00000007011fffe8, 0x0000000701200000| 99%| O|  |TS  0|AC  0|TAMS 0x0000000701100000, 0x0000000701100000|
|  18|0x0000000701200000, 0x00000007012fffd8, 0x0000000701300000| 99%| O|  |TS  0|AC  0|TAMS 0x0000000701200000, 0x0000000701200000|
|  19|0x0000000701300000, 0x0000000701400000, 0x0000000701400000|100%| O|  |TS  0|AC  0|TAMS 0x0000000701300000, 0x0000000701300000|
|  20|0x0000000701400000, 0x00000007014fff18, 0x0000000701500000| 99%| O|  |TS  0|AC  0|TAMS 0x0000000701400000, 0x0000000701400000|
|  21|0x0000000701500000, 0x0000000701600000, 0x0000000701600000|100%|HS|  |TS  0|AC  0|TAMS 0x0000000701500000, 0x0000000701500000|
|  22|0x0000000701600000, 0x0000000701700000, 0x0000000701700000|100%| O|  |TS  0|AC  0|TAMS 0x0000000701600000, 0x0000000701600000|
|  23|0x0000000701700000, 0x00000007017ffff0, 0x0000000701800000| 99%| O|  |TS  0|AC  0|TAMS 0x0000000701700000, 0x0000000701700000|
|  24|0x0000000701800000, 0x00000007018fffe8, 0x0000000701900000| 99%| O|  |TS  0|AC  0|TAMS 0x0000000701800000, 0x0000000701800000|
|  25|0x0000000701900000, 0x0000000701a00000, 0x0000000701a00000|100%| O|  |TS  0|AC  0|TAMS 0x0000000701900000, 0x0000000701900000|
|  26|0x0000000701a00000, 0x0000000701affce8, 0x0000000701b00000| 99%| O|  |TS  0|AC  0|TAMS 0x0000000701a00000, 0x0000000701a00000|
|  27|0x0000000701b00000, 0x0000000701bffff0, 0x0000000701c00000| 99%| O|  |TS  0|AC  0|TAMS 0x0000000701b00000, 0x0000000701b00000|
|  28|0x0000000701c00000, 0x0000000701cffff8, 0x0000000701d00000| 99%| O|  |TS  0|AC  0|TAMS 0x0000000701c00000, 0x0000000701c00000|
|  29|0x0000000701d00000, 0x0000000701dffed0, 0x0000000701e00000| 99%| O|  |TS  0|AC  0|TAMS 0x0000000701d00000, 0x0000000701d00000|
|  30|0x0000000701e00000, 0x0000000701efffe0, 0x0000000701f00000| 99%| O|  |TS  0|AC  0|TAMS 0x0000000701e00000, 0x0000000701e00000|
|  31|0x0000000701f00000, 0x0000000701fffff0, 0x0000000702000000| 99%| O|  |TS  0|AC  0|TAMS 0x0000000701f00000, 0x0000000701f00000|
|  32|0x0000000702000000, 0x00000007020e68a0, 0x0000000702100000| 90%| O|  |TS  0|AC  0|TAMS 0x0000000702000000, 0x0000000702000000|
|  33|0x0000000702100000, 0x00000007021d4aa8, 0x0000000702200000| 83%| O|  |TS  0|AC  0|TAMS 0x0000000702100000, 0x0000000702100000|
|  34|0x0000000702200000, 0x00000007022fffe8, 0x0000000702300000| 99%| O|  |TS  0|AC  0|TAMS 0x0000000702200000, 0x0000000702200000|
|  35|0x0000000702300000, 0x00000007023ffff8, 0x0000000702400000| 99%| O|  |TS  0|AC  0|TAMS 0x0000000702300000, 0x0000000702300000|
|  36|0x0000000702400000, 0x0000000702500000, 0x0000000702500000|100%| O|  |TS  0|AC  0|TAMS 0x0000000702400000, 0x0000000702400000|
|  37|0x0000000702500000, 0x00000007025ffff8, 0x0000000702600000| 99%| O|  |TS  0|AC  0|TAMS 0x0000000702500000, 0x0000000702500000|
|  38|0x0000000702600000, 0x00000007026fff98, 0x0000000702700000| 99%| O|  |TS  0|AC  0|TAMS 0x0000000702600000, 0x0000000702600000|
|  39|0x0000000702700000, 0x0000000702800000, 0x0000000702800000|100%| O|  |TS  0|AC  0|TAMS 0x0000000702700000, 0x0000000702700000|
|  40|0x0000000702800000, 0x00000007028ffec0, 0x0000000702900000| 99%| O|  |TS  0|AC  0|TAMS 0x0000000702800000, 0x0000000702800000|
|  41|0x0000000702900000, 0x00000007029ffff8, 0x0000000702a00000| 99%| O|  |TS  0|AC  0|TAMS 0x0000000702900000, 0x0000000702900000|
|  42|0x0000000702a00000, 0x0000000702afef60, 0x0000000702b00000| 99%| O|  |TS  0|AC  0|TAMS 0x0000000702a00000, 0x0000000702a00000|
|  43|0x0000000702b00000, 0x0000000702bffda8, 0x0000000702c00000| 99%| O|  |TS  0|AC  0|TAMS 0x0000000702b00000, 0x0000000702b00000|
|  44|0x0000000702c00000, 0x0000000702cfffe8, 0x0000000702d00000| 99%| O|  |TS  0|AC  0|TAMS 0x0000000702c00000, 0x0000000702c00000|
|  45|0x0000000702d00000, 0x0000000702dffeb8, 0x0000000702e00000| 99%| O|  |TS  0|AC  0|TAMS 0x0000000702d00000, 0x0000000702d00000|
|  46|0x0000000702e00000, 0x0000000702efffd8, 0x0000000702f00000| 99%| O|  |TS  0|AC  0|TAMS 0x0000000702e00000, 0x0000000702e00000|
|  47|0x0000000702f00000, 0x0000000703000000, 0x0000000703000000|100%| O|  |TS  0|AC  0|TAMS 0x0000000702f00000, 0x0000000702f00000|
|  48|0x0000000703000000, 0x00000007030ffff8, 0x0000000703100000| 99%| O|  |TS  0|AC  0|TAMS 0x0000000703000000, 0x0000000703000000|
|  49|0x0000000703100000, 0x00000007031ffd88, 0x0000000703200000| 99%| O|  |TS  0|AC  0|TAMS 0x0000000703100000, 0x0000000703100000|
|  50|0x0000000703200000, 0x00000007032f4b18, 0x0000000703300000| 95%| O|  |TS  0|AC  0|TAMS 0x0000000703200000, 0x0000000703200000|
|  51|0x0000000703300000, 0x00000007033fffe0, 0x0000000703400000| 99%| O|  |TS  0|AC  0|TAMS 0x0000000703300000, 0x0000000703300000|
|  52|0x0000000703400000, 0x00000007034ffeb8, 0x0000000703500000| 99%| O|  |TS  0|AC  0|TAMS 0x0000000703400000, 0x0000000703400000|
|  53|0x0000000703500000, 0x00000007035ffff0, 0x0000000703600000| 99%| O|  |TS  0|AC  0|TAMS 0x0000000703500000, 0x0000000703500000|
|  54|0x0000000703600000, 0x00000007036fffe0, 0x0000000703700000| 99%| O|  |TS  0|AC  0|TAMS 0x0000000703600000, 0x0000000703600000|
|  55|0x0000000703700000, 0x00000007037ffff8, 0x0000000703800000| 99%| O|  |TS  0|AC  0|TAMS 0x0000000703700000, 0x0000000703700000|
|  56|0x0000000703800000, 0x0000000703900000, 0x0000000703900000|100%| O|  |TS  0|AC  0|TAMS 0x0000000703800000, 0x0000000703800000|
|  57|0x0000000703900000, 0x0000000703a00000, 0x0000000703a00000|100%| O|  |TS  0|AC  0|TAMS 0x0000000703900000, 0x0000000703900000|
|  58|0x0000000703a00000, 0x0000000703b00000, 0x0000000703b00000|100%| O|  |TS  0|AC  0|TAMS 0x0000000703a00000, 0x0000000703a00000|
|  59|0x0000000703b00000, 0x0000000703bff460, 0x0000000703c00000| 99%| O|  |TS  0|AC  0|TAMS 0x0000000703b00000, 0x0000000703b00000|
|  60|0x0000000703c00000, 0x0000000703cffff8, 0x0000000703d00000| 99%| O|  |TS  0|AC  0|TAMS 0x0000000703c00000, 0x0000000703c00000|
|  61|0x0000000703d00000, 0x0000000703dfff38, 0x0000000703e00000| 99%| O|  |TS  0|AC  0|TAMS 0x0000000703d00000, 0x0000000703d00000|
|  62|0x0000000703e00000, 0x0000000703effff0, 0x0000000703f00000| 99%| O|  |TS  0|AC  0|TAMS 0x0000000703e00000, 0x0000000703e00000|
|  63|0x0000000703f00000, 0x0000000704000000, 0x0000000704000000|100%| O|  |TS  0|AC  0|TAMS 0x0000000703f00000, 0x0000000703f00000|
|  64|0x0000000704000000, 0x00000007040ffc28, 0x0000000704100000| 99%| O|  |TS  0|AC  0|TAMS 0x0000000704000000, 0x0000000704000000|
|  65|0x0000000704100000, 0x00000007041fffe0, 0x0000000704200000| 99%| O|  |TS  0|AC  0|TAMS 0x0000000704100000, 0x0000000704100000|
|  66|0x0000000704200000, 0x00000007042fffe8, 0x0000000704300000| 99%| O|  |TS  0|AC  0|TAMS 0x0000000704200000, 0x0000000704200000|
|  67|0x0000000704300000, 0x00000007043fffd8, 0x0000000704400000| 99%| O|  |TS  0|AC  0|TAMS 0x0000000704300000, 0x0000000704300000|
|  68|0x0000000704400000, 0x00000007044ffff0, 0x0000000704500000| 99%| O|  |TS  0|AC  0|TAMS 0x0000000704400000, 0x0000000704400000|
|  69|0x0000000704500000, 0x00000007045fffe8, 0x0000000704600000| 99%| O|  |TS  0|AC  0|TAMS 0x0000000704500000, 0x0000000704500000|
|  70|0x0000000704600000, 0x00000007046fe020, 0x0000000704700000| 99%| O|  |TS  0|AC  0|TAMS 0x0000000704600000, 0x0000000704600000|
|  71|0x0000000704700000, 0x0000000704800000, 0x0000000704800000|100%| O|  |TS  0|AC  0|TAMS 0x0000000704700000, 0x0000000704700000|
|  72|0x0000000704800000, 0x00000007048ffff0, 0x0000000704900000| 99%| O|  |TS  0|AC  0|TAMS 0x0000000704800000, 0x0000000704800000|
|  73|0x0000000704900000, 0x00000007049f0ea8, 0x0000000704a00000| 94%| O|  |TS  0|AC  0|TAMS 0x0000000704900000, 0x0000000704900000|
|  74|0x0000000704a00000, 0x0000000704afffc8, 0x0000000704b00000| 99%| O|  |TS  0|AC  0|TAMS 0x0000000704a00000, 0x0000000704a00000|
|  75|0x0000000704b00000, 0x0000000704bfffe8, 0x0000000704c00000| 99%| O|  |TS  0|AC  0|TAMS 0x0000000704b00000, 0x0000000704b00000|
|  76|0x0000000704c00000, 0x0000000704cfffb8, 0x0000000704d00000| 99%| O|  |TS  0|AC  0|TAMS 0x0000000704c00000, 0x0000000704c00000|
|  77|0x0000000704d00000, 0x0000000704dffec0, 0x0000000704e00000| 99%| O|  |TS  0|AC  0|TAMS 0x0000000704d00000, 0x0000000704d00000|
|  78|0x0000000704e00000, 0x0000000704efffe8, 0x0000000704f00000| 99%| O|  |TS  0|AC  0|TAMS 0x0000000704e00000, 0x0000000704e00000|
|  79|0x0000000704f00000, 0x0000000704ffffe8, 0x0000000705000000| 99%| O|  |TS  0|AC  0|TAMS 0x0000000704f00000, 0x0000000704f00000|
|  80|0x0000000705000000, 0x00000007050fffe8, 0x0000000705100000| 99%| O|  |TS  0|AC  0|TAMS 0x0000000705000000, 0x0000000705000000|
|  81|0x0000000705100000, 0x00000007051fffd0, 0x0000000705200000| 99%| O|  |TS  0|AC  0|TAMS 0x0000000705100000, 0x0000000705100000|
|  82|0x0000000705200000, 0x00000007052ffff0, 0x0000000705300000| 99%| O|  |TS  0|AC  0|TAMS 0x0000000705200000, 0x0000000705200000|
|  83|0x0000000705300000, 0x0000000705400000, 0x0000000705400000|100%| O|  |TS  0|AC  0|TAMS 0x0000000705300000, 0x0000000705300000|
|  84|0x0000000705400000, 0x00000007054e8970, 0x0000000705500000| 90%| O|  |TS  0|AC  0|TAMS 0x0000000705400000, 0x0000000705400000|
|  85|0x0000000705500000, 0x0000000705500000, 0x0000000705600000|  0%| F|  |TS  0|AC  0|TAMS 0x0000000705500000, 0x0000000705500000|
|  86|0x0000000705600000, 0x0000000705600000, 0x0000000705700000|  0%| F|  |TS  0|AC  0|TAMS 0x0000000705600000, 0x0000000705600000|
|  87|0x0000000705700000, 0x0000000705700000, 0x0000000705800000|  0%| F|  |TS  0|AC  0|TAMS 0x0000000705700000, 0x0000000705700000|
|  88|0x0000000705800000, 0x0000000705800000, 0x0000000705900000|  0%| F|  |TS  0|AC  0|TAMS 0x0000000705800000, 0x0000000705800000|
|  89|0x0000000705900000, 0x0000000705a00000, 0x0000000705a00000|100%|HS|  |TS  0|AC  0|TAMS 0x0000000705900000, 0x0000000705900000|
|  90|0x0000000705a00000, 0x0000000705b00000, 0x0000000705b00000|100%|HC|  |TS  0|AC  0|TAMS 0x0000000705a00000, 0x0000000705a00000|
|  91|0x0000000705b00000, 0x0000000705b00000, 0x0000000705c00000|  0%| F|  |TS  0|AC  0|TAMS 0x0000000705b00000, 0x0000000705b00000|
|  92|0x0000000705c00000, 0x0000000705c00000, 0x0000000705d00000|  0%| F|  |TS  0|AC  0|TAMS 0x0000000705c00000, 0x0000000705c00000|
|  93|0x0000000705d00000, 0x0000000705d00000, 0x0000000705e00000|  0%| F|  |TS  0|AC  0|TAMS 0x0000000705d00000, 0x0000000705d00000|
|  94|0x0000000705e00000, 0x0000000705e00000, 0x0000000705f00000|  0%| F|  |TS  0|AC  0|TAMS 0x0000000705e00000, 0x0000000705e00000|
|  95|0x0000000705f00000, 0x0000000705f00000, 0x0000000706000000|  0%| F|  |TS  0|AC  0|TAMS 0x0000000705f00000, 0x0000000705f00000|
|  96|0x0000000706000000, 0x0000000706000000, 0x0000000706100000|  0%| F|  |TS  0|AC  0|TAMS 0x0000000706000000, 0x0000000706000000|
|  97|0x0000000706100000, 0x0000000706100000, 0x0000000706200000|  0%| F|  |TS  0|AC  0|TAMS 0x0000000706100000, 0x0000000706100000|
|  98|0x0000000706200000, 0x0000000706200000, 0x0000000706300000|  0%| F|  |TS  0|AC  0|TAMS 0x0000000706200000, 0x0000000706200000|
|  99|0x0000000706300000, 0x0000000706300000, 0x0000000706400000|  0%| F|  |TS  0|AC  0|TAMS 0x0000000706300000, 0x0000000706300000|
| 100|0x0000000706400000, 0x0000000706400000, 0x0000000706500000|  0%| F|  |TS  0|AC  0|TAMS 0x0000000706400000, 0x0000000706400000|
| 101|0x0000000706500000, 0x0000000706500000, 0x0000000706600000|  0%| F|  |TS  0|AC  0|TAMS 0x0000000706500000, 0x0000000706500000|
| 102|0x0000000706600000, 0x0000000706600000, 0x0000000706700000|  0%| F|  |TS  0|AC  0|TAMS 0x0000000706600000, 0x0000000706600000|
| 103|0x0000000706700000, 0x0000000706700000, 0x0000000706800000|  0%| F|  |TS  0|AC  0|TAMS 0x0000000706700000, 0x0000000706700000|
| 104|0x0000000706800000, 0x0000000706800000, 0x0000000706900000|  0%| F|  |TS  0|AC  0|TAMS 0x0000000706800000, 0x0000000706800000|
| 105|0x0000000706900000, 0x0000000706900000, 0x0000000706a00000|  0%| F|  |TS  0|AC  0|TAMS 0x0000000706900000, 0x0000000706900000|
| 106|0x0000000706a00000, 0x0000000706a00000, 0x0000000706b00000|  0%| F|  |TS  0|AC  0|TAMS 0x0000000706a00000, 0x0000000706a00000|
| 107|0x0000000706b00000, 0x0000000706b00000, 0x0000000706c00000|  0%| F|  |TS  0|AC  0|TAMS 0x0000000706b00000, 0x0000000706b00000|
| 108|0x0000000706c00000, 0x0000000706c00000, 0x0000000706d00000|  0%| F|  |TS  0|AC  0|TAMS 0x0000000706c00000, 0x0000000706c00000|
| 109|0x0000000706d00000, 0x0000000706e00000, 0x0000000706e00000|100%|HS|  |TS  0|AC  0|TAMS 0x0000000706d00000, 0x0000000706d00000|
| 110|0x0000000706e00000, 0x0000000706f00000, 0x0000000706f00000|100%|HC|  |TS  0|AC  0|TAMS 0x0000000706e00000, 0x0000000706e00000|
| 111|0x0000000706f00000, 0x0000000707000000, 0x0000000707000000|100%|HC|  |TS  0|AC  0|TAMS 0x0000000706f00000, 0x0000000706f00000|
| 112|0x0000000707000000, 0x0000000707100000, 0x0000000707100000|100%|HC|  |TS  0|AC  0|TAMS 0x0000000707000000, 0x0000000707000000|
| 113|0x0000000707100000, 0x0000000707200000, 0x0000000707200000|100%|HC|  |TS  0|AC  0|TAMS 0x0000000707100000, 0x0000000707100000|
| 114|0x0000000707200000, 0x0000000707300000, 0x0000000707300000|100%|HC|  |TS  0|AC  0|TAMS 0x0000000707200000, 0x0000000707200000|
| 115|0x0000000707300000, 0x0000000707400000, 0x0000000707400000|100%|HC|  |TS  0|AC  0|TAMS 0x0000000707300000, 0x0000000707300000|
| 116|0x0000000707400000, 0x0000000707500000, 0x0000000707500000|100%|HC|  |TS  0|AC  0|TAMS 0x0000000707400000, 0x0000000707400000|
| 117|0x0000000707500000, 0x0000000707500000, 0x0000000707600000|  0%| F|  |TS  0|AC  0|TAMS 0x0000000707500000, 0x0000000707500000|
| 118|0x0000000707600000, 0x0000000707600000, 0x0000000707700000|  0%| F|  |TS  0|AC  0|TAMS 0x0000000707600000, 0x0000000707600000|
| 119|0x0000000707700000, 0x0000000707700000, 0x0000000707800000|  0%| F|  |TS  0|AC  0|TAMS 0x0000000707700000, 0x0000000707700000|
| 120|0x0000000707800000, 0x0000000707800000, 0x0000000707900000|  0%| F|  |TS  0|AC  0|TAMS 0x0000000707800000, 0x0000000707800000|
| 121|0x0000000707900000, 0x0000000707900000, 0x0000000707a00000|  0%| F|  |TS  0|AC  0|TAMS 0x0000000707900000, 0x0000000707900000|
| 122|0x0000000707a00000, 0x0000000707a00000, 0x0000000707b00000|  0%| F|  |TS  0|AC  0|TAMS 0x0000000707a00000, 0x0000000707a00000|
| 123|0x0000000707b00000, 0x0000000707b00000, 0x0000000707c00000|  0%| F|  |TS  0|AC  0|TAMS 0x0000000707b00000, 0x0000000707b00000|
| 124|0x0000000707c00000, 0x0000000707c00000, 0x0000000707d00000|  0%| F|  |TS  0|AC  0|TAMS 0x0000000707c00000, 0x0000000707c00000|
| 125|0x0000000707d00000, 0x0000000707d00000, 0x0000000707e00000|  0%| F|  |TS  0|AC  0|TAMS 0x0000000707d00000, 0x0000000707d00000|
| 126|0x0000000707e00000, 0x0000000707e00000, 0x0000000707f00000|  0%| F|  |TS  0|AC  0|TAMS 0x0000000707e00000, 0x0000000707e00000|
| 127|0x0000000707f00000, 0x0000000707f00000, 0x0000000708000000|  0%| F|  |TS  0|AC  0|TAMS 0x0000000707f00000, 0x0000000707f00000|
| 128|0x0000000708000000, 0x0000000708000000, 0x0000000708100000|  0%| F|  |TS  0|AC  0|TAMS 0x0000000708000000, 0x0000000708000000|
| 129|0x0000000708100000, 0x0000000708100000, 0x0000000708200000|  0%| F|  |TS  0|AC  0|TAMS 0x0000000708100000, 0x0000000708100000|
| 130|0x0000000708200000, 0x0000000708200000, 0x0000000708300000|  0%| F|  |TS  0|AC  0|TAMS 0x0000000708200000, 0x0000000708200000|
| 131|0x0000000708300000, 0x0000000708300000, 0x0000000708400000|  0%| F|  |TS  0|AC  0|TAMS 0x0000000708300000, 0x0000000708300000|
| 132|0x0000000708400000, 0x0000000708400000, 0x0000000708500000|  0%| F|  |TS  0|AC  0|TAMS 0x0000000708400000, 0x0000000708400000|
| 133|0x0000000708500000, 0x0000000708500000, 0x0000000708600000|  0%| F|  |TS  0|AC  0|TAMS 0x0000000708500000, 0x0000000708500000|
| 134|0x0000000708600000, 0x0000000708600000, 0x0000000708700000|  0%| F|  |TS  0|AC  0|TAMS 0x0000000708600000, 0x0000000708600000|
| 135|0x0000000708700000, 0x0000000708700000, 0x0000000708800000|  0%| F|  |TS  0|AC  0|TAMS 0x0000000708700000, 0x0000000708700000|
| 136|0x0000000708800000, 0x0000000708800000, 0x0000000708900000|  0%| F|  |TS  0|AC  0|TAMS 0x0000000708800000, 0x0000000708800000|
| 137|0x0000000708900000, 0x0000000708900000, 0x0000000708a00000|  0%| F|  |TS  0|AC  0|TAMS 0x0000000708900000, 0x0000000708900000|
| 138|0x0000000708a00000, 0x0000000708a00000, 0x0000000708b00000|  0%| F|  |TS  0|AC  0|TAMS 0x0000000708a00000, 0x0000000708a00000|
| 139|0x0000000708b00000, 0x0000000708b00000, 0x0000000708c00000|  0%| F|  |TS  0|AC  0|TAMS 0x0000000708b00000, 0x0000000708b00000|
| 140|0x0000000708c00000, 0x0000000708c00000, 0x0000000708d00000|  0%| F|  |TS  0|AC  0|TAMS 0x0000000708c00000, 0x0000000708c00000|
| 141|0x0000000708d00000, 0x0000000708d00000, 0x0000000708e00000|  0%| F|  |TS  0|AC  0|TAMS 0x0000000708d00000, 0x0000000708d00000|
| 142|0x0000000708e00000, 0x0000000708e00000, 0x0000000708f00000|  0%| F|  |TS  0|AC  0|TAMS 0x0000000708e00000, 0x0000000708e00000|
| 143|0x0000000708f00000, 0x0000000708f00000, 0x0000000709000000|  0%| F|  |TS  0|AC  0|TAMS 0x0000000708f00000, 0x0000000708f00000|
| 144|0x0000000709000000, 0x0000000709000000, 0x0000000709100000|  0%| F|  |TS  0|AC  0|TAMS 0x0000000709000000, 0x0000000709000000|
| 145|0x0000000709100000, 0x0000000709100000, 0x0000000709200000|  0%| F|  |TS  0|AC  0|TAMS 0x0000000709100000, 0x0000000709100000|
| 146|0x0000000709200000, 0x0000000709200000, 0x0000000709300000|  0%| F|  |TS  0|AC  0|TAMS 0x0000000709200000, 0x0000000709200000|
| 147|0x0000000709300000, 0x0000000709300000, 0x0000000709400000|  0%| F|  |TS  0|AC  0|TAMS 0x0000000709300000, 0x0000000709300000|
| 148|0x0000000709400000, 0x0000000709400000, 0x0000000709500000|  0%| F|  |TS  0|AC  0|TAMS 0x0000000709400000, 0x0000000709400000|
| 149|0x0000000709500000, 0x0000000709500000, 0x0000000709600000|  0%| F|  |TS  0|AC  0|TAMS 0x0000000709500000, 0x0000000709500000|
| 150|0x0000000709600000, 0x0000000709600000, 0x0000000709700000|  0%| F|  |TS  0|AC  0|TAMS 0x0000000709600000, 0x0000000709600000|
| 151|0x0000000709700000, 0x0000000709700000, 0x0000000709800000|  0%| F|  |TS  0|AC  0|TAMS 0x0000000709700000, 0x0000000709700000|
| 152|0x0000000709800000, 0x0000000709800000, 0x0000000709900000|  0%| F|  |TS  0|AC  0|TAMS 0x0000000709800000, 0x0000000709800000|
| 153|0x0000000709900000, 0x0000000709900000, 0x0000000709a00000|  0%| F|  |TS  0|AC  0|TAMS 0x0000000709900000, 0x0000000709900000|
| 154|0x0000000709a00000, 0x0000000709a00000, 0x0000000709b00000|  0%| F|  |TS  0|AC  0|TAMS 0x0000000709a00000, 0x0000000709a00000|
| 155|0x0000000709b00000, 0x0000000709b00000, 0x0000000709c00000|  0%| F|  |TS  0|AC  0|TAMS 0x0000000709b00000, 0x0000000709b00000|
| 156|0x0000000709c00000, 0x0000000709c00000, 0x0000000709d00000|  0%| F|  |TS  0|AC  0|TAMS 0x0000000709c00000, 0x0000000709c00000|
| 157|0x0000000709d00000, 0x0000000709d00000, 0x0000000709e00000|  0%| F|  |TS  0|AC  0|TAMS 0x0000000709d00000, 0x0000000709d00000|
| 158|0x0000000709e00000, 0x0000000709e00000, 0x0000000709f00000|  0%| F|  |TS  0|AC  0|TAMS 0x0000000709e00000, 0x0000000709e00000|
| 159|0x0000000709f00000, 0x0000000709f00000, 0x000000070a000000|  0%| F|  |TS  0|AC  0|TAMS 0x0000000709f00000, 0x0000000709f00000|
| 160|0x000000070a000000, 0x000000070a000000, 0x000000070a100000|  0%| F|  |TS  0|AC  0|TAMS 0x000000070a000000, 0x000000070a000000|
| 161|0x000000070a100000, 0x000000070a100000, 0x000000070a200000|  0%| F|  |TS  0|AC  0|TAMS 0x000000070a100000, 0x000000070a100000|
| 162|0x000000070a200000, 0x000000070a200000, 0x000000070a300000|  0%| F|  |TS  0|AC  0|TAMS 0x000000070a200000, 0x000000070a200000|
| 163|0x000000070a300000, 0x000000070a300000, 0x000000070a400000|  0%| F|  |TS  0|AC  0|TAMS 0x000000070a300000, 0x000000070a300000|
| 164|0x000000070a400000, 0x000000070a400000, 0x000000070a500000|  0%| F|  |TS  0|AC  0|TAMS 0x000000070a400000, 0x000000070a400000|
| 165|0x000000070a500000, 0x000000070a500000, 0x000000070a600000|  0%| F|  |TS  0|AC  0|TAMS 0x000000070a500000, 0x000000070a500000|
| 166|0x000000070a600000, 0x000000070a600000, 0x000000070a700000|  0%| F|  |TS  0|AC  0|TAMS 0x000000070a600000, 0x000000070a600000|
| 167|0x000000070a700000, 0x000000070a700000, 0x000000070a800000|  0%| F|  |TS  0|AC  0|TAMS 0x000000070a700000, 0x000000070a700000|
| 168|0x000000070a800000, 0x000000070a88a570, 0x000000070a900000| 54%| S|CS|TS 29|AC  0|TAMS 0x000000070a800000, 0x000000070a800000|
| 169|0x000000070a900000, 0x000000070a900000, 0x000000070aa00000|  0%| F|  |TS 29|AC  0|TAMS 0x000000070a900000, 0x000000070a900000|
| 170|0x000000070aa00000, 0x000000070aa00000, 0x000000070ab00000|  0%| F|  |TS 29|AC  0|TAMS 0x000000070aa00000, 0x000000070aa00000|
| 171|0x000000070ab00000, 0x000000070ab00000, 0x000000070ac00000|  0%| F|  |TS 29|AC  0|TAMS 0x000000070ab00000, 0x000000070ab00000|
| 172|0x000000070ac00000, 0x000000070ac00000, 0x000000070ad00000|  0%| F|  |TS 29|AC  0|TAMS 0x000000070ac00000, 0x000000070ac00000|
| 173|0x000000070ad00000, 0x000000070ad00000, 0x000000070ae00000|  0%| F|  |TS 29|AC  0|TAMS 0x000000070ad00000, 0x000000070ad00000|
| 174|0x000000070ae00000, 0x000000070ae00000, 0x000000070af00000|  0%| F|  |TS 29|AC  0|TAMS 0x000000070ae00000, 0x000000070ae00000|
| 175|0x000000070af00000, 0x000000070af00000, 0x000000070b000000|  0%| F|  |TS 29|AC  0|TAMS 0x000000070af00000, 0x000000070af00000|
| 176|0x000000070b000000, 0x000000070b000000, 0x000000070b100000|  0%| F|  |TS 29|AC  0|TAMS 0x000000070b000000, 0x000000070b000000|
| 177|0x000000070b100000, 0x000000070b14ed00, 0x000000070b200000| 30%| E|  |TS 29|AC  0|TAMS 0x000000070b100000, 0x000000070b100000|
| 178|0x000000070b200000, 0x000000070b300000, 0x000000070b300000|100%| E|CS|TS 29|AC  0|TAMS 0x000000070b200000, 0x000000070b200000|
| 179|0x000000070b300000, 0x000000070b400000, 0x000000070b400000|100%| E|CS|TS 29|AC  0|TAMS 0x000000070b300000, 0x000000070b300000|
| 180|0x000000070b400000, 0x000000070b500000, 0x000000070b500000|100%| E|CS|TS 29|AC  0|TAMS 0x000000070b400000, 0x000000070b400000|
| 181|0x000000070b500000, 0x000000070b600000, 0x000000070b600000|100%| E|CS|TS 29|AC  0|TAMS 0x000000070b500000, 0x000000070b500000|
| 182|0x000000070b600000, 0x000000070b700000, 0x000000070b700000|100%| E|CS|TS 29|AC  0|TAMS 0x000000070b600000, 0x000000070b600000|
| 183|0x000000070b700000, 0x000000070b800000, 0x000000070b800000|100%| E|CS|TS 29|AC  0|TAMS 0x000000070b700000, 0x000000070b700000|
| 184|0x000000070b800000, 0x000000070b900000, 0x000000070b900000|100%| E|CS|TS 29|AC  0|TAMS 0x000000070b800000, 0x000000070b800000|
| 185|0x000000070b900000, 0x000000070ba00000, 0x000000070ba00000|100%| E|CS|TS 29|AC  0|TAMS 0x000000070b900000, 0x000000070b900000|
| 186|0x000000070ba00000, 0x000000070bb00000, 0x000000070bb00000|100%| E|CS|TS 29|AC  0|TAMS 0x000000070ba00000, 0x000000070ba00000|
| 187|0x000000070bb00000, 0x000000070bc00000, 0x000000070bc00000|100%| E|CS|TS 29|AC  0|TAMS 0x000000070bb00000, 0x000000070bb00000|
| 188|0x000000070bc00000, 0x000000070bd00000, 0x000000070bd00000|100%| E|CS|TS 29|AC  0|TAMS 0x000000070bc00000, 0x000000070bc00000|
| 189|0x000000070bd00000, 0x000000070be00000, 0x000000070be00000|100%| E|CS|TS 29|AC  0|TAMS 0x000000070bd00000, 0x000000070bd00000|
| 190|0x000000070be00000, 0x000000070bf00000, 0x000000070bf00000|100%| E|CS|TS 29|AC  0|TAMS 0x000000070be00000, 0x000000070be00000|
| 191|0x000000070bf00000, 0x000000070c000000, 0x000000070c000000|100%| E|CS|TS 29|AC  0|TAMS 0x000000070bf00000, 0x000000070bf00000|
| 192|0x000000070c000000, 0x000000070c100000, 0x000000070c100000|100%| E|CS|TS 29|AC  0|TAMS 0x000000070c000000, 0x000000070c000000|
| 193|0x000000070c100000, 0x000000070c200000, 0x000000070c200000|100%| E|CS|TS 29|AC  0|TAMS 0x000000070c100000, 0x000000070c100000|
| 194|0x000000070c200000, 0x000000070c300000, 0x000000070c300000|100%| E|CS|TS 29|AC  0|TAMS 0x000000070c200000, 0x000000070c200000|
| 195|0x000000070c300000, 0x000000070c400000, 0x000000070c400000|100%| E|CS|TS 29|AC  0|TAMS 0x000000070c300000, 0x000000070c300000|
| 196|0x000000070c400000, 0x000000070c500000, 0x000000070c500000|100%| E|CS|TS 29|AC  0|TAMS 0x000000070c400000, 0x000000070c400000|
| 197|0x000000070c500000, 0x000000070c600000, 0x000000070c600000|100%| E|CS|TS 29|AC  0|TAMS 0x000000070c500000, 0x000000070c500000|
| 198|0x000000070c600000, 0x000000070c700000, 0x000000070c700000|100%| E|CS|TS 29|AC  0|TAMS 0x000000070c600000, 0x000000070c600000|
| 199|0x000000070c700000, 0x000000070c800000, 0x000000070c800000|100%| E|CS|TS 29|AC  0|TAMS 0x000000070c700000, 0x000000070c700000|
| 200|0x000000070c800000, 0x000000070c900000, 0x000000070c900000|100%| E|CS|TS 29|AC  0|TAMS 0x000000070c800000, 0x000000070c800000|
| 201|0x000000070c900000, 0x000000070ca00000, 0x000000070ca00000|100%| E|CS|TS 29|AC  0|TAMS 0x000000070c900000, 0x000000070c900000|
| 202|0x000000070ca00000, 0x000000070cb00000, 0x000000070cb00000|100%| E|CS|TS 29|AC  0|TAMS 0x000000070ca00000, 0x000000070ca00000|
| 203|0x000000070cb00000, 0x000000070cc00000, 0x000000070cc00000|100%| E|CS|TS 29|AC  0|TAMS 0x000000070cb00000, 0x000000070cb00000|
| 204|0x000000070cc00000, 0x000000070cd00000, 0x000000070cd00000|100%| E|CS|TS 29|AC  0|TAMS 0x000000070cc00000, 0x000000070cc00000|
| 205|0x000000070cd00000, 0x000000070ce00000, 0x000000070ce00000|100%| E|CS|TS 29|AC  0|TAMS 0x000000070cd00000, 0x000000070cd00000|
| 206|0x000000070ce00000, 0x000000070cf00000, 0x000000070cf00000|100%| E|CS|TS 29|AC  0|TAMS 0x000000070ce00000, 0x000000070ce00000|
| 207|0x000000070cf00000, 0x000000070d000000, 0x000000070d000000|100%| E|CS|TS 29|AC  0|TAMS 0x000000070cf00000, 0x000000070cf00000|
| 208|0x000000070d000000, 0x000000070d100000, 0x000000070d100000|100%| E|CS|TS 29|AC  0|TAMS 0x000000070d000000, 0x000000070d000000|
| 209|0x000000070d100000, 0x000000070d200000, 0x000000070d200000|100%| E|CS|TS 29|AC  0|TAMS 0x000000070d100000, 0x000000070d100000|
| 210|0x000000070d200000, 0x000000070d300000, 0x000000070d300000|100%| E|CS|TS 29|AC  0|TAMS 0x000000070d200000, 0x000000070d200000|
| 211|0x000000070d300000, 0x000000070d400000, 0x000000070d400000|100%| E|CS|TS 29|AC  0|TAMS 0x000000070d300000, 0x000000070d300000|
| 212|0x000000070d400000, 0x000000070d500000, 0x000000070d500000|100%| E|CS|TS 29|AC  0|TAMS 0x000000070d400000, 0x000000070d400000|
| 213|0x000000070d500000, 0x000000070d600000, 0x000000070d600000|100%| E|CS|TS 29|AC  0|TAMS 0x000000070d500000, 0x000000070d500000|
| 214|0x000000070d600000, 0x000000070d700000, 0x000000070d700000|100%| E|CS|TS 29|AC  0|TAMS 0x000000070d600000, 0x000000070d600000|
| 215|0x000000070d700000, 0x000000070d800000, 0x000000070d800000|100%| E|CS|TS 29|AC  0|TAMS 0x000000070d700000, 0x000000070d700000|
| 216|0x000000070d800000, 0x000000070d900000, 0x000000070d900000|100%| E|CS|TS 29|AC  0|TAMS 0x000000070d800000, 0x000000070d800000|
| 217|0x000000070d900000, 0x000000070da00000, 0x000000070da00000|100%| E|CS|TS 29|AC  0|TAMS 0x000000070d900000, 0x000000070d900000|
| 218|0x000000070da00000, 0x000000070db00000, 0x000000070db00000|100%| E|CS|TS 29|AC  0|TAMS 0x000000070da00000, 0x000000070da00000|
| 219|0x000000070db00000, 0x000000070dc00000, 0x000000070dc00000|100%| E|CS|TS 29|AC  0|TAMS 0x000000070db00000, 0x000000070db00000|
| 220|0x000000070dc00000, 0x000000070dd00000, 0x000000070dd00000|100%| E|CS|TS 29|AC  0|TAMS 0x000000070dc00000, 0x000000070dc00000|
| 221|0x000000070dd00000, 0x000000070de00000, 0x000000070de00000|100%| E|CS|TS 29|AC  0|TAMS 0x000000070dd00000, 0x000000070dd00000|
| 222|0x000000070de00000, 0x000000070df00000, 0x000000070df00000|100%| E|CS|TS 29|AC  0|TAMS 0x000000070de00000, 0x000000070de00000|
| 223|0x000000070df00000, 0x000000070e000000, 0x000000070e000000|100%| E|CS|TS 29|AC  0|TAMS 0x000000070df00000, 0x000000070df00000|
| 224|0x000000070e000000, 0x000000070e100000, 0x000000070e100000|100%| E|CS|TS 29|AC  0|TAMS 0x000000070e000000, 0x000000070e000000|
| 225|0x000000070e100000, 0x000000070e200000, 0x000000070e200000|100%| E|CS|TS 29|AC  0|TAMS 0x000000070e100000, 0x000000070e100000|
| 226|0x000000070e200000, 0x000000070e300000, 0x000000070e300000|100%| E|CS|TS 29|AC  0|TAMS 0x000000070e200000, 0x000000070e200000|
| 227|0x000000070e300000, 0x000000070e400000, 0x000000070e400000|100%| E|CS|TS 29|AC  0|TAMS 0x000000070e300000, 0x000000070e300000|
| 228|0x000000070e400000, 0x000000070e500000, 0x000000070e500000|100%| E|CS|TS 29|AC  0|TAMS 0x000000070e400000, 0x000000070e400000|

Card table byte_map: [0x0000000011690000,0x0000000011c90000] byte_map_base: 0x000000000de90000

Marking Bits (Prev, Next): (CMBitMap*) 0x0000000009dc2938, (CMBitMap*) 0x0000000009dc2900
 Prev Bits: [0x000000002d2f0000, 0x00000000302f0000)
 Next Bits: [0x00000000193b0000, 0x000000001c3b0000)

Polling page: 0x0000000000230000

CodeHeap 'non-profiled nmethods': size=120000Kb used=26569Kb max_used=28119Kb free=93430Kb
 bounds [0x0000000025dc0000, 0x0000000027940000, 0x000000002d2f0000]
CodeHeap 'profiled nmethods': size=120000Kb used=46438Kb max_used=50114Kb free=73561Kb
 bounds [0x000000001e890000, 0x00000000219f0000, 0x0000000025dc0000]
CodeHeap 'non-nmethods': size=5760Kb used=1799Kb max_used=1858Kb free=3960Kb
 bounds [0x000000001e2f0000, 0x000000001e560000, 0x000000001e890000]
 total_blobs=42227 nmethods=20443 adapters=1153
 compilation: enabled

Compilation events (10 events):
Event: 19231.389 Thread 0x000000000b032000 28478       3       de.javasoft.plaf.synthetica.painter.SyntheticaPainter::paintToolTipBackground (81 bytes)
Event: 19231.391 Thread 0x000000000b032000 nmethod 28478 0x000000001e97f390 code [0x000000001e97f5e0, 0x000000001e980298]
Event: 19231.391 Thread 0x000000000b032000 28479       3       javax.swing.plaf.synth.SynthToolTipUI::paint (148 bytes)
Event: 19231.394 Thread 0x000000000b032000 nmethod 28479 0x000000001e99c190 code [0x000000001e99c460, 0x000000001e99d6d8]
Event: 19232.171 Thread 0x000000000b032000 28480       3       com.jidesoft.popup.JidePopup::isPopupVisible (63 bytes)
Event: 19232.173 Thread 0x000000000b032000 nmethod 28480 0x000000001e957a90 code [0x000000001e957c60, 0x000000001e9581b0]
Event: 19234.218 Thread 0x000000000b032000 28481       3       java.awt.event.ActionEvent::<init> (9 bytes)
Event: 19234.219 Thread 0x000000000b032000 nmethod 28481 0x000000001e8e8e90 code [0x000000001e8e9060, 0x000000001e8e9348]
Event: 19234.219 Thread 0x000000000b032000 28482       3       java.awt.event.ActionEvent::<init> (11 bytes)
Event: 19234.219 Thread 0x000000000b032000 nmethod 28482 0x000000001e8b0e10 code [0x000000001e8b0fe0, 0x000000001e8b1268]

GC Heap History (10 events):
Event: 19144.798 GC heap before
{Heap before GC invocations=945 (full 24):
 garbage-first heap   total 234496K, used 156893K [0x0000000700000000, 0x0000000700100728, 0x00000007c0000000)
  region size 1024K, 60 young (61440K), 1 survivors (1024K)
 Metaspace       used 93071K, capacity 95249K, committed 101456K, reserved 1136640K
  class space    used 13023K, capacity 13483K, committed 14716K, reserved 1048576K
}
Event: 19144.805 GC heap after
{Heap after GC invocations=946 (full 24):
 garbage-first heap   total 234496K, used 96496K [0x0000000700000000, 0x0000000700100728, 0x00000007c0000000)
  region size 1024K, 1 young (1024K), 1 survivors (1024K)
 Metaspace       used 93071K, capacity 95249K, committed 101456K, reserved 1136640K
  class space    used 13023K, capacity 13483K, committed 14716K, reserved 1048576K
}
Event: 19210.667 GC heap before
{Heap before GC invocations=946 (full 24):
 garbage-first heap   total 234496K, used 156912K [0x0000000700000000, 0x0000000700100728, 0x00000007c0000000)
  region size 1024K, 60 young (61440K), 1 survivors (1024K)
 Metaspace       used 93071K, capacity 95249K, committed 101456K, reserved 1136640K
  class space    used 13023K, capacity 13483K, committed 14716K, reserved 1048576K
}
Event: 19210.673 GC heap after
{Heap after GC invocations=947 (full 24):
 garbage-first heap   total 234496K, used 96514K [0x0000000700000000, 0x0000000700100728, 0x00000007c0000000)
  region size 1024K, 1 young (1024K), 1 survivors (1024K)
 Metaspace       used 93071K, capacity 95249K, committed 101456K, reserved 1136640K
  class space    used 13023K, capacity 13483K, committed 14716K, reserved 1048576K
}
Event: 19214.440 GC heap before
{Heap before GC invocations=947 (full 24):
 garbage-first heap   total 234496K, used 156930K [0x0000000700000000, 0x0000000700100728, 0x00000007c0000000)
  region size 1024K, 60 young (61440K), 1 survivors (1024K)
 Metaspace       used 93073K, capacity 95249K, committed 101456K, reserved 1136640K
  class space    used 13023K, capacity 13483K, committed 14716K, reserved 1048576K
}
Event: 19214.448 GC heap after
{Heap after GC invocations=948 (full 24):
 garbage-first heap   total 234496K, used 96489K [0x0000000700000000, 0x0000000700100728, 0x00000007c0000000)
  region size 1024K, 1 young (1024K), 1 survivors (1024K)
 Metaspace       used 93073K, capacity 95249K, committed 101456K, reserved 1136640K
  class space    used 13023K, capacity 13483K, committed 14716K, reserved 1048576K
}
Event: 19215.907 GC heap before
{Heap before GC invocations=948 (full 24):
 garbage-first heap   total 234496K, used 156905K [0x0000000700000000, 0x0000000700100728, 0x00000007c0000000)
  region size 1024K, 60 young (61440K), 1 survivors (1024K)
 Metaspace       used 93073K, capacity 95249K, committed 101456K, reserved 1136640K
  class space    used 13023K, capacity 13483K, committed 14716K, reserved 1048576K
}
Event: 19215.915 GC heap after
{Heap after GC invocations=949 (full 24):
 garbage-first heap   total 234496K, used 96503K [0x0000000700000000, 0x0000000700100728, 0x00000007c0000000)
  region size 1024K, 1 young (1024K), 1 survivors (1024K)
 Metaspace       used 93073K, capacity 95249K, committed 101456K, reserved 1136640K
  class space    used 13023K, capacity 13483K, committed 14716K, reserved 1048576K
}
Event: 19224.176 GC heap before
{Heap before GC invocations=949 (full 24):
 garbage-first heap   total 234496K, used 156919K [0x0000000700000000, 0x0000000700100728, 0x00000007c0000000)
  region size 1024K, 60 young (61440K), 1 survivors (1024K)
 Metaspace       used 93074K, capacity 95249K, committed 101456K, reserved 1136640K
  class space    used 13023K, capacity 13483K, committed 14716K, reserved 1048576K
}
Event: 19224.185 GC heap after
{Heap after GC invocations=950 (full 24):
 garbage-first heap   total 234496K, used 96657K [0x0000000700000000, 0x0000000700100728, 0x00000007c0000000)
  region size 1024K, 1 young (1024K), 1 survivors (1024K)
 Metaspace       used 93074K, capacity 95249K, committed 101456K, reserved 1136640K
  class space    used 13023K, capacity 13483K, committed 14716K, reserved 1048576K
}

Deoptimization events (10 events):
Event: 17430.043 Thread 0x0000000034bf2000 Uncommon trap: reason=speculate_class_check action=maybe_recompile pc=0x00000000267e6048 method=javax.swing.JComponent.paintToOffscreen(Ljava/awt/Graphics;IIIIII)V @ 62 c2
Event: 17430.045 Thread 0x0000000034bf2000 Uncommon trap: reason=bimorphic_or_optimized_type_check action=maybe_recompile pc=0x00000000274e06d4 method=com.jidesoft.editor.CodeEditorPainter.paint(Ljava/awt/Graphics;)V @ 41 c2
Event: 17430.046 Thread 0x0000000034bf2000 Uncommon trap: reason=unstable_if action=reinterpret pc=0x0000000027314c38 method=ui.views.V.a.ap.a(Ljava/awt/Graphics;II)V @ 7 c2
Event: 17430.046 Thread 0x0000000034bf2000 Uncommon trap: reason=class_check action=maybe_recompile pc=0x000000002721d834 method=com.jidesoft.editor.CodeEditor.isSpecialCharactersVisible()Z @ 28 c2
Event: 17430.046 Thread 0x0000000034bf2000 Uncommon trap: reason=class_check action=maybe_recompile pc=0x000000002721d834 method=com.jidesoft.editor.CodeEditor.isSpecialCharactersVisible()Z @ 28 c2
Event: 17430.061 Thread 0x0000000034bf2000 Uncommon trap: reason=unstable_if action=reinterpret pc=0x0000000026ab4fa8 method=sun.java2d.SunGraphics2D.setComposite(Ljava/awt/Composite;)V @ 184 c2
Event: 17445.623 Thread 0x0000000034bf2000 Uncommon trap: reason=unstable_if action=reinterpret pc=0x00000000260c8790 method=java.io.BufferedReader.readLine(Z)Ljava/lang/String; @ 160 c2
Event: 17805.880 Thread 0x0000000034bf2000 Uncommon trap: reason=unstable_if action=reinterpret pc=0x000000002786df54 method=javax.swing.text.FlowView$FlowStrategy.layoutRow(Ljavax/swing/text/FlowView;II)I @ 264 c2
Event: 17807.738 Thread 0x0000000034bf2000 Uncommon trap: reason=unstable_if action=reinterpret pc=0x00000000267cfdbc method=javax.swing.JComponent.getBounds(Ljava/awt/Rectangle;)Ljava/awt/Rectangle; @ 1 c2
Event: 18436.502 Thread 0x0000000034bf2000 Uncommon trap: reason=unstable_if action=reinterpret pc=0x0000000026c0e6c4 method=java.util.concurrent.locks.LockSupport.unpark(Ljava/lang/Thread;)V @ 1 c2

Classes redefined (0 events):
No events

Internal exceptions (10 events):
Event: 17030.512 Thread 0x000000000a312000 Exception <a 'java/lang/InterruptedException'{0x000000070c600300}: sleep interrupted> (0x000000070c600300) thrown at [t:/workspace/hotspot/src/share/vm/prims/jvm.cpp, line 2984]
Event: 17356.017 Thread 0x0000000034bf2000 Implicit null exception at 0x0000000027843f04 to 0x0000000027845495
Event: 17430.046 Thread 0x0000000034bf2000 Implicit null exception at 0x0000000027311171 to 0x0000000027314c21
Event: 17446.589 Thread 0x000000003c65d800 Exception <a 'java/lang/InterruptedException'{0x000000070d8a3000}: sleep interrupted> (0x000000070d8a3000) thrown at [t:/workspace/hotspot/src/share/vm/prims/jvm.cpp, line 2984]
Event: 17641.564 Thread 0x0000000034bf2000 Exception <a 'java/io/FileNotFoundException'{0x000000070dd35448}> (0x000000070dd35448) thrown at [t:/workspace/hotspot/src/share/vm/prims/jni.cpp, line 604]
Event: 17641.823 Thread 0x0000000034bf2000 Exception <a 'java/io/FileNotFoundException'{0x000000070d8a4b60}> (0x000000070d8a4b60) thrown at [t:/workspace/hotspot/src/share/vm/prims/jni.cpp, line 604]
Event: 17643.170 Thread 0x0000000034bf2000 Exception <a 'java/io/FileNotFoundException'{0x000000070b6fe8b0}> (0x000000070b6fe8b0) thrown at [t:/workspace/hotspot/src/share/vm/prims/jni.cpp, line 604]
Event: 17643.170 Thread 0x0000000034bf2000 Exception <a 'java/io/FileNotFoundException'{0x000000070b500000}> (0x000000070b500000) thrown at [t:/workspace/hotspot/src/share/vm/prims/jni.cpp, line 604]
Event: 17648.399 Thread 0x0000000034bf2000 Exception <a 'java/io/FileNotFoundException'{0x000000070d9d23c0}> (0x000000070d9d23c0) thrown at [t:/workspace/hotspot/src/share/vm/prims/jni.cpp, line 604]
Event: 17765.100 Thread 0x000000003c65d800 Exception <a 'java/lang/InterruptedException'{0x000000070d8112f0}: sleep interrupted> (0x000000070d8112f0) thrown at [t:/workspace/hotspot/src/share/vm/prims/jvm.cpp, line 2984]

Events (10 events):
Event: 19232.267 Thread 0x000000000a00c800 Thread added: 0x000000000a00c800
Event: 19232.989 Thread 0x000000003c65e000 Thread added: 0x000000003c65e000
Event: 19233.003 Thread 0x000000003c65e000 Thread exited: 0x000000003c65e000
Event: 19233.989 Thread 0x000000003c65e000 Thread added: 0x000000003c65e000
Event: 19234.003 Thread 0x000000003c65e000 Thread exited: 0x000000003c65e000
Event: 19234.723 Thread 0x000000003c65e000 Thread added: 0x000000003c65e000
Event: 19234.725 Thread 0x000000003c65d800 Thread added: 0x000000003c65d800
Event: 19234.784 Thread 0x000000003c65e000 Thread exited: 0x000000003c65e000
Event: 19234.784 Executing VM operation: RevokeBias
Event: 19234.784 Executing VM operation: RevokeBias done


Dynamic libraries:
0x000000013f040000 - 0x000000013f070000 	F:\VivadoInstallation\vivadoInst\Vivado\2019.2\bin\unwrapped\win64.o\vivado.exe
0x00000000779c0000 - 0x0000000077b5f000 	C:\Windows\SYSTEM32\ntdll.dll
0x00000000778a0000 - 0x00000000779bf000 	C:\Windows\system32\kernel32.dll
0x000007fefd560000 - 0x000007fefd5c7000 	C:\Windows\system32\KERNELBASE.dll
0x000007feefea0000 - 0x000007feefeb4000 	F:\VivadoInstallation\vivadoInst\Vivado\2019.2\lib\win64.o\libboost_signals.dll
0x000007fee7190000 - 0x000007fee721d000 	C:\Windows\system32\MSVCP140.dll
0x000007fefab80000 - 0x000007fefab9b000 	C:\Windows\system32\VCRUNTIME140.dll
0x000007fefa7f0000 - 0x000007fefa7f4000 	C:\Windows\system32\api-ms-win-crt-runtime-l1-1-0.dll
0x000007fed9750000 - 0x000007fed9844000 	C:\Windows\system32\ucrtbase.DLL
0x000007fef9960000 - 0x000007fef9963000 	C:\Windows\system32\api-ms-win-core-timezone-l1-1-0.dll
0x000007fef1190000 - 0x000007fef1193000 	C:\Windows\system32\api-ms-win-core-file-l2-1-0.dll
0x000007fef1180000 - 0x000007fef1183000 	C:\Windows\system32\api-ms-win-core-localization-l1-2-0.dll
0x000007fef86f0000 - 0x000007fef86f3000 	C:\Windows\system32\api-ms-win-core-synch-l1-2-0.dll
0x000007fef1130000 - 0x000007fef1133000 	C:\Windows\system32\api-ms-win-core-processthreads-l1-1-1.dll
0x000007fef1090000 - 0x000007fef1093000 	C:\Windows\system32\api-ms-win-core-file-l1-2-0.dll
0x000007fef1080000 - 0x000007fef1083000 	C:\Windows\system32\api-ms-win-crt-heap-l1-1-0.dll
0x000007fef0c20000 - 0x000007fef0c24000 	C:\Windows\system32\api-ms-win-crt-string-l1-1-0.dll
0x000007fef0520000 - 0x000007fef0524000 	C:\Windows\system32\api-ms-win-crt-stdio-l1-1-0.dll
0x000007fef01e0000 - 0x000007fef01e4000 	C:\Windows\system32\api-ms-win-crt-convert-l1-1-0.dll
0x000007fef0190000 - 0x000007fef019c000 	C:\Windows\system32\VCRUNTIME140_1.dll
0x000007fef0180000 - 0x000007fef0183000 	C:\Windows\system32\api-ms-win-crt-locale-l1-1-0.dll
0x000007fef0170000 - 0x000007fef0173000 	C:\Windows\system32\api-ms-win-crt-filesystem-l1-1-0.dll
0x000007feeff10000 - 0x000007feeff13000 	C:\Windows\system32\api-ms-win-crt-time-l1-1-0.dll
0x000007feeff00000 - 0x000007feeff03000 	C:\Windows\system32\api-ms-win-crt-environment-l1-1-0.dll
0x000007feefef0000 - 0x000007feefef5000 	C:\Windows\system32\api-ms-win-crt-math-l1-1-0.dll
0x000007feefee0000 - 0x000007feefee3000 	C:\Windows\system32\api-ms-win-crt-utility-l1-1-0.dll
0x000007fed7450000 - 0x000007fed8393000 	F:\VivadoInstallation\vivadoInst\Vivado\2019.2\lib\win64.o\librdi_common.dll
0x000007fed70e0000 - 0x000007fed744e000 	F:\VivadoInstallation\vivadoInst\Vivado\2019.2\lib\win64.o\libCOIN-all.dll
0x000007feecc50000 - 0x000007feecc64000 	F:\VivadoInstallation\vivadoInst\Vivado\2019.2\lib\win64.o\libboost_date_time.dll
0x000007feea600000 - 0x000007feea626000 	F:\VivadoInstallation\vivadoInst\Vivado\2019.2\lib\win64.o\libboost_filesystem.dll
0x000007feeee20000 - 0x000007feeee2b000 	F:\VivadoInstallation\vivadoInst\Vivado\2019.2\lib\win64.o\libboost_system.dll
0x000007fefe170000 - 0x000007fefe24b000 	C:\Windows\system32\ADVAPI32.dll
0x000007fefe0d0000 - 0x000007fefe16f000 	C:\Windows\system32\msvcrt.dll
0x000007fefed20000 - 0x000007fefed3f000 	C:\Windows\SYSTEM32\sechost.dll
0x000007fefddf0000 - 0x000007fefdf1c000 	C:\Windows\system32\RPCRT4.dll
0x000007fee3560000 - 0x000007fee35df000 	F:\VivadoInstallation\vivadoInst\Vivado\2019.2\lib\win64.o\libboost_program_options.dll
0x000007fed6fc0000 - 0x000007fed70d4000 	F:\VivadoInstallation\vivadoInst\Vivado\2019.2\lib\win64.o\libboost_regex.dll
0x00000000777a0000 - 0x000000007789b000 	C:\Windows\system32\USER32.dll
0x000007fefdd80000 - 0x000007fefdde7000 	C:\Windows\system32\GDI32.dll
0x000007fefe8c0000 - 0x000007fefe8ce000 	C:\Windows\system32\LPK.dll
0x000007fefea70000 - 0x000007fefeb3b000 	C:\Windows\system32\USP10.dll
0x000007fee8b80000 - 0x000007fee8ba1000 	F:\VivadoInstallation\vivadoInst\Vivado\2019.2\lib\win64.o\libboost_thread.dll
0x000007feed150000 - 0x000007feed15d000 	F:\VivadoInstallation\vivadoInst\Vivado\2019.2\lib\win64.o\libboost_chrono.dll
0x000007feeccf0000 - 0x000007feeccff000 	F:\VivadoInstallation\vivadoInst\Vivado\2019.2\lib\win64.o\libboost_xilinx.dll
0x000007fee3330000 - 0x000007fee33b2000 	F:\VivadoInstallation\vivadoInst\Vivado\2019.2\lib\win64.o\libhdlpsolve.dll
0x000007fed6f10000 - 0x000007fed6fb5000 	F:\VivadoInstallation\vivadoInst\Vivado\2019.2\lib\win64.o\libhdxml.dll
0x000007fed6310000 - 0x000007fed6f0c200 	F:\VivadoInstallation\vivadoInst\Vivado\2019.2\lib\win64.o\libisl_iostreams.dll
0x000007feea910000 - 0x000007feea92b000 	F:\VivadoInstallation\vivadoInst\Vivado\2019.2\lib\win64.o\libboost_iostreams.dll
0x000007fee8c40000 - 0x000007fee8c61000 	F:\VivadoInstallation\vivadoInst\Vivado\2019.2\lib\win64.o\librdizlib.dll
0x000007fee7160000 - 0x000007fee7185000 	F:\VivadoInstallation\vivadoInst\Vivado\2019.2\lib\win64.o\libisl_iosutils.dll
0x000007fee7cc0000 - 0x000007fee7cda000 	F:\VivadoInstallation\vivadoInst\Vivado\2019.2\lib\win64.o\pthreadVC2.dll
0x000007fefab50000 - 0x000007fefab59000 	C:\Windows\system32\WSOCK32.dll
0x000007fefea20000 - 0x000007fefea6d000 	C:\Windows\system32\WS2_32.dll
0x000007fefe3e0000 - 0x000007fefe3e8000 	C:\Windows\system32\NSI.dll
0x000007fefce90000 - 0x000007fefceb2000 	C:\Windows\system32\bcrypt.dll
0x000007fee7b40000 - 0x000007fee7b6e000 	F:\VivadoInstallation\vivadoInst\Vivado\2019.2\lib\win64.o\libisl_sysinfo.dll
0x000007fee34f0000 - 0x000007fee3555000 	F:\VivadoInstallation\vivadoInst\Vivado\2019.2\lib\win64.o\liblmx6.0.dll
0x000007fed6160000 - 0x000007fed6301000 	F:\VivadoInstallation\vivadoInst\Vivado\2019.2\lib\win64.o\librdi_commonxillic.dll
0x000007fed5e80000 - 0x000007fed615b000 	F:\VivadoInstallation\vivadoInst\Vivado\2019.2\lib\win64.o\libXil_lmgr11.dll
0x000007fefb1a0000 - 0x000007fefb1b6000 	C:\Windows\system32\NETAPI32.dll
0x000007fefb180000 - 0x000007fefb18c000 	C:\Windows\system32\netutils.dll
0x000007fefcfc0000 - 0x000007fefcfe3000 	C:\Windows\system32\srvcli.dll
0x000007fefaf80000 - 0x000007fefaf95000 	C:\Windows\system32\wkscli.dll
0x000007fefeb40000 - 0x000007fefebd7000 	C:\Windows\system32\COMDLG32.dll
0x000007fefe970000 - 0x000007fefe9e1000 	C:\Windows\system32\SHLWAPI.dll
0x000007fef9d90000 - 0x000007fef9e30000 	C:\Windows\WinSxS\amd64_microsoft.windows.common-controls_6595b64144ccf1df_5.82.7601.18837_none_a4d981ff711297b6\COMCTL32.dll
0x000007fefef20000 - 0x000007feffcab000 	C:\Windows\system32\SHELL32.dll
0x000007fefec40000 - 0x000007fefed1b000 	C:\Windows\system32\OLEAUT32.dll
0x000007fefe3f0000 - 0x000007fefe5ef000 	C:\Windows\system32\ole32.dll
0x000007fef9840000 - 0x000007fef9858000 	C:\Windows\system32\dhcpcsvc.DLL
0x000007feeaf40000 - 0x000007feeaf43000 	C:\Windows\system32\api-ms-win-crt-conio-l1-1-0.dll
0x000007fefd6c0000 - 0x000007fefd6fb000 	C:\Windows\system32\WINTRUST.dll
0x000007fefd750000 - 0x000007fefd8bd000 	C:\Windows\system32\CRYPT32.dll
0x000007fefd520000 - 0x000007fefd52f000 	C:\Windows\system32\MSASN1.dll
0x000007fee7450000 - 0x000007fee746c000 	F:\VivadoInstallation\vivadoInst\Vivado\2019.2\lib\win64.o\librdiconfig.dll
0x0000000062450000 - 0x000000006257b000 	F:\VivadoInstallation\vivadoInst\Vivado\2019.2\lib\win64.o\tcl85t.dll
0x0000000012000000 - 0x0000000012270000 	F:\VivadoInstallation\vivadoInst\Vivado\2019.2\lib\win64.o\xerces-c_3_1.dll
0x000007fefd8d0000 - 0x000007fefdd7c000 	C:\Windows\system32\WININET.dll
0x000007fefd550000 - 0x000007fefd554000 	C:\Windows\system32\api-ms-win-downlevel-user32-l1-1-0.dll
0x000007fefd530000 - 0x000007fefd534000 	C:\Windows\system32\api-ms-win-downlevel-shlwapi-l1-1-0.dll
0x000007fefd540000 - 0x000007fefd544000 	C:\Windows\system32\api-ms-win-downlevel-version-l1-1-0.dll
0x000007fefc750000 - 0x000007fefc75c000 	C:\Windows\system32\version.DLL
0x000007fefd700000 - 0x000007fefd703000 	C:\Windows\system32\api-ms-win-downlevel-normaliz-l1-1-0.dll
0x0000000077b70000 - 0x0000000077b73000 	C:\Windows\system32\normaliz.DLL
0x000007fefe5f0000 - 0x000007fefe8bc000 	C:\Windows\system32\iertutil.dll
0x000007fefd6b0000 - 0x000007fefd6b5000 	C:\Windows\system32\api-ms-win-downlevel-advapi32-l1-1-0.dll
0x000007fefd670000 - 0x000007fefd68f000 	C:\Windows\system32\USERENV.dll
0x000007fefd510000 - 0x000007fefd51f000 	C:\Windows\system32\profapi.dll
0x000007fef89d0000 - 0x000007fef8a41000 	C:\Windows\system32\WINHTTP.dll
0x000007fef8960000 - 0x000007fef89c5000 	C:\Windows\system32\webio.dll
0x000007fefe250000 - 0x000007fefe3da000 	C:\Windows\system32\urlmon.dll
0x000007fefd8c0000 - 0x000007fefd8c4000 	C:\Windows\system32\api-ms-win-downlevel-ole32-l1-1-0.dll
0x000007fed4fe0000 - 0x000007fed5e71000 	F:\VivadoInstallation\vivadoInst\Vivado\2019.2\lib\win64.o\gurobi65.dll
0x000007fee5980000 - 0x000007fee59b1000 	C:\Windows\system32\VCOMP140.DLL
0x000007fee7140000 - 0x000007fee7156000 	F:\VivadoInstallation\vivadoInst\Vivado\2019.2\lib\win64.o\librdi_commonmain.dll
0x000007feea590000 - 0x000007feea59a000 	F:\VivadoInstallation\vivadoInst\Vivado\2019.2\lib\win64.o\librdi_commonversion.dll
0x000007fefe9f0000 - 0x000007fefea1e000 	C:\Windows\system32\IMM32.DLL
0x000007fefdf20000 - 0x000007fefe02b000 	C:\Windows\system32\MSCTF.dll
0x000007fed4740000 - 0x000007fed4c57000 	F:\VivadoInstallation\vivadoInst\Vivado\2019.2\lib\win64.o\librdi_commontasks.dll
0x0000000007b50000 - 0x0000000008575000 	F:\VivadoInstallation\vivadoInst\Vivado\2019.2\tps\win64\jre9.0.4\bin\server\jvm.dll
0x000007fefb9c0000 - 0x000007fefb9fb000 	C:\Windows\system32\WINMM.dll
0x0000000077b60000 - 0x0000000077b67000 	C:\Windows\system32\PSAPI.DLL
0x000007fed4650000 - 0x000007fed473f000 	C:\Windows\system32\MSVCR120.dll
0x000007fed4360000 - 0x000007fed4643000 	F:\VivadoInstallation\vivadoInst\Vivado\2019.2\lib\win64.o\librdi_sio.dll
0x000007fef9a40000 - 0x000007fef9a67000 	C:\Windows\system32\IPHLPAPI.DLL
0x000007fef9a30000 - 0x000007fef9a3b000 	C:\Windows\system32\WINNSI.DLL
0x000007fefcc90000 - 0x000007fefcce5000 	C:\Windows\system32\MSWSOCK.DLL
0x000007fed1c10000 - 0x000007fed4355000 	F:\VivadoInstallation\vivadoInst\Vivado\2019.2\lib\win64.o\librdi_tcltasks.dll
0x000007fedb0d0000 - 0x000007fedb584000 	F:\VivadoInstallation\vivadoInst\Vivado\2019.2\lib\win64.o\librdi_bitstream.dll
0x000007fe98a80000 - 0x000007fead62b000 	F:\VivadoInstallation\vivadoInst\Vivado\2019.2\lib\win64.o\librdi_device.dll
0x000007fef02d0000 - 0x000007fef031c000 	F:\VivadoInstallation\vivadoInst\Vivado\2019.2\lib\win64.o\libboost_serialization.dll
0x000007feda580000 - 0x000007fedb0c7000 	F:\VivadoInstallation\vivadoInst\Vivado\2019.2\lib\win64.o\libverific.dll
0x000007fee3060000 - 0x000007fee31fd000 	F:\VivadoInstallation\vivadoInst\Vivado\2019.2\lib\win64.o\librdi_board.dll
0x000007feea630000 - 0x000007feea6ab000 	F:\VivadoInstallation\vivadoInst\Vivado\2019.2\lib\win64.o\librdi_boarddep.dll
0x000007fee2af0000 - 0x000007fee2c42000 	F:\VivadoInstallation\vivadoInst\Vivado\2019.2\lib\win64.o\librdi_cd_client.dll
0x000007feda3e0000 - 0x000007feda580000 	F:\VivadoInstallation\vivadoInst\Vivado\2019.2\lib\win64.o\librdi_cd_protocol.dll
0x000007fee6be0000 - 0x000007fee6ccf000 	F:\VivadoInstallation\vivadoInst\Vivado\2019.2\lib\win64.o\librdi_chipscope.dll
0x000007feda230000 - 0x000007feda3d1000 	F:\VivadoInstallation\vivadoInst\Vivado\2019.2\lib\win64.o\librdi_advchipscopeimpl.dll
0x000007fed0130000 - 0x000007fed1c0a000 	F:\VivadoInstallation\vivadoInst\Vivado\2019.2\lib\win64.o\librdi_constraints.dll
0x000007fed9bc0000 - 0x000007feda22b000 	F:\VivadoInstallation\vivadoInst\Vivado\2019.2\lib\win64.o\librdi_filemgmt.dll
0x000007fed99a0000 - 0x000007fed9bc0000 	F:\VivadoInstallation\vivadoInst\Vivado\2019.2\lib\win64.o\librdi_hip_devdesign.dll
0x000007fee2800000 - 0x000007fee28d7000 	F:\VivadoInstallation\vivadoInst\Vivado\2019.2\lib\win64.o\librdi_ipconfig_readwrite.dll
0x000007fed9060000 - 0x000007fed9743000 	F:\VivadoInstallation\vivadoInst\Vivado\2019.2\lib\win64.o\librdi_netlist.dll
0x000007fee7b90000 - 0x000007fee7c18000 	F:\VivadoInstallation\vivadoInst\Vivado\2019.2\lib\win64.o\librdi_meir_core.dll
0x000007fee77a0000 - 0x000007fee77ea000 	F:\VivadoInstallation\vivadoInst\Vivado\2019.2\lib\win64.o\librdi_noc_frameworks.dll
0x000007fed8e70000 - 0x000007fed9054000 	F:\VivadoInstallation\vivadoInst\Vivado\2019.2\lib\win64.o\librdi_hip_config.dll
0x000007fed88d0000 - 0x000007fed8e6d000 	F:\VivadoInstallation\vivadoInst\Vivado\2019.2\lib\win64.o\librdi_ippcw.dll
0x000007fed8710000 - 0x000007fed88cb000 	F:\VivadoInstallation\vivadoInst\Vivado\2019.2\lib\win64.o\librdi_hip_noc_tools.dll

VM Arguments:
jvm_args: -Dsun.java2d.pmoffscreen=false -Dsun.java2d.xrender=false -Dsun.java2d.d3d=false -Dsun.awt.nopixfmt=true -Dsun.java2d.dpiaware=true -Dsun.java2d.uiScale.enabled=false -Xverify:none -Dswing.aatext=true -XX:-UsePerfData -Djdk.map.althashing.threshold=512 -XX:StringTableSize=4072 --add-opens=java.base/java.nio=ALL-UNNAMED --add-opens=java.desktop/sun.swing=ALL-UNNAMED --add-opens=java.desktop/javax.swing=ALL-UNNAMED --add-opens=java.desktop/javax.swing.tree=ALL-UNNAMED --add-opens=java.desktop/javax.swing.plaf.basic=ALL-UNNAMED --add-opens=java.desktop/javax.swing.plaf.synth=ALL-UNNAMED --add-opens=java.desktop/com.sun.awt=ALL-UNNAMED -XX:NewSize=60m -XX:MaxNewSize=60m -Xms128m -Xmx3072m -Xss5m 
java_command: <unknown>
java_class_path (initial): F:/VivadoInstallation/vivadoInst/Vivado/2019.2\lib\classes\alloy.jar;F:/VivadoInstallation/vivadoInst/Vivado/2019.2\lib\classes\autoesl-common.jar;F:/VivadoInstallation/vivadoInst/Vivado/2019.2\lib\classes\autoesl-models.jar;F:/VivadoInstallation/vivadoInst/Vivado/2019.2\lib\classes\autoesl-report.jar;F:/VivadoInstallation/vivadoInst/Vivado/2019.2\lib\classes\autopilot.scelaborator.jar;F:/VivadoInstallation/vivadoInst/Vivado/2019.2\lib\classes\autopilot.sourceprocessor.jar;F:/VivadoInstallation/vivadoInst/Vivado/2019.2\lib\classes\autopilot.tbprocessor.jar;F:/VivadoInstallation/vivadoInst/Vivado/2019.2\lib\classes\batik-anim.jar;F:/VivadoInstallation/vivadoInst/Vivado/2019.2\lib\classes\batik-awt-util.jar;F:/VivadoInstallation/vivadoInst/Vivado/2019.2\lib\classes\batik-bridge.jar;F:/VivadoInstallation/vivadoInst/Vivado/2019.2\lib\classes\batik-codec.jar;F:/VivadoInstallation/vivadoInst/Vivado/2019.2\lib\classes\batik-css.jar;F:/VivadoInstallation/vivadoInst/Vivado/2019.2\lib\classes\batik-dom.jar;F:/VivadoInstallation/vivadoInst/Vivado/2019.2\lib\classes\batik-ext.jar;F:/VivadoInstallation/vivadoInst/Vivado/2019.2\lib\classes\batik-gui-util.jar;F:/VivadoInstallation/vivadoInst/Vivado/2019.2\lib\classes\batik-gvt.jar;F:/VivadoInstallation/vivadoInst/Vivado/2019.2\lib\classes\batik-parser.jar;F:/VivadoInstallation/vivadoInst/Vivado/2019.2\lib\classes\batik-script.jar;F:/VivadoInstallation/vivadoInst/Vivado/2019.2\lib\classes\batik-svg-dom.jar;F:/VivadoInstallation/vivadoInst/Vivado/2019.2\lib\classes\batik-swing.jar;F:/VivadoInstallation/vivadoInst/Vivado/2019.2\lib\classes\batik-transcoder.jar;F:/VivadoInstallation/vivadoInst/Vivado/2019.2\lib\classes\batik-util.jar;F:/VivadoInstallation/vivadoInst/Vivado/2019.2\lib\classes\batik-xml.jar;F:/VivadoInstallation/vivadoInst/Vivado/2019.2\lib\classes\com.google.gson_2.7.0.v20170129-0911.jar;F:/VivadoInstallation/vivadoInst/Vivado/2019.2\lib\classes\com.google.guava_21.0.0.v20170206-1425.jar;F:
Launcher Type: generic

Logging:
Log output configuration:
#0: stdout all=warning uptime,level,tags
#1: stderr all=off uptime,level,tags

Environment Variables:
PATH=F:/VivadoInstallation/vivadoInst/Vivado/2019.2\gnuwin\bin;F:/VivadoInstallation/vivadoInst/Vivado/2019.2\gnu\microblaze\nt\bin;F:/VivadoInstallation/vivadoInst/Vivado/2019.2/bin;F:/VivadoInstallation/vivadoInst/Vivado/2019.2/lib/win64.o;F:/VivadoInstallation/vivadoInst/Vivado/2019.2/tps/win64/jre9.0.4/bin/server;F:/VivadoInstallation/vivadoInst/Vivado/2019.2/tps/win64/jre9.0.4/bin;F:/VivadoInstallation/vivadoInst/Vivado/2019.2/ids_lite/ISE/bin/nt64;F:/VivadoInstallation/vivadoInst/Vivado/2019.2/ids_lite/ISE/lib/nt64;C:\ProgramData\Oracle\Java\javapath;C:\Windows\system32;C:\Windows;C:\Windows\System32\Wbem;C:\Windows\System32\WindowsPowerShell\v1.0\;C:\Program Files\MATLAB\MATLAB Production Server\R2015a\bin;C:\Program Files\PuTTY\;C:\Users\Aggelos\AppData\Local\Programs\MiKTeX 2.9\miktex\bin\x64\;F:/VivadoInstallation/vivadoInst/Vivado/2019.2\tps\mingw\6.2.0\win64.o\nt\bin;F:/VivadoInstallation/vivadoInst/Vivado/2019.2\tps\mingw\6.2.0\win64.o\nt\libexec\gcc\x86_64-w64-mingw32\6.2.0;F:/VivadoInstallation/vivadoInst/Vivado/2019.2\tps\win64\python-2.7.5;F:/VivadoInstallation/vivadoInst/Vivado/2019.2\tps\win64\python-2.7.5\bin;F:/VivadoInstallation/vivadoInst/Vivado/2019.2\tps\win64\python-2.7.5\lib;F:/VivadoInstallation/vivadoInst/Vivado/2019.2\tps\win64\python-2.7.5\Lib\lib-tk;F:/VivadoInstallation/vivadoInst/Vivado/2019.2\tps\win64\python-2.7.5\lib\site-packages
USERNAME=Aggelos
OS=Windows_NT
PROCESSOR_IDENTIFIER=Intel64 Family 6 Model 42 Stepping 7, GenuineIntel



---------------  S Y S T E M  ---------------

OS: Windows 7 , 64 bit Build 7601 (6.1.7601.24545)

CPU:total 8 (initial active 8) (4 cores per cpu, 2 threads per core) family 6 model 42 stepping 7, cmov, cx8, fxsr, mmx, sse, sse2, sse3, ssse3, sse4.1, sse4.2, popcnt, avx, aes, clmul, ht, tsc, tscinvbit

Memory: 4k page, physical 8337772k(1973928k free), swap 16673644k(5971476k free)

vm_info: Java HotSpot(TM) 64-Bit Server VM (9.0.4+11) for windows-amd64 JRE (9.0.4+11), built on Dec 20 2017 02:18:54 by "mach5one" with MS VC++ 12.0 (VS2013)

END.
