#-----------------------------------------------------------
# Vivado v2019.2 (64-bit)
# SW Build 2708876 on Wed Nov  6 21:40:23 MST 2019
# IP Build 2700528 on Thu Nov  7 00:09:20 MST 2019
# Start of session at: Mon Jul 25 13:39:20 2022
# Process ID: 10872
# Current directory: C:/Users/Aggelos/Desktop/vivado/CHI-DMA
# Command line: vivado.exe -gui_launcher_event rodinguilauncherevent12540 C:\Users\Aggelos\Desktop\vivado\CHI-DMA\CHI-DMA.xpr
# Log file: C:/Users/Aggelos/Desktop/vivado/CHI-DMA/vivado.log
# Journal file: C:/Users/Aggelos/Desktop/vivado/CHI-DMA\vivado.jou
#-----------------------------------------------------------
start_gui
open_project C:/Users/Aggelos/Desktop/vivado/CHI-DMA/CHI-DMA.xpr
Scanning sources...
Finished scanning sources
INFO: [IP_Flow 19-234] Refreshing IP repositories
INFO: [IP_Flow 19-1704] No user IP repositories specified
INFO: [IP_Flow 19-2313] Loaded Vivado IP repository 'F:/VivadoInstallation/vivadoInst/Vivado/2019.2/data/ip'.
open_project: Time (s): cpu = 00:00:19 ; elapsed = 00:00:09 . Memory (MB): peak = 895.188 ; gain = 235.727
update_compile_order -fileset sources_1
set_property top Arbiter [current_fileset]
update_compile_order -fileset sources_1
reset_run synth_1
launch_runs synth_1 -jobs 4
[Mon Jul 25 13:41:12 2022] Launched synth_1...
Run output will be captured here: C:/Users/Aggelos/Desktop/vivado/CHI-DMA/CHI-DMA.runs/synth_1/runme.log
update_compile_order -fileset sim_1
update_compile_order -fileset sim_1
reset_run synth_1
launch_runs synth_1 -jobs 4
[Mon Jul 25 13:43:12 2022] Launched synth_1...
Run output will be captured here: C:/Users/Aggelos/Desktop/vivado/CHI-DMA/CHI-DMA.runs/synth_1/runme.log
reset_run synth_1
launch_runs synth_1 -jobs 4
[Mon Jul 25 13:46:01 2022] Launched synth_1...
Run output will be captured here: C:/Users/Aggelos/Desktop/vivado/CHI-DMA/CHI-DMA.runs/synth_1/runme.log
reset_run synth_1
launch_runs synth_1 -jobs 4
[Mon Jul 25 13:50:52 2022] Launched synth_1...
Run output will be captured here: C:/Users/Aggelos/Desktop/vivado/CHI-DMA/CHI-DMA.runs/synth_1/runme.log
reset_run synth_1
launch_runs synth_1 -jobs 4
[Mon Jul 25 13:56:35 2022] Launched synth_1...
Run output will be captured here: C:/Users/Aggelos/Desktop/vivado/CHI-DMA/CHI-DMA.runs/synth_1/runme.log
reset_run synth_1
launch_runs synth_1 -jobs 4
[Mon Jul 25 14:06:29 2022] Launched synth_1...
Run output will be captured here: C:/Users/Aggelos/Desktop/vivado/CHI-DMA/CHI-DMA.runs/synth_1/runme.log
reset_run synth_1
launch_runs synth_1 -jobs 4
[Mon Jul 25 15:51:50 2022] Launched synth_1...
Run output will be captured here: C:/Users/Aggelos/Desktop/vivado/CHI-DMA/CHI-DMA.runs/synth_1/runme.log
launch_simulation
Command: launch_simulation 
INFO: [Vivado 12-5682] Launching behavioral simulation in 'C:/Users/Aggelos/Desktop/vivado/CHI-DMA/CHI-DMA.sim/sim_1/behav/xsim'
INFO: [SIM-utils-51] Simulation object is 'sim_1'
INFO: [SIM-utils-54] Inspecting design source files for 'TestArbiter' in fileset 'sim_1'...
INFO: [USF-XSim-97] Finding global include files...
INFO: [USF-XSim-98] Fetching design files from 'sim_1'...
INFO: [USF-XSim-2] XSim::Compile design
INFO: [USF-XSim-61] Executing 'COMPILE and ANALYZE' step in 'C:/Users/Aggelos/Desktop/vivado/CHI-DMA/CHI-DMA.sim/sim_1/behav/xsim'
"xvlog --incr --relax -prj TestArbiter_vlog.prj"
INFO: [VRFC 10-2263] Analyzing SystemVerilog file "C:/Users/Aggelos/Desktop/vivado/CHI-DMA/CHI-DMA.srcs/sources_1/new/my_package.sv" into library xil_defaultlib
INFO: [VRFC 10-2263] Analyzing SystemVerilog file "C:/Users/Aggelos/Desktop/vivado/CHI-DMA/CHI-DMA.srcs/sources_1/new/Arbiter.sv" into library xil_defaultlib
INFO: [VRFC 10-311] analyzing module Arbiter
INFO: [VRFC 10-2263] Analyzing SystemVerilog file "C:/Users/Aggelos/Desktop/vivado/CHI-DMA/CHI-DMA.srcs/sim_1/new/TestArbiter.sv" into library xil_defaultlib
INFO: [VRFC 10-311] analyzing module TestArbiter
WARNING: [VRFC 10-526] concatenation with unsized literal; will interpret as 32 bits [C:/Users/Aggelos/Desktop/vivado/CHI-DMA/CHI-DMA.srcs/sim_1/new/TestArbiter.sv:61]
WARNING: [VRFC 10-526] concatenation with unsized literal; will interpret as 32 bits [C:/Users/Aggelos/Desktop/vivado/CHI-DMA/CHI-DMA.srcs/sim_1/new/TestArbiter.sv:68]
WARNING: [VRFC 10-526] concatenation with unsized literal; will interpret as 32 bits [C:/Users/Aggelos/Desktop/vivado/CHI-DMA/CHI-DMA.srcs/sim_1/new/TestArbiter.sv:75]
run_program: Time (s): cpu = 00:00:01 ; elapsed = 00:00:06 . Memory (MB): peak = 972.332 ; gain = 0.000
INFO: [USF-XSim-69] 'compile' step finished in '6' seconds
INFO: [USF-XSim-3] XSim::Elaborate design
INFO: [USF-XSim-61] Executing 'ELABORATE' step in 'C:/Users/Aggelos/Desktop/vivado/CHI-DMA/CHI-DMA.sim/sim_1/behav/xsim'
"xelab -wto c7a29f15992b426cb919dc086fd6b26c --incr --debug typical --relax --mt 2 -L xil_defaultlib -L unisims_ver -L unimacro_ver -L secureip --snapshot TestArbiter_behav xil_defaultlib.TestArbiter xil_defaultlib.glbl -log elaborate.log"
Vivado Simulator 2019.2
Copyright 1986-1999, 2001-2019 Xilinx, Inc. All Rights Reserved.
Running: F:/VivadoInstallation/vivadoInst/Vivado/2019.2/bin/unwrapped/win64.o/xelab.exe -wto c7a29f15992b426cb919dc086fd6b26c --incr --debug typical --relax --mt 2 -L xil_defaultlib -L unisims_ver -L unimacro_ver -L secureip --snapshot TestArbiter_behav xil_defaultlib.TestArbiter xil_defaultlib.glbl -log elaborate.log 
Using 2 slave threads.
Starting static elaboration
Pass Through NonSizing Optimizer
WARNING: [VRFC 10-526] concatenation with unsized literal; will interpret as 32 bits [C:/Users/Aggelos/Desktop/vivado/CHI-DMA/CHI-DMA.srcs/sim_1/new/TestArbiter.sv:61]
WARNING: [VRFC 10-526] concatenation with unsized literal; will interpret as 32 bits [C:/Users/Aggelos/Desktop/vivado/CHI-DMA/CHI-DMA.srcs/sim_1/new/TestArbiter.sv:68]
WARNING: [VRFC 10-526] concatenation with unsized literal; will interpret as 32 bits [C:/Users/Aggelos/Desktop/vivado/CHI-DMA/CHI-DMA.srcs/sim_1/new/TestArbiter.sv:75]
Completed static elaboration
Starting simulation data flow analysis
Completed simulation data flow analysis
Time Resolution for simulation is 1ps
Compiling package xil_defaultlib.DataPkg
Compiling module xil_defaultlib.Arbiter
Compiling module xil_defaultlib.TestArbiter
Compiling module xil_defaultlib.glbl
Built simulation snapshot TestArbiter_behav
run_program: Time (s): cpu = 00:00:01 ; elapsed = 00:00:17 . Memory (MB): peak = 972.332 ; gain = 0.000
INFO: [USF-XSim-69] 'elaborate' step finished in '16' seconds
INFO: [USF-XSim-4] XSim::Simulate design
INFO: [USF-XSim-61] Executing 'SIMULATE' step in 'C:/Users/Aggelos/Desktop/vivado/CHI-DMA/CHI-DMA.sim/sim_1/behav/xsim'
INFO: [USF-XSim-98] *** Running xsim
   with args "TestArbiter_behav -key {Behavioral:sim_1:Functional:TestArbiter} -tclbatch {TestArbiter.tcl} -view {C:/Users/Aggelos/Desktop/vivado/CHI-DMA/TestRegSpace_behav.wcfg} -view {C:/Users/Aggelos/Desktop/vivado/CHI-DMA/TestScheduler_behav.wcfg} -view {C:/Users/Aggelos/Desktop/vivado/CHI-DMA/TestRegSpaceAndSched_behav.wcfg} -view {C:/Users/Aggelos/Desktop/vivado/CHI-DMA/TestDescriptor_behav.wcfg} -log {simulate.log}"
INFO: [USF-XSim-8] Loading simulator feature
Vivado Simulator 2019.2
Time resolution is 1 ps
open_wave_config C:/Users/Aggelos/Desktop/vivado/CHI-DMA/TestRegSpace_behav.wcfg
WARNING: Simulation object /TestRegSpace/Clk was not found in the design.
WARNING: Simulation object /TestRegSpace/RST was not found in the design.
WARNING: Simulation object /TestRegSpace/WE was not found in the design.
WARNING: Simulation object /TestRegSpace/Next was not found in the design.
WARNING: Simulation object /TestRegSpace/UUT/state was not found in the design.
WARNING: Simulation object /TestRegSpace/SrcAddrIn was not found in the design.
WARNING: Simulation object /TestRegSpace/DstAddrIn was not found in the design.
WARNING: Simulation object /TestRegSpace/BytesToSendIn was not found in the design.
WARNING: Simulation object /TestRegSpace/SentBytesIn was not found in the design.
WARNING: Simulation object /TestRegSpace/WE_SB was not found in the design.
WARNING: Simulation object /TestRegSpace/finish was not found in the design.
WARNING: Simulation object /TestRegSpace/SrcAddrOut was not found in the design.
WARNING: Simulation object /TestRegSpace/DstAddrOut was not found in the design.
WARNING: Simulation object /TestRegSpace/BytesToSendOut was not found in the design.
WARNING: Simulation object /TestRegSpace/SentBytesOut was not found in the design.
WARNING: Simulation object /TestRegSpace/FULL was not found in the design.
WARNING: Simulation object /TestRegSpace/period was not found in the design.
WARNING: Simulation object /TestRegSpace/UUT/\descnum[0].myDisc /SrcAddrOut was not found in the design.
WARNING: Simulation object /TestRegSpace/UUT/\descnum[0].myDisc /BytesToSendOut was not found in the design.
WARNING: Simulation object /TestRegSpace/UUT/\descnum[0].myDisc /SentBytesOut was not found in the design.
WARNING: Simulation object /TestRegSpace/UUT/\descnum[1].myDisc /SrcAddrOut was not found in the design.
WARNING: Simulation object /TestRegSpace/UUT/\descnum[1].myDisc /BytesToSendOut was not found in the design.
WARNING: Simulation object /TestRegSpace/UUT/\descnum[1].myDisc /SentBytesOut was not found in the design.
WARNING: Simulation object /TestRegSpace/UUT/\descnum[2].myDisc /SrcAddrOut was not found in the design.
WARNING: Simulation object /TestRegSpace/UUT/\descnum[3].myDisc /SrcAddrOut was not found in the design.
WARNING: Simulation object /TestRegSpace/UUT/\descnum[4].myDisc /SrcAddrOut was not found in the design.
WARNING: Simulation object /TestRegSpace/UUT/\descnum[6].myDisc /SrcAddrOut was not found in the design.
WARNING: Simulation object /TestRegSpace/UUT/\descnum[7].myDisc /SrcAddrOut was not found in the design.
WARNING: Simulation object /TestRegSpace/UUT/EveryBTS_or was not found in the design.
WARNING: Simulation object /TestRegSpace/UUT/finishSignal was not found in the design.
WARNING: Simulation object /TestRegSpace/UUT/\descnum[0].myDisc /finish was not found in the design.
WARNING: Simulation object /TestRegSpace/UUT/\descnum[0].myDisc /WE_SB was not found in the design.
WARNING: Simulation object /TestRegSpace/UUT/WE_SB_Signal was not found in the design.
WARNING: Simulation object /TestRegSpace/UUT/BytesToSendSignal was not found in the design.
open_wave_config C:/Users/Aggelos/Desktop/vivado/CHI-DMA/TestScheduler_behav.wcfg
WARNING: Simulation object /TestScheduler/Clk was not found in the design.
WARNING: Simulation object /TestScheduler/RST was not found in the design.
WARNING: Simulation object /TestScheduler/SrcAddrIn was not found in the design.
WARNING: Simulation object /TestScheduler/DstAddrIn was not found in the design.
WARNING: Simulation object /TestScheduler/BytesToSendIn was not found in the design.
WARNING: Simulation object /TestScheduler/SentBytesIn was not found in the design.
WARNING: Simulation object /TestScheduler/ReadData was not found in the design.
WARNING: Simulation object /TestScheduler/DoneRead was not found in the design.
WARNING: Simulation object /TestScheduler/DoneWrite was not found in the design.
WARNING: Simulation object /TestScheduler/SrcAddrOut was not found in the design.
WARNING: Simulation object /TestScheduler/DstAddrOut was not found in the design.
WARNING: Simulation object /TestScheduler/BytesToReadOut was not found in the design.
WARNING: Simulation object /TestScheduler/BytesToWriteOut was not found in the design.
WARNING: Simulation object /TestScheduler/SentBytesOut was not found in the design.
WARNING: Simulation object /TestScheduler/WriteData was not found in the design.
WARNING: Simulation object /TestScheduler/WE_SB was not found in the design.
WARNING: Simulation object /TestScheduler/Next was not found in the design.
WARNING: Simulation object /TestScheduler/finish was not found in the design.
WARNING: Simulation object /TestScheduler/StartRead was not found in the design.
WARNING: Simulation object /TestScheduler/StartWrite was not found in the design.
WARNING: Simulation object /TestScheduler/UUT/counter was not found in the design.
WARNING: Simulation object /TestScheduler/UUT/FIFOReadFULL was not found in the design.
WARNING: Simulation object /TestScheduler/UUT/FIFOWriteFULL was not found in the design.
WARNING: Simulation object /TestScheduler/UUT/FIFODataFULL was not found in the design.
WARNING: Simulation object /TestScheduler/UUT/SrcAddrFIFO/MyQueue was not found in the design.
WARNING: Simulation object /TestScheduler/UUT/DstAddrFIFO/MyQueue was not found in the design.
WARNING: Simulation object /TestScheduler/period was not found in the design.
WARNING: Simulation object /TestScheduler/UUT/BytesToReadFIFO/RST was not found in the design.
WARNING: Simulation object /TestScheduler/UUT/BytesToReadFIFO/Inp was not found in the design.
WARNING: Simulation object /TestScheduler/UUT/BytesToReadFIFO/Push was not found in the design.
WARNING: Simulation object /TestScheduler/UUT/BytesToReadFIFO/Pop was not found in the design.
WARNING: Simulation object /TestScheduler/UUT/BytesToReadFIFO/Outp was not found in the design.
WARNING: Simulation object /TestScheduler/UUT/BytesToReadFIFO/FULL was not found in the design.
WARNING: Simulation object /TestScheduler/UUT/BytesToReadFIFO/Empty was not found in the design.
WARNING: Simulation object /TestScheduler/UUT/BytesToReadFIFO/MyQueue was not found in the design.
WARNING: Simulation object /TestScheduler/UUT/BytesToReadFIFO/state was not found in the design.
WARNING: Simulation object /TestScheduler/UUT/BytesToWriteFIFO/RST was not found in the design.
WARNING: Simulation object /TestScheduler/UUT/BytesToWriteFIFO/Inp was not found in the design.
WARNING: Simulation object /TestScheduler/UUT/BytesToWriteFIFO/Push was not found in the design.
WARNING: Simulation object /TestScheduler/UUT/BytesToWriteFIFO/Pop was not found in the design.
WARNING: Simulation object /TestScheduler/UUT/BytesToWriteFIFO/Outp was not found in the design.
WARNING: Simulation object /TestScheduler/UUT/BytesToWriteFIFO/FULL was not found in the design.
WARNING: Simulation object /TestScheduler/UUT/BytesToWriteFIFO/Empty was not found in the design.
WARNING: Simulation object /TestScheduler/UUT/BytesToWriteFIFO/MyQueue was not found in the design.
WARNING: Simulation object /TestScheduler/UUT/BytesToWriteFIFO/state was not found in the design.
WARNING: Simulation object /TestScheduler/UUT/DataFIFO/RST was not found in the design.
WARNING: Simulation object /TestScheduler/UUT/DataFIFO/Inp was not found in the design.
WARNING: Simulation object /TestScheduler/UUT/DataFIFO/Push was not found in the design.
WARNING: Simulation object /TestScheduler/UUT/DataFIFO/Pop was not found in the design.
WARNING: Simulation object /TestScheduler/UUT/DataFIFO/Outp was not found in the design.
WARNING: Simulation object /TestScheduler/UUT/DataFIFO/FULL was not found in the design.
WARNING: Simulation object /TestScheduler/UUT/DataFIFO/Empty was not found in the design.
WARNING: Simulation object /TestScheduler/UUT/DataFIFO/MyQueue was not found in the design.
WARNING: Simulation object /TestScheduler/UUT/DataFIFO/state was not found in the design.
open_wave_config C:/Users/Aggelos/Desktop/vivado/CHI-DMA/TestRegSpaceAndSched_behav.wcfg
WARNING: Simulation object /TestRegSpaceAndSched/Clk was not found in the design.
WARNING: Simulation object /TestRegSpaceAndSched/RST was not found in the design.
WARNING: Simulation object /TestRegSpaceAndSched/WE was not found in the design.
WARNING: Simulation object /TestRegSpaceAndSched/SrcAddrIn was not found in the design.
WARNING: Simulation object /TestRegSpaceAndSched/DstAddrIn was not found in the design.
WARNING: Simulation object /TestRegSpaceAndSched/BytesToSendIn was not found in the design.
WARNING: Simulation object /TestRegSpaceAndSched/ReadData was not found in the design.
WARNING: Simulation object /TestRegSpaceAndSched/DoneRead was not found in the design.
WARNING: Simulation object /TestRegSpaceAndSched/DoneWrite was not found in the design.
WARNING: Simulation object /TestRegSpaceAndSched/SrcAddrOut was not found in the design.
WARNING: Simulation object /TestRegSpaceAndSched/DstAddrOut was not found in the design.
WARNING: Simulation object /TestRegSpaceAndSched/BytesToReadOut was not found in the design.
WARNING: Simulation object /TestRegSpaceAndSched/BytesToWriteOut was not found in the design.
WARNING: Simulation object /TestRegSpaceAndSched/WriteData was not found in the design.
WARNING: Simulation object /TestRegSpaceAndSched/FULL was not found in the design.
WARNING: Simulation object /TestRegSpaceAndSched/StartRead was not found in the design.
WARNING: Simulation object /TestRegSpaceAndSched/StartWrite was not found in the design.
WARNING: Simulation object /TestRegSpaceAndSched/UUT/finish was not found in the design.
WARNING: Simulation object /TestRegSpaceAndSched/UUT/Next was not found in the design.
WARNING: Simulation object /TestRegSpaceAndSched/UUT/SigBytesToSend was not found in the design.
WARNING: Simulation object /TestRegSpaceAndSched/UUT/SigSrcAddr was not found in the design.
WARNING: Simulation object /TestRegSpaceAndSched/period was not found in the design.
WARNING: Simulation object /TestRegSpaceAndSched/UUT/mySched/SentBytesIn was not found in the design.
WARNING: Simulation object /TestRegSpaceAndSched/UUT/mySched/SentBytesOut was not found in the design.
WARNING: Simulation object /TestRegSpaceAndSched/UUT/mySched/counter was not found in the design.
WARNING: Simulation object /TestRegSpaceAndSched/UUT/myRegSpace/SentBytesIn was not found in the design.
WARNING: Simulation object /TestRegSpaceAndSched/UUT/myRegSpace/SentBytesOut was not found in the design.
WARNING: Simulation object /TestRegSpaceAndSched/UUT/mySched/SrcAddrFIFO/MyQueue was not found in the design.
WARNING: Simulation object /TestRegSpaceAndSched/UUT/mySched/DstAddrFIFO/MyQueue was not found in the design.
WARNING: Simulation object /TestRegSpaceAndSched/UUT/myRegSpace/\descnum[0].myDisc /BytesToSendOut was not found in the design.
WARNING: Simulation object /TestRegSpaceAndSched/UUT/myRegSpace/\descnum[0].myDisc /SentBytesOut was not found in the design.
open_wave_config C:/Users/Aggelos/Desktop/vivado/CHI-DMA/TestDescriptor_behav.wcfg
WARNING: Simulation object /TestDescriptor/Clk was not found in the design.
WARNING: Simulation object /TestDescriptor/RST was not found in the design.
WARNING: Simulation object /TestDescriptor/WE was not found in the design.
WARNING: Simulation object /TestDescriptor/DescAddrIn was not found in the design.
WARNING: Simulation object /TestDescriptor/DescDataIn was not found in the design.
WARNING: Simulation object /TestDescriptor/DescDataOut was not found in the design.
WARNING: Simulation object /TestDescriptor/period was not found in the design.
WARNING: Simulation object /TestDescriptor/UUT/DataOut was not found in the design.
WARNING: Simulation object /TestDescriptor/UUT/DescReg was not found in the design.
WARNING: Simulation object /TestDescriptor/UUT/MuxDataOut was not found in the design.
WARNING: Simulation object /TestDescriptor/UUT/MuxWEOut was not found in the design.
WARNING: Simulation object /TestDescriptor/UUT/DecWEOut was not found in the design.
source TestArbiter.tcl
# set curr_wave [current_wave_config]
# if { [string length $curr_wave] == 0 } {
#   if { [llength [get_objects]] > 0} {
#     add_wave /
#     set_property needs_save false [current_wave_config]
#   } else {
#      send_msg_id Add_Wave-1 WARNING "No top level signals found. Simulator will start without a wave window. If you want to open a wave window go to 'File->New Waveform Configuration' or type 'create_wave_config' in the TCL console."
#   }
# }
# run 1000ns
$stop called at time : 200 ns : File "C:/Users/Aggelos/Desktop/vivado/CHI-DMA/CHI-DMA.srcs/sim_1/new/TestArbiter.sv" Line 80
xsim: Time (s): cpu = 00:00:33 ; elapsed = 00:00:13 . Memory (MB): peak = 990.875 ; gain = 18.250
INFO: [USF-XSim-96] XSim completed. Design snapshot 'TestArbiter_behav' loaded.
INFO: [USF-XSim-97] XSim simulation ran for 1000ns
launch_simulation: Time (s): cpu = 00:00:38 ; elapsed = 00:00:39 . Memory (MB): peak = 990.875 ; gain = 18.543
create_wave_config; add_wave /; set_property needs_save false [current_wave_config]
relaunch_sim
Command: launch_simulation -simset sim_1 -mode behavioral
INFO: [Vivado 12-5682] Launching behavioral simulation in 'C:/Users/Aggelos/Desktop/vivado/CHI-DMA/CHI-DMA.sim/sim_1/behav/xsim'
INFO: [SIM-utils-51] Simulation object is 'sim_1'
INFO: [SIM-utils-54] Inspecting design source files for 'TestArbiter' in fileset 'sim_1'...
INFO: [USF-XSim-97] Finding global include files...
INFO: [USF-XSim-98] Fetching design files from 'sim_1'...
INFO: [USF-XSim-2] XSim::Compile design
INFO: [USF-XSim-61] Executing 'COMPILE and ANALYZE' step in 'C:/Users/Aggelos/Desktop/vivado/CHI-DMA/CHI-DMA.sim/sim_1/behav/xsim'
"xvlog --incr --relax -prj TestArbiter_vlog.prj"
INFO: [VRFC 10-2263] Analyzing SystemVerilog file "C:/Users/Aggelos/Desktop/vivado/CHI-DMA/CHI-DMA.srcs/sources_1/new/my_package.sv" into library xil_defaultlib
INFO: [VRFC 10-2263] Analyzing SystemVerilog file "C:/Users/Aggelos/Desktop/vivado/CHI-DMA/CHI-DMA.srcs/sources_1/new/Arbiter.sv" into library xil_defaultlib
INFO: [VRFC 10-311] analyzing module Arbiter
INFO: [VRFC 10-2263] Analyzing SystemVerilog file "C:/Users/Aggelos/Desktop/vivado/CHI-DMA/CHI-DMA.srcs/sim_1/new/TestArbiter.sv" into library xil_defaultlib
INFO: [VRFC 10-311] analyzing module TestArbiter
WARNING: [VRFC 10-526] concatenation with unsized literal; will interpret as 32 bits [C:/Users/Aggelos/Desktop/vivado/CHI-DMA/CHI-DMA.srcs/sim_1/new/TestArbiter.sv:61]
WARNING: [VRFC 10-526] concatenation with unsized literal; will interpret as 32 bits [C:/Users/Aggelos/Desktop/vivado/CHI-DMA/CHI-DMA.srcs/sim_1/new/TestArbiter.sv:68]
WARNING: [VRFC 10-526] concatenation with unsized literal; will interpret as 32 bits [C:/Users/Aggelos/Desktop/vivado/CHI-DMA/CHI-DMA.srcs/sim_1/new/TestArbiter.sv:75]
run_program: Time (s): cpu = 00:00:01 ; elapsed = 00:00:08 . Memory (MB): peak = 990.875 ; gain = 0.000
INFO: [USF-XSim-69] 'compile' step finished in '8' seconds
launch_simulation: Time (s): cpu = 00:00:01 ; elapsed = 00:00:08 . Memory (MB): peak = 990.875 ; gain = 0.000
Command: launch_simulation -simset sim_1 -mode behavioral
INFO: [Vivado 12-5682] Launching behavioral simulation in 'C:/Users/Aggelos/Desktop/vivado/CHI-DMA/CHI-DMA.sim/sim_1/behav/xsim'
INFO: [USF-XSim-3] XSim::Elaborate design
INFO: [USF-XSim-61] Executing 'ELABORATE' step in 'C:/Users/Aggelos/Desktop/vivado/CHI-DMA/CHI-DMA.sim/sim_1/behav/xsim'
"xelab -wto c7a29f15992b426cb919dc086fd6b26c --incr --debug typical --relax --mt 2 -L xil_defaultlib -L unisims_ver -L unimacro_ver -L secureip --snapshot TestArbiter_behav xil_defaultlib.TestArbiter xil_defaultlib.glbl -log elaborate.log"
Vivado Simulator 2019.2
Copyright 1986-1999, 2001-2019 Xilinx, Inc. All Rights Reserved.
Running: F:/VivadoInstallation/vivadoInst/Vivado/2019.2/bin/unwrapped/win64.o/xelab.exe -wto c7a29f15992b426cb919dc086fd6b26c --incr --debug typical --relax --mt 2 -L xil_defaultlib -L unisims_ver -L unimacro_ver -L secureip --snapshot TestArbiter_behav xil_defaultlib.TestArbiter xil_defaultlib.glbl -log elaborate.log 
Using 2 slave threads.
Starting static elaboration
Pass Through NonSizing Optimizer
WARNING: [VRFC 10-526] concatenation with unsized literal; will interpret as 32 bits [C:/Users/Aggelos/Desktop/vivado/CHI-DMA/CHI-DMA.srcs/sim_1/new/TestArbiter.sv:61]
WARNING: [VRFC 10-526] concatenation with unsized literal; will interpret as 32 bits [C:/Users/Aggelos/Desktop/vivado/CHI-DMA/CHI-DMA.srcs/sim_1/new/TestArbiter.sv:68]
WARNING: [VRFC 10-526] concatenation with unsized literal; will interpret as 32 bits [C:/Users/Aggelos/Desktop/vivado/CHI-DMA/CHI-DMA.srcs/sim_1/new/TestArbiter.sv:75]
Completed static elaboration
Starting simulation data flow analysis
Completed simulation data flow analysis
Time Resolution for simulation is 1ps
Compiling package xil_defaultlib.DataPkg
Compiling module xil_defaultlib.Arbiter
Compiling module xil_defaultlib.TestArbiter
Compiling module xil_defaultlib.glbl
Built simulation snapshot TestArbiter_behav
run_program: Time (s): cpu = 00:00:01 ; elapsed = 00:00:15 . Memory (MB): peak = 990.875 ; gain = 0.000
INFO: [USF-XSim-69] 'elaborate' step finished in '15' seconds
launch_simulation: Time (s): cpu = 00:00:01 ; elapsed = 00:00:15 . Memory (MB): peak = 990.875 ; gain = 0.000
Vivado Simulator 2019.2
Time resolution is 1 ps
$stop called at time : 200 ns : File "C:/Users/Aggelos/Desktop/vivado/CHI-DMA/CHI-DMA.srcs/sim_1/new/TestArbiter.sv" Line 80
relaunch_xsim_kernel: Time (s): cpu = 00:00:05 ; elapsed = 00:00:07 . Memory (MB): peak = 990.875 ; gain = 0.000
relaunch_sim: Time (s): cpu = 00:00:08 ; elapsed = 00:00:34 . Memory (MB): peak = 990.875 ; gain = 0.000
close_sim
INFO: [Simtcl 6-16] Simulation closed
close_sim: Time (s): cpu = 00:00:09 ; elapsed = 00:00:07 . Memory (MB): peak = 1058.918 ; gain = 68.043
export_ip_user_files -of_objects  [get_files C:/Users/Aggelos/Desktop/vivado/CHI-DMA/CHI-DMA.srcs/sources_1/new/Arbiter.sv] -no_script -reset -force -quiet
remove_files  C:/Users/Aggelos/Desktop/vivado/CHI-DMA/CHI-DMA.srcs/sources_1/new/Arbiter.sv
update_compile_order -fileset sources_1
export_ip_user_files -of_objects  [get_files C:/Users/Aggelos/Desktop/vivado/CHI-DMA/CHI-DMA.srcs/sources_1/new/FIFO_Arb.sv] -no_script -reset -force -quiet
remove_files  C:/Users/Aggelos/Desktop/vivado/CHI-DMA/CHI-DMA.srcs/sources_1/new/FIFO_Arb.sv
set_property source_mgmt_mode DisplayOnly [current_project]
close [ open C:/Users/Aggelos/Desktop/vivado/CHI-DMA/CHI-DMA.srcs/sources_1/new/Arbiter.sv w ]
add_files C:/Users/Aggelos/Desktop/vivado/CHI-DMA/CHI-DMA.srcs/sources_1/new/Arbiter.sv
reset_run synth_1
launch_runs synth_1 -jobs 4
[Mon Jul 25 16:11:35 2022] Launched synth_1...
Run output will be captured here: C:/Users/Aggelos/Desktop/vivado/CHI-DMA/CHI-DMA.runs/synth_1/runme.log
set_property top RegSpaceAndSched [current_fileset]
set_property top Arbiter [current_fileset]
reset_run synth_1
launch_runs synth_1 -jobs 4
[Mon Jul 25 16:13:45 2022] Launched synth_1...
Run output will be captured here: C:/Users/Aggelos/Desktop/vivado/CHI-DMA/CHI-DMA.runs/synth_1/runme.log
set_property is_enabled false [get_files  C:/Users/Aggelos/Desktop/vivado/CHI-DMA/CHI-DMA.srcs/sources_1/new/Arbiter.sv]
set_property is_enabled true [get_files  C:/Users/Aggelos/Desktop/vivado/CHI-DMA/CHI-DMA.srcs/sources_1/new/Arbiter.sv]
reorder_files -before C:/Users/Aggelos/Desktop/vivado/CHI-DMA/CHI-DMA.srcs/sources_1/new/my_package.sv C:/Users/Aggelos/Desktop/vivado/CHI-DMA/CHI-DMA.srcs/sources_1/new/Arbiter.sv
reset_run synth_1
launch_runs synth_1 -jobs 4
[Mon Jul 25 16:21:56 2022] Launched synth_1...
Run output will be captured here: C:/Users/Aggelos/Desktop/vivado/CHI-DMA/CHI-DMA.runs/synth_1/runme.log
WARNING: [filemgmt 56-199] Attempt to get parsing info during refresh. "On-the-fly" syntax checking information may be incorrect. [C:\Users\Aggelos\Desktop\vivado\CHI-DMA\CHI-DMA.srcs\sources_1\new\Arbiter.sv:]
WARNING: [filemgmt 56-199] Attempt to get parsing info during refresh. "On-the-fly" syntax checking information may be incorrect. [C:\Users\Aggelos\Desktop\vivado\CHI-DMA\CHI-DMA.srcs\sources_1\new\FIFO_Arb.sv:]
WARNING: [filemgmt 56-199] Attempt to get parsing info during refresh. "On-the-fly" syntax checking information may be incorrect. [C:\Users\Aggelos\Desktop\vivado\CHI-DMA\CHI-DMA.srcs\sources_1\new\FIFO_Addr.sv:]
WARNING: [filemgmt 56-199] Attempt to get parsing info during refresh. "On-the-fly" syntax checking information may be incorrect. [C:\Users\Aggelos\Desktop\vivado\CHI-DMA\CHI-DMA.srcs\sim_1\new\TestArbiter.sv:]
WARNING: [filemgmt 56-199] Attempt to get parsing info during refresh. "On-the-fly" syntax checking information may be incorrect. [C:\Users\Aggelos\Desktop\vivado\CHI-DMA\CHI-DMA.srcs\sources_1\new\my_package.sv:]
WARNING: [filemgmt 56-199] Attempt to get parsing info during refresh. "On-the-fly" syntax checking information may be incorrect. [C:\Users\Aggelos\Desktop\vivado\CHI-DMA\CHI-DMA.srcs\sources_1\new\Arbiter.sv:]
WARNING: [filemgmt 56-199] Attempt to get parsing info during refresh. "On-the-fly" syntax checking information may be incorrect. [C:\Users\Aggelos\Desktop\vivado\CHI-DMA\CHI-DMA.srcs\sources_1\new\FIFO_Arb.sv:]
WARNING: [filemgmt 56-199] Attempt to get parsing info during refresh. "On-the-fly" syntax checking information may be incorrect. [C:\Users\Aggelos\Desktop\vivado\CHI-DMA\CHI-DMA.srcs\sources_1\new\FIFO_Addr.sv:]
WARNING: [filemgmt 56-199] Attempt to get parsing info during refresh. "On-the-fly" syntax checking information may be incorrect. [C:\Users\Aggelos\Desktop\vivado\CHI-DMA\CHI-DMA.srcs\sim_1\new\TestArbiter.sv:]
WARNING: [filemgmt 56-199] Attempt to get parsing info during refresh. "On-the-fly" syntax checking information may be incorrect. [C:\Users\Aggelos\Desktop\vivado\CHI-DMA\CHI-DMA.srcs\sources_1\new\my_package.sv:]
WARNING: [filemgmt 56-199] Attempt to get parsing info during refresh. "On-the-fly" syntax checking information may be incorrect. [C:\Users\Aggelos\Desktop\vivado\CHI-DMA\CHI-DMA.srcs\sources_1\new\Arbiter.sv:]
WARNING: [filemgmt 56-199] Attempt to get parsing info during refresh. "On-the-fly" syntax checking information may be incorrect. [C:\Users\Aggelos\Desktop\vivado\CHI-DMA\CHI-DMA.srcs\sources_1\new\FIFO_Arb.sv:]
WARNING: [filemgmt 56-199] Attempt to get parsing info during refresh. "On-the-fly" syntax checking information may be incorrect. [C:\Users\Aggelos\Desktop\vivado\CHI-DMA\CHI-DMA.srcs\sources_1\new\FIFO_Addr.sv:]
WARNING: [filemgmt 56-199] Attempt to get parsing info during refresh. "On-the-fly" syntax checking information may be incorrect. [C:\Users\Aggelos\Desktop\vivado\CHI-DMA\CHI-DMA.srcs\sim_1\new\TestArbiter.sv:]
WARNING: [filemgmt 56-199] Attempt to get parsing info during refresh. "On-the-fly" syntax checking information may be incorrect. [C:\Users\Aggelos\Desktop\vivado\CHI-DMA\CHI-DMA.srcs\sources_1\new\my_package.sv:]
ERROR: [Common 17-180] Spawn failed: No error
WARNING: [filemgmt 56-199] Attempt to get parsing info during refresh. "On-the-fly" syntax checking information may be incorrect. [C:\Users\Aggelos\Desktop\vivado\CHI-DMA\CHI-DMA.srcs\sources_1\new\Arbiter.sv:]
WARNING: [filemgmt 56-199] Attempt to get parsing info during refresh. "On-the-fly" syntax checking information may be incorrect. [C:\Users\Aggelos\Desktop\vivado\CHI-DMA\CHI-DMA.srcs\sources_1\new\FIFO_Arb.sv:]
WARNING: [filemgmt 56-199] Attempt to get parsing info during refresh. "On-the-fly" syntax checking information may be incorrect. [C:\Users\Aggelos\Desktop\vivado\CHI-DMA\CHI-DMA.srcs\sources_1\new\FIFO_Addr.sv:]
WARNING: [filemgmt 56-199] Attempt to get parsing info during refresh. "On-the-fly" syntax checking information may be incorrect. [C:\Users\Aggelos\Desktop\vivado\CHI-DMA\CHI-DMA.srcs\sim_1\new\TestArbiter.sv:]
WARNING: [filemgmt 56-199] Attempt to get parsing info during refresh. "On-the-fly" syntax checking information may be incorrect. [C:\Users\Aggelos\Desktop\vivado\CHI-DMA\CHI-DMA.srcs\sources_1\new\my_package.sv:]
ERROR: [Common 17-180] Spawn failed: No error
WARNING: [filemgmt 56-199] Attempt to get parsing info during refresh. "On-the-fly" syntax checking information may be incorrect. [C:\Users\Aggelos\Desktop\vivado\CHI-DMA\CHI-DMA.srcs\sources_1\new\Arbiter.sv:]
WARNING: [filemgmt 56-199] Attempt to get parsing info during refresh. "On-the-fly" syntax checking information may be incorrect. [C:\Users\Aggelos\Desktop\vivado\CHI-DMA\CHI-DMA.srcs\sources_1\new\FIFO_Arb.sv:]
WARNING: [filemgmt 56-199] Attempt to get parsing info during refresh. "On-the-fly" syntax checking information may be incorrect. [C:\Users\Aggelos\Desktop\vivado\CHI-DMA\CHI-DMA.srcs\sources_1\new\FIFO_Addr.sv:]
WARNING: [filemgmt 56-199] Attempt to get parsing info during refresh. "On-the-fly" syntax checking information may be incorrect. [C:\Users\Aggelos\Desktop\vivado\CHI-DMA\CHI-DMA.srcs\sim_1\new\TestArbiter.sv:]
WARNING: [filemgmt 56-199] Attempt to get parsing info during refresh. "On-the-fly" syntax checking information may be incorrect. [C:\Users\Aggelos\Desktop\vivado\CHI-DMA\CHI-DMA.srcs\sources_1\new\my_package.sv:]
ERROR: [Common 17-180] Spawn failed: No error
reset_run synth_1
set_property used_in_synthesis false [get_files  C:/Users/Aggelos/Desktop/vivado/CHI-DMA/CHI-DMA.srcs/sources_1/new/RegSpace+Sched.sv]
set_property used_in_synthesis false [get_files  C:/Users/Aggelos/Desktop/vivado/CHI-DMA/CHI-DMA.srcs/sources_1/new/RegSpace.sv]
set_property used_in_synthesis true [get_files  C:/Users/Aggelos/Desktop/vivado/CHI-DMA/CHI-DMA.srcs/sources_1/new/RegSpace.sv]
set_property used_in_synthesis true [get_files  C:/Users/Aggelos/Desktop/vivado/CHI-DMA/CHI-DMA.srcs/sources_1/new/RegSpace+Sched.sv]
set_property top Descriptor [current_fileset]
launch_runs synth_1 -jobs 4
[Mon Jul 25 17:25:34 2022] Launched synth_1...
Run output will be captured here: C:/Users/Aggelos/Desktop/vivado/CHI-DMA/CHI-DMA.runs/synth_1/runme.log
set_property source_mgmt_mode None [current_project]
set_property source_mgmt_mode All [current_project]
update_compile_order -fileset sources_1
update_compile_order -fileset sim_1
reset_run synth_1
launch_runs synth_1 -jobs 4
[Mon Jul 25 17:28:50 2022] Launched synth_1...
Run output will be captured here: C:/Users/Aggelos/Desktop/vivado/CHI-DMA/CHI-DMA.runs/synth_1/runme.log
set_property top Arbiter [current_fileset]
update_compile_order -fileset sources_1
reset_run synth_1
launch_runs synth_1 -jobs 4
[Mon Jul 25 17:38:22 2022] Launched synth_1...
Run output will be captured here: C:/Users/Aggelos/Desktop/vivado/CHI-DMA/CHI-DMA.runs/synth_1/runme.log
set_property source_mgmt_mode None [current_project]
set_property source_mgmt_mode DisplayOnly [current_project]
reset_run synth_1
launch_runs synth_1 -jobs 4
[Mon Jul 25 17:45:13 2022] Launched synth_1...
Run output will be captured here: C:/Users/Aggelos/Desktop/vivado/CHI-DMA/CHI-DMA.runs/synth_1/runme.log
file mkdir C:/Users/Aggelos/Desktop/vivado/CHI-DMA/CHI-DMA.srcs/constrs_1
set_property source_mgmt_mode All [current_project]
update_compile_order -fileset sources_1
update_compile_order -fileset sim_1
set_property source_mgmt_mode DisplayOnly [current_project]
move_files -fileset sim_1 [get_files  C:/Users/Aggelos/Desktop/vivado/CHI-DMA/CHI-DMA.srcs/sources_1/new/RSParameters.vh]
move_files [get_files  C:/Users/Aggelos/Desktop/vivado/CHI-DMA/CHI-DMA.srcs/sources_1/new/RSParameters.vh]
file mkdir C:/Users/Aggelos/Desktop/vivado/CHI-DMA/CHI-DMA.srcs/constrs_1/new
close [ open C:/Users/Aggelos/Desktop/vivado/CHI-DMA/CHI-DMA.srcs/constrs_1/new/unref.xdc w ]
add_files -fileset constrs_1 C:/Users/Aggelos/Desktop/vivado/CHI-DMA/CHI-DMA.srcs/constrs_1/new/unref.xdc
close [ open C:/Users/Aggelos/Desktop/vivado/CHI-DMA/CHI-DMA.srcs/constrs_1/new/test.xdc w ]
add_files -fileset constrs_1 C:/Users/Aggelos/Desktop/vivado/CHI-DMA/CHI-DMA.srcs/constrs_1/new/test.xdc
export_ip_user_files -of_objects  [get_files C:/Users/Aggelos/Desktop/vivado/CHI-DMA/CHI-DMA.srcs/constrs_1/new/test.xdc] -no_script -reset -force -quiet
remove_files  -fileset constrs_1 C:/Users/Aggelos/Desktop/vivado/CHI-DMA/CHI-DMA.srcs/constrs_1/new/test.xdc
export_ip_user_files -of_objects  [get_files C:/Users/Aggelos/Desktop/vivado/CHI-DMA/CHI-DMA.srcs/constrs_1/new/unref.xdc] -no_script -reset -force -quiet
remove_files  -fileset constrs_1 C:/Users/Aggelos/Desktop/vivado/CHI-DMA/CHI-DMA.srcs/constrs_1/new/unref.xdc
set_property is_enabled false [get_files  C:/Users/Aggelos/Desktop/vivado/CHI-DMA/CHI-DMA.srcs/sources_1/new/RSParameters.vh]
set_property is_enabled true [get_files  C:/Users/Aggelos/Desktop/vivado/CHI-DMA/CHI-DMA.srcs/sources_1/new/RSParameters.vh]
set_property source_mgmt_mode All [current_project]
update_compile_order -fileset sources_1
update_compile_order -fileset sim_1
reset_run synth_1
launch_runs synth_1 -jobs 4
[Mon Jul 25 18:11:47 2022] Launched synth_1...
Run output will be captured here: C:/Users/Aggelos/Desktop/vivado/CHI-DMA/CHI-DMA.runs/synth_1/runme.log
set_property source_mgmt_mode DisplayOnly [current_project]
add_files {C:/Users/Aggelos/Desktop/vivado/CHI-DMA/CHI-DMA.sim/sim_1/behav/xsim/glbl.v C:/Users/Aggelos/Desktop/vivado/CHI-DMA/CHI-DMA.srcs/sim_1/new/TestArbiter.sv C:/Users/Aggelos/Desktop/vivado/CHI-DMA/CHI-DMA.srcs/sim_1/new/TestRegSpace.sv C:/Users/Aggelos/Desktop/vivado/CHI-DMA/CHI-DMA.runs/synth_1/Arbiter.dcp C:/Users/Aggelos/Desktop/vivado/CHI-DMA/CHI-DMA.srcs/sources_1/new/FIFO_Arb.sv C:/Users/Aggelos/Desktop/vivado/CHI-DMA/CHI-DMA.srcs/sources_1/new/RegSpace.sv C:/Users/Aggelos/Desktop/vivado/CHI-DMA/CHI-DMA.srcs/sources_1/new/RSParameters.vh C:/Users/Aggelos/Desktop/vivado/CHI-DMA/CHI-DMA.srcs/sim_1/new/TestDescriptor.sv C:/Users/Aggelos/Desktop/vivado/CHI-DMA/CHI-DMA.srcs/sim_1/new/TestRegSpaceAndSched.sv C:/Users/Aggelos/Desktop/vivado/CHI-DMA/CHI-DMA.srcs/sources_1/new/FIFO_Addr.sv C:/Users/Aggelos/Desktop/vivado/CHI-DMA/CHI-DMA.srcs/sim_1/new/TestScheduler.sv C:/Users/Aggelos/Desktop/vivado/CHI-DMA/CHI-DMA.srcs/sources_1/new/my_package.sv C:/Users/Aggelos/Desktop/vivado/CHI-DMA/CHI-DMA.srcs/sources_1/new/RegSpace+Sched.sv C:/Users/Aggelos/Desktop/vivado/CHI-DMA/CHI-DMA.srcs/sources_1/new/FIFO_Data.sv C:/Users/Aggelos/Desktop/vivado/CHI-DMA/CHI-DMA.srcs/sources_1/new/Descriptor.sv C:/Users/Aggelos/Desktop/vivado/CHI-DMA/CHI-DMA.srcs/sim_1/new/TestFIFO.sv C:/Users/Aggelos/Desktop/vivado/CHI-DMA/CHI-DMA.srcs/sources_1/new/Arbiter.sv C:/Users/Aggelos/Desktop/vivado/CHI-DMA/CHI-DMA.srcs/sources_1/new/Scheduler.sv}
WARNING: [filemgmt 56-12] File 'C:/Users/Aggelos/Desktop/vivado/CHI-DMA/CHI-DMA.srcs/sources_1/new/RegSpace.sv' cannot be added to the project because it already exists in the project, skipping this file
WARNING: [filemgmt 56-12] File 'C:/Users/Aggelos/Desktop/vivado/CHI-DMA/CHI-DMA.srcs/sources_1/new/RSParameters.vh' cannot be added to the project because it already exists in the project, skipping this file
WARNING: [filemgmt 56-12] File 'C:/Users/Aggelos/Desktop/vivado/CHI-DMA/CHI-DMA.srcs/sources_1/new/FIFO_Addr.sv' cannot be added to the project because it already exists in the project, skipping this file
WARNING: [filemgmt 56-12] File 'C:/Users/Aggelos/Desktop/vivado/CHI-DMA/CHI-DMA.srcs/sources_1/new/my_package.sv' cannot be added to the project because it already exists in the project, skipping this file
WARNING: [filemgmt 56-12] File 'C:/Users/Aggelos/Desktop/vivado/CHI-DMA/CHI-DMA.srcs/sources_1/new/RegSpace+Sched.sv' cannot be added to the project because it already exists in the project, skipping this file
WARNING: [filemgmt 56-12] File 'C:/Users/Aggelos/Desktop/vivado/CHI-DMA/CHI-DMA.srcs/sources_1/new/FIFO_Data.sv' cannot be added to the project because it already exists in the project, skipping this file
WARNING: [filemgmt 56-12] File 'C:/Users/Aggelos/Desktop/vivado/CHI-DMA/CHI-DMA.srcs/sources_1/new/Descriptor.sv' cannot be added to the project because it already exists in the project, skipping this file
WARNING: [filemgmt 56-12] File 'C:/Users/Aggelos/Desktop/vivado/CHI-DMA/CHI-DMA.srcs/sources_1/new/Arbiter.sv' cannot be added to the project because it already exists in the project, skipping this file
WARNING: [filemgmt 56-12] File 'C:/Users/Aggelos/Desktop/vivado/CHI-DMA/CHI-DMA.srcs/sources_1/new/Scheduler.sv' cannot be added to the project because it already exists in the project, skipping this file
set_property source_mgmt_mode All [current_project]
update_compile_order -fileset sources_1
update_compile_order -fileset sim_1
WARNING: [filemgmt 56-199] Attempt to get parsing info during refresh. "On-the-fly" syntax checking information may be incorrect. [C:\Users\Aggelos\Desktop\vivado\CHI-DMA\CHI-DMA.srcs\sim_1\new\TestRegSpace.sv:]
WARNING: [filemgmt 56-199] Attempt to get parsing info during refresh. "On-the-fly" syntax checking information may be incorrect. [C:\Users\Aggelos\Desktop\vivado\CHI-DMA\CHI-DMA.srcs\sources_1\new\Arbiter.sv:]
WARNING: [filemgmt 56-199] Attempt to get parsing info during refresh. "On-the-fly" syntax checking information may be incorrect. [C:\Users\Aggelos\Desktop\vivado\CHI-DMA\CHI-DMA.sim\sim_1\behav\xsim\glbl.v:]
WARNING: [filemgmt 56-199] Attempt to get parsing info during refresh. "On-the-fly" syntax checking information may be incorrect. [C:\Users\Aggelos\Desktop\vivado\CHI-DMA\CHI-DMA.srcs\sim_1\new\TestDescriptor.sv:]
WARNING: [filemgmt 56-199] Attempt to get parsing info during refresh. "On-the-fly" syntax checking information may be incorrect. [C:\Users\Aggelos\Desktop\vivado\CHI-DMA\CHI-DMA.srcs\sources_1\new\FIFO_Arb.sv:]
WARNING: [filemgmt 56-199] Attempt to get parsing info during refresh. "On-the-fly" syntax checking information may be incorrect. [C:\Users\Aggelos\Desktop\vivado\CHI-DMA\CHI-DMA.srcs\sim_1\new\TestRegSpaceAndSched.sv:]
WARNING: [filemgmt 56-199] Attempt to get parsing info during refresh. "On-the-fly" syntax checking information may be incorrect. [C:\Users\Aggelos\Desktop\vivado\CHI-DMA\CHI-DMA.srcs\sources_1\new\FIFO_Addr.sv:]
WARNING: [filemgmt 56-199] Attempt to get parsing info during refresh. "On-the-fly" syntax checking information may be incorrect. [C:\Users\Aggelos\Desktop\vivado\CHI-DMA\CHI-DMA.srcs\sim_1\new\TestScheduler.sv:]
WARNING: [filemgmt 56-199] Attempt to get parsing info during refresh. "On-the-fly" syntax checking information may be incorrect. [C:\Users\Aggelos\Desktop\vivado\CHI-DMA\CHI-DMA.srcs\sim_1\new\TestFIFO.sv:]
WARNING: [filemgmt 56-199] Attempt to get parsing info during refresh. "On-the-fly" syntax checking information may be incorrect. [C:\Users\Aggelos\Desktop\vivado\CHI-DMA\CHI-DMA.srcs\sim_1\new\TestArbiter.sv:]
WARNING: [filemgmt 56-199] Attempt to get parsing info during refresh. "On-the-fly" syntax checking information may be incorrect. [C:\Users\Aggelos\Desktop\vivado\CHI-DMA\CHI-DMA.srcs\sources_1\new\my_package.sv:]
WARNING: [filemgmt 56-199] Attempt to get parsing info during refresh. "On-the-fly" syntax checking information may be incorrect. [C:\Users\Aggelos\Desktop\vivado\CHI-DMA\CHI-DMA.srcs\sim_1\new\TestRegSpace.sv:]
WARNING: [filemgmt 56-199] Attempt to get parsing info during refresh. "On-the-fly" syntax checking information may be incorrect. [C:\Users\Aggelos\Desktop\vivado\CHI-DMA\CHI-DMA.srcs\sources_1\new\Arbiter.sv:]
WARNING: [filemgmt 56-199] Attempt to get parsing info during refresh. "On-the-fly" syntax checking information may be incorrect. [C:\Users\Aggelos\Desktop\vivado\CHI-DMA\CHI-DMA.sim\sim_1\behav\xsim\glbl.v:]
WARNING: [filemgmt 56-199] Attempt to get parsing info during refresh. "On-the-fly" syntax checking information may be incorrect. [C:\Users\Aggelos\Desktop\vivado\CHI-DMA\CHI-DMA.srcs\sim_1\new\TestDescriptor.sv:]
WARNING: [filemgmt 56-199] Attempt to get parsing info during refresh. "On-the-fly" syntax checking information may be incorrect. [C:\Users\Aggelos\Desktop\vivado\CHI-DMA\CHI-DMA.srcs\sources_1\new\FIFO_Arb.sv:]
WARNING: [filemgmt 56-199] Attempt to get parsing info during refresh. "On-the-fly" syntax checking information may be incorrect. [C:\Users\Aggelos\Desktop\vivado\CHI-DMA\CHI-DMA.srcs\sim_1\new\TestRegSpaceAndSched.sv:]
WARNING: [filemgmt 56-199] Attempt to get parsing info during refresh. "On-the-fly" syntax checking information may be incorrect. [C:\Users\Aggelos\Desktop\vivado\CHI-DMA\CHI-DMA.srcs\sources_1\new\FIFO_Addr.sv:]
WARNING: [filemgmt 56-199] Attempt to get parsing info during refresh. "On-the-fly" syntax checking information may be incorrect. [C:\Users\Aggelos\Desktop\vivado\CHI-DMA\CHI-DMA.srcs\sim_1\new\TestScheduler.sv:]
WARNING: [filemgmt 56-199] Attempt to get parsing info during refresh. "On-the-fly" syntax checking information may be incorrect. [C:\Users\Aggelos\Desktop\vivado\CHI-DMA\CHI-DMA.srcs\sim_1\new\TestFIFO.sv:]
WARNING: [filemgmt 56-199] Attempt to get parsing info during refresh. "On-the-fly" syntax checking information may be incorrect. [C:\Users\Aggelos\Desktop\vivado\CHI-DMA\CHI-DMA.srcs\sim_1\new\TestArbiter.sv:]
WARNING: [filemgmt 56-199] Attempt to get parsing info during refresh. "On-the-fly" syntax checking information may be incorrect. [C:\Users\Aggelos\Desktop\vivado\CHI-DMA\CHI-DMA.srcs\sources_1\new\my_package.sv:]
WARNING: [filemgmt 56-199] Attempt to get parsing info during refresh. "On-the-fly" syntax checking information may be incorrect. [C:\Users\Aggelos\Desktop\vivado\CHI-DMA\CHI-DMA.srcs\sim_1\new\TestRegSpace.sv:]
WARNING: [filemgmt 56-199] Attempt to get parsing info during refresh. "On-the-fly" syntax checking information may be incorrect. [C:\Users\Aggelos\Desktop\vivado\CHI-DMA\CHI-DMA.srcs\sources_1\new\Arbiter.sv:]
WARNING: [filemgmt 56-199] Attempt to get parsing info during refresh. "On-the-fly" syntax checking information may be incorrect. [C:\Users\Aggelos\Desktop\vivado\CHI-DMA\CHI-DMA.sim\sim_1\behav\xsim\glbl.v:]
WARNING: [filemgmt 56-199] Attempt to get parsing info during refresh. "On-the-fly" syntax checking information may be incorrect. [C:\Users\Aggelos\Desktop\vivado\CHI-DMA\CHI-DMA.srcs\sim_1\new\TestDescriptor.sv:]
WARNING: [filemgmt 56-199] Attempt to get parsing info during refresh. "On-the-fly" syntax checking information may be incorrect. [C:\Users\Aggelos\Desktop\vivado\CHI-DMA\CHI-DMA.srcs\sources_1\new\FIFO_Arb.sv:]
WARNING: [filemgmt 56-199] Attempt to get parsing info during refresh. "On-the-fly" syntax checking information may be incorrect. [C:\Users\Aggelos\Desktop\vivado\CHI-DMA\CHI-DMA.srcs\sim_1\new\TestRegSpaceAndSched.sv:]
WARNING: [filemgmt 56-199] Attempt to get parsing info during refresh. "On-the-fly" syntax checking information may be incorrect. [C:\Users\Aggelos\Desktop\vivado\CHI-DMA\CHI-DMA.srcs\sources_1\new\FIFO_Addr.sv:]
WARNING: [filemgmt 56-199] Attempt to get parsing info during refresh. "On-the-fly" syntax checking information may be incorrect. [C:\Users\Aggelos\Desktop\vivado\CHI-DMA\CHI-DMA.srcs\sim_1\new\TestScheduler.sv:]
WARNING: [filemgmt 56-199] Attempt to get parsing info during refresh. "On-the-fly" syntax checking information may be incorrect. [C:\Users\Aggelos\Desktop\vivado\CHI-DMA\CHI-DMA.srcs\sim_1\new\TestFIFO.sv:]
WARNING: [filemgmt 56-199] Attempt to get parsing info during refresh. "On-the-fly" syntax checking information may be incorrect. [C:\Users\Aggelos\Desktop\vivado\CHI-DMA\CHI-DMA.srcs\sim_1\new\TestArbiter.sv:]
WARNING: [filemgmt 56-199] Attempt to get parsing info during refresh. "On-the-fly" syntax checking information may be incorrect. [C:\Users\Aggelos\Desktop\vivado\CHI-DMA\CHI-DMA.srcs\sources_1\new\my_package.sv:]
WARNING: [filemgmt 56-199] Attempt to get parsing info during refresh. "On-the-fly" syntax checking information may be incorrect. [C:\Users\Aggelos\Desktop\vivado\CHI-DMA\CHI-DMA.srcs\sim_1\new\TestRegSpace.sv:]
WARNING: [filemgmt 56-199] Attempt to get parsing info during refresh. "On-the-fly" syntax checking information may be incorrect. [C:\Users\Aggelos\Desktop\vivado\CHI-DMA\CHI-DMA.srcs\sources_1\new\Arbiter.sv:]
WARNING: [filemgmt 56-199] Attempt to get parsing info during refresh. "On-the-fly" syntax checking information may be incorrect. [C:\Users\Aggelos\Desktop\vivado\CHI-DMA\CHI-DMA.sim\sim_1\behav\xsim\glbl.v:]
WARNING: [filemgmt 56-199] Attempt to get parsing info during refresh. "On-the-fly" syntax checking information may be incorrect. [C:\Users\Aggelos\Desktop\vivado\CHI-DMA\CHI-DMA.srcs\sim_1\new\TestDescriptor.sv:]
WARNING: [filemgmt 56-199] Attempt to get parsing info during refresh. "On-the-fly" syntax checking information may be incorrect. [C:\Users\Aggelos\Desktop\vivado\CHI-DMA\CHI-DMA.srcs\sources_1\new\FIFO_Arb.sv:]
WARNING: [filemgmt 56-199] Attempt to get parsing info during refresh. "On-the-fly" syntax checking information may be incorrect. [C:\Users\Aggelos\Desktop\vivado\CHI-DMA\CHI-DMA.srcs\sim_1\new\TestRegSpaceAndSched.sv:]
WARNING: [filemgmt 56-199] Attempt to get parsing info during refresh. "On-the-fly" syntax checking information may be incorrect. [C:\Users\Aggelos\Desktop\vivado\CHI-DMA\CHI-DMA.srcs\sources_1\new\FIFO_Addr.sv:]
WARNING: [filemgmt 56-199] Attempt to get parsing info during refresh. "On-the-fly" syntax checking information may be incorrect. [C:\Users\Aggelos\Desktop\vivado\CHI-DMA\CHI-DMA.srcs\sim_1\new\TestScheduler.sv:]
WARNING: [filemgmt 56-199] Attempt to get parsing info during refresh. "On-the-fly" syntax checking information may be incorrect. [C:\Users\Aggelos\Desktop\vivado\CHI-DMA\CHI-DMA.srcs\sim_1\new\TestFIFO.sv:]
WARNING: [filemgmt 56-199] Attempt to get parsing info during refresh. "On-the-fly" syntax checking information may be incorrect. [C:\Users\Aggelos\Desktop\vivado\CHI-DMA\CHI-DMA.srcs\sim_1\new\TestArbiter.sv:]
WARNING: [filemgmt 56-199] Attempt to get parsing info during refresh. "On-the-fly" syntax checking information may be incorrect. [C:\Users\Aggelos\Desktop\vivado\CHI-DMA\CHI-DMA.srcs\sources_1\new\my_package.sv:]
ERROR: [Common 17-180] Spawn failed: No error
WARNING: [filemgmt 56-199] Attempt to get parsing info during refresh. "On-the-fly" syntax checking information may be incorrect. [C:\Users\Aggelos\Desktop\vivado\CHI-DMA\CHI-DMA.srcs\sim_1\new\TestRegSpace.sv:]
WARNING: [filemgmt 56-199] Attempt to get parsing info during refresh. "On-the-fly" syntax checking information may be incorrect. [C:\Users\Aggelos\Desktop\vivado\CHI-DMA\CHI-DMA.srcs\sources_1\new\Arbiter.sv:]
WARNING: [filemgmt 56-199] Attempt to get parsing info during refresh. "On-the-fly" syntax checking information may be incorrect. [C:\Users\Aggelos\Desktop\vivado\CHI-DMA\CHI-DMA.sim\sim_1\behav\xsim\glbl.v:]
WARNING: [filemgmt 56-199] Attempt to get parsing info during refresh. "On-the-fly" syntax checking information may be incorrect. [C:\Users\Aggelos\Desktop\vivado\CHI-DMA\CHI-DMA.srcs\sim_1\new\TestDescriptor.sv:]
WARNING: [filemgmt 56-199] Attempt to get parsing info during refresh. "On-the-fly" syntax checking information may be incorrect. [C:\Users\Aggelos\Desktop\vivado\CHI-DMA\CHI-DMA.srcs\sources_1\new\FIFO_Arb.sv:]
WARNING: [filemgmt 56-199] Attempt to get parsing info during refresh. "On-the-fly" syntax checking information may be incorrect. [C:\Users\Aggelos\Desktop\vivado\CHI-DMA\CHI-DMA.srcs\sim_1\new\TestRegSpaceAndSched.sv:]
WARNING: [filemgmt 56-199] Attempt to get parsing info during refresh. "On-the-fly" syntax checking information may be incorrect. [C:\Users\Aggelos\Desktop\vivado\CHI-DMA\CHI-DMA.srcs\sources_1\new\FIFO_Addr.sv:]
WARNING: [filemgmt 56-199] Attempt to get parsing info during refresh. "On-the-fly" syntax checking information may be incorrect. [C:\Users\Aggelos\Desktop\vivado\CHI-DMA\CHI-DMA.srcs\sim_1\new\TestScheduler.sv:]
WARNING: [filemgmt 56-199] Attempt to get parsing info during refresh. "On-the-fly" syntax checking information may be incorrect. [C:\Users\Aggelos\Desktop\vivado\CHI-DMA\CHI-DMA.srcs\sim_1\new\TestFIFO.sv:]
WARNING: [filemgmt 56-199] Attempt to get parsing info during refresh. "On-the-fly" syntax checking information may be incorrect. [C:\Users\Aggelos\Desktop\vivado\CHI-DMA\CHI-DMA.srcs\sim_1\new\TestArbiter.sv:]
WARNING: [filemgmt 56-199] Attempt to get parsing info during refresh. "On-the-fly" syntax checking information may be incorrect. [C:\Users\Aggelos\Desktop\vivado\CHI-DMA\CHI-DMA.srcs\sources_1\new\my_package.sv:]
ERROR: [Common 17-180] Spawn failed: No error
WARNING: [filemgmt 56-199] Attempt to get parsing info during refresh. "On-the-fly" syntax checking information may be incorrect. [C:\Users\Aggelos\Desktop\vivado\CHI-DMA\CHI-DMA.srcs\sim_1\new\TestRegSpace.sv:]
WARNING: [filemgmt 56-199] Attempt to get parsing info during refresh. "On-the-fly" syntax checking information may be incorrect. [C:\Users\Aggelos\Desktop\vivado\CHI-DMA\CHI-DMA.srcs\sources_1\new\Arbiter.sv:]
WARNING: [filemgmt 56-199] Attempt to get parsing info during refresh. "On-the-fly" syntax checking information may be incorrect. [C:\Users\Aggelos\Desktop\vivado\CHI-DMA\CHI-DMA.sim\sim_1\behav\xsim\glbl.v:]
WARNING: [filemgmt 56-199] Attempt to get parsing info during refresh. "On-the-fly" syntax checking information may be incorrect. [C:\Users\Aggelos\Desktop\vivado\CHI-DMA\CHI-DMA.srcs\sim_1\new\TestDescriptor.sv:]
WARNING: [filemgmt 56-199] Attempt to get parsing info during refresh. "On-the-fly" syntax checking information may be incorrect. [C:\Users\Aggelos\Desktop\vivado\CHI-DMA\CHI-DMA.srcs\sources_1\new\FIFO_Arb.sv:]
WARNING: [filemgmt 56-199] Attempt to get parsing info during refresh. "On-the-fly" syntax checking information may be incorrect. [C:\Users\Aggelos\Desktop\vivado\CHI-DMA\CHI-DMA.srcs\sim_1\new\TestRegSpaceAndSched.sv:]
WARNING: [filemgmt 56-199] Attempt to get parsing info during refresh. "On-the-fly" syntax checking information may be incorrect. [C:\Users\Aggelos\Desktop\vivado\CHI-DMA\CHI-DMA.srcs\sources_1\new\FIFO_Addr.sv:]
WARNING: [filemgmt 56-199] Attempt to get parsing info during refresh. "On-the-fly" syntax checking information may be incorrect. [C:\Users\Aggelos\Desktop\vivado\CHI-DMA\CHI-DMA.srcs\sim_1\new\TestScheduler.sv:]
WARNING: [filemgmt 56-199] Attempt to get parsing info during refresh. "On-the-fly" syntax checking information may be incorrect. [C:\Users\Aggelos\Desktop\vivado\CHI-DMA\CHI-DMA.srcs\sim_1\new\TestFIFO.sv:]
WARNING: [filemgmt 56-199] Attempt to get parsing info during refresh. "On-the-fly" syntax checking information may be incorrect. [C:\Users\Aggelos\Desktop\vivado\CHI-DMA\CHI-DMA.srcs\sim_1\new\TestArbiter.sv:]
WARNING: [filemgmt 56-199] Attempt to get parsing info during refresh. "On-the-fly" syntax checking information may be incorrect. [C:\Users\Aggelos\Desktop\vivado\CHI-DMA\CHI-DMA.srcs\sources_1\new\my_package.sv:]
ERROR: [Common 17-180] Spawn failed: No error
export_ip_user_files -of_objects  [get_files C:/Users/Aggelos/Desktop/vivado/CHI-DMA/CHI-DMA.sim/sim_1/behav/xsim/glbl.v] -no_script -reset -force -quiet
export_ip_user_files -of_objects  [get_files C:/Users/Aggelos/Desktop/vivado/CHI-DMA/CHI-DMA.srcs/sim_1/new/TestArbiter.sv] -no_script -reset -force -quiet
export_ip_user_files -of_objects  [get_files C:/Users/Aggelos/Desktop/vivado/CHI-DMA/CHI-DMA.srcs/sim_1/new/TestRegSpace.sv] -no_script -reset -force -quiet
export_ip_user_files -of_objects  [get_files C:/Users/Aggelos/Desktop/vivado/CHI-DMA/CHI-DMA.runs/synth_1/Arbiter.dcp] -no_script -reset -force -quiet
export_ip_user_files -of_objects  [get_files C:/Users/Aggelos/Desktop/vivado/CHI-DMA/CHI-DMA.srcs/sim_1/new/TestDescriptor.sv] -no_script -reset -force -quiet
export_ip_user_files -of_objects  [get_files C:/Users/Aggelos/Desktop/vivado/CHI-DMA/CHI-DMA.srcs/sim_1/new/TestRegSpaceAndSched.sv] -no_script -reset -force -quiet
export_ip_user_files -of_objects  [get_files C:/Users/Aggelos/Desktop/vivado/CHI-DMA/CHI-DMA.srcs/sim_1/new/TestScheduler.sv] -no_script -reset -force -quiet
export_ip_user_files -of_objects  [get_files C:/Users/Aggelos/Desktop/vivado/CHI-DMA/CHI-DMA.srcs/sim_1/new/TestFIFO.sv] -no_script -reset -force -quiet
remove_files  {C:/Users/Aggelos/Desktop/vivado/CHI-DMA/CHI-DMA.sim/sim_1/behav/xsim/glbl.v C:/Users/Aggelos/Desktop/vivado/CHI-DMA/CHI-DMA.srcs/sim_1/new/TestArbiter.sv C:/Users/Aggelos/Desktop/vivado/CHI-DMA/CHI-DMA.srcs/sim_1/new/TestRegSpace.sv C:/Users/Aggelos/Desktop/vivado/CHI-DMA/CHI-DMA.runs/synth_1/Arbiter.dcp C:/Users/Aggelos/Desktop/vivado/CHI-DMA/CHI-DMA.srcs/sim_1/new/TestDescriptor.sv C:/Users/Aggelos/Desktop/vivado/CHI-DMA/CHI-DMA.srcs/sim_1/new/TestRegSpaceAndSched.sv C:/Users/Aggelos/Desktop/vivado/CHI-DMA/CHI-DMA.srcs/sim_1/new/TestScheduler.sv C:/Users/Aggelos/Desktop/vivado/CHI-DMA/CHI-DMA.srcs/sim_1/new/TestFIFO.sv}
export_ip_user_files -of_objects  [get_files C:/Users/Aggelos/Desktop/vivado/CHI-DMA/CHI-DMA.srcs/sources_1/new/Descriptor.sv] -no_script -reset -force -quiet
export_ip_user_files -of_objects  [get_files C:/Users/Aggelos/Desktop/vivado/CHI-DMA/CHI-DMA.srcs/sources_1/new/FIFO_Arb.sv] -no_script -reset -force -quiet
remove_files  {C:/Users/Aggelos/Desktop/vivado/CHI-DMA/CHI-DMA.srcs/sources_1/new/Descriptor.sv C:/Users/Aggelos/Desktop/vivado/CHI-DMA/CHI-DMA.srcs/sources_1/new/FIFO_Arb.sv}
add_files -norecurse C:/Users/Aggelos/Desktop/vivado/CHI-DMA/CHI-DMA.srcs/sources_1/new/Descriptor.sv
update_compile_order -fileset sources_1
reset_run synth_1
launch_runs synth_1 -jobs 4
[Mon Jul 25 18:33:36 2022] Launched synth_1...
Run output will be captured here: C:/Users/Aggelos/Desktop/vivado/CHI-DMA/CHI-DMA.runs/synth_1/runme.log
WARNING: [filemgmt 56-199] Attempt to get parsing info during refresh. "On-the-fly" syntax checking information may be incorrect. [C:\Users\Aggelos\Desktop\vivado\CHI-DMA\CHI-DMA.srcs\sources_1\new\Arbiter.sv:]
WARNING: [filemgmt 56-199] Attempt to get parsing info during refresh. "On-the-fly" syntax checking information may be incorrect. [C:\Users\Aggelos\Desktop\vivado\CHI-DMA\CHI-DMA.sim\sim_1\behav\xsim\glbl.v:]
WARNING: [filemgmt 56-199] Attempt to get parsing info during refresh. "On-the-fly" syntax checking information may be incorrect. [C:\Users\Aggelos\Desktop\vivado\CHI-DMA\CHI-DMA.srcs\sim_1\new\TestRegSpaceAndSched.sv:]
WARNING: [filemgmt 56-199] Attempt to get parsing info during refresh. "On-the-fly" syntax checking information may be incorrect. [C:\Users\Aggelos\Desktop\vivado\CHI-DMA\CHI-DMA.srcs\sources_1\new\FIFO_Addr.sv:]
WARNING: [filemgmt 56-199] Attempt to get parsing info during refresh. "On-the-fly" syntax checking information may be incorrect. [C:\Users\Aggelos\Desktop\vivado\CHI-DMA\CHI-DMA.srcs\sim_1\new\TestScheduler.sv:]
WARNING: [filemgmt 56-199] Attempt to get parsing info during refresh. "On-the-fly" syntax checking information may be incorrect. [C:\Users\Aggelos\Desktop\vivado\CHI-DMA\CHI-DMA.srcs\sim_1\new\TestFIFO.sv:]
WARNING: [filemgmt 56-199] Attempt to get parsing info during refresh. "On-the-fly" syntax checking information may be incorrect. [C:\Users\Aggelos\Desktop\vivado\CHI-DMA\CHI-DMA.srcs\sim_1\new\TestArbiter.sv:]
WARNING: [filemgmt 56-199] Attempt to get parsing info during refresh. "On-the-fly" syntax checking information may be incorrect. [C:\Users\Aggelos\Desktop\vivado\CHI-DMA\CHI-DMA.srcs\sim_1\new\TestRegSpace.sv:]
WARNING: [filemgmt 56-199] Attempt to get parsing info during refresh. "On-the-fly" syntax checking information may be incorrect. [C:\Users\Aggelos\Desktop\vivado\CHI-DMA\CHI-DMA.srcs\sim_1\new\TestDescriptor.sv:]
WARNING: [filemgmt 56-199] Attempt to get parsing info during refresh. "On-the-fly" syntax checking information may be incorrect. [C:\Users\Aggelos\Desktop\vivado\CHI-DMA\CHI-DMA.srcs\sources_1\new\FIFO_Arb.sv:]
WARNING: [filemgmt 56-199] Attempt to get parsing info during refresh. "On-the-fly" syntax checking information may be incorrect. [C:\Users\Aggelos\Desktop\vivado\CHI-DMA\CHI-DMA.srcs\sources_1\new\RegSpace.sv:]
WARNING: [filemgmt 56-199] Attempt to get parsing info during refresh. "On-the-fly" syntax checking information may be incorrect. [C:\Users\Aggelos\Desktop\vivado\CHI-DMA\CHI-DMA.srcs\sources_1\new\my_package.sv:]
WARNING: [filemgmt 56-199] Attempt to get parsing info during refresh. "On-the-fly" syntax checking information may be incorrect. [C:\Users\Aggelos\Desktop\vivado\CHI-DMA\CHI-DMA.srcs\sources_1\new\Descriptor.sv:]
WARNING: [filemgmt 56-199] Attempt to get parsing info during refresh. "On-the-fly" syntax checking information may be incorrect. [C:\Users\Aggelos\Desktop\vivado\CHI-DMA\CHI-DMA.srcs\sources_1\new\Arbiter.sv:]
WARNING: [filemgmt 56-199] Attempt to get parsing info during refresh. "On-the-fly" syntax checking information may be incorrect. [C:\Users\Aggelos\Desktop\vivado\CHI-DMA\CHI-DMA.sim\sim_1\behav\xsim\glbl.v:]
WARNING: [filemgmt 56-199] Attempt to get parsing info during refresh. "On-the-fly" syntax checking information may be incorrect. [C:\Users\Aggelos\Desktop\vivado\CHI-DMA\CHI-DMA.srcs\sim_1\new\TestRegSpaceAndSched.sv:]
WARNING: [filemgmt 56-199] Attempt to get parsing info during refresh. "On-the-fly" syntax checking information may be incorrect. [C:\Users\Aggelos\Desktop\vivado\CHI-DMA\CHI-DMA.srcs\sources_1\new\FIFO_Addr.sv:]
WARNING: [filemgmt 56-199] Attempt to get parsing info during refresh. "On-the-fly" syntax checking information may be incorrect. [C:\Users\Aggelos\Desktop\vivado\CHI-DMA\CHI-DMA.srcs\sim_1\new\TestScheduler.sv:]
WARNING: [filemgmt 56-199] Attempt to get parsing info during refresh. "On-the-fly" syntax checking information may be incorrect. [C:\Users\Aggelos\Desktop\vivado\CHI-DMA\CHI-DMA.srcs\sim_1\new\TestFIFO.sv:]
WARNING: [filemgmt 56-199] Attempt to get parsing info during refresh. "On-the-fly" syntax checking information may be incorrect. [C:\Users\Aggelos\Desktop\vivado\CHI-DMA\CHI-DMA.srcs\sim_1\new\TestArbiter.sv:]
WARNING: [filemgmt 56-199] Attempt to get parsing info during refresh. "On-the-fly" syntax checking information may be incorrect. [C:\Users\Aggelos\Desktop\vivado\CHI-DMA\CHI-DMA.srcs\sim_1\new\TestRegSpace.sv:]
WARNING: [filemgmt 56-199] Attempt to get parsing info during refresh. "On-the-fly" syntax checking information may be incorrect. [C:\Users\Aggelos\Desktop\vivado\CHI-DMA\CHI-DMA.srcs\sim_1\new\TestDescriptor.sv:]
WARNING: [filemgmt 56-199] Attempt to get parsing info during refresh. "On-the-fly" syntax checking information may be incorrect. [C:\Users\Aggelos\Desktop\vivado\CHI-DMA\CHI-DMA.srcs\sources_1\new\FIFO_Arb.sv:]
WARNING: [filemgmt 56-199] Attempt to get parsing info during refresh. "On-the-fly" syntax checking information may be incorrect. [C:\Users\Aggelos\Desktop\vivado\CHI-DMA\CHI-DMA.srcs\sources_1\new\RegSpace.sv:]
WARNING: [filemgmt 56-199] Attempt to get parsing info during refresh. "On-the-fly" syntax checking information may be incorrect. [C:\Users\Aggelos\Desktop\vivado\CHI-DMA\CHI-DMA.srcs\sources_1\new\my_package.sv:]
WARNING: [filemgmt 56-199] Attempt to get parsing info during refresh. "On-the-fly" syntax checking information may be incorrect. [C:\Users\Aggelos\Desktop\vivado\CHI-DMA\CHI-DMA.srcs\sources_1\new\Descriptor.sv:]
