#-----------------------------------------------------------
# Vivado v2019.2 (64-bit)
# SW Build 2708876 on Wed Nov  6 21:40:23 MST 2019
# IP Build 2700528 on Thu Nov  7 00:09:20 MST 2019
# Start of session at: Mon Jul 11 00:30:23 2022
# Process ID: 10392
# Current directory: C:/Users/Aggelos/Desktop/vivado/CHI-DMA
# Command line: vivado.exe -gui_launcher_event rodinguilauncherevent8704 C:\Users\Aggelos\Desktop\vivado\CHI-DMA\CHI-DMA.xpr
# Log file: C:/Users/Aggelos/Desktop/vivado/CHI-DMA/vivado.log
# Journal file: C:/Users/Aggelos/Desktop/vivado/CHI-DMA\vivado.jou
#-----------------------------------------------------------
start_gui
open_project C:/Users/Aggelos/Desktop/vivado/CHI-DMA/CHI-DMA.xpr
Scanning sources...
Finished scanning sources
INFO: [IP_Flow 19-234] Refreshing IP repositories
INFO: [IP_Flow 19-1704] No user IP repositories specified
INFO: [IP_Flow 19-2313] Loaded Vivado IP repository 'F:/VivadoInstallation/vivadoInst/Vivado/2019.2/data/ip'.
open_project: Time (s): cpu = 00:00:24 ; elapsed = 00:00:10 . Memory (MB): peak = 880.293 ; gain = 224.613
update_compile_order -fileset sources_1
exit
INFO: [Common 17-206] Exiting Vivado at Mon Jul 11 00:44:03 2022...
