#-----------------------------------------------------------
# Vivado v2019.2 (64-bit)
# SW Build 2708876 on Wed Nov  6 21:40:23 MST 2019
# IP Build 2700528 on Thu Nov  7 00:09:20 MST 2019
# Start of session at: Sat Jul  2 20:40:42 2022
# Process ID: 11420
# Current directory: C:/Users/Aggelos/Desktop/vivado/CHI-DMA
# Command line: vivado.exe -gui_launcher_event rodinguilauncherevent11432 C:\Users\Aggelos\Desktop\vivado\CHI-DMA\CHI-DMA.xpr
# Log file: C:/Users/Aggelos/Desktop/vivado/CHI-DMA/vivado.log
# Journal file: C:/Users/Aggelos/Desktop/vivado/CHI-DMA\vivado.jou
#-----------------------------------------------------------
start_gui
open_project C:/Users/Aggelos/Desktop/vivado/CHI-DMA/CHI-DMA.xpr
Scanning sources...
Finished scanning sources
INFO: [IP_Flow 19-234] Refreshing IP repositories
INFO: [IP_Flow 19-1704] No user IP repositories specified
INFO: [IP_Flow 19-2313] Loaded Vivado IP repository 'F:/VivadoInstallation/vivadoInst/Vivado/2019.2/data/ip'.
open_project: Time (s): cpu = 00:00:26 ; elapsed = 00:00:12 . Memory (MB): peak = 885.371 ; gain = 214.664
update_compile_order -fileset sources_1
launch_simulation
Command: launch_simulation 
INFO: [Vivado 12-5682] Launching behavioral simulation in 'C:/Users/Aggelos/Desktop/vivado/CHI-DMA/CHI-DMA.sim/sim_1/behav/xsim'
INFO: [SIM-utils-51] Simulation object is 'sim_1'
INFO: [SIM-utils-54] Inspecting design source files for 'TestDescriptor' in fileset 'sim_1'...
INFO: [USF-XSim-97] Finding global include files...
INFO: [USF-XSim-98] Fetching design files from 'sim_1'...
INFO: [USF-XSim-2] XSim::Compile design
INFO: [USF-XSim-61] Executing 'COMPILE and ANALYZE' step in 'C:/Users/Aggelos/Desktop/vivado/CHI-DMA/CHI-DMA.sim/sim_1/behav/xsim'
"xvlog --incr --relax -prj TestDescriptor_vlog.prj"
INFO: [VRFC 10-2263] Analyzing SystemVerilog file "C:/Users/Aggelos/Desktop/vivado/CHI-DMA/CHI-DMA.srcs/sources_1/new/Descriptor.sv" into library xil_defaultlib
INFO: [VRFC 10-311] analyzing module Descriptor
INFO: [VRFC 10-2263] Analyzing SystemVerilog file "C:/Users/Aggelos/Desktop/vivado/CHI-DMA/CHI-DMA.srcs/sim_1/new/TestDescriptor.sv" into library xil_defaultlib
INFO: [VRFC 10-311] analyzing module TestDescriptor
WARNING: [VRFC 10-965] invalid size of integer constant literal [C:/Users/Aggelos/Desktop/vivado/CHI-DMA/CHI-DMA.srcs/sim_1/new/TestDescriptor.sv:57]
WARNING: [VRFC 10-965] invalid size of integer constant literal [C:/Users/Aggelos/Desktop/vivado/CHI-DMA/CHI-DMA.srcs/sim_1/new/TestDescriptor.sv:58]
WARNING: [VRFC 10-965] invalid size of integer constant literal [C:/Users/Aggelos/Desktop/vivado/CHI-DMA/CHI-DMA.srcs/sim_1/new/TestDescriptor.sv:59]
WARNING: [VRFC 10-965] invalid size of integer constant literal [C:/Users/Aggelos/Desktop/vivado/CHI-DMA/CHI-DMA.srcs/sim_1/new/TestDescriptor.sv:60]
WARNING: [VRFC 10-965] invalid size of integer constant literal [C:/Users/Aggelos/Desktop/vivado/CHI-DMA/CHI-DMA.srcs/sim_1/new/TestDescriptor.sv:66]
WARNING: [VRFC 10-965] invalid size of integer constant literal [C:/Users/Aggelos/Desktop/vivado/CHI-DMA/CHI-DMA.srcs/sim_1/new/TestDescriptor.sv:67]
WARNING: [VRFC 10-965] invalid size of integer constant literal [C:/Users/Aggelos/Desktop/vivado/CHI-DMA/CHI-DMA.srcs/sim_1/new/TestDescriptor.sv:68]
WARNING: [VRFC 10-965] invalid size of integer constant literal [C:/Users/Aggelos/Desktop/vivado/CHI-DMA/CHI-DMA.srcs/sim_1/new/TestDescriptor.sv:69]
WARNING: [VRFC 10-965] invalid size of integer constant literal [C:/Users/Aggelos/Desktop/vivado/CHI-DMA/CHI-DMA.srcs/sim_1/new/TestDescriptor.sv:75]
WARNING: [VRFC 10-965] invalid size of integer constant literal [C:/Users/Aggelos/Desktop/vivado/CHI-DMA/CHI-DMA.srcs/sim_1/new/TestDescriptor.sv:76]
WARNING: [VRFC 10-965] invalid size of integer constant literal [C:/Users/Aggelos/Desktop/vivado/CHI-DMA/CHI-DMA.srcs/sim_1/new/TestDescriptor.sv:77]
WARNING: [VRFC 10-965] invalid size of integer constant literal [C:/Users/Aggelos/Desktop/vivado/CHI-DMA/CHI-DMA.srcs/sim_1/new/TestDescriptor.sv:78]
WARNING: [VRFC 10-965] invalid size of integer constant literal [C:/Users/Aggelos/Desktop/vivado/CHI-DMA/CHI-DMA.srcs/sim_1/new/TestDescriptor.sv:84]
WARNING: [VRFC 10-965] invalid size of integer constant literal [C:/Users/Aggelos/Desktop/vivado/CHI-DMA/CHI-DMA.srcs/sim_1/new/TestDescriptor.sv:85]
WARNING: [VRFC 10-965] invalid size of integer constant literal [C:/Users/Aggelos/Desktop/vivado/CHI-DMA/CHI-DMA.srcs/sim_1/new/TestDescriptor.sv:86]
WARNING: [VRFC 10-965] invalid size of integer constant literal [C:/Users/Aggelos/Desktop/vivado/CHI-DMA/CHI-DMA.srcs/sim_1/new/TestDescriptor.sv:87]
WARNING: [VRFC 10-965] invalid size of integer constant literal [C:/Users/Aggelos/Desktop/vivado/CHI-DMA/CHI-DMA.srcs/sim_1/new/TestDescriptor.sv:93]
WARNING: [VRFC 10-965] invalid size of integer constant literal [C:/Users/Aggelos/Desktop/vivado/CHI-DMA/CHI-DMA.srcs/sim_1/new/TestDescriptor.sv:94]
WARNING: [VRFC 10-965] invalid size of integer constant literal [C:/Users/Aggelos/Desktop/vivado/CHI-DMA/CHI-DMA.srcs/sim_1/new/TestDescriptor.sv:95]
WARNING: [VRFC 10-965] invalid size of integer constant literal [C:/Users/Aggelos/Desktop/vivado/CHI-DMA/CHI-DMA.srcs/sim_1/new/TestDescriptor.sv:96]
WARNING: [VRFC 10-965] invalid size of integer constant literal [C:/Users/Aggelos/Desktop/vivado/CHI-DMA/CHI-DMA.srcs/sim_1/new/TestDescriptor.sv:102]
WARNING: [VRFC 10-965] invalid size of integer constant literal [C:/Users/Aggelos/Desktop/vivado/CHI-DMA/CHI-DMA.srcs/sim_1/new/TestDescriptor.sv:103]
WARNING: [VRFC 10-965] invalid size of integer constant literal [C:/Users/Aggelos/Desktop/vivado/CHI-DMA/CHI-DMA.srcs/sim_1/new/TestDescriptor.sv:104]
WARNING: [VRFC 10-965] invalid size of integer constant literal [C:/Users/Aggelos/Desktop/vivado/CHI-DMA/CHI-DMA.srcs/sim_1/new/TestDescriptor.sv:105]
WARNING: [VRFC 10-965] invalid size of integer constant literal [C:/Users/Aggelos/Desktop/vivado/CHI-DMA/CHI-DMA.srcs/sim_1/new/TestDescriptor.sv:111]
WARNING: [VRFC 10-965] invalid size of integer constant literal [C:/Users/Aggelos/Desktop/vivado/CHI-DMA/CHI-DMA.srcs/sim_1/new/TestDescriptor.sv:112]
WARNING: [VRFC 10-965] invalid size of integer constant literal [C:/Users/Aggelos/Desktop/vivado/CHI-DMA/CHI-DMA.srcs/sim_1/new/TestDescriptor.sv:113]
WARNING: [VRFC 10-965] invalid size of integer constant literal [C:/Users/Aggelos/Desktop/vivado/CHI-DMA/CHI-DMA.srcs/sim_1/new/TestDescriptor.sv:114]
run_program: Time (s): cpu = 00:00:02 ; elapsed = 00:00:09 . Memory (MB): peak = 961.367 ; gain = 0.000
INFO: [USF-XSim-69] 'compile' step finished in '9' seconds
INFO: [USF-XSim-3] XSim::Elaborate design
INFO: [USF-XSim-61] Executing 'ELABORATE' step in 'C:/Users/Aggelos/Desktop/vivado/CHI-DMA/CHI-DMA.sim/sim_1/behav/xsim'
"xelab -wto c7a29f15992b426cb919dc086fd6b26c --incr --debug typical --relax --mt 2 -L xil_defaultlib -L unisims_ver -L unimacro_ver -L secureip --snapshot TestDescriptor_behav xil_defaultlib.TestDescriptor xil_defaultlib.glbl -log elaborate.log"
Vivado Simulator 2019.2
Copyright 1986-1999, 2001-2019 Xilinx, Inc. All Rights Reserved.
Running: F:/VivadoInstallation/vivadoInst/Vivado/2019.2/bin/unwrapped/win64.o/xelab.exe -wto c7a29f15992b426cb919dc086fd6b26c --incr --debug typical --relax --mt 2 -L xil_defaultlib -L unisims_ver -L unimacro_ver -L secureip --snapshot TestDescriptor_behav xil_defaultlib.TestDescriptor xil_defaultlib.glbl -log elaborate.log 
Using 2 slave threads.
Starting static elaboration
Pass Through NonSizing Optimizer
Completed static elaboration
Starting simulation data flow analysis
WARNING: [XSIM 43-4099] "C:/Users/Aggelos/Desktop/vivado/CHI-DMA/CHI-DMA.srcs/sources_1/new/Descriptor.sv" Line 4. Module Descriptor doesn't have a timescale but at least one module in design has a timescale.
Completed simulation data flow analysis
Time Resolution for simulation is 1ps
Compiling module xil_defaultlib.Descriptor
Compiling module xil_defaultlib.TestDescriptor
Compiling module xil_defaultlib.glbl
Built simulation snapshot TestDescriptor_behav

****** Webtalk v2019.2 (64-bit)
  **** SW Build 2708876 on Wed Nov  6 21:40:23 MST 2019
  **** IP Build 2700528 on Thu Nov  7 00:09:20 MST 2019
    ** Copyright 1986-2019 Xilinx, Inc. All Rights Reserved.

source C:/Users/Aggelos/Desktop/vivado/CHI-DMA/CHI-DMA.sim/sim_1/behav/xsim/xsim.dir/TestDescriptor_behav/webtalk/xsim_webtalk.tcl -notrace
webtalk_transmit: Time (s): cpu = 00:00:00 ; elapsed = 00:00:14 . Memory (MB): peak = 113.637 ; gain = 17.523
INFO: [Common 17-206] Exiting Webtalk at Sat Jul  2 20:54:54 2022...
run_program: Time (s): cpu = 00:00:04 ; elapsed = 00:00:45 . Memory (MB): peak = 961.367 ; gain = 0.000
INFO: [USF-XSim-69] 'elaborate' step finished in '45' seconds
INFO: [USF-XSim-4] XSim::Simulate design
INFO: [USF-XSim-61] Executing 'SIMULATE' step in 'C:/Users/Aggelos/Desktop/vivado/CHI-DMA/CHI-DMA.sim/sim_1/behav/xsim'
INFO: [USF-XSim-98] *** Running xsim
   with args "TestDescriptor_behav -key {Behavioral:sim_1:Functional:TestDescriptor} -tclbatch {TestDescriptor.tcl} -log {simulate.log}"
INFO: [USF-XSim-8] Loading simulator feature
Vivado Simulator 2019.2
Time resolution is 1 ps
source TestDescriptor.tcl
# set curr_wave [current_wave_config]
# if { [string length $curr_wave] == 0 } {
#   if { [llength [get_objects]] > 0} {
#     add_wave /
#     set_property needs_save false [current_wave_config]
#   } else {
#      send_msg_id Add_Wave-1 WARNING "No top level signals found. Simulator will start without a wave window. If you want to open a wave window go to 'File->New Waveform Configuration' or type 'create_wave_config' in the TCL console."
#   }
# }
# run 1000ns
$stop called at time : 280 ns : File "C:/Users/Aggelos/Desktop/vivado/CHI-DMA/CHI-DMA.srcs/sim_1/new/TestDescriptor.sv" Line 118
xsim: Time (s): cpu = 00:00:28 ; elapsed = 00:00:21 . Memory (MB): peak = 961.367 ; gain = 0.000
INFO: [USF-XSim-96] XSim completed. Design snapshot 'TestDescriptor_behav' loaded.
INFO: [USF-XSim-97] XSim simulation ran for 1000ns
launch_simulation: Time (s): cpu = 00:00:38 ; elapsed = 00:01:18 . Memory (MB): peak = 961.367 ; gain = 0.000
close_sim
INFO: [Simtcl 6-16] Simulation closed
close_sim: Time (s): cpu = 00:00:08 ; elapsed = 00:00:29 . Memory (MB): peak = 961.367 ; gain = 0.000
close [ open C:/Users/Aggelos/Desktop/vivado/CHI-DMA/CHI-DMA.srcs/sources_1/new/RegSpace.sv w ]
add_files C:/Users/Aggelos/Desktop/vivado/CHI-DMA/CHI-DMA.srcs/sources_1/new/RegSpace.sv
update_compile_order -fileset sources_1
close [ open C:/Users/Aggelos/Desktop/vivado/CHI-DMA/CHI-DMA.srcs/sources_1/new/RSParameters.vh w ]
add_files C:/Users/Aggelos/Desktop/vivado/CHI-DMA/CHI-DMA.srcs/sources_1/new/RSParameters.vh
update_compile_order -fileset sources_1
update_compile_order -fileset sources_1
update_compile_order -fileset sources_1
update_compile_order -fileset sources_1
update_compile_order -fileset sources_1
update_compile_order -fileset sources_1
update_compile_order -fileset sources_1
update_compile_order -fileset sources_1
reset_run synth_1
launch_runs synth_1 -jobs 4
[Sat Jul  2 22:30:22 2022] Launched synth_1...
Run output will be captured here: C:/Users/Aggelos/Desktop/vivado/CHI-DMA/CHI-DMA.runs/synth_1/runme.log
update_compile_order -fileset sources_1
reset_run synth_1
launch_runs synth_1 -jobs 4
CRITICAL WARNING: [HDL 9-806] Syntax error near "parameter". [C:/Users/Aggelos/Desktop/vivado/CHI-DMA/CHI-DMA.srcs/sources_1/new/RSParameters.vh:1]
[Sat Jul  2 22:40:14 2022] Launched synth_1...
Run output will be captured here: C:/Users/Aggelos/Desktop/vivado/CHI-DMA/CHI-DMA.runs/synth_1/runme.log
reset_run synth_1
launch_runs synth_1 -jobs 4
CRITICAL WARNING: [HDL 9-806] Syntax error near "parameter". [C:/Users/Aggelos/Desktop/vivado/CHI-DMA/CHI-DMA.srcs/sources_1/new/RSParameters.vh:1]
CRITICAL WARNING: [HDL 9-806] Syntax error near "parameter". [C:/Users/Aggelos/Desktop/vivado/CHI-DMA/CHI-DMA.srcs/sources_1/new/RSParameters.vh:1]
[Sat Jul  2 22:41:09 2022] Launched synth_1...
Run output will be captured here: C:/Users/Aggelos/Desktop/vivado/CHI-DMA/CHI-DMA.runs/synth_1/runme.log
launch_runs: Time (s): cpu = 00:00:02 ; elapsed = 00:00:06 . Memory (MB): peak = 1077.840 ; gain = 0.000
reset_run synth_1
launch_runs synth_1 -jobs 4
[Sat Jul  2 22:48:23 2022] Launched synth_1...
Run output will be captured here: C:/Users/Aggelos/Desktop/vivado/CHI-DMA/CHI-DMA.runs/synth_1/runme.log
reset_run synth_1
launch_runs synth_1 -jobs 4
CRITICAL WARNING: [HDL 9-806] Syntax error near "parameter". [C:/Users/Aggelos/Desktop/vivado/CHI-DMA/CHI-DMA.srcs/sources_1/new/RSParameters.vh:2]
CRITICAL WARNING: [HDL 9-806] Syntax error near "parameter". [C:/Users/Aggelos/Desktop/vivado/CHI-DMA/CHI-DMA.srcs/sources_1/new/RSParameters.vh:2]
[Sat Jul  2 22:53:10 2022] Launched synth_1...
Run output will be captured here: C:/Users/Aggelos/Desktop/vivado/CHI-DMA/CHI-DMA.runs/synth_1/runme.log
reset_run synth_1
launch_runs synth_1 -jobs 4
[Sat Jul  2 23:00:33 2022] Launched synth_1...
Run output will be captured here: C:/Users/Aggelos/Desktop/vivado/CHI-DMA/CHI-DMA.runs/synth_1/runme.log
reset_run synth_1
launch_runs synth_1 -jobs 4
[Sat Jul  2 23:03:07 2022] Launched synth_1...
Run output will be captured here: C:/Users/Aggelos/Desktop/vivado/CHI-DMA/CHI-DMA.runs/synth_1/runme.log
reset_run synth_1
launch_runs synth_1 -jobs 4
[Sat Jul  2 23:05:05 2022] Launched synth_1...
Run output will be captured here: C:/Users/Aggelos/Desktop/vivado/CHI-DMA/CHI-DMA.runs/synth_1/runme.log
reset_run synth_1
launch_runs synth_1 -jobs 4
[Sat Jul  2 23:18:38 2022] Launched synth_1...
Run output will be captured here: C:/Users/Aggelos/Desktop/vivado/CHI-DMA/CHI-DMA.runs/synth_1/runme.log
reset_run synth_1
launch_runs synth_1 -jobs 4
[Sat Jul  2 23:25:23 2022] Launched synth_1...
Run output will be captured here: C:/Users/Aggelos/Desktop/vivado/CHI-DMA/CHI-DMA.runs/synth_1/runme.log
update_compile_order -fileset sources_1
reset_run synth_1
launch_runs synth_1 -jobs 4
[Sat Jul  2 23:32:20 2022] Launched synth_1...
Run output will be captured here: C:/Users/Aggelos/Desktop/vivado/CHI-DMA/CHI-DMA.runs/synth_1/runme.log
update_compile_order -fileset sources_1
reset_run synth_1
launch_runs synth_1 -jobs 4
[Sat Jul  2 23:35:19 2022] Launched synth_1...
Run output will be captured here: C:/Users/Aggelos/Desktop/vivado/CHI-DMA/CHI-DMA.runs/synth_1/runme.log
update_compile_order -fileset sources_1
reset_run synth_1
launch_runs synth_1 -jobs 4
[Tue Jul  5 15:19:26 2022] Launched synth_1...
Run output will be captured here: C:/Users/Aggelos/Desktop/vivado/CHI-DMA/CHI-DMA.runs/synth_1/runme.log
set_property SOURCE_SET sources_1 [get_filesets sim_1]
close [ open C:/Users/Aggelos/Desktop/vivado/CHI-DMA/CHI-DMA.srcs/sim_1/new/TestRegSpace.sv w ]
add_files -fileset sim_1 C:/Users/Aggelos/Desktop/vivado/CHI-DMA/CHI-DMA.srcs/sim_1/new/TestRegSpace.sv
update_compile_order -fileset sim_1
update_compile_order -fileset sim_1
update_compile_order -fileset sim_1
launch_simulation
Command: launch_simulation 
INFO: [Vivado 12-5682] Launching behavioral simulation in 'C:/Users/Aggelos/Desktop/vivado/CHI-DMA/CHI-DMA.sim/sim_1/behav/xsim'
INFO: [SIM-utils-51] Simulation object is 'sim_1'
INFO: [SIM-utils-54] Inspecting design source files for 'TestDescriptor' in fileset 'sim_1'...
INFO: [USF-XSim-97] Finding global include files...
INFO: [USF-XSim-98] Fetching design files from 'sim_1'...
INFO: [USF-XSim-2] XSim::Compile design
INFO: [USF-XSim-61] Executing 'COMPILE and ANALYZE' step in 'C:/Users/Aggelos/Desktop/vivado/CHI-DMA/CHI-DMA.sim/sim_1/behav/xsim'
"xvlog --incr --relax -prj TestDescriptor_vlog.prj"
INFO: [VRFC 10-2263] Analyzing SystemVerilog file "C:/Users/Aggelos/Desktop/vivado/CHI-DMA/CHI-DMA.srcs/sources_1/new/Descriptor.sv" into library xil_defaultlib
INFO: [VRFC 10-311] analyzing module Descriptor
INFO: [VRFC 10-2263] Analyzing SystemVerilog file "C:/Users/Aggelos/Desktop/vivado/CHI-DMA/CHI-DMA.srcs/sim_1/new/TestDescriptor.sv" into library xil_defaultlib
INFO: [VRFC 10-311] analyzing module TestDescriptor
WARNING: [VRFC 10-965] invalid size of integer constant literal [C:/Users/Aggelos/Desktop/vivado/CHI-DMA/CHI-DMA.srcs/sim_1/new/TestDescriptor.sv:57]
WARNING: [VRFC 10-965] invalid size of integer constant literal [C:/Users/Aggelos/Desktop/vivado/CHI-DMA/CHI-DMA.srcs/sim_1/new/TestDescriptor.sv:58]
WARNING: [VRFC 10-965] invalid size of integer constant literal [C:/Users/Aggelos/Desktop/vivado/CHI-DMA/CHI-DMA.srcs/sim_1/new/TestDescriptor.sv:59]
WARNING: [VRFC 10-965] invalid size of integer constant literal [C:/Users/Aggelos/Desktop/vivado/CHI-DMA/CHI-DMA.srcs/sim_1/new/TestDescriptor.sv:60]
WARNING: [VRFC 10-965] invalid size of integer constant literal [C:/Users/Aggelos/Desktop/vivado/CHI-DMA/CHI-DMA.srcs/sim_1/new/TestDescriptor.sv:66]
WARNING: [VRFC 10-965] invalid size of integer constant literal [C:/Users/Aggelos/Desktop/vivado/CHI-DMA/CHI-DMA.srcs/sim_1/new/TestDescriptor.sv:67]
WARNING: [VRFC 10-965] invalid size of integer constant literal [C:/Users/Aggelos/Desktop/vivado/CHI-DMA/CHI-DMA.srcs/sim_1/new/TestDescriptor.sv:68]
WARNING: [VRFC 10-965] invalid size of integer constant literal [C:/Users/Aggelos/Desktop/vivado/CHI-DMA/CHI-DMA.srcs/sim_1/new/TestDescriptor.sv:69]
WARNING: [VRFC 10-965] invalid size of integer constant literal [C:/Users/Aggelos/Desktop/vivado/CHI-DMA/CHI-DMA.srcs/sim_1/new/TestDescriptor.sv:75]
WARNING: [VRFC 10-965] invalid size of integer constant literal [C:/Users/Aggelos/Desktop/vivado/CHI-DMA/CHI-DMA.srcs/sim_1/new/TestDescriptor.sv:76]
WARNING: [VRFC 10-965] invalid size of integer constant literal [C:/Users/Aggelos/Desktop/vivado/CHI-DMA/CHI-DMA.srcs/sim_1/new/TestDescriptor.sv:77]
WARNING: [VRFC 10-965] invalid size of integer constant literal [C:/Users/Aggelos/Desktop/vivado/CHI-DMA/CHI-DMA.srcs/sim_1/new/TestDescriptor.sv:78]
WARNING: [VRFC 10-965] invalid size of integer constant literal [C:/Users/Aggelos/Desktop/vivado/CHI-DMA/CHI-DMA.srcs/sim_1/new/TestDescriptor.sv:84]
WARNING: [VRFC 10-965] invalid size of integer constant literal [C:/Users/Aggelos/Desktop/vivado/CHI-DMA/CHI-DMA.srcs/sim_1/new/TestDescriptor.sv:85]
WARNING: [VRFC 10-965] invalid size of integer constant literal [C:/Users/Aggelos/Desktop/vivado/CHI-DMA/CHI-DMA.srcs/sim_1/new/TestDescriptor.sv:86]
WARNING: [VRFC 10-965] invalid size of integer constant literal [C:/Users/Aggelos/Desktop/vivado/CHI-DMA/CHI-DMA.srcs/sim_1/new/TestDescriptor.sv:87]
WARNING: [VRFC 10-965] invalid size of integer constant literal [C:/Users/Aggelos/Desktop/vivado/CHI-DMA/CHI-DMA.srcs/sim_1/new/TestDescriptor.sv:93]
WARNING: [VRFC 10-965] invalid size of integer constant literal [C:/Users/Aggelos/Desktop/vivado/CHI-DMA/CHI-DMA.srcs/sim_1/new/TestDescriptor.sv:94]
WARNING: [VRFC 10-965] invalid size of integer constant literal [C:/Users/Aggelos/Desktop/vivado/CHI-DMA/CHI-DMA.srcs/sim_1/new/TestDescriptor.sv:95]
WARNING: [VRFC 10-965] invalid size of integer constant literal [C:/Users/Aggelos/Desktop/vivado/CHI-DMA/CHI-DMA.srcs/sim_1/new/TestDescriptor.sv:96]
WARNING: [VRFC 10-965] invalid size of integer constant literal [C:/Users/Aggelos/Desktop/vivado/CHI-DMA/CHI-DMA.srcs/sim_1/new/TestDescriptor.sv:102]
WARNING: [VRFC 10-965] invalid size of integer constant literal [C:/Users/Aggelos/Desktop/vivado/CHI-DMA/CHI-DMA.srcs/sim_1/new/TestDescriptor.sv:103]
WARNING: [VRFC 10-965] invalid size of integer constant literal [C:/Users/Aggelos/Desktop/vivado/CHI-DMA/CHI-DMA.srcs/sim_1/new/TestDescriptor.sv:104]
WARNING: [VRFC 10-965] invalid size of integer constant literal [C:/Users/Aggelos/Desktop/vivado/CHI-DMA/CHI-DMA.srcs/sim_1/new/TestDescriptor.sv:105]
WARNING: [VRFC 10-965] invalid size of integer constant literal [C:/Users/Aggelos/Desktop/vivado/CHI-DMA/CHI-DMA.srcs/sim_1/new/TestDescriptor.sv:111]
WARNING: [VRFC 10-965] invalid size of integer constant literal [C:/Users/Aggelos/Desktop/vivado/CHI-DMA/CHI-DMA.srcs/sim_1/new/TestDescriptor.sv:112]
WARNING: [VRFC 10-965] invalid size of integer constant literal [C:/Users/Aggelos/Desktop/vivado/CHI-DMA/CHI-DMA.srcs/sim_1/new/TestDescriptor.sv:113]
WARNING: [VRFC 10-965] invalid size of integer constant literal [C:/Users/Aggelos/Desktop/vivado/CHI-DMA/CHI-DMA.srcs/sim_1/new/TestDescriptor.sv:114]
run_program: Time (s): cpu = 00:00:01 ; elapsed = 00:00:09 . Memory (MB): peak = 1100.613 ; gain = 0.000
INFO: [USF-XSim-69] 'compile' step finished in '10' seconds
INFO: [USF-XSim-3] XSim::Elaborate design
INFO: [USF-XSim-61] Executing 'ELABORATE' step in 'C:/Users/Aggelos/Desktop/vivado/CHI-DMA/CHI-DMA.sim/sim_1/behav/xsim'
"xelab -wto c7a29f15992b426cb919dc086fd6b26c --incr --debug typical --relax --mt 2 -L xil_defaultlib -L unisims_ver -L unimacro_ver -L secureip --snapshot TestDescriptor_behav xil_defaultlib.TestDescriptor xil_defaultlib.glbl -log elaborate.log"
Vivado Simulator 2019.2
Copyright 1986-1999, 2001-2019 Xilinx, Inc. All Rights Reserved.
Running: F:/VivadoInstallation/vivadoInst/Vivado/2019.2/bin/unwrapped/win64.o/xelab.exe -wto c7a29f15992b426cb919dc086fd6b26c --incr --debug typical --relax --mt 2 -L xil_defaultlib -L unisims_ver -L unimacro_ver -L secureip --snapshot TestDescriptor_behav xil_defaultlib.TestDescriptor xil_defaultlib.glbl -log elaborate.log 
Using 2 slave threads.
Starting static elaboration
Pass Through NonSizing Optimizer
Completed static elaboration
Starting simulation data flow analysis
WARNING: [XSIM 43-4099] "C:/Users/Aggelos/Desktop/vivado/CHI-DMA/CHI-DMA.srcs/sources_1/new/Descriptor.sv" Line 3. Module Descriptor doesn't have a timescale but at least one module in design has a timescale.
Completed simulation data flow analysis
Time Resolution for simulation is 1ps
Compiling module xil_defaultlib.Descriptor
Compiling module xil_defaultlib.TestDescriptor
Compiling module xil_defaultlib.glbl
Built simulation snapshot TestDescriptor_behav

****** Webtalk v2019.2 (64-bit)
  **** SW Build 2708876 on Wed Nov  6 21:40:23 MST 2019
  **** IP Build 2700528 on Thu Nov  7 00:09:20 MST 2019
    ** Copyright 1986-2019 Xilinx, Inc. All Rights Reserved.

source C:/Users/Aggelos/Desktop/vivado/CHI-DMA/CHI-DMA.sim/sim_1/behav/xsim/xsim.dir/TestDescriptor_behav/webtalk/xsim_webtalk.tcl -notrace
INFO: [Common 17-186] 'C:/Users/Aggelos/Desktop/vivado/CHI-DMA/CHI-DMA.sim/sim_1/behav/xsim/xsim.dir/TestDescriptor_behav/webtalk/usage_statistics_ext_xsim.xml' has been successfully sent to Xilinx on Sat Jul  9 17:45:30 2022. For additional details about this file, please refer to the WebTalk help file at F:/VivadoInstallation/vivadoInst/Vivado/2019.2/doc/webtalk_introduction.html.
webtalk_transmit: Time (s): cpu = 00:00:00 ; elapsed = 00:00:11 . Memory (MB): peak = 113.664 ; gain = 17.543
INFO: [Common 17-206] Exiting Webtalk at Sat Jul  9 17:45:30 2022...
run_program: Time (s): cpu = 00:00:03 ; elapsed = 00:00:31 . Memory (MB): peak = 1100.613 ; gain = 0.000
INFO: [USF-XSim-69] 'elaborate' step finished in '31' seconds
INFO: [USF-XSim-4] XSim::Simulate design
INFO: [USF-XSim-61] Executing 'SIMULATE' step in 'C:/Users/Aggelos/Desktop/vivado/CHI-DMA/CHI-DMA.sim/sim_1/behav/xsim'
INFO: [USF-XSim-98] *** Running xsim
   with args "TestDescriptor_behav -key {Behavioral:sim_1:Functional:TestDescriptor} -tclbatch {TestDescriptor.tcl} -log {simulate.log}"
INFO: [USF-XSim-8] Loading simulator feature
Vivado Simulator 2019.2
Time resolution is 1 ps
source TestDescriptor.tcl
# set curr_wave [current_wave_config]
# if { [string length $curr_wave] == 0 } {
#   if { [llength [get_objects]] > 0} {
#     add_wave /
#     set_property needs_save false [current_wave_config]
#   } else {
#      send_msg_id Add_Wave-1 WARNING "No top level signals found. Simulator will start without a wave window. If you want to open a wave window go to 'File->New Waveform Configuration' or type 'create_wave_config' in the TCL console."
#   }
# }
# run 1000ns
$stop called at time : 280 ns : File "C:/Users/Aggelos/Desktop/vivado/CHI-DMA/CHI-DMA.srcs/sim_1/new/TestDescriptor.sv" Line 118
xsim: Time (s): cpu = 00:00:10 ; elapsed = 00:00:09 . Memory (MB): peak = 1100.613 ; gain = 0.000
INFO: [USF-XSim-96] XSim completed. Design snapshot 'TestDescriptor_behav' loaded.
INFO: [USF-XSim-97] XSim simulation ran for 1000ns
launch_simulation: Time (s): cpu = 00:00:14 ; elapsed = 00:00:51 . Memory (MB): peak = 1100.613 ; gain = 0.000
close_sim
INFO: [Simtcl 6-16] Simulation closed
close_sim: Time (s): cpu = 00:00:07 ; elapsed = 00:00:22 . Memory (MB): peak = 1100.613 ; gain = 0.000
set_property top TestRegSpace [get_filesets sim_1]
set_property top_lib xil_defaultlib [get_filesets sim_1]
update_compile_order -fileset sim_1
launch_simulation
Command: launch_simulation 
INFO: [Vivado 12-5682] Launching behavioral simulation in 'C:/Users/Aggelos/Desktop/vivado/CHI-DMA/CHI-DMA.sim/sim_1/behav/xsim'
INFO: [SIM-utils-51] Simulation object is 'sim_1'
INFO: [SIM-utils-54] Inspecting design source files for 'TestRegSpace' in fileset 'sim_1'...
INFO: [USF-XSim-97] Finding global include files...
INFO: [USF-XSim-98] Fetching design files from 'sim_1'...
INFO: [USF-XSim-2] XSim::Compile design
INFO: [USF-XSim-61] Executing 'COMPILE and ANALYZE' step in 'C:/Users/Aggelos/Desktop/vivado/CHI-DMA/CHI-DMA.sim/sim_1/behav/xsim'
"xvlog --incr --relax -prj TestRegSpace_vlog.prj"
INFO: [VRFC 10-2263] Analyzing SystemVerilog file "C:/Users/Aggelos/Desktop/vivado/CHI-DMA/CHI-DMA.srcs/sources_1/new/RegSpace.sv" into library xil_defaultlib
INFO: [VRFC 10-311] analyzing module RegSpace
WARNING: [VRFC 10-3824] variable 'flag' must explicitly be declared as automatic or static [C:/Users/Aggelos/Desktop/vivado/CHI-DMA/CHI-DMA.srcs/sources_1/new/RegSpace.sv:115]
INFO: [VRFC 10-2263] Analyzing SystemVerilog file "C:/Users/Aggelos/Desktop/vivado/CHI-DMA/CHI-DMA.srcs/sim_1/new/TestRegSpace.sv" into library xil_defaultlib
INFO: [VRFC 10-311] analyzing module TestRegSpace
WARNING: [VRFC 10-965] invalid size of integer constant literal [C:/Users/Aggelos/Desktop/vivado/CHI-DMA/CHI-DMA.srcs/sim_1/new/TestRegSpace.sv:60]
WARNING: [VRFC 10-965] invalid size of integer constant literal [C:/Users/Aggelos/Desktop/vivado/CHI-DMA/CHI-DMA.srcs/sim_1/new/TestRegSpace.sv:61]
WARNING: [VRFC 10-965] invalid size of integer constant literal [C:/Users/Aggelos/Desktop/vivado/CHI-DMA/CHI-DMA.srcs/sim_1/new/TestRegSpace.sv:62]
WARNING: [VRFC 10-965] invalid size of integer constant literal [C:/Users/Aggelos/Desktop/vivado/CHI-DMA/CHI-DMA.srcs/sim_1/new/TestRegSpace.sv:63]
WARNING: [VRFC 10-965] invalid size of integer constant literal [C:/Users/Aggelos/Desktop/vivado/CHI-DMA/CHI-DMA.srcs/sim_1/new/TestRegSpace.sv:70]
WARNING: [VRFC 10-965] invalid size of integer constant literal [C:/Users/Aggelos/Desktop/vivado/CHI-DMA/CHI-DMA.srcs/sim_1/new/TestRegSpace.sv:71]
WARNING: [VRFC 10-965] invalid size of integer constant literal [C:/Users/Aggelos/Desktop/vivado/CHI-DMA/CHI-DMA.srcs/sim_1/new/TestRegSpace.sv:72]
WARNING: [VRFC 10-965] invalid size of integer constant literal [C:/Users/Aggelos/Desktop/vivado/CHI-DMA/CHI-DMA.srcs/sim_1/new/TestRegSpace.sv:73]
WARNING: [VRFC 10-965] invalid size of integer constant literal [C:/Users/Aggelos/Desktop/vivado/CHI-DMA/CHI-DMA.srcs/sim_1/new/TestRegSpace.sv:80]
WARNING: [VRFC 10-965] invalid size of integer constant literal [C:/Users/Aggelos/Desktop/vivado/CHI-DMA/CHI-DMA.srcs/sim_1/new/TestRegSpace.sv:81]
WARNING: [VRFC 10-965] invalid size of integer constant literal [C:/Users/Aggelos/Desktop/vivado/CHI-DMA/CHI-DMA.srcs/sim_1/new/TestRegSpace.sv:82]
WARNING: [VRFC 10-965] invalid size of integer constant literal [C:/Users/Aggelos/Desktop/vivado/CHI-DMA/CHI-DMA.srcs/sim_1/new/TestRegSpace.sv:83]
WARNING: [VRFC 10-965] invalid size of integer constant literal [C:/Users/Aggelos/Desktop/vivado/CHI-DMA/CHI-DMA.srcs/sim_1/new/TestRegSpace.sv:90]
WARNING: [VRFC 10-965] invalid size of integer constant literal [C:/Users/Aggelos/Desktop/vivado/CHI-DMA/CHI-DMA.srcs/sim_1/new/TestRegSpace.sv:91]
WARNING: [VRFC 10-965] invalid size of integer constant literal [C:/Users/Aggelos/Desktop/vivado/CHI-DMA/CHI-DMA.srcs/sim_1/new/TestRegSpace.sv:92]
WARNING: [VRFC 10-965] invalid size of integer constant literal [C:/Users/Aggelos/Desktop/vivado/CHI-DMA/CHI-DMA.srcs/sim_1/new/TestRegSpace.sv:93]
WARNING: [VRFC 10-965] invalid size of integer constant literal [C:/Users/Aggelos/Desktop/vivado/CHI-DMA/CHI-DMA.srcs/sim_1/new/TestRegSpace.sv:100]
WARNING: [VRFC 10-965] invalid size of integer constant literal [C:/Users/Aggelos/Desktop/vivado/CHI-DMA/CHI-DMA.srcs/sim_1/new/TestRegSpace.sv:101]
WARNING: [VRFC 10-965] invalid size of integer constant literal [C:/Users/Aggelos/Desktop/vivado/CHI-DMA/CHI-DMA.srcs/sim_1/new/TestRegSpace.sv:102]
WARNING: [VRFC 10-965] invalid size of integer constant literal [C:/Users/Aggelos/Desktop/vivado/CHI-DMA/CHI-DMA.srcs/sim_1/new/TestRegSpace.sv:103]
WARNING: [VRFC 10-965] invalid size of integer constant literal [C:/Users/Aggelos/Desktop/vivado/CHI-DMA/CHI-DMA.srcs/sim_1/new/TestRegSpace.sv:110]
WARNING: [VRFC 10-965] invalid size of integer constant literal [C:/Users/Aggelos/Desktop/vivado/CHI-DMA/CHI-DMA.srcs/sim_1/new/TestRegSpace.sv:111]
WARNING: [VRFC 10-965] invalid size of integer constant literal [C:/Users/Aggelos/Desktop/vivado/CHI-DMA/CHI-DMA.srcs/sim_1/new/TestRegSpace.sv:112]
WARNING: [VRFC 10-965] invalid size of integer constant literal [C:/Users/Aggelos/Desktop/vivado/CHI-DMA/CHI-DMA.srcs/sim_1/new/TestRegSpace.sv:113]
WARNING: [VRFC 10-965] invalid size of integer constant literal [C:/Users/Aggelos/Desktop/vivado/CHI-DMA/CHI-DMA.srcs/sim_1/new/TestRegSpace.sv:120]
WARNING: [VRFC 10-965] invalid size of integer constant literal [C:/Users/Aggelos/Desktop/vivado/CHI-DMA/CHI-DMA.srcs/sim_1/new/TestRegSpace.sv:121]
WARNING: [VRFC 10-965] invalid size of integer constant literal [C:/Users/Aggelos/Desktop/vivado/CHI-DMA/CHI-DMA.srcs/sim_1/new/TestRegSpace.sv:122]
WARNING: [VRFC 10-965] invalid size of integer constant literal [C:/Users/Aggelos/Desktop/vivado/CHI-DMA/CHI-DMA.srcs/sim_1/new/TestRegSpace.sv:123]
WARNING: [VRFC 10-965] invalid size of integer constant literal [C:/Users/Aggelos/Desktop/vivado/CHI-DMA/CHI-DMA.srcs/sim_1/new/TestRegSpace.sv:130]
WARNING: [VRFC 10-965] invalid size of integer constant literal [C:/Users/Aggelos/Desktop/vivado/CHI-DMA/CHI-DMA.srcs/sim_1/new/TestRegSpace.sv:131]
WARNING: [VRFC 10-965] invalid size of integer constant literal [C:/Users/Aggelos/Desktop/vivado/CHI-DMA/CHI-DMA.srcs/sim_1/new/TestRegSpace.sv:132]
WARNING: [VRFC 10-965] invalid size of integer constant literal [C:/Users/Aggelos/Desktop/vivado/CHI-DMA/CHI-DMA.srcs/sim_1/new/TestRegSpace.sv:133]
WARNING: [VRFC 10-965] invalid size of integer constant literal [C:/Users/Aggelos/Desktop/vivado/CHI-DMA/CHI-DMA.srcs/sim_1/new/TestRegSpace.sv:140]
WARNING: [VRFC 10-965] invalid size of integer constant literal [C:/Users/Aggelos/Desktop/vivado/CHI-DMA/CHI-DMA.srcs/sim_1/new/TestRegSpace.sv:141]
WARNING: [VRFC 10-965] invalid size of integer constant literal [C:/Users/Aggelos/Desktop/vivado/CHI-DMA/CHI-DMA.srcs/sim_1/new/TestRegSpace.sv:142]
WARNING: [VRFC 10-965] invalid size of integer constant literal [C:/Users/Aggelos/Desktop/vivado/CHI-DMA/CHI-DMA.srcs/sim_1/new/TestRegSpace.sv:143]
WARNING: [VRFC 10-965] invalid size of integer constant literal [C:/Users/Aggelos/Desktop/vivado/CHI-DMA/CHI-DMA.srcs/sim_1/new/TestRegSpace.sv:150]
WARNING: [VRFC 10-965] invalid size of integer constant literal [C:/Users/Aggelos/Desktop/vivado/CHI-DMA/CHI-DMA.srcs/sim_1/new/TestRegSpace.sv:151]
WARNING: [VRFC 10-965] invalid size of integer constant literal [C:/Users/Aggelos/Desktop/vivado/CHI-DMA/CHI-DMA.srcs/sim_1/new/TestRegSpace.sv:152]
WARNING: [VRFC 10-965] invalid size of integer constant literal [C:/Users/Aggelos/Desktop/vivado/CHI-DMA/CHI-DMA.srcs/sim_1/new/TestRegSpace.sv:153]
WARNING: [VRFC 10-965] invalid size of integer constant literal [C:/Users/Aggelos/Desktop/vivado/CHI-DMA/CHI-DMA.srcs/sim_1/new/TestRegSpace.sv:160]
WARNING: [VRFC 10-965] invalid size of integer constant literal [C:/Users/Aggelos/Desktop/vivado/CHI-DMA/CHI-DMA.srcs/sim_1/new/TestRegSpace.sv:161]
WARNING: [VRFC 10-965] invalid size of integer constant literal [C:/Users/Aggelos/Desktop/vivado/CHI-DMA/CHI-DMA.srcs/sim_1/new/TestRegSpace.sv:162]
WARNING: [VRFC 10-965] invalid size of integer constant literal [C:/Users/Aggelos/Desktop/vivado/CHI-DMA/CHI-DMA.srcs/sim_1/new/TestRegSpace.sv:163]
run_program: Time (s): cpu = 00:00:00 ; elapsed = 00:00:05 . Memory (MB): peak = 1100.613 ; gain = 0.000
INFO: [USF-XSim-69] 'compile' step finished in '5' seconds
INFO: [USF-XSim-3] XSim::Elaborate design
INFO: [USF-XSim-61] Executing 'ELABORATE' step in 'C:/Users/Aggelos/Desktop/vivado/CHI-DMA/CHI-DMA.sim/sim_1/behav/xsim'
