#
# A fatal error has been detected by the Java Runtime Environment:
#
#  EXCEPTION_ACCESS_VIOLATION (0xc0000005) at pc=0x000007fec7c4ed95, pid=15304, tid=12868
#
# JRE version: Java(TM) SE Runtime Environment (9.0+11) (build 9.0.4+11)
# Java VM: Java HotSpot(TM) 64-Bit Server VM (9.0.4+11, mixed mode, tiered, compressed oops, g1 gc, windows-amd64)
# Problematic frame:
# C  [librdi_common.dll+0x17ed95]
#
# No core dump will be written. Minidumps are not enabled by default on client versions of Windows
#
# If you would like to submit a bug report, please visit:
#   http://bugreport.java.com/bugreport/crash.jsp
# The crash happened outside the Java Virtual Machine in native code.
# See problematic frame for where to report the bug.
#

---------------  S U M M A R Y ------------

Command Line: -Dsun.java2d.pmoffscreen=false -Dsun.java2d.xrender=false -Dsun.java2d.d3d=false -Dsun.awt.nopixfmt=true -Dsun.java2d.dpiaware=true -Dsun.java2d.uiScale.enabled=false -Xverify:none -Dswing.aatext=true -XX:-UsePerfData -Djdk.map.althashing.threshold=512 -XX:StringTableSize=4072 --add-opens=java.base/java.nio=ALL-UNNAMED --add-opens=java.desktop/sun.swing=ALL-UNNAMED --add-opens=java.desktop/javax.swing=ALL-UNNAMED --add-opens=java.desktop/javax.swing.tree=ALL-UNNAMED --add-opens=java.desktop/javax.swing.plaf.basic=ALL-UNNAMED --add-opens=java.desktop/javax.swing.plaf.synth=ALL-UNNAMED --add-opens=java.desktop/com.sun.awt=ALL-UNNAMED -XX:NewSize=60m -XX:MaxNewSize=60m -Xms128m -Xmx3072m -Xss5m 

Host: Intel(R) Core(TM) i7-2820QM CPU @ 2.30GHz, 8 cores, 7G,  Windows 7 , 64 bit Build 7601 (6.1.7601.24545)
Time: Tue Aug 30 12:02:37 2022 Eanei? ?na GTB elapsed time: 1188 seconds (0d 0h 19m 48s)

---------------  T H R E A D  ---------------

Current thread (0x0000000034c6b800):  JavaThread "AWT-EventQueue-1" [_thread_in_native, id=12868, stack(0x0000000039b30000,0x000000003a030000)]

Stack: [0x0000000039b30000,0x000000003a030000],  sp=0x000000003a02ac60,  free space=5099k
Native frames: (J=compiled Java code, j=interpreted, Vv=VM code, C=native code)
C  [librdi_common.dll+0x17ed95]
C  [librdi_common.dll+0x173b75]
C  [librdi_common.dll+0x13cd4a]
C  0x000007fea19e21df
C  0x000007fea1a621ef
C  0x000007fea1a69f09
C  0x000007fea1a3a6cb
C  0x000007fea1a76e97
C  0x000000001e308275

Java frames: (J=compiled Java code, j=interpreted, Vv=VM code)
j  ui.views.waveform.waveformi.WVExecutive_getTooltipTextDelayed(J)Ljava/lang/String;+0
j  ui.views.waveform.executive.a.gZU()Ljava/lang/String;+4
j  ui.views.waveform.b.a.bJ(Ljava/awt/event/MouseEvent;)V+85
J 22166 c1 ui.views.waveform.b.a.mouseMoved(Ljava/awt/event/MouseEvent;)V (32 bytes) @ 0x000000001f71764c [0x000000001f717120+0x000000000000052c]
J 15182 c2 java.awt.AWTEventMulticaster.mouseMoved(Ljava/awt/event/MouseEvent;)V java.desktop@9.0.4 (27 bytes) @ 0x00000000269eebf4 [0x00000000269eeb40+0x00000000000000b4]
J 21628 c2 javax.swing.JComponent.processMouseMotionEvent(Ljava/awt/event/MouseEvent;)V java.desktop@9.0.4 (46 bytes) @ 0x0000000026a2af08 [0x0000000026a2ad00+0x0000000000000208]
J 22164 c1 ui.frmwork.c.i.processMouseMotionEvent(Ljava/awt/event/MouseEvent;)V (131 bytes) @ 0x000000001feaa4c4 [0x000000001fea9600+0x0000000000000ec4]
J 20145 c2 java.awt.Container.processEvent(Ljava/awt/AWTEvent;)V java.desktop@9.0.4 (22 bytes) @ 0x00000000270c1bf0 [0x00000000270c1a40+0x00000000000001b0]
J 22243 c1 java.awt.Component.dispatchEventImpl(Ljava/awt/AWTEvent;)V java.desktop@9.0.4 (739 bytes) @ 0x0000000020cd89d4 [0x0000000020cd4bc0+0x0000000000003e14]
J 20459 c2 java.awt.Container.dispatchEventImpl(Ljava/awt/AWTEvent;)V java.desktop@9.0.4 (129 bytes) @ 0x000000002714c938 [0x000000002714c8e0+0x0000000000000058]
J 21066 c2 java.awt.LightweightDispatcher.retargetMouseEvent(Ljava/awt/Component;ILjava/awt/event/MouseEvent;)V java.desktop@9.0.4 (350 bytes) @ 0x00000000267ac7c8 [0x00000000267ac260+0x0000000000000568]
J 22340 c2 java.awt.LightweightDispatcher.processMouseEvent(Ljava/awt/event/MouseEvent;)Z java.desktop@9.0.4 (265 bytes) @ 0x0000000026bef13c [0x0000000026beebe0+0x000000000000055c]
J 21622 c2 java.awt.Window.dispatchEventImpl(Ljava/awt/AWTEvent;)V java.desktop@9.0.4 (23 bytes) @ 0x0000000026a06250 [0x0000000026a05f00+0x0000000000000350]
J 13571 c2 java.awt.EventQueue$3.run()Ljava/lang/Object; java.desktop@9.0.4 (5 bytes) @ 0x00000000261fd3c8 [0x00000000261fd220+0x00000000000001a8]
v  ~StubRoutines::call_stub
J 3831  java.security.AccessController.doPrivileged(Ljava/security/PrivilegedAction;Ljava/security/AccessControlContext;)Ljava/lang/Object; java.base@9.0.4 (0 bytes) @ 0x0000000025fc6f46 [0x0000000025fc6ee0+0x0000000000000066]
J 15094 c2 java.awt.EventQueue$4.run()Ljava/lang/Object; java.desktop@9.0.4 (5 bytes) @ 0x00000000269a11a8 [0x00000000269a0f60+0x0000000000000248]
v  ~StubRoutines::call_stub
J 3831  java.security.AccessController.doPrivileged(Ljava/security/PrivilegedAction;Ljava/security/AccessControlContext;)Ljava/lang/Object; java.base@9.0.4 (0 bytes) @ 0x0000000025fc6f46 [0x0000000025fc6ee0+0x0000000000000066]
J 13562 c2 ui.frmwork.b.d.dispatchEvent(Ljava/awt/AWTEvent;)V (34 bytes) @ 0x0000000026315c88 [0x0000000026315860+0x0000000000000428]
J 21146 c2 java.awt.EventDispatchThread.pumpOneEventForFilters(I)V java.desktop@9.0.4 (218 bytes) @ 0x00000000267daad8 [0x00000000267da800+0x00000000000002d8]
J 18105% c1 java.awt.EventDispatchThread.pumpEventsForFilter(ILjava/awt/Conditional;Ljava/awt/EventFilter;)V java.desktop@9.0.4 (47 bytes) @ 0x000000002043be64 [0x000000002043bb20+0x0000000000000344]
j  java.awt.EventDispatchThread.pumpEventsForHierarchy(ILjava/awt/Conditional;Ljava/awt/Component;)V+11 java.desktop@9.0.4
j  java.awt.EventDispatchThread.pumpEvents(ILjava/awt/Conditional;)V+4 java.desktop@9.0.4
j  java.awt.EventDispatchThread.pumpEvents(Ljava/awt/Conditional;)V+3 java.desktop@9.0.4
j  java.awt.EventDispatchThread.run()V+9 java.desktop@9.0.4
v  ~StubRoutines::call_stub

siginfo: EXCEPTION_ACCESS_VIOLATION (0xc0000005), reading address 0xffffffffffffffff


Register to memory mapping:

RIP=0x000007fec7c4ed95 librdi_common.dll
RAX=0x000000000298ac01 is an unknown value
RBX=0x9000002869b62daf is an unknown value
RCX=0x000000000298ac40 is an unknown value
RDX=0x9000002869b62daf is an unknown value
RSP=0x000000003a02ac60 is pointing into the stack for thread: 0x0000000034c6b800
RBP=0x000000003a02ad90 is pointing into the stack for thread: 0x0000000034c6b800
RSI=0x000000004ccdc320 is an unknown value
RDI=0x000000003a02ae78 is pointing into the stack for thread: 0x0000000034c6b800
R8 =0x000000003a02ae78 is pointing into the stack for thread: 0x0000000034c6b800
R9 =0x0000000000000000 is an unknown value
R10=0x000007feeedf0000 VCRUNTIME140.dll
R11=0x000000003a02ae40 is pointing into the stack for thread: 0x0000000034c6b800
R12=0x000000003a02ae78 is pointing into the stack for thread: 0x0000000034c6b800
R13=0x0000000000000000 is an unknown value
R14=0x00000000002a1fa0 is an unknown value
R15=0x9000002869b62daf is an unknown value


Registers:
RAX=0x000000000298ac01, RBX=0x9000002869b62daf, RCX=0x000000000298ac40, RDX=0x9000002869b62daf
RSP=0x000000003a02ac60, RBP=0x000000003a02ad90, RSI=0x000000004ccdc320, RDI=0x000000003a02ae78
R8 =0x000000003a02ae78, R9 =0x0000000000000000, R10=0x000007feeedf0000, R11=0x000000003a02ae40
R12=0x000000003a02ae78, R13=0x0000000000000000, R14=0x00000000002a1fa0, R15=0x9000002869b62daf
RIP=0x000007fec7c4ed95, EFLAGS=0x0000000000010202

Top of Stack: (sp=0x000000003a02ac60)
0x000000003a02ac60:   000000003bb6c0e0 000007fee5f23107
0x000000003a02ac70:   000000003a02ad80 9000002869b62daf
0x000000003a02ac80:   9000002869b62daf 000007fec7c43b75
0x000000003a02ac90:   0000000000012273 000007fee5f2336f
0x000000003a02aca0:   000086faea6140a8 0000000000000000
0x000000003a02acb0:   000000003e3b2d70 000000003bb6c0e0
0x000000003a02acc0:   0000000000000002 000007fec7cac825
0x000000003a02acd0:   000000000c6bafc0 000000003bb6c0e8
0x000000003a02ace0:   000000003bb6c128 000000003bb6c0e0
0x000000003a02acf0:   fffffffffffffffe 000007fec8268aad
0x000000003a02ad00:   fffffffffffffffe 000007fec895dbc0
0x000000003a02ad10:   000000003bb6c0e0 0000000000344668
0x000000003a02ad20:   000000003a02ae78 000007fec7cabb16
0x000000003a02ad30:   000000003bb6c0e0 000000003a02ae78
0x000000003a02ad40:   0000000000000002 0000000000000000
0x000000003a02ad50:   fffffffffffffffe 000000000000000f 

Instructions: (pc=0x000007fec7c4ed95)
0x000007fec7c4ed75:   20 48 8b d9 e8 22 c4 04 00 48 8b c8 48 8b d3 e8
0x000007fec7c4ed85:   27 0d 05 00 84 c0 75 08 33 c0 48 83 c4 20 5b c3
0x000007fec7c4ed95:   48 8b 4b 50 48 85 c9 74 0a 48 83 c4 20 5b e9 68
0x000007fec7c4eda5:   e2 04 00 48 8b d3 48 8d 0d 66 ce 78 00 e8 59 b7 



---------------  P R O C E S S  ---------------

Java Threads: ( => current thread )
  0x000000000e501800 JavaThread "Relaunch Simulation Thread" [_thread_blocked, id=6668, stack(0x0000000054070000,0x0000000054570000)]
  0x0000000037508000 JavaThread "ForkJoinPool.commonPool-worker-9" daemon [_thread_blocked, id=3992, stack(0x00000000532c0000,0x00000000537c0000)]
  0x000000000e507000 JavaThread "SyntheticaAnimation 50" daemon [_thread_blocked, id=6320, stack(0x00000000527a0000,0x0000000052ca0000)]
  0x000000000e505000 JavaThread "Image Animator 3" daemon [_thread_blocked, id=8408, stack(0x000000003ca40000,0x000000003cf40000)]
  0x000000000e503000 JavaThread "Update Runs Swing Worker Thread" [_thread_blocked, id=11092, stack(0x000000004f0a0000,0x000000004f5a0000)]
  0x0000000037503800 JavaThread "hw_ila_monitor" [_thread_blocked, id=11068, stack(0x000000004cf10000,0x000000004d410000)]
  0x0000000037502000 JavaThread "Refresh Filesets Swing Worker Thread" [_thread_blocked, id=11296, stack(0x00000000363d0000,0x00000000368d0000)]
  0x0000000037507800 JavaThread "SyntheticaAnimation 70" daemon [_thread_blocked, id=9276, stack(0x0000000043ba0000,0x00000000440a0000)]
  0x0000000037506000 JavaThread "SyntheticaAnimation 25" daemon [_thread_blocked, id=12880, stack(0x0000000043050000,0x0000000043550000)]
  0x0000000037504800 JavaThread "SyntheticaAnimation 50" daemon [_thread_blocked, id=11524, stack(0x0000000041530000,0x0000000041a30000)]
  0x0000000037505000 JavaThread "Monitor HEventQueue Thread" [_thread_blocked, id=12224, stack(0x0000000040f30000,0x0000000041430000)]
  0x0000000037503000 JavaThread "SyntheticaCleanerThread" daemon [_thread_blocked, id=6832, stack(0x000000003b100000,0x000000003b600000)]
  0x0000000037501800 JavaThread "Batik CleanerThread" daemon [_thread_blocked, id=2812, stack(0x000000003a260000,0x000000003a760000)]
=>0x0000000034c6b800 JavaThread "AWT-EventQueue-1" [_thread_in_native, id=12868, stack(0x0000000039b30000,0x000000003a030000)]
  0x0000000034df7000 JavaThread "Process Messages Thread" [_thread_blocked, id=8320, stack(0x0000000039560000,0x0000000039a60000)]
  0x0000000034236800 JavaThread "Thread-1" [_thread_in_native, id=13340, stack(0x00000000035f0000,0x00000000049f0000)]
  0x0000000034da8000 JavaThread "TimerQueue" daemon [_thread_blocked, id=1684, stack(0x0000000036f20000,0x0000000037420000)]
  0x000000000ec9b000 JavaThread "AWT-Windows" daemon [_thread_in_native, id=13728, stack(0x0000000035b90000,0x0000000036090000)]
  0x000000000ec9a000 JavaThread "AWT-Shutdown" [_thread_blocked, id=11552, stack(0x00000000354f0000,0x00000000359f0000)]
  0x000000000ed4e800 JavaThread "Java2D Disposer" daemon [_thread_blocked, id=13276, stack(0x0000000034fd0000,0x00000000354d0000)]
  0x000000000e6da000 JavaThread "Service Thread" daemon [_thread_blocked, id=9096, stack(0x00000000339b0000,0x0000000033eb0000)]
  0x000000000e276000 JavaThread "Common-Cleaner" daemon [_thread_blocked, id=6056, stack(0x00000000331f0000,0x00000000336f0000)]
  0x000000000e0b4000 JavaThread "Sweeper thread" daemon [_thread_blocked, id=12740, stack(0x0000000032cd0000,0x00000000331d0000)]
  0x000000000e0b3800 JavaThread "C1 CompilerThread3" daemon [_thread_blocked, id=15120, stack(0x0000000032b20000,0x0000000032c20000)]
  0x000000000deff000 JavaThread "C2 CompilerThread2" daemon [_thread_blocked, id=14552, stack(0x00000000328e0000,0x00000000329e0000)]
  0x000000000defe000 JavaThread "C2 CompilerThread1" daemon [_thread_blocked, id=9824, stack(0x00000000329f0000,0x0000000032af0000)]
  0x000000000df3b000 JavaThread "C2 CompilerThread0" daemon [_thread_blocked, id=13732, stack(0x00000000327e0000,0x00000000328e0000)]
  0x000000000df3a000 JavaThread "Attach Listener" daemon [_thread_blocked, id=7652, stack(0x00000000321e0000,0x00000000326e0000)]
  0x000000000afed000 JavaThread "Signal Dispatcher" daemon [_thread_blocked, id=13944, stack(0x0000000031c90000,0x0000000032190000)]
  0x000000000e0dc800 JavaThread "Finalizer" daemon [_thread_blocked, id=5752, stack(0x0000000031640000,0x0000000031b40000)]
  0x000000000e0dc000 JavaThread "Reference Handler" daemon [_thread_blocked, id=14764, stack(0x0000000031070000,0x0000000031570000)]
  0x00000000094a0000 JavaThread "main" [_thread_blocked, id=9656, stack(0x0000000006d00000,0x0000000006e00000)]

Other Threads:
  0x000000000ae3e000 VMThread "VM Thread" [stack: 0x0000000030e80000,0x0000000030f80000] [id=4996]
  0x000000000e6f1000 WatcherThread [stack: 0x0000000033720000,0x0000000033820000] [id=12480]
  0x0000000009896800 GCTaskThread "GC Thread#0" [stack: 0x0000000006f10000,0x0000000007010000] [id=14756]
  0x00000000093d6000 GCTaskThread "GC Thread#1" [stack: 0x00000000071b0000,0x00000000072b0000] [id=9644]
  0x00000000093d6800 GCTaskThread "GC Thread#2" [stack: 0x0000000007340000,0x0000000007440000] [id=14076]
  0x00000000093d7800 GCTaskThread "GC Thread#3" [stack: 0x00000000074f0000,0x00000000075f0000] [id=10916]
  0x00000000093d8000 GCTaskThread "GC Thread#4" [stack: 0x0000000007090000,0x0000000007190000] [id=14560]
  0x00000000093d8800 GCTaskThread "GC Thread#5" [stack: 0x00000000076d0000,0x00000000077d0000] [id=6244]
  0x00000000093d9000 GCTaskThread "GC Thread#6" [stack: 0x0000000009a60000,0x0000000009b60000] [id=12144]
  0x00000000093da000 GCTaskThread "GC Thread#7" [stack: 0x0000000009c10000,0x0000000009d10000] [id=5168]
  0x000000000fc72800 ConcurrentGCThread "G1 Main Marker" [stack: 0x000000000b300000,0x000000000b400000] [id=10208]
  0x00000000093da800 ConcurrentGCThread "G1 Marker#0" [stack: 0x000000000ba10000,0x000000000bb10000] [id=15000]
  0x00000000093db000 ConcurrentGCThread "G1 Marker#1" [stack: 0x000000000f210000,0x000000000f310000] [id=15224]
  0x000000000fdce800 ConcurrentGCThread "G1 Refine#0" [stack: 0x000000000eea0000,0x000000000efa0000] [id=14156]
  0x000000000cd9a800 ConcurrentGCThread "G1 Refine#1" [stack: 0x000000000bcb0000,0x000000000bdb0000] [id=1620]
  0x000000000fad4800 ConcurrentGCThread "G1 Refine#2" [stack: 0x000000000ed50000,0x000000000ee50000] [id=13704]
  0x0000000009799800 ConcurrentGCThread "G1 Refine#3" [stack: 0x000000000bb40000,0x000000000bc40000] [id=14264]
  0x0000000009799000 ConcurrentGCThread "G1 Refine#4" [stack: 0x000000000b910000,0x000000000ba10000] [id=14952]
  0x000000000e007000 ConcurrentGCThread "G1 Refine#5" [stack: 0x000000000b740000,0x000000000b840000] [id=12232]
  0x000000000e121800 ConcurrentGCThread "G1 Refine#6" [stack: 0x000000000b590000,0x000000000b690000] [id=1988]
  0x000000000fc57000 ConcurrentGCThread "G1 Refine#7" [stack: 0x000000000b440000,0x000000000b540000] [id=13432]
  0x000000000fdcf000 ConcurrentGCThread "G1 Young RemSet Sampling" [stack: 0x000000000f030000,0x000000000f130000] [id=10536]

Threads with active compile tasks:

VM state:not at safepoint (normal execution)

VM Mutex/Monitor currently owned by a thread: None

Heap address: 0x0000000700000000, size: 3072 MB, Compressed Oops mode: Zero based, Oop shift amount: 3
Narrow klass base: 0x0000000000000000, Narrow klass shift: 3
Compressed class space size: 1073741824 Address: 0x00000007c0000000

Heap:
 garbage-first heap   total 251904K, used 128215K [0x0000000700000000, 0x00000007001007b0, 0x00000007c0000000)
  region size 1024K, 41 young (41984K), 0 survivors (0K)
 Metaspace       used 86013K, capacity 92137K, committed 92336K, reserved 1128448K
  class space    used 11610K, capacity 12679K, committed 12720K, reserved 1048576K
Heap Regions: E=young(eden), S=young(survivor), O=old, HS=humongous(starts), HC=humongous(continues), CS=collection set, F=free, A=archive, TS=gc time stamp, AC=allocation context, TAMS=top-at-mark-start (previous, next)
|   0|0x0000000700000000, 0x00000007000faee8, 0x0000000700100000| 98%| O|  |TS  0|AC  0|TAMS 0x0000000700000000, 0x0000000700000000|
|   1|0x0000000700100000, 0x00000007001cf1b0, 0x0000000700200000| 80%| O|  |TS  0|AC  0|TAMS 0x0000000700100000, 0x0000000700100000|
|   2|0x0000000700200000, 0x00000007002ef0c8, 0x0000000700300000| 93%| O|  |TS  0|AC  0|TAMS 0x0000000700200000, 0x0000000700200000|
|   3|0x0000000700300000, 0x00000007003fcc28, 0x0000000700400000| 98%| O|  |TS  0|AC  0|TAMS 0x0000000700300000, 0x0000000700300000|
|   4|0x0000000700400000, 0x0000000700500000, 0x0000000700500000|100%|HS|  |TS  0|AC  0|TAMS 0x0000000700400000, 0x0000000700400000|
|   5|0x0000000700500000, 0x0000000700600000, 0x0000000700600000|100%|HC|  |TS  0|AC  0|TAMS 0x0000000700500000, 0x0000000700500000|
|   6|0x0000000700600000, 0x0000000700700000, 0x0000000700700000|100%|HS|  |TS  0|AC  0|TAMS 0x0000000700600000, 0x0000000700600000|
|   7|0x0000000700700000, 0x00000007007ffed0, 0x0000000700800000| 99%| O|  |TS  0|AC  0|TAMS 0x0000000700700000, 0x0000000700700000|
|   8|0x0000000700800000, 0x0000000700900000, 0x0000000700900000|100%| O|  |TS  0|AC  0|TAMS 0x0000000700800000, 0x0000000700800000|
|   9|0x0000000700900000, 0x00000007009e96f0, 0x0000000700a00000| 91%| O|  |TS  0|AC  0|TAMS 0x0000000700900000, 0x0000000700900000|
|  10|0x0000000700a00000, 0x0000000700afffe8, 0x0000000700b00000| 99%| O|  |TS  0|AC  0|TAMS 0x0000000700a00000, 0x0000000700a00000|
|  11|0x0000000700b00000, 0x0000000700bffff0, 0x0000000700c00000| 99%| O|  |TS  0|AC  0|TAMS 0x0000000700b00000, 0x0000000700b00000|
|  12|0x0000000700c00000, 0x0000000700cfffd8, 0x0000000700d00000| 99%| O|  |TS  0|AC  0|TAMS 0x0000000700c00000, 0x0000000700c00000|
|  13|0x0000000700d00000, 0x0000000700dff1e0, 0x0000000700e00000| 99%| O|  |TS  0|AC  0|TAMS 0x0000000700d00000, 0x0000000700d00000|
|  14|0x0000000700e00000, 0x0000000700edee88, 0x0000000700f00000| 87%| O|  |TS  0|AC  0|TAMS 0x0000000700e00000, 0x0000000700e00000|
|  15|0x0000000700f00000, 0x0000000701000000, 0x0000000701000000|100%|HS|  |TS  0|AC  0|TAMS 0x0000000700f00000, 0x0000000700f00000|
|  16|0x0000000701000000, 0x00000007010ff928, 0x0000000701100000| 99%| O|  |TS  0|AC  0|TAMS 0x0000000701000000, 0x0000000701000000|
|  17|0x0000000701100000, 0x00000007011f0568, 0x0000000701200000| 93%| O|  |TS  0|AC  0|TAMS 0x0000000701100000, 0x0000000701100000|
|  18|0x0000000701200000, 0x00000007012ffff0, 0x0000000701300000| 99%| O|  |TS  0|AC  0|TAMS 0x0000000701200000, 0x0000000701200000|
|  19|0x0000000701300000, 0x00000007013fffd8, 0x0000000701400000| 99%| O|  |TS  0|AC  0|TAMS 0x0000000701300000, 0x0000000701300000|
|  20|0x0000000701400000, 0x00000007014f9da0, 0x0000000701500000| 97%| O|  |TS  0|AC  0|TAMS 0x0000000701400000, 0x0000000701400000|
|  21|0x0000000701500000, 0x00000007015ffff0, 0x0000000701600000| 99%| O|  |TS  0|AC  0|TAMS 0x0000000701500000, 0x0000000701500000|
|  22|0x0000000701600000, 0x00000007016fffd8, 0x0000000701700000| 99%| O|  |TS  0|AC  0|TAMS 0x0000000701600000, 0x0000000701600000|
|  23|0x0000000701700000, 0x00000007017ffff0, 0x0000000701800000| 99%| O|  |TS  0|AC  0|TAMS 0x0000000701700000, 0x0000000701700000|
|  24|0x0000000701800000, 0x0000000701900000, 0x0000000701900000|100%| O|  |TS  0|AC  0|TAMS 0x0000000701800000, 0x0000000701800000|
|  25|0x0000000701900000, 0x00000007019ffff0, 0x0000000701a00000| 99%| O|  |TS  0|AC  0|TAMS 0x0000000701900000, 0x0000000701900000|
|  26|0x0000000701a00000, 0x0000000701b00000, 0x0000000701b00000|100%| O|  |TS  0|AC  0|TAMS 0x0000000701a00000, 0x0000000701a00000|
|  27|0x0000000701b00000, 0x0000000701c00000, 0x0000000701c00000|100%| O|  |TS  0|AC  0|TAMS 0x0000000701b00000, 0x0000000701b00000|
|  28|0x0000000701c00000, 0x0000000701d00000, 0x0000000701d00000|100%| O|  |TS  0|AC  0|TAMS 0x0000000701c00000, 0x0000000701c00000|
|  29|0x0000000701d00000, 0x0000000701dfffc0, 0x0000000701e00000| 99%| O|  |TS  0|AC  0|TAMS 0x0000000701d00000, 0x0000000701d00000|
|  30|0x0000000701e00000, 0x0000000701effff8, 0x0000000701f00000| 99%| O|  |TS  0|AC  0|TAMS 0x0000000701e00000, 0x0000000701e00000|
|  31|0x0000000701f00000, 0x0000000701fffff8, 0x0000000702000000| 99%| O|  |TS  0|AC  0|TAMS 0x0000000701f00000, 0x0000000701f00000|
|  32|0x0000000702000000, 0x00000007020ffff0, 0x0000000702100000| 99%| O|  |TS  0|AC  0|TAMS 0x0000000702000000, 0x0000000702000000|
|  33|0x0000000702100000, 0x0000000702200000, 0x0000000702200000|100%| O|  |TS  0|AC  0|TAMS 0x0000000702100000, 0x0000000702100000|
|  34|0x0000000702200000, 0x00000007022ffff8, 0x0000000702300000| 99%| O|  |TS  0|AC  0|TAMS 0x0000000702200000, 0x0000000702200000|
|  35|0x0000000702300000, 0x00000007023ffff8, 0x0000000702400000| 99%| O|  |TS  0|AC  0|TAMS 0x0000000702300000, 0x0000000702300000|
|  36|0x0000000702400000, 0x00000007024ea428, 0x0000000702500000| 91%| O|  |TS  0|AC  0|TAMS 0x0000000702400000, 0x0000000702400000|
|  37|0x0000000702500000, 0x0000000702600000, 0x0000000702600000|100%| O|  |TS  0|AC  0|TAMS 0x0000000702500000, 0x0000000702500000|
|  38|0x0000000702600000, 0x00000007026fc148, 0x0000000702700000| 98%| O|  |TS  0|AC  0|TAMS 0x0000000702600000, 0x0000000702600000|
|  39|0x0000000702700000, 0x00000007027afcf8, 0x0000000702800000| 68%| O|  |TS  0|AC  0|TAMS 0x0000000702700000, 0x0000000702700000|
|  40|0x0000000702800000, 0x00000007028fffe0, 0x0000000702900000| 99%| O|  |TS  0|AC  0|TAMS 0x0000000702800000, 0x0000000702800000|
|  41|0x0000000702900000, 0x00000007029ffff8, 0x0000000702a00000| 99%| O|  |TS  0|AC  0|TAMS 0x0000000702900000, 0x0000000702900000|
|  42|0x0000000702a00000, 0x0000000702affff8, 0x0000000702b00000| 99%| O|  |TS  0|AC  0|TAMS 0x0000000702a00000, 0x0000000702a00000|
|  43|0x0000000702b00000, 0x0000000702bffff0, 0x0000000702c00000| 99%| O|  |TS  0|AC  0|TAMS 0x0000000702b00000, 0x0000000702b00000|
|  44|0x0000000702c00000, 0x0000000702cfffa8, 0x0000000702d00000| 99%| O|  |TS  0|AC  0|TAMS 0x0000000702c00000, 0x0000000702c00000|
|  45|0x0000000702d00000, 0x0000000702dffec0, 0x0000000702e00000| 99%| O|  |TS  0|AC  0|TAMS 0x0000000702d00000, 0x0000000702d00000|
|  46|0x0000000702e00000, 0x0000000702effff8, 0x0000000702f00000| 99%| O|  |TS  0|AC  0|TAMS 0x0000000702e00000, 0x0000000702e00000|
|  47|0x0000000702f00000, 0x0000000702ffffc8, 0x0000000703000000| 99%| O|  |TS  0|AC  0|TAMS 0x0000000702f00000, 0x0000000702f00000|
|  48|0x0000000703000000, 0x0000000703100000, 0x0000000703100000|100%|HS|  |TS  0|AC  0|TAMS 0x0000000703000000, 0x0000000703000000|
|  49|0x0000000703100000, 0x0000000703200000, 0x0000000703200000|100%|HC|  |TS  0|AC  0|TAMS 0x0000000703100000, 0x0000000703100000|
|  50|0x0000000703200000, 0x0000000703300000, 0x0000000703300000|100%|HC|  |TS  0|AC  0|TAMS 0x0000000703200000, 0x0000000703200000|
|  51|0x0000000703300000, 0x0000000703400000, 0x0000000703400000|100%|HC|  |TS  0|AC  0|TAMS 0x0000000703300000, 0x0000000703300000|
|  52|0x0000000703400000, 0x0000000703500000, 0x0000000703500000|100%|HC|  |TS  0|AC  0|TAMS 0x0000000703400000, 0x0000000703400000|
|  53|0x0000000703500000, 0x0000000703600000, 0x0000000703600000|100%|HC|  |TS  0|AC  0|TAMS 0x0000000703500000, 0x0000000703500000|
|  54|0x0000000703600000, 0x0000000703700000, 0x0000000703700000|100%|HC|  |TS  0|AC  0|TAMS 0x0000000703600000, 0x0000000703600000|
|  55|0x0000000703700000, 0x0000000703800000, 0x0000000703800000|100%|HC|  |TS  0|AC  0|TAMS 0x0000000703700000, 0x0000000703700000|
|  56|0x0000000703800000, 0x00000007038fffd0, 0x0000000703900000| 99%| O|  |TS  0|AC  0|TAMS 0x0000000703800000, 0x0000000703800000|
|  57|0x0000000703900000, 0x00000007039ffff0, 0x0000000703a00000| 99%| O|  |TS  0|AC  0|TAMS 0x0000000703900000, 0x0000000703900000|
|  58|0x0000000703a00000, 0x0000000703afffd8, 0x0000000703b00000| 99%| O|  |TS  0|AC  0|TAMS 0x0000000703a00000, 0x0000000703a00000|
|  59|0x0000000703b00000, 0x0000000703bfffe8, 0x0000000703c00000| 99%| O|  |TS  0|AC  0|TAMS 0x0000000703b00000, 0x0000000703b00000|
|  60|0x0000000703c00000, 0x0000000703cffff8, 0x0000000703d00000| 99%| O|  |TS  0|AC  0|TAMS 0x0000000703c00000, 0x0000000703c00000|
|  61|0x0000000703d00000, 0x0000000703dffff0, 0x0000000703e00000| 99%| O|  |TS  0|AC  0|TAMS 0x0000000703d00000, 0x0000000703d00000|
|  62|0x0000000703e00000, 0x0000000703f00000, 0x0000000703f00000|100%| O|  |TS  0|AC  0|TAMS 0x0000000703e00000, 0x0000000703e00000|
|  63|0x0000000703f00000, 0x0000000703fffff0, 0x0000000704000000| 99%| O|  |TS  0|AC  0|TAMS 0x0000000703f00000, 0x0000000703f00000|
|  64|0x0000000704000000, 0x00000007040ffff0, 0x0000000704100000| 99%| O|  |TS  0|AC  0|TAMS 0x0000000704000000, 0x0000000704000000|
|  65|0x0000000704100000, 0x00000007041fff68, 0x0000000704200000| 99%| O|  |TS  0|AC  0|TAMS 0x0000000704100000, 0x0000000704100000|
|  66|0x0000000704200000, 0x00000007042ffff8, 0x0000000704300000| 99%| O|  |TS  0|AC  0|TAMS 0x0000000704200000, 0x0000000704200000|
|  67|0x0000000704300000, 0x00000007043ff0d8, 0x0000000704400000| 99%| O|  |TS  0|AC  0|TAMS 0x0000000704300000, 0x0000000704300000|
|  68|0x0000000704400000, 0x00000007044fffd0, 0x0000000704500000| 99%| O|  |TS  0|AC  0|TAMS 0x0000000704400000, 0x0000000704400000|
|  69|0x0000000704500000, 0x00000007045ffff0, 0x0000000704600000| 99%| O|  |TS  0|AC  0|TAMS 0x0000000704500000, 0x0000000704500000|
|  70|0x0000000704600000, 0x00000007046ffff0, 0x0000000704700000| 99%| O|  |TS  0|AC  0|TAMS 0x0000000704600000, 0x0000000704600000|
|  71|0x0000000704700000, 0x00000007047fff38, 0x0000000704800000| 99%| O|  |TS  0|AC  0|TAMS 0x0000000704700000, 0x0000000704700000|
|  72|0x0000000704800000, 0x00000007048fdb40, 0x0000000704900000| 99%| O|  |TS  0|AC  0|TAMS 0x0000000704800000, 0x0000000704800000|
|  73|0x0000000704900000, 0x00000007049ffff0, 0x0000000704a00000| 99%| O|  |TS  0|AC  0|TAMS 0x0000000704900000, 0x0000000704900000|
|  74|0x0000000704a00000, 0x0000000704a3c568, 0x0000000704b00000| 23%| O|  |TS  0|AC  0|TAMS 0x0000000704a00000, 0x0000000704a00000|
|  75|0x0000000704b00000, 0x0000000704b00000, 0x0000000704c00000|  0%| F|  |TS  0|AC  0|TAMS 0x0000000704b00000, 0x0000000704b00000|
|  76|0x0000000704c00000, 0x0000000704c00000, 0x0000000704d00000|  0%| F|  |TS  0|AC  0|TAMS 0x0000000704c00000, 0x0000000704c00000|
|  77|0x0000000704d00000, 0x0000000704e00000, 0x0000000704e00000|100%|HS|  |TS  0|AC  0|TAMS 0x0000000704d00000, 0x0000000704d00000|
|  78|0x0000000704e00000, 0x0000000704f00000, 0x0000000704f00000|100%|HS|  |TS  0|AC  0|TAMS 0x0000000704e00000, 0x0000000704e00000|
|  79|0x0000000704f00000, 0x0000000705000000, 0x0000000705000000|100%|HS|  |TS  0|AC  0|TAMS 0x0000000704f00000, 0x0000000704f00000|
|  80|0x0000000705000000, 0x0000000705100000, 0x0000000705100000|100%|HS|  |TS  0|AC  0|TAMS 0x0000000705000000, 0x0000000705000000|
|  81|0x0000000705100000, 0x0000000705200000, 0x0000000705200000|100%|HS|  |TS  0|AC  0|TAMS 0x0000000705100000, 0x0000000705100000|
|  82|0x0000000705200000, 0x0000000705300000, 0x0000000705300000|100%|HC|  |TS  0|AC  0|TAMS 0x0000000705200000, 0x0000000705200000|
|  83|0x0000000705300000, 0x0000000705400000, 0x0000000705400000|100%|HS|  |TS  0|AC  0|TAMS 0x0000000705300000, 0x0000000705300000|
|  84|0x0000000705400000, 0x0000000705500000, 0x0000000705500000|100%|HC|  |TS  0|AC  0|TAMS 0x0000000705400000, 0x0000000705400000|
|  85|0x0000000705500000, 0x0000000705600000, 0x0000000705600000|100%|HC|  |TS  0|AC  0|TAMS 0x0000000705500000, 0x0000000705500000|
|  86|0x0000000705600000, 0x0000000705600000, 0x0000000705700000|  0%| F|  |TS  0|AC  0|TAMS 0x0000000705600000, 0x0000000705600000|
|  87|0x0000000705700000, 0x0000000705700000, 0x0000000705800000|  0%| F|  |TS  0|AC  0|TAMS 0x0000000705700000, 0x0000000705700000|
|  88|0x0000000705800000, 0x0000000705800000, 0x0000000705900000|  0%| F|  |TS  0|AC  0|TAMS 0x0000000705800000, 0x0000000705800000|
|  89|0x0000000705900000, 0x0000000705900000, 0x0000000705a00000|  0%| F|  |TS  0|AC  0|TAMS 0x0000000705900000, 0x0000000705900000|
|  90|0x0000000705a00000, 0x0000000705b00000, 0x0000000705b00000|100%|HS|  |TS  0|AC  0|TAMS 0x0000000705a00000, 0x0000000705a00000|
|  91|0x0000000705b00000, 0x0000000705c00000, 0x0000000705c00000|100%|HC|  |TS  0|AC  0|TAMS 0x0000000705b00000, 0x0000000705b00000|
|  92|0x0000000705c00000, 0x0000000705d00000, 0x0000000705d00000|100%|HC|  |TS  0|AC  0|TAMS 0x0000000705c00000, 0x0000000705c00000|
|  93|0x0000000705d00000, 0x0000000705d00000, 0x0000000705e00000|  0%| F|  |TS  0|AC  0|TAMS 0x0000000705d00000, 0x0000000705d00000|
|  94|0x0000000705e00000, 0x0000000705e00000, 0x0000000705f00000|  0%| F|  |TS  0|AC  0|TAMS 0x0000000705e00000, 0x0000000705e00000|
|  95|0x0000000705f00000, 0x0000000705f00000, 0x0000000706000000|  0%| F|  |TS  0|AC  0|TAMS 0x0000000705f00000, 0x0000000705f00000|
|  96|0x0000000706000000, 0x0000000706000000, 0x0000000706100000|  0%| F|  |TS  0|AC  0|TAMS 0x0000000706000000, 0x0000000706000000|
|  97|0x0000000706100000, 0x0000000706100000, 0x0000000706200000|  0%| F|  |TS  0|AC  0|TAMS 0x0000000706100000, 0x0000000706100000|
|  98|0x0000000706200000, 0x0000000706200000, 0x0000000706300000|  0%| F|  |TS  0|AC  0|TAMS 0x0000000706200000, 0x0000000706200000|
|  99|0x0000000706300000, 0x0000000706300000, 0x0000000706400000|  0%| F|  |TS  0|AC  0|TAMS 0x0000000706300000, 0x0000000706300000|
| 100|0x0000000706400000, 0x0000000706400000, 0x0000000706500000|  0%| F|  |TS  0|AC  0|TAMS 0x0000000706400000, 0x0000000706400000|
| 101|0x0000000706500000, 0x0000000706500000, 0x0000000706600000|  0%| F|  |TS  0|AC  0|TAMS 0x0000000706500000, 0x0000000706500000|
| 102|0x0000000706600000, 0x0000000706600000, 0x0000000706700000|  0%| F|  |TS  0|AC  0|TAMS 0x0000000706600000, 0x0000000706600000|
| 103|0x0000000706700000, 0x0000000706700000, 0x0000000706800000|  0%| F|  |TS  0|AC  0|TAMS 0x0000000706700000, 0x0000000706700000|
| 104|0x0000000706800000, 0x0000000706800000, 0x0000000706900000|  0%| F|  |TS  0|AC  0|TAMS 0x0000000706800000, 0x0000000706800000|
| 105|0x0000000706900000, 0x0000000706900000, 0x0000000706a00000|  0%| F|  |TS  0|AC  0|TAMS 0x0000000706900000, 0x0000000706900000|
| 106|0x0000000706a00000, 0x0000000706a00000, 0x0000000706b00000|  0%| F|  |TS  0|AC  0|TAMS 0x0000000706a00000, 0x0000000706a00000|
| 107|0x0000000706b00000, 0x0000000706b00000, 0x0000000706c00000|  0%| F|  |TS  0|AC  0|TAMS 0x0000000706b00000, 0x0000000706b00000|
| 108|0x0000000706c00000, 0x0000000706c00000, 0x0000000706d00000|  0%| F|  |TS  0|AC  0|TAMS 0x0000000706c00000, 0x0000000706c00000|
| 109|0x0000000706d00000, 0x0000000706d00000, 0x0000000706e00000|  0%| F|  |TS  0|AC  0|TAMS 0x0000000706d00000, 0x0000000706d00000|
| 110|0x0000000706e00000, 0x0000000706e00000, 0x0000000706f00000|  0%| F|  |TS  0|AC  0|TAMS 0x0000000706e00000, 0x0000000706e00000|
| 111|0x0000000706f00000, 0x0000000706f00000, 0x0000000707000000|  0%| F|  |TS  0|AC  0|TAMS 0x0000000706f00000, 0x0000000706f00000|
| 112|0x0000000707000000, 0x0000000707000000, 0x0000000707100000|  0%| F|  |TS  0|AC  0|TAMS 0x0000000707000000, 0x0000000707000000|
| 113|0x0000000707100000, 0x0000000707100000, 0x0000000707200000|  0%| F|  |TS  0|AC  0|TAMS 0x0000000707100000, 0x0000000707100000|
| 114|0x0000000707200000, 0x0000000707200000, 0x0000000707300000|  0%| F|  |TS  0|AC  0|TAMS 0x0000000707200000, 0x0000000707200000|
| 115|0x0000000707300000, 0x0000000707300000, 0x0000000707400000|  0%| F|  |TS  0|AC  0|TAMS 0x0000000707300000, 0x0000000707300000|
| 116|0x0000000707400000, 0x0000000707400000, 0x0000000707500000|  0%| F|  |TS  0|AC  0|TAMS 0x0000000707400000, 0x0000000707400000|
| 117|0x0000000707500000, 0x0000000707500000, 0x0000000707600000|  0%| F|  |TS  0|AC  0|TAMS 0x0000000707500000, 0x0000000707500000|
| 118|0x0000000707600000, 0x0000000707600000, 0x0000000707700000|  0%| F|  |TS  0|AC  0|TAMS 0x0000000707600000, 0x0000000707600000|
| 119|0x0000000707700000, 0x0000000707700000, 0x0000000707800000|  0%| F|  |TS  0|AC  0|TAMS 0x0000000707700000, 0x0000000707700000|
| 120|0x0000000707800000, 0x0000000707800000, 0x0000000707900000|  0%| F|  |TS  0|AC  0|TAMS 0x0000000707800000, 0x0000000707800000|
| 121|0x0000000707900000, 0x0000000707900000, 0x0000000707a00000|  0%| F|  |TS  0|AC  0|TAMS 0x0000000707900000, 0x0000000707900000|
| 122|0x0000000707a00000, 0x0000000707a00000, 0x0000000707b00000|  0%| F|  |TS  0|AC  0|TAMS 0x0000000707a00000, 0x0000000707a00000|
| 123|0x0000000707b00000, 0x0000000707b00000, 0x0000000707c00000|  0%| F|  |TS  0|AC  0|TAMS 0x0000000707b00000, 0x0000000707b00000|
| 124|0x0000000707c00000, 0x0000000707c00000, 0x0000000707d00000|  0%| F|  |TS  0|AC  0|TAMS 0x0000000707c00000, 0x0000000707c00000|
| 125|0x0000000707d00000, 0x0000000707d00000, 0x0000000707e00000|  0%| F|  |TS  0|AC  0|TAMS 0x0000000707d00000, 0x0000000707d00000|
| 126|0x0000000707e00000, 0x0000000707e00000, 0x0000000707f00000|  0%| F|  |TS  0|AC  0|TAMS 0x0000000707e00000, 0x0000000707e00000|
| 127|0x0000000707f00000, 0x0000000707f00000, 0x0000000708000000|  0%| F|  |TS  0|AC  0|TAMS 0x0000000707f00000, 0x0000000707f00000|
| 128|0x0000000708000000, 0x0000000708000000, 0x0000000708100000|  0%| F|  |TS  0|AC  0|TAMS 0x0000000708000000, 0x0000000708000000|
| 129|0x0000000708100000, 0x0000000708100000, 0x0000000708200000|  0%| F|  |TS  0|AC  0|TAMS 0x0000000708100000, 0x0000000708100000|
| 130|0x0000000708200000, 0x0000000708200000, 0x0000000708300000|  0%| F|  |TS  0|AC  0|TAMS 0x0000000708200000, 0x0000000708200000|
| 131|0x0000000708300000, 0x0000000708300000, 0x0000000708400000|  0%| F|  |TS  0|AC  0|TAMS 0x0000000708300000, 0x0000000708300000|
| 132|0x0000000708400000, 0x0000000708400000, 0x0000000708500000|  0%| F|  |TS  0|AC  0|TAMS 0x0000000708400000, 0x0000000708400000|
| 133|0x0000000708500000, 0x0000000708500000, 0x0000000708600000|  0%| F|  |TS  0|AC  0|TAMS 0x0000000708500000, 0x0000000708500000|
| 134|0x0000000708600000, 0x0000000708600000, 0x0000000708700000|  0%| F|  |TS  0|AC  0|TAMS 0x0000000708600000, 0x0000000708600000|
| 135|0x0000000708700000, 0x0000000708700000, 0x0000000708800000|  0%| F|  |TS  0|AC  0|TAMS 0x0000000708700000, 0x0000000708700000|
| 136|0x0000000708800000, 0x0000000708800000, 0x0000000708900000|  0%| F|  |TS  0|AC  0|TAMS 0x0000000708800000, 0x0000000708800000|
| 137|0x0000000708900000, 0x0000000708900000, 0x0000000708a00000|  0%| F|  |TS  0|AC  0|TAMS 0x0000000708900000, 0x0000000708900000|
| 138|0x0000000708a00000, 0x0000000708a00000, 0x0000000708b00000|  0%| F|  |TS  0|AC  0|TAMS 0x0000000708a00000, 0x0000000708a00000|
| 139|0x0000000708b00000, 0x0000000708b00000, 0x0000000708c00000|  0%| F|  |TS  0|AC  0|TAMS 0x0000000708b00000, 0x0000000708b00000|
| 140|0x0000000708c00000, 0x0000000708c00000, 0x0000000708d00000|  0%| F|  |TS  0|AC  0|TAMS 0x0000000708c00000, 0x0000000708c00000|
| 141|0x0000000708d00000, 0x0000000708d00000, 0x0000000708e00000|  0%| F|  |TS  0|AC  0|TAMS 0x0000000708d00000, 0x0000000708d00000|
| 142|0x0000000708e00000, 0x0000000708e00000, 0x0000000708f00000|  0%| F|  |TS  0|AC  0|TAMS 0x0000000708e00000, 0x0000000708e00000|
| 143|0x0000000708f00000, 0x0000000708f00000, 0x0000000709000000|  0%| F|  |TS  0|AC  0|TAMS 0x0000000708f00000, 0x0000000708f00000|
| 144|0x0000000709000000, 0x0000000709000000, 0x0000000709100000|  0%| F|  |TS  0|AC  0|TAMS 0x0000000709000000, 0x0000000709000000|
| 145|0x0000000709100000, 0x0000000709100000, 0x0000000709200000|  0%| F|  |TS  0|AC  0|TAMS 0x0000000709100000, 0x0000000709100000|
| 146|0x0000000709200000, 0x0000000709200000, 0x0000000709300000|  0%| F|  |TS  0|AC  0|TAMS 0x0000000709200000, 0x0000000709200000|
| 147|0x0000000709300000, 0x0000000709300000, 0x0000000709400000|  0%| F|  |TS  0|AC  0|TAMS 0x0000000709300000, 0x0000000709300000|
| 148|0x0000000709400000, 0x0000000709400000, 0x0000000709500000|  0%| F|  |TS  0|AC  0|TAMS 0x0000000709400000, 0x0000000709400000|
| 149|0x0000000709500000, 0x0000000709500000, 0x0000000709600000|  0%| F|  |TS  0|AC  0|TAMS 0x0000000709500000, 0x0000000709500000|
| 150|0x0000000709600000, 0x0000000709600000, 0x0000000709700000|  0%| F|  |TS  0|AC  0|TAMS 0x0000000709600000, 0x0000000709600000|
| 151|0x0000000709700000, 0x0000000709700000, 0x0000000709800000|  0%| F|  |TS  0|AC  0|TAMS 0x0000000709700000, 0x0000000709700000|
| 152|0x0000000709800000, 0x0000000709800000, 0x0000000709900000|  0%| F|  |TS  0|AC  0|TAMS 0x0000000709800000, 0x0000000709800000|
| 153|0x0000000709900000, 0x0000000709900000, 0x0000000709a00000|  0%| F|  |TS  0|AC  0|TAMS 0x0000000709900000, 0x0000000709900000|
| 154|0x0000000709a00000, 0x0000000709a00000, 0x0000000709b00000|  0%| F|  |TS  0|AC  0|TAMS 0x0000000709a00000, 0x0000000709a00000|
| 155|0x0000000709b00000, 0x0000000709b00000, 0x0000000709c00000|  0%| F|  |TS  0|AC  0|TAMS 0x0000000709b00000, 0x0000000709b00000|
| 156|0x0000000709c00000, 0x0000000709c00000, 0x0000000709d00000|  0%| F|  |TS  0|AC  0|TAMS 0x0000000709c00000, 0x0000000709c00000|
| 157|0x0000000709d00000, 0x0000000709d00000, 0x0000000709e00000|  0%| F|  |TS  0|AC  0|TAMS 0x0000000709d00000, 0x0000000709d00000|
| 158|0x0000000709e00000, 0x0000000709e00000, 0x0000000709f00000|  0%| F|  |TS  0|AC  0|TAMS 0x0000000709e00000, 0x0000000709e00000|
| 159|0x0000000709f00000, 0x0000000709f00000, 0x000000070a000000|  0%| F|  |TS  0|AC  0|TAMS 0x0000000709f00000, 0x0000000709f00000|
| 160|0x000000070a000000, 0x000000070a000000, 0x000000070a100000|  0%| F|  |TS  0|AC  0|TAMS 0x000000070a000000, 0x000000070a000000|
| 161|0x000000070a100000, 0x000000070a100000, 0x000000070a200000|  0%| F|  |TS  0|AC  0|TAMS 0x000000070a100000, 0x000000070a100000|
| 162|0x000000070a200000, 0x000000070a200000, 0x000000070a300000|  0%| F|  |TS  0|AC  0|TAMS 0x000000070a200000, 0x000000070a200000|
| 163|0x000000070a300000, 0x000000070a300000, 0x000000070a400000|  0%| F|  |TS  0|AC  0|TAMS 0x000000070a300000, 0x000000070a300000|
| 164|0x000000070a400000, 0x000000070a400000, 0x000000070a500000|  0%| F|  |TS  0|AC  0|TAMS 0x000000070a400000, 0x000000070a400000|
| 165|0x000000070a500000, 0x000000070a500000, 0x000000070a600000|  0%| F|  |TS  0|AC  0|TAMS 0x000000070a500000, 0x000000070a500000|
| 166|0x000000070a600000, 0x000000070a600000, 0x000000070a700000|  0%| F|  |TS  0|AC  0|TAMS 0x000000070a600000, 0x000000070a600000|
| 167|0x000000070a700000, 0x000000070a700000, 0x000000070a800000|  0%| F|  |TS  0|AC  0|TAMS 0x000000070a700000, 0x000000070a700000|
| 168|0x000000070a800000, 0x000000070a800000, 0x000000070a900000|  0%| F|  |TS  0|AC  0|TAMS 0x000000070a800000, 0x000000070a800000|
| 169|0x000000070a900000, 0x000000070a900000, 0x000000070aa00000|  0%| F|  |TS  0|AC  0|TAMS 0x000000070a900000, 0x000000070a900000|
| 170|0x000000070aa00000, 0x000000070aa00000, 0x000000070ab00000|  0%| F|  |TS  0|AC  0|TAMS 0x000000070aa00000, 0x000000070aa00000|
| 171|0x000000070ab00000, 0x000000070ab00000, 0x000000070ac00000|  0%| F|  |TS  0|AC  0|TAMS 0x000000070ab00000, 0x000000070ab00000|
| 172|0x000000070ac00000, 0x000000070ac00000, 0x000000070ad00000|  0%| F|  |TS  0|AC  0|TAMS 0x000000070ac00000, 0x000000070ac00000|
| 173|0x000000070ad00000, 0x000000070ad00000, 0x000000070ae00000|  0%| F|  |TS  0|AC  0|TAMS 0x000000070ad00000, 0x000000070ad00000|
| 174|0x000000070ae00000, 0x000000070ae00000, 0x000000070af00000|  0%| F|  |TS  0|AC  0|TAMS 0x000000070ae00000, 0x000000070ae00000|
| 175|0x000000070af00000, 0x000000070af00000, 0x000000070b000000|  0%| F|  |TS  0|AC  0|TAMS 0x000000070af00000, 0x000000070af00000|
| 176|0x000000070b000000, 0x000000070b000000, 0x000000070b100000|  0%| F|  |TS  0|AC  0|TAMS 0x000000070b000000, 0x000000070b000000|
| 177|0x000000070b100000, 0x000000070b100000, 0x000000070b200000|  0%| F|  |TS  0|AC  0|TAMS 0x000000070b100000, 0x000000070b100000|
| 178|0x000000070b200000, 0x000000070b200000, 0x000000070b300000|  0%| F|  |TS  0|AC  0|TAMS 0x000000070b200000, 0x000000070b200000|
| 179|0x000000070b300000, 0x000000070b300000, 0x000000070b400000|  0%| F|  |TS  0|AC  0|TAMS 0x000000070b300000, 0x000000070b300000|
| 180|0x000000070b400000, 0x000000070b400000, 0x000000070b500000|  0%| F|  |TS  0|AC  0|TAMS 0x000000070b400000, 0x000000070b400000|
| 181|0x000000070b500000, 0x000000070b500000, 0x000000070b600000|  0%| F|  |TS  0|AC  0|TAMS 0x000000070b500000, 0x000000070b500000|
| 182|0x000000070b600000, 0x000000070b600000, 0x000000070b700000|  0%| F|  |TS  0|AC  0|TAMS 0x000000070b600000, 0x000000070b600000|
| 183|0x000000070b700000, 0x000000070b700000, 0x000000070b800000|  0%| F|  |TS  0|AC  0|TAMS 0x000000070b700000, 0x000000070b700000|
| 184|0x000000070b800000, 0x000000070b800000, 0x000000070b900000|  0%| F|  |TS  0|AC  0|TAMS 0x000000070b800000, 0x000000070b800000|
| 185|0x000000070b900000, 0x000000070b900000, 0x000000070ba00000|  0%| F|  |TS  0|AC  0|TAMS 0x000000070b900000, 0x000000070b900000|
| 186|0x000000070ba00000, 0x000000070ba00000, 0x000000070bb00000|  0%| F|  |TS  0|AC  0|TAMS 0x000000070ba00000, 0x000000070ba00000|
| 187|0x000000070bb00000, 0x000000070bb00000, 0x000000070bc00000|  0%| F|  |TS  0|AC  0|TAMS 0x000000070bb00000, 0x000000070bb00000|
| 188|0x000000070bc00000, 0x000000070bc00000, 0x000000070bd00000|  0%| F|  |TS  0|AC  0|TAMS 0x000000070bc00000, 0x000000070bc00000|
| 189|0x000000070bd00000, 0x000000070bd00000, 0x000000070be00000|  0%| F|  |TS  0|AC  0|TAMS 0x000000070bd00000, 0x000000070bd00000|
| 190|0x000000070be00000, 0x000000070be00000, 0x000000070bf00000|  0%| F|  |TS  0|AC  0|TAMS 0x000000070be00000, 0x000000070be00000|
| 191|0x000000070bf00000, 0x000000070bf00000, 0x000000070c000000|  0%| F|  |TS  0|AC  0|TAMS 0x000000070bf00000, 0x000000070bf00000|
| 192|0x000000070c000000, 0x000000070c000000, 0x000000070c100000|  0%| F|  |TS  0|AC  0|TAMS 0x000000070c000000, 0x000000070c000000|
| 193|0x000000070c100000, 0x000000070c100000, 0x000000070c200000|  0%| F|  |TS  0|AC  0|TAMS 0x000000070c100000, 0x000000070c100000|
| 194|0x000000070c200000, 0x000000070c200000, 0x000000070c300000|  0%| F|  |TS  0|AC  0|TAMS 0x000000070c200000, 0x000000070c200000|
| 195|0x000000070c300000, 0x000000070c300000, 0x000000070c400000|  0%| F|  |TS  0|AC  0|TAMS 0x000000070c300000, 0x000000070c300000|
| 196|0x000000070c400000, 0x000000070c400000, 0x000000070c500000|  0%| F|  |TS  0|AC  0|TAMS 0x000000070c400000, 0x000000070c400000|
| 197|0x000000070c500000, 0x000000070c500000, 0x000000070c600000|  0%| F|  |TS  0|AC  0|TAMS 0x000000070c500000, 0x000000070c500000|
| 198|0x000000070c600000, 0x000000070c600000, 0x000000070c700000|  0%| F|  |TS  0|AC  0|TAMS 0x000000070c600000, 0x000000070c600000|
| 199|0x000000070c700000, 0x000000070c700000, 0x000000070c800000|  0%| F|  |TS  0|AC  0|TAMS 0x000000070c700000, 0x000000070c700000|
| 200|0x000000070c800000, 0x000000070c800000, 0x000000070c900000|  0%| F|  |TS  0|AC  0|TAMS 0x000000070c800000, 0x000000070c800000|
| 201|0x000000070c900000, 0x000000070c900000, 0x000000070ca00000|  0%| F|  |TS  0|AC  0|TAMS 0x000000070c900000, 0x000000070c900000|
| 202|0x000000070ca00000, 0x000000070ca00000, 0x000000070cb00000|  0%| F|  |TS  0|AC  0|TAMS 0x000000070ca00000, 0x000000070ca00000|
| 203|0x000000070cb00000, 0x000000070cb00000, 0x000000070cc00000|  0%| F|  |TS  0|AC  0|TAMS 0x000000070cb00000, 0x000000070cb00000|
| 204|0x000000070cc00000, 0x000000070cc00000, 0x000000070cd00000|  0%| F|  |TS  0|AC  0|TAMS 0x000000070cc00000, 0x000000070cc00000|
| 205|0x000000070cd00000, 0x000000070cd2c150, 0x000000070ce00000| 17%| E|  |TS  0|AC  0|TAMS 0x000000070cd00000, 0x000000070cd00000|
| 206|0x000000070ce00000, 0x000000070cf00000, 0x000000070cf00000|100%| E|CS|TS  0|AC  0|TAMS 0x000000070ce00000, 0x000000070ce00000|
| 207|0x000000070cf00000, 0x000000070d000000, 0x000000070d000000|100%| E|CS|TS  0|AC  0|TAMS 0x000000070cf00000, 0x000000070cf00000|
| 208|0x000000070d000000, 0x000000070d100000, 0x000000070d100000|100%| E|CS|TS  0|AC  0|TAMS 0x000000070d000000, 0x000000070d000000|
| 209|0x000000070d100000, 0x000000070d200000, 0x000000070d200000|100%| E|CS|TS  0|AC  0|TAMS 0x000000070d100000, 0x000000070d100000|
| 210|0x000000070d200000, 0x000000070d300000, 0x000000070d300000|100%| E|CS|TS  0|AC  0|TAMS 0x000000070d200000, 0x000000070d200000|
| 211|0x000000070d300000, 0x000000070d400000, 0x000000070d400000|100%| E|CS|TS  0|AC  0|TAMS 0x000000070d300000, 0x000000070d300000|
| 212|0x000000070d400000, 0x000000070d500000, 0x000000070d500000|100%| E|CS|TS  0|AC  0|TAMS 0x000000070d400000, 0x000000070d400000|
| 213|0x000000070d500000, 0x000000070d600000, 0x000000070d600000|100%| E|CS|TS  0|AC  0|TAMS 0x000000070d500000, 0x000000070d500000|
| 214|0x000000070d600000, 0x000000070d700000, 0x000000070d700000|100%| E|CS|TS  0|AC  0|TAMS 0x000000070d600000, 0x000000070d600000|
| 215|0x000000070d700000, 0x000000070d800000, 0x000000070d800000|100%| E|CS|TS  0|AC  0|TAMS 0x000000070d700000, 0x000000070d700000|
| 216|0x000000070d800000, 0x000000070d900000, 0x000000070d900000|100%| E|CS|TS  0|AC  0|TAMS 0x000000070d800000, 0x000000070d800000|
| 217|0x000000070d900000, 0x000000070da00000, 0x000000070da00000|100%| E|CS|TS  0|AC  0|TAMS 0x000000070d900000, 0x000000070d900000|
| 218|0x000000070da00000, 0x000000070db00000, 0x000000070db00000|100%| E|CS|TS  0|AC  0|TAMS 0x000000070da00000, 0x000000070da00000|
| 219|0x000000070db00000, 0x000000070dc00000, 0x000000070dc00000|100%| E|CS|TS  0|AC  0|TAMS 0x000000070db00000, 0x000000070db00000|
| 220|0x000000070dc00000, 0x000000070dd00000, 0x000000070dd00000|100%| E|CS|TS  0|AC  0|TAMS 0x000000070dc00000, 0x000000070dc00000|
| 221|0x000000070dd00000, 0x000000070de00000, 0x000000070de00000|100%| E|CS|TS  0|AC  0|TAMS 0x000000070dd00000, 0x000000070dd00000|
| 222|0x000000070de00000, 0x000000070df00000, 0x000000070df00000|100%| E|CS|TS  0|AC  0|TAMS 0x000000070de00000, 0x000000070de00000|
| 223|0x000000070df00000, 0x000000070e000000, 0x000000070e000000|100%| E|CS|TS  0|AC  0|TAMS 0x000000070df00000, 0x000000070df00000|
| 224|0x000000070e000000, 0x000000070e100000, 0x000000070e100000|100%| E|CS|TS  0|AC  0|TAMS 0x000000070e000000, 0x000000070e000000|
| 225|0x000000070e100000, 0x000000070e200000, 0x000000070e200000|100%| E|CS|TS  0|AC  0|TAMS 0x000000070e100000, 0x000000070e100000|
| 226|0x000000070e200000, 0x000000070e300000, 0x000000070e300000|100%| E|CS|TS  0|AC  0|TAMS 0x000000070e200000, 0x000000070e200000|
| 227|0x000000070e300000, 0x000000070e400000, 0x000000070e400000|100%| E|CS|TS  0|AC  0|TAMS 0x000000070e300000, 0x000000070e300000|
| 228|0x000000070e400000, 0x000000070e500000, 0x000000070e500000|100%| E|CS|TS  0|AC  0|TAMS 0x000000070e400000, 0x000000070e400000|
| 229|0x000000070e500000, 0x000000070e600000, 0x000000070e600000|100%| E|CS|TS  0|AC  0|TAMS 0x000000070e500000, 0x000000070e500000|
| 230|0x000000070e600000, 0x000000070e700000, 0x000000070e700000|100%| E|CS|TS  0|AC  0|TAMS 0x000000070e600000, 0x000000070e600000|
| 231|0x000000070e700000, 0x000000070e800000, 0x000000070e800000|100%| E|CS|TS  0|AC  0|TAMS 0x000000070e700000, 0x000000070e700000|
| 232|0x000000070e800000, 0x000000070e900000, 0x000000070e900000|100%| E|CS|TS  0|AC  0|TAMS 0x000000070e800000, 0x000000070e800000|
| 233|0x000000070e900000, 0x000000070ea00000, 0x000000070ea00000|100%| E|CS|TS  0|AC  0|TAMS 0x000000070e900000, 0x000000070e900000|
| 234|0x000000070ea00000, 0x000000070eb00000, 0x000000070eb00000|100%| E|CS|TS  0|AC  0|TAMS 0x000000070ea00000, 0x000000070ea00000|
| 235|0x000000070eb00000, 0x000000070ec00000, 0x000000070ec00000|100%| E|CS|TS  0|AC  0|TAMS 0x000000070eb00000, 0x000000070eb00000|
| 236|0x000000070ec00000, 0x000000070ed00000, 0x000000070ed00000|100%| E|CS|TS  0|AC  0|TAMS 0x000000070ec00000, 0x000000070ec00000|
| 237|0x000000070ed00000, 0x000000070ee00000, 0x000000070ee00000|100%| E|CS|TS  0|AC  0|TAMS 0x000000070ed00000, 0x000000070ed00000|
| 238|0x000000070ee00000, 0x000000070ef00000, 0x000000070ef00000|100%| E|CS|TS  0|AC  0|TAMS 0x000000070ee00000, 0x000000070ee00000|
| 239|0x000000070ef00000, 0x000000070f000000, 0x000000070f000000|100%| E|CS|TS  0|AC  0|TAMS 0x000000070ef00000, 0x000000070ef00000|
| 240|0x000000070f000000, 0x000000070f100000, 0x000000070f100000|100%| E|CS|TS  0|AC  0|TAMS 0x000000070f000000, 0x000000070f000000|
| 241|0x000000070f100000, 0x000000070f200000, 0x000000070f200000|100%| E|CS|TS  0|AC  0|TAMS 0x000000070f100000, 0x000000070f100000|
| 242|0x000000070f200000, 0x000000070f300000, 0x000000070f300000|100%| E|CS|TS  0|AC  0|TAMS 0x000000070f200000, 0x000000070f200000|
| 243|0x000000070f300000, 0x000000070f400000, 0x000000070f400000|100%| E|CS|TS  0|AC  0|TAMS 0x000000070f300000, 0x000000070f300000|
| 244|0x000000070f400000, 0x000000070f500000, 0x000000070f500000|100%| E|CS|TS  0|AC  0|TAMS 0x000000070f400000, 0x000000070f400000|
| 245|0x000000070f500000, 0x000000070f600000, 0x000000070f600000|100%| E|CS|TS  0|AC  0|TAMS 0x000000070f500000, 0x000000070f500000|

Card table byte_map: [0x00000000112b0000,0x00000000118b0000] byte_map_base: 0x000000000dab0000

Marking Bits (Prev, Next): (CMBitMap*) 0x000000000aaf9b80, (CMBitMap*) 0x000000000aaf9bb8
 Prev Bits: [0x0000000018db0000, 0x000000001bdb0000)
 Next Bits: [0x000000002d2f0000, 0x00000000302f0000)

Polling page: 0x00000000004c0000

CodeHeap 'non-profiled nmethods': size=120000Kb used=20679Kb max_used=20679Kb free=99320Kb
 bounds [0x0000000025dc0000, 0x0000000027210000, 0x000000002d2f0000]
CodeHeap 'profiled nmethods': size=120000Kb used=45229Kb max_used=45503Kb free=74770Kb
 bounds [0x000000001e890000, 0x0000000021570000, 0x0000000025dc0000]
CodeHeap 'non-nmethods': size=5760Kb used=1776Kb max_used=1834Kb free=3983Kb
 bounds [0x000000001e2f0000, 0x000000001e560000, 0x000000001e890000]
 total_blobs=32531 nmethods=17870 adapters=1119
 compilation: enabled

Compilation events (10 events):
Event: 1183.819 Thread 0x000000000deff000 22395       4       com.jidesoft.swing.JideBoxLayout::maximumLayoutSize (12 bytes)
Event: 1183.821 Thread 0x000000000deff000 nmethod 22395 0x0000000026bed110 code [0x0000000026bed2a0, 0x0000000026bed378]
Event: 1184.165 Thread 0x000000000e0b3800 22396   !   3       ui.data.p.d.bi::<init> (219 bytes)
Event: 1184.173 Thread 0x000000000e0b3800 nmethod 22396 0x00000000205b9e90 code [0x00000000205ba320, 0x00000000205bd0d8]
Event: 1184.186 Thread 0x000000000e0b3800 22397       1       ui.utils.b.a.c::eVz (5 bytes)
Event: 1184.186 Thread 0x000000000e0b3800 nmethod 22397 0x0000000026becd90 code [0x0000000026becf40, 0x0000000026bed050]
Event: 1184.413 Thread 0x000000000df3b000 22398       4       sun.java2d.pipe.SpanShapeRenderer::renderRect (357 bytes)
Event: 1184.444 Thread 0x000000000df3b000 nmethod 22398 0x0000000026ceb790 code [0x0000000026ceb9a0, 0x0000000026cec110]
Event: 1185.298 Thread 0x000000000defe000 22399   !   4       java.awt.KeyboardFocusManager::processCurrentLightweightRequests (345 bytes)
Event: 1185.432 Thread 0x000000000defe000 nmethod 22399 0x0000000026d53110 code [0x0000000026d53420, 0x0000000026d55520]

GC Heap History (10 events):
Event: 1174.832 GC heap before
{Heap before GC invocations=162 (full 28):
 garbage-first heap   total 251904K, used 144557K [0x0000000700000000, 0x00000007001007b0, 0x00000007c0000000)
  region size 1024K, 60 young (61440K), 0 survivors (0K)
 Metaspace       used 85976K, capacity 92137K, committed 92336K, reserved 1128448K
  class space    used 11610K, capacity 12679K, committed 12720K, reserved 1048576K
}
Event: 1174.839 GC heap after
{Heap after GC invocations=163 (full 28):
 garbage-first heap   total 251904K, used 83631K [0x0000000700000000, 0x00000007001007b0, 0x00000007c0000000)
  region size 1024K, 1 young (1024K), 1 survivors (1024K)
 Metaspace       used 85976K, capacity 92137K, committed 92336K, reserved 1128448K
  class space    used 11610K, capacity 12679K, committed 12720K, reserved 1048576K
}
Event: 1179.751 GC heap before
{Heap before GC invocations=163 (full 28):
 garbage-first heap   total 251904K, used 146095K [0x0000000700000000, 0x00000007001007b0, 0x00000007c0000000)
  region size 1024K, 60 young (61440K), 1 survivors (1024K)
 Metaspace       used 85987K, capacity 92137K, committed 92336K, reserved 1128448K
  class space    used 11610K, capacity 12679K, committed 12720K, reserved 1048576K
}
Event: 1179.763 GC heap after
{Heap after GC invocations=164 (full 28):
 garbage-first heap   total 251904K, used 85807K [0x0000000700000000, 0x00000007001007b0, 0x00000007c0000000)
  region size 1024K, 1 young (1024K), 1 survivors (1024K)
 Metaspace       used 85987K, capacity 92137K, committed 92336K, reserved 1128448K
  class space    used 11610K, capacity 12679K, committed 12720K, reserved 1048576K
}
Event: 1179.861 GC heap before
{Heap before GC invocations=164 (full 28):
 garbage-first heap   total 251904K, used 89903K [0x0000000700000000, 0x00000007001007b0, 0x00000007c0000000)
  region size 1024K, 4 young (4096K), 1 survivors (1024K)
 Metaspace       used 85987K, capacity 92137K, committed 92336K, reserved 1128448K
  class space    used 11610K, capacity 12679K, committed 12720K, reserved 1048576K
}
Event: 1179.868 GC heap after
{Heap after GC invocations=165 (full 28):
 garbage-first heap   total 251904K, used 87705K [0x0000000700000000, 0x00000007001007b0, 0x00000007c0000000)
  region size 1024K, 1 young (1024K), 1 survivors (1024K)
 Metaspace       used 85987K, capacity 92137K, committed 92336K, reserved 1128448K
  class space    used 11610K, capacity 12679K, committed 12720K, reserved 1048576K
}
Event: 1181.559 GC heap before
{Heap before GC invocations=165 (full 28):
 garbage-first heap   total 251904K, used 148121K [0x0000000700000000, 0x00000007001007b0, 0x00000007c0000000)
  region size 1024K, 60 young (61440K), 1 survivors (1024K)
 Metaspace       used 86010K, capacity 92137K, committed 92336K, reserved 1128448K
  class space    used 11610K, capacity 12679K, committed 12720K, reserved 1048576K
}
Event: 1181.616 GC heap after
{Heap after GC invocations=166 (full 28):
 garbage-first heap   total 251904K, used 85849K [0x0000000700000000, 0x00000007001007b0, 0x00000007c0000000)
  region size 1024K, 1 young (1024K), 1 survivors (1024K)
 Metaspace       used 86010K, capacity 92137K, committed 92336K, reserved 1128448K
  class space    used 11610K, capacity 12679K, committed 12720K, reserved 1048576K
}
Event: 1182.010 GC heap before
{Heap before GC invocations=166 (full 28):
 garbage-first heap   total 251904K, used 112473K [0x0000000700000000, 0x00000007001007b0, 0x00000007c0000000)
  region size 1024K, 22 young (22528K), 1 survivors (1024K)
 Metaspace       used 86010K, capacity 92137K, committed 92336K, reserved 1128448K
  class space    used 11610K, capacity 12679K, committed 12720K, reserved 1048576K
}
Event: 1182.614 GC heap after
{Heap after GC invocations=167 (full 29):
 garbage-first heap   total 251904K, used 84183K [0x0000000700000000, 0x00000007001007b0, 0x00000007c0000000)
  region size 1024K, 0 young (0K), 0 survivors (0K)
 Metaspace       used 86010K, capacity 92137K, committed 92336K, reserved 1128448K
  class space    used 11610K, capacity 12679K, committed 12720K, reserved 1048576K
}

Deoptimization events (10 events):
Event: 1161.337 Thread 0x0000000034c6b800 Uncommon trap: reason=unstable_if action=reinterpret pc=0x0000000026e04fc0 method=java.awt.font.FontRenderContext.getTransform()Ljava/awt/geom/AffineTransform; @ 4 c2
Event: 1161.337 Thread 0x0000000034c6b800 Uncommon trap: reason=unstable_if action=reinterpret pc=0x000000002626bb7c method=sun.font.StandardGlyphVector$GlyphStrike.create(Lsun/font/StandardGlyphVector;Ljava/awt/geom/AffineTransform;Ljava/awt/geom/AffineTransform;)Lsun/font/StandardGlyphVector$Gl
Event: 1161.418 Thread 0x0000000034c6b800 Uncommon trap: reason=unstable_if action=reinterpret pc=0x0000000026a2ef1c method=java.awt.KeyboardFocusManager.retargetFocusEvent(Ljava/awt/AWTEvent;)Ljava/awt/AWTEvent; @ 129 c2
Event: 1164.457 Thread 0x0000000034c6b800 Uncommon trap: reason=unstable_if action=reinterpret pc=0x00000000265ac2e4 method=javax.swing.JComponent.paintChildren(Ljava/awt/Graphics;)V @ 384 c2
Event: 1167.925 Thread 0x0000000034c6b800 Uncommon trap: reason=range_check action=make_not_entrant pc=0x0000000026d8a818 method=java.awt.geom.AffineTransform.<init>([D)V @ 7 c2
Event: 1175.777 Thread 0x0000000034c6b800 Uncommon trap: reason=unstable_if action=reinterpret pc=0x0000000026ba115c method=java.awt.font.FontRenderContext.equals(Ljava/awt/font/FontRenderContext;)Z @ 53 c2
Event: 1179.717 Thread 0x0000000034c6b800 Uncommon trap: reason=unstable_if action=reinterpret pc=0x0000000026fb829c method=java.awt.Container.clearCurrentFocusCycleRootOnHide()V @ 19 c2
Event: 1180.127 Thread 0x0000000034c6b800 Uncommon trap: reason=unstable_if action=reinterpret pc=0x00000000263a1994 method=java.awt.font.FontRenderContext.equals(Ljava/awt/font/FontRenderContext;)Z @ 60 c2
Event: 1186.706 Thread 0x0000000034c6b800 Uncommon trap: reason=null_check action=make_not_entrant pc=0x000000002650b9ec method=javax.swing.KeyboardManager.fireKeyboardAction(Ljava/awt/event/KeyEvent;ZLjava/awt/Container;)Z @ 330 c2
Event: 1188.910 Thread 0x0000000034c6b800 Uncommon trap: reason=class_check action=maybe_recompile pc=0x0000000026daaa44 method=javax.swing.plaf.synth.ParsedSynthStyle$DelegatingPainter.paintPanelBackground(Ljavax/swing/plaf/synth/SynthContext;Ljava/awt/Graphics;IIII)V @ 16 c2

Classes redefined (0 events):
No events

Internal exceptions (10 events):
Event: 815.344 Thread 0x0000000034c6b800 Exception <a 'java/lang/NoSuchMethodError'{0x000000070e77c338}: java.lang.invoke.DelegatingMethodHandle$Holder.reinvoke_L(Ljava/lang/Object;Ljava/lang/Object;Ljava/lang/Object;Ljava/lang/Object;Ljava/lang/Object;IILjava/lang/Object;Ljava/lang/Object;IILja
Event: 815.357 Thread 0x0000000034c6b800 Exception <a 'java/lang/NoSuchMethodError'{0x000000070e7b5358}: java.lang.invoke.DirectMethodHandle$Holder.invokeSpecial(Ljava/lang/Object;Ljava/lang/Object;ILjava/lang/Object;)V> (0x000000070e7b5358) thrown at [t:/workspace/hotspot/src/share/vm/interpret
Event: 815.358 Thread 0x0000000034c6b800 Exception <a 'java/lang/NoSuchMethodError'{0x000000070e7bac80}: java.lang.invoke.DirectMethodHandle$Holder.invokeStatic(Ljava/lang/Object;Ljava/lang/Object;ILjava/lang/Object;)Ljava/lang/Object;> (0x000000070e7bac80) thrown at [t:/workspace/hotspot/src/sh
Event: 815.755 Thread 0x0000000034c6b800 Exception <a 'java/lang/NoSuchMethodError'{0x000000070c99ce60}: method resolution failed> (0x000000070c99ce60) thrown at [t:/workspace/hotspot/src/share/vm/prims/methodHandles.cpp, line 1256]
Event: 815.756 Thread 0x0000000034c6b800 Exception <a 'java/lang/NoSuchMethodError'{0x000000070c9a0f98}: java.lang.invoke.DelegatingMethodHandle$Holder.reinvoke_L(Ljava/lang/Object;Ljava/lang/Object;IILjava/lang/Object;Ljava/lang/Object;ILjava/lang/Object;II)Ljava/lang/Object;> (0x000000070c9a0f
Event: 815.764 Thread 0x0000000034c6b800 Exception <a 'java/lang/NoSuchMethodError'{0x000000070c80e748}: java.lang.invoke.DirectMethodHandle$Holder.invokeSpecial(Ljava/lang/Object;Ljava/lang/Object;IIILjava/lang/Object;Ljava/lang/Object;ILjava/lang/Object;II)Ljava/lang/Object;> (0x000000070c80e7
Event: 815.764 Thread 0x0000000034c6b800 Exception <a 'java/lang/NoSuchMethodError'{0x000000070c812270}: java.lang.invoke.DelegatingMethodHandle$Holder.reinvoke_L(Ljava/lang/Object;IIILjava/lang/Object;Ljava/lang/Object;ILjava/lang/Object;II)Ljava/lang/Object;> (0x000000070c812270) thrown at [t:
Event: 815.768 Thread 0x0000000034c6b800 Exception <a 'java/lang/NoSuchMethodError'{0x000000070c830530}: method resolution failed> (0x000000070c830530) thrown at [t:/workspace/hotspot/src/share/vm/prims/methodHandles.cpp, line 1256]
Event: 955.056 Thread 0x0000000034c6b800 Exception <a 'java/lang/NoSuchMethodError'{0x000000070d111ed0}: java.lang.invoke.DirectMethodHandle$Holder.invokeSpecial(Ljava/lang/Object;Ljava/lang/Object;IILjava/lang/Object;ILjava/lang/Object;I)Ljava/lang/Object;> (0x000000070d111ed0) thrown at [t:/wo
Event: 955.056 Thread 0x0000000034c6b800 Exception <a 'java/lang/NoSuchMethodError'{0x000000070d115640}: java.lang.invoke.DelegatingMethodHandle$Holder.reinvoke_L(Ljava/lang/Object;IILjava/lang/Object;ILjava/lang/Object;I)Ljava/lang/Object;> (0x000000070d115640) thrown at [t:/workspace/hotspot/s

Events (10 events):
Event: 1186.706 Thread 0x0000000034c6b800 Uncommon trap: trap_request=0xfffffff4 fr.pc=0x000000002650b9ec relative=0x000000000000068c
Event: 1186.706 Thread 0x0000000034c6b800 DEOPT PACKING pc=0x000000002650b9ec sp=0x000000003a025750
Event: 1186.706 Thread 0x0000000034c6b800 DEOPT UNPACKING pc=0x000000001e33df21 sp=0x000000003a025788 mode 2
Event: 1187.619 Thread 0x000000000e502800 Thread added: 0x000000000e502800
Event: 1187.633 Thread 0x000000000e502800 Thread exited: 0x000000000e502800
Event: 1188.910 Thread 0x0000000034c6b800 Uncommon trap: trap_request=0xffffffde fr.pc=0x0000000026daaa44 relative=0x0000000000000544
Event: 1188.910 Thread 0x0000000034c6b800 DEOPT PACKING pc=0x0000000026daaa44 sp=0x000000003a02a0e0
Event: 1188.910 Thread 0x0000000034c6b800 DEOPT UNPACKING pc=0x000000001e33df21 sp=0x000000003a02a058 mode 2
Event: 1188.925 Executing VM operation: BulkRevokeBias
Event: 1188.926 Executing VM operation: BulkRevokeBias done


Dynamic libraries:
0x000000013fd80000 - 0x000000013fdb0000 	F:\VivadoInstallation\vivadoInst\Vivado\2019.2\bin\unwrapped\win64.o\vivado.exe
0x0000000076ee0000 - 0x000000007707f000 	C:\Windows\SYSTEM32\ntdll.dll
0x0000000076dc0000 - 0x0000000076edf000 	C:\Windows\system32\kernel32.dll
0x000007fefcaa0000 - 0x000007fefcb07000 	C:\Windows\system32\KERNELBASE.dll
0x000007fee2570000 - 0x000007fee2584000 	F:\VivadoInstallation\vivadoInst\Vivado\2019.2\lib\win64.o\libboost_signals.dll
0x000007fee5f10000 - 0x000007fee5f9d000 	C:\Windows\system32\MSVCP140.dll
0x000007feeedf0000 - 0x000007feeee0b000 	C:\Windows\system32\VCRUNTIME140.dll
0x000007fef0080000 - 0x000007fef0084000 	C:\Windows\system32\api-ms-win-crt-runtime-l1-1-0.dll
0x000007fec8da0000 - 0x000007fec8e94000 	C:\Windows\system32\ucrtbase.DLL
0x000007feef9a0000 - 0x000007feef9a3000 	C:\Windows\system32\api-ms-win-core-timezone-l1-1-0.dll
0x000007feee4e0000 - 0x000007feee4e3000 	C:\Windows\system32\api-ms-win-core-file-l2-1-0.dll
0x000007feed430000 - 0x000007feed433000 	C:\Windows\system32\api-ms-win-core-localization-l1-2-0.dll
0x000007fef7c10000 - 0x000007fef7c13000 	C:\Windows\system32\api-ms-win-core-synch-l1-2-0.dll
0x000007feed420000 - 0x000007feed423000 	C:\Windows\system32\api-ms-win-core-processthreads-l1-1-1.dll
0x000007feeb720000 - 0x000007feeb723000 	C:\Windows\system32\api-ms-win-core-file-l1-2-0.dll
0x000007fee82c0000 - 0x000007fee82c3000 	C:\Windows\system32\api-ms-win-crt-heap-l1-1-0.dll
0x000007fee82b0000 - 0x000007fee82b4000 	C:\Windows\system32\api-ms-win-crt-string-l1-1-0.dll
0x000007fee82a0000 - 0x000007fee82a4000 	C:\Windows\system32\api-ms-win-crt-stdio-l1-1-0.dll
0x000007fee8290000 - 0x000007fee8294000 	C:\Windows\system32\api-ms-win-crt-convert-l1-1-0.dll
0x000007fee8280000 - 0x000007fee828c000 	C:\Windows\system32\VCRUNTIME140_1.dll
0x000007fee6800000 - 0x000007fee6803000 	C:\Windows\system32\api-ms-win-crt-locale-l1-1-0.dll
0x000007fee5f00000 - 0x000007fee5f03000 	C:\Windows\system32\api-ms-win-crt-filesystem-l1-1-0.dll
0x000007fee5ef0000 - 0x000007fee5ef3000 	C:\Windows\system32\api-ms-win-crt-time-l1-1-0.dll
0x000007fee5ee0000 - 0x000007fee5ee3000 	C:\Windows\system32\api-ms-win-crt-environment-l1-1-0.dll
0x000007fee5c60000 - 0x000007fee5c65000 	C:\Windows\system32\api-ms-win-crt-math-l1-1-0.dll
0x000007fee5880000 - 0x000007fee5883000 	C:\Windows\system32\api-ms-win-crt-utility-l1-1-0.dll
0x000007fec7ad0000 - 0x000007fec8a13000 	F:\VivadoInstallation\vivadoInst\Vivado\2019.2\lib\win64.o\librdi_common.dll
0x000007fec7760000 - 0x000007fec7ace000 	F:\VivadoInstallation\vivadoInst\Vivado\2019.2\lib\win64.o\libCOIN-all.dll
0x000007fee22e0000 - 0x000007fee22f4000 	F:\VivadoInstallation\vivadoInst\Vivado\2019.2\lib\win64.o\libboost_date_time.dll
0x000007fed44a0000 - 0x000007fed44c6000 	F:\VivadoInstallation\vivadoInst\Vivado\2019.2\lib\win64.o\libboost_filesystem.dll
0x000007fee5840000 - 0x000007fee584b000 	F:\VivadoInstallation\vivadoInst\Vivado\2019.2\lib\win64.o\libboost_system.dll
0x000007fefd9a0000 - 0x000007fefda7b000 	C:\Windows\system32\ADVAPI32.dll
0x000007feff0c0000 - 0x000007feff15f000 	C:\Windows\system32\msvcrt.dll
0x000007fefda80000 - 0x000007fefda9f000 	C:\Windows\SYSTEM32\sechost.dll
0x000007fefcdf0000 - 0x000007fefcf1c000 	C:\Windows\system32\RPCRT4.dll
0x000007feccfe0000 - 0x000007fecd05f000 	F:\VivadoInstallation\vivadoInst\Vivado\2019.2\lib\win64.o\libboost_program_options.dll
0x000007fec7640000 - 0x000007fec7754000 	F:\VivadoInstallation\vivadoInst\Vivado\2019.2\lib\win64.o\libboost_regex.dll
0x0000000076cc0000 - 0x0000000076dbb000 	C:\Windows\system32\USER32.dll
0x000007feff160000 - 0x000007feff1c7000 	C:\Windows\system32\GDI32.dll
0x000007feff0b0000 - 0x000007feff0be000 	C:\Windows\system32\LPK.dll
0x000007fefefe0000 - 0x000007feff0ab000 	C:\Windows\system32\USP10.dll
0x000007fec7610000 - 0x000007fec7631000 	F:\VivadoInstallation\vivadoInst\Vivado\2019.2\lib\win64.o\libboost_thread.dll
0x000007fee3970000 - 0x000007fee397d000 	F:\VivadoInstallation\vivadoInst\Vivado\2019.2\lib\win64.o\libboost_chrono.dll
0x000007fee2260000 - 0x000007fee226f000 	F:\VivadoInstallation\vivadoInst\Vivado\2019.2\lib\win64.o\libboost_xilinx.dll
0x000007fec7580000 - 0x000007fec7602000 	F:\VivadoInstallation\vivadoInst\Vivado\2019.2\lib\win64.o\libhdlpsolve.dll
0x000007fec74d0000 - 0x000007fec7575000 	F:\VivadoInstallation\vivadoInst\Vivado\2019.2\lib\win64.o\libhdxml.dll
0x000007fec68d0000 - 0x000007fec74cc200 	F:\VivadoInstallation\vivadoInst\Vivado\2019.2\lib\win64.o\libisl_iostreams.dll
0x000007fee2020000 - 0x000007fee203b000 	F:\VivadoInstallation\vivadoInst\Vivado\2019.2\lib\win64.o\libboost_iostreams.dll
0x000007fec68a0000 - 0x000007fec68c1000 	F:\VivadoInstallation\vivadoInst\Vivado\2019.2\lib\win64.o\librdizlib.dll
0x000007fec6870000 - 0x000007fec6895000 	F:\VivadoInstallation\vivadoInst\Vivado\2019.2\lib\win64.o\libisl_iosutils.dll
0x000007fecaf10000 - 0x000007fecaf2a000 	F:\VivadoInstallation\vivadoInst\Vivado\2019.2\lib\win64.o\pthreadVC2.dll
0x000007fefa070000 - 0x000007fefa079000 	C:\Windows\system32\WSOCK32.dll
0x000007fefdae0000 - 0x000007fefdb2d000 	C:\Windows\system32\WS2_32.dll
0x000007fefdad0000 - 0x000007fefdad8000 	C:\Windows\system32\NSI.dll
0x000007fefc3b0000 - 0x000007fefc3d2000 	C:\Windows\system32\bcrypt.dll
0x000007fec6840000 - 0x000007fec686e000 	F:\VivadoInstallation\vivadoInst\Vivado\2019.2\lib\win64.o\libisl_sysinfo.dll
0x000007fec67d0000 - 0x000007fec6835000 	F:\VivadoInstallation\vivadoInst\Vivado\2019.2\lib\win64.o\liblmx6.0.dll
0x000007fec6620000 - 0x000007fec67c1000 	F:\VivadoInstallation\vivadoInst\Vivado\2019.2\lib\win64.o\librdi_commonxillic.dll
0x000007fec6340000 - 0x000007fec661b000 	F:\VivadoInstallation\vivadoInst\Vivado\2019.2\lib\win64.o\libXil_lmgr11.dll
0x000007fefa680000 - 0x000007fefa696000 	C:\Windows\system32\NETAPI32.dll
0x000007fefa660000 - 0x000007fefa66c000 	C:\Windows\system32\netutils.dll
0x000007fefc500000 - 0x000007fefc523000 	C:\Windows\system32\srvcli.dll
0x000007fefa4a0000 - 0x000007fefa4b5000 	C:\Windows\system32\wkscli.dll
0x000007fefd5d0000 - 0x000007fefd667000 	C:\Windows\system32\COMDLG32.dll
0x000007fefebe0000 - 0x000007fefec51000 	C:\Windows\system32\SHLWAPI.dll
0x000007fef92b0000 - 0x000007fef9350000 	C:\Windows\WinSxS\amd64_microsoft.windows.common-controls_6595b64144ccf1df_5.82.7601.18837_none_a4d981ff711297b6\COMCTL32.dll
0x000007fefdcc0000 - 0x000007fefea4b000 	C:\Windows\system32\SHELL32.dll
0x000007fefec60000 - 0x000007fefed3b000 	C:\Windows\system32\OLEAUT32.dll
0x000007fefed40000 - 0x000007fefef3f000 	C:\Windows\system32\ole32.dll
0x000007fef8d60000 - 0x000007fef8d78000 	C:\Windows\system32\dhcpcsvc.DLL
0x000007fee2250000 - 0x000007fee2253000 	C:\Windows\system32\api-ms-win-crt-conio-l1-1-0.dll
0x000007fefcb20000 - 0x000007fefcb5b000 	C:\Windows\system32\WINTRUST.dll
0x000007fefcc80000 - 0x000007fefcded000 	C:\Windows\system32\CRYPT32.dll
0x000007fefca40000 - 0x000007fefca4f000 	C:\Windows\system32\MSASN1.dll
0x000007fec6320000 - 0x000007fec633c000 	F:\VivadoInstallation\vivadoInst\Vivado\2019.2\lib\win64.o\librdiconfig.dll
0x000000005ddf0000 - 0x000000005df1b000 	F:\VivadoInstallation\vivadoInst\Vivado\2019.2\lib\win64.o\tcl85t.dll
0x0000000012000000 - 0x0000000012270000 	F:\VivadoInstallation\vivadoInst\Vivado\2019.2\lib\win64.o\xerces-c_3_1.dll
0x000007fefcf20000 - 0x000007fefd3cc000 	C:\Windows\system32\WININET.dll
0x000007fefca90000 - 0x000007fefca94000 	C:\Windows\system32\api-ms-win-downlevel-user32-l1-1-0.dll
0x000007fefcc60000 - 0x000007fefcc64000 	C:\Windows\system32\api-ms-win-downlevel-shlwapi-l1-1-0.dll
0x000007fefcb10000 - 0x000007fefcb14000 	C:\Windows\system32\api-ms-win-downlevel-version-l1-1-0.dll
0x000007fefbc70000 - 0x000007fefbc7c000 	C:\Windows\system32\version.DLL
0x000007fefcb60000 - 0x000007fefcb63000 	C:\Windows\system32\api-ms-win-downlevel-normaliz-l1-1-0.dll
0x0000000077090000 - 0x0000000077093000 	C:\Windows\system32\normaliz.DLL
0x000007fefd670000 - 0x000007fefd93c000 	C:\Windows\system32\iertutil.dll
0x000007fefcc70000 - 0x000007fefcc75000 	C:\Windows\system32\api-ms-win-downlevel-advapi32-l1-1-0.dll
0x000007fefcc30000 - 0x000007fefcc4f000 	C:\Windows\system32\USERENV.dll
0x000007fefca30000 - 0x000007fefca3f000 	C:\Windows\system32\profapi.dll
0x000007fef7ef0000 - 0x000007fef7f61000 	C:\Windows\system32\WINHTTP.dll
0x000007fef7e80000 - 0x000007fef7ee5000 	C:\Windows\system32\webio.dll
0x000007fefdb30000 - 0x000007fefdcba000 	C:\Windows\system32\urlmon.dll
0x000007fefcc50000 - 0x000007fefcc54000 	C:\Windows\system32\api-ms-win-downlevel-ole32-l1-1-0.dll
0x000007fec5480000 - 0x000007fec6311000 	F:\VivadoInstallation\vivadoInst\Vivado\2019.2\lib\win64.o\gurobi65.dll
0x000007fec5440000 - 0x000007fec5471000 	C:\Windows\system32\VCOMP140.DLL
0x000007fec5420000 - 0x000007fec5436000 	F:\VivadoInstallation\vivadoInst\Vivado\2019.2\lib\win64.o\librdi_commonmain.dll
0x000007fed4490000 - 0x000007fed449a000 	F:\VivadoInstallation\vivadoInst\Vivado\2019.2\lib\win64.o\librdi_commonversion.dll
0x000007fefdaa0000 - 0x000007fefdace000 	C:\Windows\system32\IMM32.DLL
0x000007fefea50000 - 0x000007fefeb5b000 	C:\Windows\system32\MSCTF.dll
0x000007fecc0d0000 - 0x000007fecc5e7000 	F:\VivadoInstallation\vivadoInst\Vivado\2019.2\lib\win64.o\librdi_commontasks.dll
0x000000005d3c0000 - 0x000000005dde5000 	F:\VivadoInstallation\vivadoInst\Vivado\2019.2\tps\win64\jre9.0.4\bin\server\jvm.dll
0x000007fefaee0000 - 0x000007fefaf1b000 	C:\Windows\system32\WINMM.dll
0x0000000077080000 - 0x0000000077087000 	C:\Windows\system32\PSAPI.DLL
0x000007feef790000 - 0x000007feef87f000 	C:\Windows\system32\MSVCR120.dll
0x000007feef130000 - 0x000007feef413000 	F:\VivadoInstallation\vivadoInst\Vivado\2019.2\lib\win64.o\librdi_sio.dll
0x000007fef8f60000 - 0x000007fef8f87000 	C:\Windows\system32\IPHLPAPI.DLL
0x000007fef8f50000 - 0x000007fef8f5b000 	C:\Windows\system32\WINNSI.DLL
0x000007fefc1b0000 - 0x000007fefc205000 	C:\Windows\system32\MSWSOCK.DLL
0x000007fec2cd0000 - 0x000007fec5415000 	F:\VivadoInstallation\vivadoInst\Vivado\2019.2\lib\win64.o\librdi_tcltasks.dll
0x000007fecbc10000 - 0x000007fecc0c4000 	F:\VivadoInstallation\vivadoInst\Vivado\2019.2\lib\win64.o\librdi_bitstream.dll
0x000007feae120000 - 0x000007fec2ccb000 	F:\VivadoInstallation\vivadoInst\Vivado\2019.2\lib\win64.o\librdi_device.dll
0x000007feef740000 - 0x000007feef78c000 	F:\VivadoInstallation\vivadoInst\Vivado\2019.2\lib\win64.o\libboost_serialization.dll
0x000007fecb0c0000 - 0x000007fecbc07000 	F:\VivadoInstallation\vivadoInst\Vivado\2019.2\lib\win64.o\libverific.dll
0x000007feeee70000 - 0x000007feef00d000 	F:\VivadoInstallation\vivadoInst\Vivado\2019.2\lib\win64.o\librdi_board.dll
0x000007feef0b0000 - 0x000007feef12b000 	F:\VivadoInstallation\vivadoInst\Vivado\2019.2\lib\win64.o\librdi_boarddep.dll
0x000007fee6070000 - 0x000007fee61c2000 	F:\VivadoInstallation\vivadoInst\Vivado\2019.2\lib\win64.o\librdi_cd_client.dll
0x000007fee99b0000 - 0x000007fee9b50000 	F:\VivadoInstallation\vivadoInst\Vivado\2019.2\lib\win64.o\librdi_cd_protocol.dll
0x000007fecafd0000 - 0x000007fecb0bf000 	F:\VivadoInstallation\vivadoInst\Vivado\2019.2\lib\win64.o\librdi_chipscope.dll
0x000007fec9cf0000 - 0x000007fec9e91000 	F:\VivadoInstallation\vivadoInst\Vivado\2019.2\lib\win64.o\librdi_advchipscopeimpl.dll
0x000007feac640000 - 0x000007feae11a000 	F:\VivadoInstallation\vivadoInst\Vivado\2019.2\lib\win64.o\librdi_constraints.dll
0x000007fec9680000 - 0x000007fec9ceb000 	F:\VivadoInstallation\vivadoInst\Vivado\2019.2\lib\win64.o\librdi_filemgmt.dll
0x000007fec9460000 - 0x000007fec9680000 	F:\VivadoInstallation\vivadoInst\Vivado\2019.2\lib\win64.o\librdi_hip_devdesign.dll
0x000007fec9380000 - 0x000007fec9457000 	F:\VivadoInstallation\vivadoInst\Vivado\2019.2\lib\win64.o\librdi_ipconfig_readwrite.dll
0x000007feabf50000 - 0x000007feac633000 	F:\VivadoInstallation\vivadoInst\Vivado\2019.2\lib\win64.o\librdi_netlist.dll
0x000007fee5fe0000 - 0x000007fee6068000 	F:\VivadoInstallation\vivadoInst\Vivado\2019.2\lib\win64.o\librdi_meir_core.dll
0x000007feef060000 - 0x000007feef0aa000 	F:\VivadoInstallation\vivadoInst\Vivado\2019.2\lib\win64.o\librdi_noc_frameworks.dll
0x000007fec9190000 - 0x000007fec9374000 	F:\VivadoInstallation\vivadoInst\Vivado\2019.2\lib\win64.o\librdi_hip_config.dll
0x000007feab9b0000 - 0x000007feabf4d000 	F:\VivadoInstallation\vivadoInst\Vivado\2019.2\lib\win64.o\librdi_ippcw.dll
0x000007fec8fd0000 - 0x000007fec918b000 	F:\VivadoInstallation\vivadoInst\Vivado\2019.2\lib\win64.o\librdi_hip_noc_tools.dll

VM Arguments:
jvm_args: -Dsun.java2d.pmoffscreen=false -Dsun.java2d.xrender=false -Dsun.java2d.d3d=false -Dsun.awt.nopixfmt=true -Dsun.java2d.dpiaware=true -Dsun.java2d.uiScale.enabled=false -Xverify:none -Dswing.aatext=true -XX:-UsePerfData -Djdk.map.althashing.threshold=512 -XX:StringTableSize=4072 --add-opens=java.base/java.nio=ALL-UNNAMED --add-opens=java.desktop/sun.swing=ALL-UNNAMED --add-opens=java.desktop/javax.swing=ALL-UNNAMED --add-opens=java.desktop/javax.swing.tree=ALL-UNNAMED --add-opens=java.desktop/javax.swing.plaf.basic=ALL-UNNAMED --add-opens=java.desktop/javax.swing.plaf.synth=ALL-UNNAMED --add-opens=java.desktop/com.sun.awt=ALL-UNNAMED -XX:NewSize=60m -XX:MaxNewSize=60m -Xms128m -Xmx3072m -Xss5m 
java_command: <unknown>
java_class_path (initial): F:/VivadoInstallation/vivadoInst/Vivado/2019.2\lib\classes\alloy.jar;F:/VivadoInstallation/vivadoInst/Vivado/2019.2\lib\classes\autoesl-common.jar;F:/VivadoInstallation/vivadoInst/Vivado/2019.2\lib\classes\autoesl-models.jar;F:/VivadoInstallation/vivadoInst/Vivado/2019.2\lib\classes\autoesl-report.jar;F:/VivadoInstallation/vivadoInst/Vivado/2019.2\lib\classes\autopilot.scelaborator.jar;F:/VivadoInstallation/vivadoInst/Vivado/2019.2\lib\classes\autopilot.sourceprocessor.jar;F:/VivadoInstallation/vivadoInst/Vivado/2019.2\lib\classes\autopilot.tbprocessor.jar;F:/VivadoInstallation/vivadoInst/Vivado/2019.2\lib\classes\batik-anim.jar;F:/VivadoInstallation/vivadoInst/Vivado/2019.2\lib\classes\batik-awt-util.jar;F:/VivadoInstallation/vivadoInst/Vivado/2019.2\lib\classes\batik-bridge.jar;F:/VivadoInstallation/vivadoInst/Vivado/2019.2\lib\classes\batik-codec.jar;F:/VivadoInstallation/vivadoInst/Vivado/2019.2\lib\classes\batik-css.jar;F:/VivadoInstallation/vivadoInst/Vivado/2019.2\lib\classes\batik-dom.jar;F:/VivadoInstallation/vivadoInst/Vivado/2019.2\lib\classes\batik-ext.jar;F:/VivadoInstallation/vivadoInst/Vivado/2019.2\lib\classes\batik-gui-util.jar;F:/VivadoInstallation/vivadoInst/Vivado/2019.2\lib\classes\batik-gvt.jar;F:/VivadoInstallation/vivadoInst/Vivado/2019.2\lib\classes\batik-parser.jar;F:/VivadoInstallation/vivadoInst/Vivado/2019.2\lib\classes\batik-script.jar;F:/VivadoInstallation/vivadoInst/Vivado/2019.2\lib\classes\batik-svg-dom.jar;F:/VivadoInstallation/vivadoInst/Vivado/2019.2\lib\classes\batik-swing.jar;F:/VivadoInstallation/vivadoInst/Vivado/2019.2\lib\classes\batik-transcoder.jar;F:/VivadoInstallation/vivadoInst/Vivado/2019.2\lib\classes\batik-util.jar;F:/VivadoInstallation/vivadoInst/Vivado/2019.2\lib\classes\batik-xml.jar;F:/VivadoInstallation/vivadoInst/Vivado/2019.2\lib\classes\com.google.gson_2.7.0.v20170129-0911.jar;F:/VivadoInstallation/vivadoInst/Vivado/2019.2\lib\classes\com.google.guava_21.0.0.v20170206-1425.jar;F:
Launcher Type: generic

Logging:
Log output configuration:
#0: stdout all=warning uptime,level,tags
#1: stderr all=off uptime,level,tags

Environment Variables:
PATH=F:/VivadoInstallation/vivadoInst/Vivado/2019.2\gnuwin\bin;F:/VivadoInstallation/vivadoInst/Vivado/2019.2\gnu\microblaze\nt\bin;F:/VivadoInstallation/vivadoInst/Vivado/2019.2/bin;F:/VivadoInstallation/vivadoInst/Vivado/2019.2/lib/win64.o;F:/VivadoInstallation/vivadoInst/Vivado/2019.2/tps/win64/jre9.0.4/bin/server;F:/VivadoInstallation/vivadoInst/Vivado/2019.2/tps/win64/jre9.0.4/bin;F:/VivadoInstallation/vivadoInst/Vivado/2019.2/ids_lite/ISE/bin/nt64;F:/VivadoInstallation/vivadoInst/Vivado/2019.2/ids_lite/ISE/lib/nt64;C:\ProgramData\Oracle\Java\javapath;C:\Windows\system32;C:\Windows;C:\Windows\System32\Wbem;C:\Windows\System32\WindowsPowerShell\v1.0\;C:\Program Files\MATLAB\MATLAB Production Server\R2015a\bin;C:\Program Files\PuTTY\;C:\Program Files\Git\cmd;C:\Strawberry\c\bin;C:\Strawberry\perl\site\bin;C:\Strawberry\perl\bin;C:\Users\Aggelos\AppData\Local\Programs\MiKTeX 2.9\miktex\bin\x64\;C:\Users\Aggelos\AppData\Local\GitHubDesktop\bin;C:\Users\Aggelos\AppData\Local\Programs\Microsoft VS Code\bin;F:/VivadoInstallation/vivadoInst/Vivado/2019.2\tps\mingw\6.2.0\win64.o\nt\bin;F:/VivadoInstallation/vivadoInst/Vivado/2019.2\tps\mingw\6.2.0\win64.o\nt\libexec\gcc\x86_64-w64-mingw32\6.2.0;F:/VivadoInstallation/vivadoInst/Vivado/2019.2\tps\win64\python-2.7.5;F:/VivadoInstallation/vivadoInst/Vivado/2019.2\tps\win64\python-2.7.5\bin;F:/VivadoInstallation/vivadoInst/Vivado/2019.2\tps\win64\python-2.7.5\lib;F:/VivadoInstallation/vivadoInst/Vivado/2019.2\tps\win64\python-2.7.5\Lib\lib-tk;F:/VivadoInstallation/vivadoInst/Vivado/2019.2\tps\win64\python-2.7.5\lib\site-packages
USERNAME=Aggelos
OS=Windows_NT
PROCESSOR_IDENTIFIER=Intel64 Family 6 Model 42 Stepping 7, GenuineIntel



---------------  S Y S T E M  ---------------

OS: Windows 7 , 64 bit Build 7601 (6.1.7601.24545)

CPU:total 8 (initial active 8) (4 cores per cpu, 2 threads per core) family 6 model 42 stepping 7, cmov, cx8, fxsr, mmx, sse, sse2, sse3, ssse3, sse4.1, sse4.2, popcnt, avx, aes, clmul, ht, tsc, tscinvbit

Memory: 4k page, physical 8337772k(2610476k free), swap 16673644k(7922348k free)

vm_info: Java HotSpot(TM) 64-Bit Server VM (9.0.4+11) for windows-amd64 JRE (9.0.4+11), built on Dec 20 2017 02:18:54 by "mach5one" with MS VC++ 12.0 (VS2013)

END.
