Vivado Simulator 2019.2
Time resolution is 1 ps
All Descriptors are Fully scheduled 
------------------------PHASE : 1------------------------
Correct BRAM :: BTS=SB and correct Status
          1 Correct Sheduled Desc :    1!!Correct Transfer for Desc :    1
---------------------------------------------------------- 
All Descriptors are Fully scheduled 
------------------------PHASE : 2------------------------
Correct BRAM :: BTS=SB and correct Status
          1 Correct Sheduled Desc :    2!!Correct Transfer for Desc :    2
---------------------------------------------------------- 
All Descriptors are Fully scheduled 
------------------------PHASE : 3------------------------
Correct BRAM :: BTS=SB and correct Status
          1 Correct Sheduled Desc :    3!!Correct Transfer for Desc :    3
          2 Correct Sheduled Desc :    4!!Correct Transfer for Desc :    4
          3 Correct Sheduled Desc :    5!!Correct Transfer for Desc :    5
          4 Correct Sheduled Desc :    6!!Correct Transfer for Desc :    6
          5 Correct Sheduled Desc :    7!!Correct Transfer for Desc :    7
          6 Correct Sheduled Desc :    8!!Correct Transfer for Desc :    8
          7 Correct Sheduled Desc :    9!!Correct Transfer for Desc :    9
          8 Correct Sheduled Desc :   10!!Correct Transfer for Desc :   10
          9 Correct Sheduled Desc :   11!!Correct Transfer for Desc :   11
         10 Correct Sheduled Desc :   12!!Correct Transfer for Desc :   12
         11 Correct Sheduled Desc :   13!!Correct Transfer for Desc :   13
         12 Correct Sheduled Desc :   14!!Correct Transfer for Desc :   14
         13 Correct Sheduled Desc :   15!!Correct Transfer for Desc :   15
         14 Correct Sheduled Desc :   16!!Correct Transfer for Desc :   16
         15 Correct Sheduled Desc :   17!!Correct Transfer for Desc :   17
         16 Correct Sheduled Desc :   18!!Correct Transfer for Desc :   18
         17 Correct Sheduled Desc :   19!!Correct Transfer for Desc :   19
         18 Correct Sheduled Desc :   20!!Correct Transfer for Desc :   20
         19 Correct Sheduled Desc :   21!!Correct Transfer for Desc :   21
         20 Correct Sheduled Desc :   22!!Correct Transfer for Desc :   22
         21 Correct Sheduled Desc :   23!!Correct Transfer for Desc :   23
         22 Correct Sheduled Desc :   24!!Correct Transfer for Desc :   24
         23 Correct Sheduled Desc :   25!!Correct Transfer for Desc :   25
         24 Correct Sheduled Desc :   26!!Correct Transfer for Desc :   26
         25 Correct Sheduled Desc :   27!!Correct Transfer for Desc :   27
         26 Correct Sheduled Desc :   28!!Correct Transfer for Desc :   28
         27 Correct Sheduled Desc :   29!!Correct Transfer for Desc :   29
         28 Correct Sheduled Desc :   30!!Correct Transfer for Desc :   30
         29 Correct Sheduled Desc :   31!!Correct Transfer for Desc :   31
         30 Correct Sheduled Desc :   32!!Correct Transfer for Desc :   32
         31 Correct Sheduled Desc :   33!!Correct Transfer for Desc :   33
         32 Correct Sheduled Desc :   34!!Correct Transfer for Desc :   34
         33 Correct Sheduled Desc :   35!!Correct Transfer for Desc :   35
         34 Correct Sheduled Desc :   36!!Correct Transfer for Desc :   36
         35 Correct Sheduled Desc :   37!!Correct Transfer for Desc :   37
         36 Correct Sheduled Desc :   38!!Correct Transfer for Desc :   38
         37 Correct Sheduled Desc :   39!!Correct Transfer for Desc :   39
         38 Correct Sheduled Desc :   40!!Correct Transfer for Desc :   40
         39 Correct Sheduled Desc :   41!!Correct Transfer for Desc :   41
         40 Correct Sheduled Desc :   42!!Correct Transfer for Desc :   42
         41 Correct Sheduled Desc :   43!!Correct Transfer for Desc :   43
         42 Correct Sheduled Desc :   44!!Correct Transfer for Desc :   44
         43 Correct Sheduled Desc :   45!!Correct Transfer for Desc :   45
         44 Correct Sheduled Desc :   46!!Correct Transfer for Desc :   46
         45 Correct Sheduled Desc :   47!!Correct Transfer for Desc :   47
         46 Correct Sheduled Desc :   48!!Correct Transfer for Desc :   48
         47 Correct Sheduled Desc :   49!!Correct Transfer for Desc :   49
         48 Correct Sheduled Desc :   50!!Correct Transfer for Desc :   50
         49 Correct Sheduled Desc :   51!!Correct Transfer for Desc :   51
         50 Correct Sheduled Desc :   52!!Correct Transfer for Desc :   52
         51 Correct Sheduled Desc :   53!!Correct Transfer for Desc :   53
         52 Correct Sheduled Desc :   54!!Correct Transfer for Desc :   54
         53 Correct Sheduled Desc :   55!!Correct Transfer for Desc :   55
         54 Correct Sheduled Desc :   56!!Correct Transfer for Desc :   56
         55 Correct Sheduled Desc :   57!!Correct Transfer for Desc :   57
         56 Correct Sheduled Desc :   58!!Correct Transfer for Desc :   58
         57 Correct Sheduled Desc :   59!!Correct Transfer for Desc :   59
         58 Correct Sheduled Desc :   60!!Correct Transfer for Desc :   60
         59 Correct Sheduled Desc :   61!!Correct Transfer for Desc :   61
         60 Correct Sheduled Desc :   62!!Correct Transfer for Desc :   62
         61 Correct Sheduled Desc :   63!!Correct Transfer for Desc :   63
         62 Correct Sheduled Desc :   64!!Correct Transfer for Desc :   64
         63 Correct Sheduled Desc :   65!!Correct Transfer for Desc :   65
         64 Correct Sheduled Desc :   66!!Correct Transfer for Desc :   66
         65 Correct Sheduled Desc :   67!!Correct Transfer for Desc :   67
         66 Correct Sheduled Desc :   68!!Correct Transfer for Desc :   68
         67 Correct Sheduled Desc :   69!!Correct Transfer for Desc :   69
         68 Correct Sheduled Desc :   70!!Correct Transfer for Desc :   70
         69 Correct Sheduled Desc :   71!!Correct Transfer for Desc :   71
         70 Correct Sheduled Desc :   72!!Correct Transfer for Desc :   72
         71 Correct Sheduled Desc :   73!!Correct Transfer for Desc :   73
         72 Correct Sheduled Desc :   74!!Correct Transfer for Desc :   74
         73 Correct Sheduled Desc :   75!!Correct Transfer for Desc :   75
         74 Correct Sheduled Desc :   76!!Correct Transfer for Desc :   76
         75 Correct Sheduled Desc :   77!!Correct Transfer for Desc :   77
         76 Correct Sheduled Desc :   78!!Correct Transfer for Desc :   78
         77 Correct Sheduled Desc :   79!!Correct Transfer for Desc :   79
         78 Correct Sheduled Desc :   80!!Correct Transfer for Desc :   80
         79 Correct Sheduled Desc :   81!!Correct Transfer for Desc :   81
         80 Correct Sheduled Desc :   82!!Correct Transfer for Desc :   82
         81 Correct Sheduled Desc :   83!!Correct Transfer for Desc :   83
         82 Correct Sheduled Desc :   84!!Correct Transfer for Desc :   84
         83 Correct Sheduled Desc :   85!!Correct Transfer for Desc :   85
         84 Correct Sheduled Desc :   86!!Correct Transfer for Desc :   86
         85 Correct Sheduled Desc :   87!!Correct Transfer for Desc :   87
         86 Correct Sheduled Desc :   88!!Correct Transfer for Desc :   88
         87 Correct Sheduled Desc :   89!!Correct Transfer for Desc :   89
         88 Correct Sheduled Desc :   90!!Correct Transfer for Desc :   90
         89 Correct Sheduled Desc :   91!!Correct Transfer for Desc :   91
         90 Correct Sheduled Desc :   92!!Correct Transfer for Desc :   92
         91 Correct Sheduled Desc :   93!!Correct Transfer for Desc :   93
         92 Correct Sheduled Desc :   94!!Correct Transfer for Desc :   94
         93 Correct Sheduled Desc :   95!!Correct Transfer for Desc :   95
         94 Correct Sheduled Desc :   96!!Correct Transfer for Desc :   96
         95 Correct Sheduled Desc :   97!!Correct Transfer for Desc :   97
         96 Correct Sheduled Desc :   98!!Correct Transfer for Desc :   98
         97 Correct Sheduled Desc :   99!!Correct Transfer for Desc :   99
         98 Correct Sheduled Desc :  100!!Correct Transfer for Desc :  100
         99 Correct Sheduled Desc :  101!!Correct Transfer for Desc :  101
        100 Correct Sheduled Desc :  102!!Correct Transfer for Desc :  102
        101 Correct Sheduled Desc :  103!!Correct Transfer for Desc :  103
        102 Correct Sheduled Desc :  104!!Correct Transfer for Desc :  104
        103 Correct Sheduled Desc :  105!!Correct Transfer for Desc :  105
        104 Correct Sheduled Desc :  106!!Correct Transfer for Desc :  106
        105 Correct Sheduled Desc :  107!!Correct Transfer for Desc :  107
        106 Correct Sheduled Desc :  108!!Correct Transfer for Desc :  108
        107 Correct Sheduled Desc :  109!!Correct Transfer for Desc :  109
        108 Correct Sheduled Desc :  110!!Correct Transfer for Desc :  110
        109 Correct Sheduled Desc :  111!!Correct Transfer for Desc :  111
        110 Correct Sheduled Desc :  112!!Correct Transfer for Desc :  112
        111 Correct Sheduled Desc :  113!!Correct Transfer for Desc :  113
        112 Correct Sheduled Desc :  114!!Correct Transfer for Desc :  114
        113 Correct Sheduled Desc :  115!!Correct Transfer for Desc :  115
        114 Correct Sheduled Desc :  116!!Correct Transfer for Desc :  116
        115 Correct Sheduled Desc :  117!!Correct Transfer for Desc :  117
        116 Correct Sheduled Desc :  118!!Correct Transfer for Desc :  118
        117 Correct Sheduled Desc :  119!!Correct Transfer for Desc :  119
        118 Correct Sheduled Desc :  120!!Correct Transfer for Desc :  120
        119 Correct Sheduled Desc :  121!!Correct Transfer for Desc :  121
        120 Correct Sheduled Desc :  122!!Correct Transfer for Desc :  122
        121 Correct Sheduled Desc :  123!!Correct Transfer for Desc :  123
        122 Correct Sheduled Desc :  124!!Correct Transfer for Desc :  124
        123 Correct Sheduled Desc :  125!!Correct Transfer for Desc :  125
        124 Correct Sheduled Desc :  126!!Correct Transfer for Desc :  126
        125 Correct Sheduled Desc :  127!!Correct Transfer for Desc :  127
        126 Correct Sheduled Desc :  128!!Correct Transfer for Desc :  128
        127 Correct Sheduled Desc :  129!!Correct Transfer for Desc :  129
        128 Correct Sheduled Desc :  130!!Correct Transfer for Desc :  130
        129 Correct Sheduled Desc :  131!!Correct Transfer for Desc :  131
        130 Correct Sheduled Desc :  132!!Correct Transfer for Desc :  132
        131 Correct Sheduled Desc :  133!!Correct Transfer for Desc :  133
        132 Correct Sheduled Desc :  134!!Correct Transfer for Desc :  134
        133 Correct Sheduled Desc :  135!!Correct Transfer for Desc :  135
        134 Correct Sheduled Desc :  136!!Correct Transfer for Desc :  136
        135 Correct Sheduled Desc :  137!!Correct Transfer for Desc :  137
        136 Correct Sheduled Desc :  138!!Correct Transfer for Desc :  138
        137 Correct Sheduled Desc :  139!!Correct Transfer for Desc :  139
        138 Correct Sheduled Desc :  140!!Correct Transfer for Desc :  140
        139 Correct Sheduled Desc :  141!!Correct Transfer for Desc :  141
        140 Correct Sheduled Desc :  142!!Correct Transfer for Desc :  142
        141 Correct Sheduled Desc :  143!!Correct Transfer for Desc :  143
        142 Correct Sheduled Desc :  144!!Correct Transfer for Desc :  144
        143 Correct Sheduled Desc :  145!!Correct Transfer for Desc :  145
        144 Correct Sheduled Desc :  146!!Correct Transfer for Desc :  146
        145 Correct Sheduled Desc :  147!!Correct Transfer for Desc :  147
        146 Correct Sheduled Desc :  148!!Correct Transfer for Desc :  148
        147 Correct Sheduled Desc :  149!!Correct Transfer for Desc :  149
        148 Correct Sheduled Desc :  150!!Correct Transfer for Desc :  150
        149 Correct Sheduled Desc :  151!!Correct Transfer for Desc :  151
        150 Correct Sheduled Desc :  152!!Correct Transfer for Desc :  152
        151 Correct Sheduled Desc :  153!!Correct Transfer for Desc :  153
        152 Correct Sheduled Desc :  154!!Correct Transfer for Desc :  154
        153 Correct Sheduled Desc :  155!!Correct Transfer for Desc :  155
        154 Correct Sheduled Desc :  156!!Correct Transfer for Desc :  156
        155 Correct Sheduled Desc :  157!!Correct Transfer for Desc :  157
        156 Correct Sheduled Desc :  158!!Correct Transfer for Desc :  158
        157 Correct Sheduled Desc :  159!!Correct Transfer for Desc :  159
        158 Correct Sheduled Desc :  160!!Correct Transfer for Desc :  160
        159 Correct Sheduled Desc :  161!!Correct Transfer for Desc :  161
        160 Correct Sheduled Desc :  162!!Correct Transfer for Desc :  162
        161 Correct Sheduled Desc :  163!!Correct Transfer for Desc :  163
        162 Correct Sheduled Desc :  164!!Correct Transfer for Desc :  164
        163 Correct Sheduled Desc :  165!!Correct Transfer for Desc :  165
        164 Correct Sheduled Desc :  166!!Correct Transfer for Desc :  166
        165 Correct Sheduled Desc :  167!!Correct Transfer for Desc :  167
        166 Correct Sheduled Desc :  168!!Correct Transfer for Desc :  168
        167 Correct Sheduled Desc :  169!!Correct Transfer for Desc :  169
        168 Correct Sheduled Desc :  170!!Correct Transfer for Desc :  170
        169 Correct Sheduled Desc :  171!!Correct Transfer for Desc :  171
        170 Correct Sheduled Desc :  172!!Correct Transfer for Desc :  172
        171 Correct Sheduled Desc :  173!!Correct Transfer for Desc :  173
        172 Correct Sheduled Desc :  174!!Correct Transfer for Desc :  174
        173 Correct Sheduled Desc :  175!!Correct Transfer for Desc :  175
        174 Correct Sheduled Desc :  176!!Correct Transfer for Desc :  176
        175 Correct Sheduled Desc :  177!!Correct Transfer for Desc :  177
        176 Correct Sheduled Desc :  178!!Correct Transfer for Desc :  178
        177 Correct Sheduled Desc :  179!!Correct Transfer for Desc :  179
        178 Correct Sheduled Desc :  180!!Correct Transfer for Desc :  180
        179 Correct Sheduled Desc :  181!!Correct Transfer for Desc :  181
        180 Correct Sheduled Desc :  182!!Correct Transfer for Desc :  182
        181 Correct Sheduled Desc :  183!!Correct Transfer for Desc :  183
        182 Correct Sheduled Desc :  184!!Correct Transfer for Desc :  184
        183 Correct Sheduled Desc :  185!!Correct Transfer for Desc :  185
        184 Correct Sheduled Desc :  186!!Correct Transfer for Desc :  186
        185 Correct Sheduled Desc :  187!!Correct Transfer for Desc :  187
        186 Correct Sheduled Desc :  188!!Correct Transfer for Desc :  188
        187 Correct Sheduled Desc :  189!!Correct Transfer for Desc :  189
        188 Correct Sheduled Desc :  190!!Correct Transfer for Desc :  190
        189 Correct Sheduled Desc :  191!!Correct Transfer for Desc :  191
        190 Correct Sheduled Desc :  192!!Correct Transfer for Desc :  192
        191 Correct Sheduled Desc :  193!!Correct Transfer for Desc :  193
        192 Correct Sheduled Desc :  194!!Correct Transfer for Desc :  194
        193 Correct Sheduled Desc :  195!!Correct Transfer for Desc :  195
        194 Correct Sheduled Desc :  196!!Correct Transfer for Desc :  196
        195 Correct Sheduled Desc :  197!!Correct Transfer for Desc :  197
        196 Correct Sheduled Desc :  198!!Correct Transfer for Desc :  198
        197 Correct Sheduled Desc :  199!!Correct Transfer for Desc :  199
        198 Correct Sheduled Desc :  200!!Correct Transfer for Desc :  200
        199 Correct Sheduled Desc :  201!!Correct Transfer for Desc :  201
        200 Correct Sheduled Desc :  202!!Correct Transfer for Desc :  202
        201 Correct Sheduled Desc :  203!!Correct Transfer for Desc :  203
        202 Correct Sheduled Desc :  204!!Correct Transfer for Desc :  204
        203 Correct Sheduled Desc :  205!!Correct Transfer for Desc :  205
        204 Correct Sheduled Desc :  206!!Correct Transfer for Desc :  206
        205 Correct Sheduled Desc :  207!!Correct Transfer for Desc :  207
        206 Correct Sheduled Desc :  208!!Correct Transfer for Desc :  208
        207 Correct Sheduled Desc :  209!!Correct Transfer for Desc :  209
        208 Correct Sheduled Desc :  210!!Correct Transfer for Desc :  210
        209 Correct Sheduled Desc :  211!!Correct Transfer for Desc :  211
        210 Correct Sheduled Desc :  212!!Correct Transfer for Desc :  212
        211 Correct Sheduled Desc :  213!!Correct Transfer for Desc :  213
        212 Correct Sheduled Desc :  214!!Correct Transfer for Desc :  214
        213 Correct Sheduled Desc :  215!!Correct Transfer for Desc :  215
        214 Correct Sheduled Desc :  216!!Correct Transfer for Desc :  216
        215 Correct Sheduled Desc :  217!!Correct Transfer for Desc :  217
        216 Correct Sheduled Desc :  218!!Correct Transfer for Desc :  218
        217 Correct Sheduled Desc :  219!!Correct Transfer for Desc :  219
        218 Correct Sheduled Desc :  220!!Correct Transfer for Desc :  220
        219 Correct Sheduled Desc :  221!!Correct Transfer for Desc :  221
        220 Correct Sheduled Desc :  222!!Correct Transfer for Desc :  222
        221 Correct Sheduled Desc :  223!!Correct Transfer for Desc :  223
        222 Correct Sheduled Desc :  224!!Correct Transfer for Desc :  224
        223 Correct Sheduled Desc :  225!!Correct Transfer for Desc :  225
        224 Correct Sheduled Desc :  226!!Correct Transfer for Desc :  226
        225 Correct Sheduled Desc :  227!!Correct Transfer for Desc :  227
        226 Correct Sheduled Desc :  228!!Correct Transfer for Desc :  228
        227 Correct Sheduled Desc :  229!!Correct Transfer for Desc :  229
        228 Correct Sheduled Desc :  230!!Correct Transfer for Desc :  230
        229 Correct Sheduled Desc :  231!!Correct Transfer for Desc :  231
        230 Correct Sheduled Desc :  232!!Correct Transfer for Desc :  232
        231 Correct Sheduled Desc :  233!!Correct Transfer for Desc :  233
        232 Correct Sheduled Desc :  234!!Correct Transfer for Desc :  234
        233 Correct Sheduled Desc :  235!!Correct Transfer for Desc :  235
        234 Correct Sheduled Desc :  236!!Correct Transfer for Desc :  236
        235 Correct Sheduled Desc :  237!!Correct Transfer for Desc :  237
        236 Correct Sheduled Desc :  238!!Correct Transfer for Desc :  238
        237 Correct Sheduled Desc :  239!!Correct Transfer for Desc :  239
        238 Correct Sheduled Desc :  240!!Correct Transfer for Desc :  240
        239 Correct Sheduled Desc :  241!!Correct Transfer for Desc :  241
        240 Correct Sheduled Desc :  242!!Correct Transfer for Desc :  242
        241 Correct Sheduled Desc :  243!!Correct Transfer for Desc :  243
        242 Correct Sheduled Desc :  244!!Correct Transfer for Desc :  244
        243 Correct Sheduled Desc :  245!!Correct Transfer for Desc :  245
        244 Correct Sheduled Desc :  246!!Correct Transfer for Desc :  246
        245 Correct Sheduled Desc :  247!!Correct Transfer for Desc :  247
        246 Correct Sheduled Desc :  248!!Correct Transfer for Desc :  248
        247 Correct Sheduled Desc :  249!!Correct Transfer for Desc :  249
        248 Correct Sheduled Desc :  250!!Correct Transfer for Desc :  250
        249 Correct Sheduled Desc :  251!!Correct Transfer for Desc :  251
        250 Correct Sheduled Desc :  252!!Correct Transfer for Desc :  252
---------------------------------------------------------- 
All Descriptors are Fully scheduled 
------------------------PHASE : 4------------------------
Correct BRAM :: BTS=SB and correct Status
          1 Correct Sheduled Desc :  253!!Correct Transfer for Desc :  253
          2 Correct Sheduled Desc :  254!!Correct Transfer for Desc :  254
          3 Correct Sheduled Desc :  255!!Correct Transfer for Desc :  255
          4 Correct Sheduled Desc :  256!!Correct Transfer for Desc :  256
          5 Correct Sheduled Desc :  257!!Correct Transfer for Desc :  257
          6 Correct Sheduled Desc :  258!!Correct Transfer for Desc :  258
          7 Correct Sheduled Desc :  259!!Correct Transfer for Desc :  259
          8 Correct Sheduled Desc :  260!!Correct Transfer for Desc :  260
          9 Correct Sheduled Desc :  261!!Correct Transfer for Desc :  261
         10 Correct Sheduled Desc :  262!!Correct Transfer for Desc :  262
         11 Correct Sheduled Desc :  263!!Correct Tran