#-----------------------------------------------------------
# Vivado v2019.2 (64-bit)
# SW Build 2708876 on Wed Nov  6 21:40:23 MST 2019
# IP Build 2700528 on Thu Nov  7 00:09:20 MST 2019
# Start of session at: Mon Oct 17 18:51:43 2022
# Process ID: 5516
# Current directory: C:/Users/Aggelos/Desktop/github/Chi-DMA/CHI-DMA/CHI-DMA.sim/sim_1/behav/xsim
# Command line: vivado.exe -gui_launcher_event rodinguilauncherevent13824 C:\Users\Aggelos\Desktop\github\Chi-DMA\CHI-DMA\CHI-DMA.sim\sim_1\behav\xsim\TestCHIConverter_behav.wdb
# Log file: C:/Users/Aggelos/Desktop/github/Chi-DMA/CHI-DMA/CHI-DMA.sim/sim_1/behav/xsim/vivado.log
# Journal file: C:/Users/Aggelos/Desktop/github/Chi-DMA/CHI-DMA/CHI-DMA.sim/sim_1/behav/xsim\vivado.jou
#-----------------------------------------------------------
start_gui
open_wave_database {C:\Users\Aggelos\Desktop\github\Chi-DMA\CHI-DMA\CHI-DMA.sim\sim_1\behav\xsim\TestCHIConverter_behav.wdb}
INFO: [IP_Flow 19-234] Refreshing IP repositories
INFO: [IP_Flow 19-1704] No user IP repositories specified
INFO: [IP_Flow 19-2313] Loaded Vivado IP repository 'F:/VivadoInstallation/vivadoInst/Vivado/2019.2/data/ip'.
current_fileset: Time (s): cpu = 00:00:34 ; elapsed = 00:00:23 . Memory (MB): peak = 827.426 ; gain = 155.668
open_wave_database: Time (s): cpu = 00:00:38 ; elapsed = 00:00:24 . Memory (MB): peak = 896.090 ; gain = 224.332
close_sim
INFO: [Simtcl 6-16] Simulation closed
exit
INFO: [Common 17-206] Exiting Vivado at Mon Oct 17 18:53:11 2022...
