Vivado Simulator 2019.2
Copyright 1986-1999, 2001-2019 Xilinx, Inc. All Rights Reserved.
Running: F:/VivadoInstallation/vivadoInst/Vivado/2019.2/bin/unwrapped/win64.o/xelab.exe -wto c7a29f15992b426cb919dc086fd6b26c --incr --debug typical --relax --mt 2 -L xil_defaultlib -L unisims_ver -L unimacro_ver -L secureip --snapshot TestFULLSystem_behav xil_defaultlib.TestFULLSystem xil_defaultlib.glbl -log elaborate.log 
Using 2 slave threads.
Starting static elaboration
Pass Through NonSizing Optimizer
Completed static elaboration
Starting simulation data flow analysis
Completed simulation data flow analysis
Time Resolution for simulation is 1ps
Compiling package xil_defaultlib.DataPkg
Compiling package xil_defaultlib.CHIFlitsPkg
Compiling package xil_defaultlib.CHIFIFOsPkg
Compiling package xil_defaultlib.CompleterPkg
Compiling module xil_defaultlib.ReqChannel
Compiling module xil_defaultlib.RspOutbChannel
Compiling module xil_defaultlib.DatOutbChannel
Compiling module xil_defaultlib.RspInbChannel
Compiling module xil_defaultlib.DatInbChannel
Compiling module xil_defaultlib.bytewrite_tdp_ram_rf(BRAM_ADDR_W...
Compiling module xil_defaultlib.Arbiter(BRAM_ADDR_WIDTH=8)
Compiling module xil_defaultlib.FIFO(FIFO_WIDTH=8,FIFO_LENGTH=25...
Compiling module xil_defaultlib.Scheduler(BRAM_ADDR_WIDTH=8)
Compiling module xil_defaultlib.ArbiterBRAM(BRAM_ADDR_WIDTH=8)
Compiling module xil_defaultlib.FIFO(FIFO_WIDTH=105,FIFO_LENGTH=...
Compiling module xil_defaultlib.FIFO(FIFO_WIDTH=10,FIFO_LENGTH=3...
Compiling module xil_defaultlib.FIFO(FIFO_WIDTH=13,FIFO_LENGTH=3...
Compiling module xil_defaultlib.Completer(BRAM_ADDR_WIDTH=8,FIFO...
Compiling module xil_defaultlib.CHIConverter(BRAM_ADDR_WIDTH=8)
Compiling module xil_defaultlib.FIFO(FIFO_WIDTH=514,FIFO_LENGTH=...
Compiling module xil_defaultlib.BarrelShifter(BRAM_ADDR_WIDTH=8)
Compiling module xil_defaultlib.CHI_DMA(BRAM_ADDR_WIDTH=8,DATA_W...
Compiling module xil_defaultlib.PseudoCPU(BRAM_ADDR_WIDTH=8,MAX_...
Compiling module xil_defaultlib.FIFO(FIFO_WIDTH=117,FIFO_LENGTH=...
Compiling module xil_defaultlib.FIFO(FIFO_WIDTH=44,FIFO_LENGTH=2...
Compiling module xil_defaultlib.CHI_Responser(FIFO_Length=128)(R...
Compiling module xil_defaultlib.FIFO(FIFO_WIDTH=105,FIFO_LENGTH=...
Compiling module xil_defaultlib.ReqFlitFIFO(FIFO_LENGTH=256)
Compiling module xil_defaultlib.FIFO(FIFO_WIDTH=706,FIFO_LENGTH=...
Compiling module xil_defaultlib.FIFO(FIFO_WIDTH=51,FIFO_LENGTH=2...
Compiling module xil_defaultlib.TestFULLSystem
Compiling module xil_defaultlib.glbl
Built simulation snapshot TestFULLSystem_behav
