#
# A fatal error has been detected by the Java Runtime Environment:
#
#  EXCEPTION_ACCESS_VIOLATION (0xc0000005) at pc=0x000007fea93d8129, pid=6552, tid=8848
#
# JRE version: Java(TM) SE Runtime Environment (9.0+11) (build 9.0.4+11)
# Java VM: Java HotSpot(TM) 64-Bit Server VM (9.0.4+11, mixed mode, tiered, compressed oops, g1 gc, windows-amd64)
# Problematic frame:
# C  0x000007fea93d8129
#
# No core dump will be written. Minidumps are not enabled by default on client versions of Windows
#
# If you would like to submit a bug report, please visit:
#   http://bugreport.java.com/bugreport/crash.jsp
# The crash happened outside the Java Virtual Machine in native code.
# See problematic frame for where to report the bug.
#

---------------  S U M M A R Y ------------

Command Line: -Dsun.java2d.pmoffscreen=false -Dsun.java2d.xrender=false -Dsun.java2d.d3d=false -Dsun.awt.nopixfmt=true -Dsun.java2d.dpiaware=true -Dsun.java2d.uiScale.enabled=false -Xverify:none -Dswing.aatext=true -XX:-UsePerfData -Djdk.map.althashing.threshold=512 -XX:StringTableSize=4072 --add-opens=java.base/java.nio=ALL-UNNAMED --add-opens=java.desktop/sun.swing=ALL-UNNAMED --add-opens=java.desktop/javax.swing=ALL-UNNAMED --add-opens=java.desktop/javax.swing.tree=ALL-UNNAMED --add-opens=java.desktop/javax.swing.plaf.basic=ALL-UNNAMED --add-opens=java.desktop/javax.swing.plaf.synth=ALL-UNNAMED --add-opens=java.desktop/com.sun.awt=ALL-UNNAMED -XX:NewSize=60m -XX:MaxNewSize=60m -Xms128m -Xmx3072m -Xss5m 

Host: Intel(R) Core(TM) i7-2820QM CPU @ 2.30GHz, 8 cores, 7G,  Windows 7 , 64 bit Build 7601 (6.1.7601.24545)
Time: Tue Dec 06 14:10:11 2022 ?aeianei? ?na GTB elapsed time: 8161 seconds (0d 2h 16m 1s)

---------------  T H R E A D  ---------------

Current thread (0x00000000345ef000):  JavaThread "AWT-EventQueue-1" [_thread_in_native, id=8848, stack(0x00000000392b0000,0x00000000397b0000)]

Stack: [0x00000000392b0000,0x00000000397b0000],  sp=0x00000000397ab4e0,  free space=5101k
Native frames: (J=compiled Java code, j=interpreted, Vv=VM code, C=native code)
C  0x000007fea93d8129
C  0x000007fea93da3bb
C  0x000007fea93dab26
C  0x000007fea93f61c4
C  0x000007fea98fe83a
C  0x000007fea99172e7
C  0x000007fea9968b0c
C  0x0000000027244d45

Java frames: (J=compiled Java code, j=interpreted, Vv=VM code)
J 20989  ui.views.simulator.executive.simulationi.SimulationExecutive_getCodeTooltipValue(JLjava/lang/String;IZ)Ljava/lang/String; (0 bytes) @ 0x0000000027244cbf [0x0000000027244c60+0x000000000000005f]
J 21941 c2 ui.views.O.d.mouseMoved(Ljava/awt/event/MouseEvent;)V (13 bytes) @ 0x0000000027369708 [0x0000000027369320+0x00000000000003e8]
J 17764 c2 java.awt.AWTEventMulticaster.mouseMoved(Ljava/awt/event/MouseEvent;)V java.desktop@9.0.4 (27 bytes) @ 0x0000000026e34e74 [0x0000000026e34dc0+0x00000000000000b4]
J 17764 c2 java.awt.AWTEventMulticaster.mouseMoved(Ljava/awt/event/MouseEvent;)V java.desktop@9.0.4 (27 bytes) @ 0x0000000026e34e34 [0x0000000026e34dc0+0x0000000000000074]
J 17764 c2 java.awt.AWTEventMulticaster.mouseMoved(Ljava/awt/event/MouseEvent;)V java.desktop@9.0.4 (27 bytes) @ 0x0000000026e34e34 [0x0000000026e34dc0+0x0000000000000074]
J 18436 c2 javax.swing.JComponent.processMouseMotionEvent(Ljava/awt/event/MouseEvent;)V java.desktop@9.0.4 (46 bytes) @ 0x0000000026f16804 [0x0000000026f16740+0x00000000000000c4]
J 21674 c2 java.awt.Container.processEvent(Ljava/awt/AWTEvent;)V java.desktop@9.0.4 (22 bytes) @ 0x0000000027308da4 [0x0000000027308c20+0x0000000000000184]
J 21673 c2 java.awt.Component.dispatchEventImpl(Ljava/awt/AWTEvent;)V java.desktop@9.0.4 (739 bytes) @ 0x00000000272fd3b8 [0x00000000272fc620+0x0000000000000d98]
J 22770 c1 java.awt.Container.dispatchEventImpl(Ljava/awt/AWTEvent;)V java.desktop@9.0.4 (129 bytes) @ 0x000000001f07058c [0x000000001f070460+0x000000000000012c]
J 18343 c2 java.awt.LightweightDispatcher.retargetMouseEvent(Ljava/awt/Component;ILjava/awt/event/MouseEvent;)V java.desktop@9.0.4 (350 bytes) @ 0x0000000026ecb16c [0x0000000026ecac00+0x000000000000056c]
J 18302 c2 java.awt.LightweightDispatcher.processMouseEvent(Ljava/awt/event/MouseEvent;)Z java.desktop@9.0.4 (265 bytes) @ 0x0000000026ebbbf4 [0x0000000026ebb640+0x00000000000005b4]
J 12228 c1 java.awt.LightweightDispatcher.dispatchEvent(Ljava/awt/AWTEvent;)Z java.desktop@9.0.4 (73 bytes) @ 0x000000002062d44c [0x000000002062d020+0x000000000000042c]
J 22770 c1 java.awt.Container.dispatchEventImpl(Ljava/awt/AWTEvent;)V java.desktop@9.0.4 (129 bytes) @ 0x000000001f07052c [0x000000001f070460+0x00000000000000cc]
J 17519 c2 java.awt.Window.dispatchEventImpl(Ljava/awt/AWTEvent;)V java.desktop@9.0.4 (23 bytes) @ 0x0000000026dc508c [0x0000000026dc5040+0x000000000000004c]
J 13579 c2 java.awt.EventQueue$3.run()Ljava/lang/Object; java.desktop@9.0.4 (5 bytes) @ 0x000000002697f43c [0x000000002697f280+0x00000000000001bc]
v  ~StubRoutines::call_stub
J 3837  java.security.AccessController.doPrivileged(Ljava/security/PrivilegedAction;Ljava/security/AccessControlContext;)Ljava/lang/Object; java.base@9.0.4 (0 bytes) @ 0x0000000025fdbfc6 [0x0000000025fdbf60+0x0000000000000066]
J 16907 c2 java.awt.EventQueue$4.run()Ljava/lang/Object; java.desktop@9.0.4 (5 bytes) @ 0x00000000264e79a8 [0x00000000264e7760+0x0000000000000248]
v  ~StubRoutines::call_stub
J 3837  java.security.AccessController.doPrivileged(Ljava/security/PrivilegedAction;Ljava/security/AccessControlContext;)Ljava/lang/Object; java.base@9.0.4 (0 bytes) @ 0x0000000025fdbfc6 [0x0000000025fdbf60+0x0000000000000066]
J 20902 c2 ui.frmwork.b.d.dispatchEvent(Ljava/awt/AWTEvent;)V (34 bytes) @ 0x0000000027203974 [0x0000000027203520+0x0000000000000454]
J 19430 c2 java.awt.EventDispatchThread.pumpOneEventForFilters(I)V java.desktop@9.0.4 (218 bytes) @ 0x0000000027007bac [0x0000000027007880+0x000000000000032c]
J 20488% c2 java.awt.EventDispatchThread.pumpEventsForFilter(ILjava/awt/Conditional;Ljava/awt/EventFilter;)V java.desktop@9.0.4 (47 bytes) @ 0x00000000266acac0 [0x00000000266ac9c0+0x0000000000000100]
j  java.awt.EventDispatchThread.pumpEventsForHierarchy(ILjava/awt/Conditional;Ljava/awt/Component;)V+11 java.desktop@9.0.4
j  java.awt.EventDispatchThread.pumpEvents(ILjava/awt/Conditional;)V+4 java.desktop@9.0.4
j  java.awt.EventDispatchThread.pumpEvents(Ljava/awt/Conditional;)V+3 java.desktop@9.0.4
j  java.awt.EventDispatchThread.run()V+9 java.desktop@9.0.4
v  ~StubRoutines::call_stub

siginfo: EXCEPTION_ACCESS_VIOLATION (0xc0000005), reading address 0xffffffffffffffff


Register to memory mapping:

RIP=0x000007fea93d8129 is an unknown value
RAX=0x000007fea96c08c2 is an unknown value
RBX=0x000000003a74ecb0 is an unknown value
RCX=0x000000003a74ecb0 is an unknown value
RDX=0x00000000397ab568 is pointing into the stack for thread: 0x00000000345ef000
RSP=0x00000000397ab4e0 is pointing into the stack for thread: 0x00000000345ef000
RBP=0x00000000397ab5b9 is pointing into the stack for thread: 0x00000000345ef000
RSI=0x00000000397ab568 is pointing into the stack for thread: 0x00000000345ef000
RDI=0x0000000034742c18 is an unknown value
R8 =0x00000000397ab568 is pointing into the stack for thread: 0x00000000345ef000
R9 =0x0000000000000000 is an unknown value
R10=0x000000003a74ecb0 is an unknown value
R11=0x000007fea92b0000 is an unknown value
R12=0x00000000397ab6a6 is pointing into the stack for thread: 0x00000000345ef000
R13=0x00000000397ab800 is pointing into the stack for thread: 0x00000000345ef000
R14=0x0000000000000000 is an unknown value
R15=0x0000000000000000 is an unknown value


Registers:
RAX=0x000007fea96c08c2, RBX=0x000000003a74ecb0, RCX=0x000000003a74ecb0, RDX=0x00000000397ab568
RSP=0x00000000397ab4e0, RBP=0x00000000397ab5b9, RSI=0x00000000397ab568, RDI=0x0000000034742c18
R8 =0x00000000397ab568, R9 =0x0000000000000000, R10=0x000000003a74ecb0, R11=0x000007fea92b0000
R12=0x00000000397ab6a6, R13=0x00000000397ab800, R14=0x0000000000000000, R15=0x0000000000000000
RIP=0x000007fea93d8129, EFLAGS=0x0000000000010202

Top of Stack: (sp=0x00000000397ab4e0)
0x00000000397ab4e0:   0000000000000003 000000070aad1c70
0x00000000397ab4f0:   00000007038e6ed0 0000000026824000
0x00000000397ab500:   0000000000000000 000007fea93da3bb
0x00000000397ab510:   0000000000000000 0000000034742c18
0x00000000397ab520:   00000000345ef000 000007fe987f4700
0x00000000397ab530:   000000070aad3428 0000000026eb8138
0x00000000397ab540:   000000070aad0000 0000000000000000
0x00000000397ab550:   0000000000000000 000000003a74ecb0
0x00000000397ab560:   fffffffffffffffe 4c4f435f4d415242
0x00000000397ab570:   000048544449575f 000000000000000e
0x00000000397ab580:   000000000000000f 000000000010c100
0x00000000397ab590:   0000000000154d60 0000000000000000
0x00000000397ab5a0:   000000000000000f 00000000345ef000
0x00000000397ab5b0:   0000000000000000 00000000345ef000
0x00000000397ab5c0:   0000000077303128 0000000000000000
0x00000000397ab5d0:   00006ae49f1d2b8a 000007fea9324f25 

Instructions: (pc=0x000007fea93d8129)
0x000007fea93d8109:   10 57 48 83 ec 20 49 8b f0 48 8b da 48 8b f9 0f
0x000007fea93d8119:   1f 84 00 00 00 00 00 48 8b 03 48 8b d6 48 8b cb
0x000007fea93d8129:   ff 50 30 48 85 c0 75 27 48 8b 03 48 8b cb ff 90
0x000007fea93d8139:   b8 00 00 00 84 c0 75 15 48 3b 5f 28 75 06 48 8b 



---------------  P R O C E S S  ---------------

Java Threads: ( => current thread )
  0x000000003fe45000 JavaThread "Relaunch Simulation Thread" [_thread_in_native, id=2612, stack(0x0000000058e30000,0x0000000059330000)]
  0x0000000034b33800 JavaThread "ForkJoinPool.commonPool-worker-9" daemon [_thread_blocked, id=6060, stack(0x0000000054430000,0x0000000054930000)]
  0x0000000034b2e800 JavaThread "Swing-Shell" daemon [_thread_blocked, id=7892, stack(0x0000000053200000,0x0000000053700000)]
  0x000000003fe43000 JavaThread "Monitor File Timestamp Swing Worker Thread" [_thread_blocked, id=6556, stack(0x000000004e280000,0x000000004e780000)]
  0x000000003fe3e000 JavaThread "Timer-2" [_thread_blocked, id=6260, stack(0x0000000043670000,0x0000000043b70000)]
  0x000000003fe44800 JavaThread "Monitor File Timestamp Swing Worker Thread" [_thread_blocked, id=2000, stack(0x0000000053e40000,0x0000000054340000)]
  0x000000003fe43800 JavaThread "Timer-1" [_thread_blocked, id=1884, stack(0x00000000538d0000,0x0000000053dd0000)]
  0x000000003fe42000 JavaThread "SyntheticaAnimation 50" daemon [_thread_blocked, id=7392, stack(0x0000000052c80000,0x0000000053180000)]
  0x000000003fe41800 JavaThread "Image Animator 0" daemon [_thread_blocked, id=3816, stack(0x0000000052700000,0x0000000052c00000)]
  0x0000000003722800 JavaThread "Timer-0" [_thread_blocked, id=3952, stack(0x0000000051bf0000,0x00000000520f0000)]
  0x000000003fe3f000 JavaThread "Update Runs Swing Worker Thread" [_thread_blocked, id=8800, stack(0x000000004fca0000,0x00000000501a0000)]
  0x0000000003727800 JavaThread "hw_ila_monitor" [_thread_blocked, id=8940, stack(0x000000004db80000,0x000000004e080000)]
  0x0000000003727000 JavaThread "Refresh Filesets Swing Worker Thread" [_thread_blocked, id=8372, stack(0x000000004d4c0000,0x000000004d9c0000)]
  0x0000000003726000 JavaThread "SyntheticaAnimation 70" daemon [_thread_blocked, id=2644, stack(0x0000000043d70000,0x0000000044270000)]
  0x0000000003725800 JavaThread "SyntheticaAnimation 25" daemon [_thread_blocked, id=9140, stack(0x0000000042f20000,0x0000000043420000)]
  0x0000000003724000 JavaThread "SyntheticaAnimation 50" daemon [_thread_blocked, id=3688, stack(0x0000000042990000,0x0000000042e90000)]
  0x0000000003724800 JavaThread "Monitor HEventQueue Thread" [_thread_blocked, id=8828, stack(0x00000000422c0000,0x00000000427c0000)]
  0x0000000003723000 JavaThread "SyntheticaCleanerThread" daemon [_thread_blocked, id=8732, stack(0x000000003b910000,0x000000003be10000)]
  0x0000000003721800 JavaThread "Batik CleanerThread" daemon [_thread_blocked, id=8712, stack(0x000000003a9e0000,0x000000003aee0000)]
=>0x00000000345ef000 JavaThread "AWT-EventQueue-1" [_thread_in_native, id=8848, stack(0x00000000392b0000,0x00000000397b0000)]
  0x0000000035432000 JavaThread "Process Messages Thread" [_thread_blocked, id=8488, stack(0x0000000038ce0000,0x00000000391e0000)]
  0x00000000352f6800 JavaThread "Thread-1" [_thread_in_native, id=8584, stack(0x0000000004270000,0x0000000005670000)]
  0x0000000034ba3000 JavaThread "TimerQueue" daemon [_thread_blocked, id=8500, stack(0x00000000377f0000,0x0000000037cf0000)]
  0x0000000010afd000 JavaThread "AWT-Windows" daemon [_thread_in_native, id=8456, stack(0x0000000036380000,0x0000000036880000)]
  0x00000000108f7000 JavaThread "AWT-Shutdown" [_thread_blocked, id=6136, stack(0x0000000035d20000,0x0000000036220000)]
  0x0000000010906800 JavaThread "Java2D Disposer" daemon [_thread_blocked, id=9176, stack(0x00000000356c0000,0x0000000035bc0000)]
  0x00000000104a4000 JavaThread "Service Thread" daemon [_thread_blocked, id=9148, stack(0x00000000340a0000,0x00000000345a0000)]
  0x000000000bf95000 JavaThread "Common-Cleaner" daemon [_thread_blocked, id=8260, stack(0x0000000033a30000,0x0000000033f30000)]
  0x000000000bf7b000 JavaThread "Sweeper thread" daemon [_thread_blocked, id=5384, stack(0x0000000033370000,0x0000000033870000)]
  0x000000000bf7a000 JavaThread "C1 CompilerThread3" daemon [_thread_blocked, id=9128, stack(0x0000000033250000,0x0000000033350000)]
  0x000000000ad46000 JavaThread "C2 CompilerThread2" daemon [_thread_blocked, id=5856, stack(0x0000000033090000,0x0000000033190000)]
  0x000000000ad45800 JavaThread "C2 CompilerThread1" daemon [_thread_blocked, id=3248, stack(0x0000000032930000,0x0000000032a30000)]
  0x000000000c0d3000 JavaThread "C2 CompilerThread0" daemon [_thread_blocked, id=8716, stack(0x000000001d3a0000,0x000000001d4a0000)]
  0x000000000c0d2800 JavaThread "Attach Listener" daemon [_thread_blocked, id=5660, stack(0x0000000032a40000,0x0000000032f40000)]
  0x000000000e310800 JavaThread "Signal Dispatcher" daemon [_thread_blocked, id=8824, stack(0x000000001da60000,0x000000001df60000)]
  0x0000000009843000 JavaThread "Finalizer" daemon [_thread_blocked, id=8720, stack(0x00000000323e0000,0x00000000328e0000)]
  0x000000000e2e5800 JavaThread "Reference Handler" daemon [_thread_blocked, id=5492, stack(0x000000001d520000,0x000000001da20000)]
  0x000000000d8c7000 JavaThread "main" [_thread_blocked, id=7444, stack(0x0000000007af0000,0x0000000007bf0000)]

Other Threads:
  0x000000000e299000 VMThread "VM Thread" [stack: 0x000000001d260000,0x000000001d360000] [id=3620]
  0x0000000010572800 WatcherThread [stack: 0x0000000033870000,0x0000000033970000] [id=3608]
  0x000000000a459000 GCTaskThread "GC Thread#0" [stack: 0x0000000007db0000,0x0000000007eb0000] [id=8528]
  0x000000000c2ba000 GCTaskThread "GC Thread#1" [stack: 0x0000000009ad0000,0x0000000009bd0000] [id=9064]
  0x000000000c2bb000 GCTaskThread "GC Thread#2" [stack: 0x0000000009ce0000,0x0000000009de0000] [id=7460]
  0x000000000c2bb800 GCTaskThread "GC Thread#3" [stack: 0x0000000009df0000,0x0000000009ef0000] [id=8908]
  0x000000000c2bc000 GCTaskThread "GC Thread#4" [stack: 0x0000000009f40000,0x000000000a040000] [id=6544]
  0x000000000c2bc800 GCTaskThread "GC Thread#5" [stack: 0x000000000b230000,0x000000000b330000] [id=3732]
  0x000000000c2bd800 GCTaskThread "GC Thread#6" [stack: 0x000000000a150000,0x000000000a250000] [id=9208]
  0x000000000c2be000 GCTaskThread "GC Thread#7" [stack: 0x000000000b330000,0x000000000b430000] [id=4484]
  0x0000000009648800 ConcurrentGCThread "G1 Main Marker" [stack: 0x000000000f730000,0x000000000f830000] [id=4832]
  0x000000000c2be800 ConcurrentGCThread "G1 Marker#0" [stack: 0x0000000011d60000,0x0000000011e60000] [id=5016]
  0x000000000c2bf800 ConcurrentGCThread "G1 Marker#1" [stack: 0x000000000f830000,0x000000000f930000] [id=8696]
  0x000000000a853800 ConcurrentGCThread "G1 Refine#0" [stack: 0x000000000f590000,0x000000000f690000] [id=3880]
  0x000000000e235000 ConcurrentGCThread "G1 Refine#1" [stack: 0x000000000f450000,0x000000000f550000] [id=9124]
  0x000000000e234000 ConcurrentGCThread "G1 Refine#2" [stack: 0x000000000d140000,0x000000000d240000] [id=6244]
  0x000000000992e800 ConcurrentGCThread "G1 Refine#3" [stack: 0x000000000cf80000,0x000000000d080000] [id=8360]
  0x000000000dc22800 ConcurrentGCThread "G1 Refine#4" [stack: 0x000000000ce40000,0x000000000cf40000] [id=8196]
  0x000000000effd800 ConcurrentGCThread "G1 Refine#5" [stack: 0x000000000b9a0000,0x000000000baa0000] [id=8208]
  0x000000000fe5d800 ConcurrentGCThread "G1 Refine#6" [stack: 0x000000000ccb0000,0x000000000cdb0000] [id=6536]
  0x000000000c3a1000 ConcurrentGCThread "G1 Refine#7" [stack: 0x000000000bae0000,0x000000000bbe0000] [id=8520]
  0x000000000ae47000 ConcurrentGCThread "G1 Young RemSet Sampling" [stack: 0x000000000d360000,0x000000000d460000] [id=9160]

Threads with active compile tasks:

VM state:not at safepoint (normal execution)

VM Mutex/Monitor currently owned by a thread: None

Heap address: 0x0000000700000000, size: 3072 MB, Compressed Oops mode: Zero based, Oop shift amount: 3
Narrow klass base: 0x0000000000000000, Narrow klass shift: 3
Compressed class space size: 1073741824 Address: 0x00000007c0000000

Heap:
 garbage-first heap   total 216064K, used 111462K [0x0000000700000000, 0x0000000700100698, 0x00000007c0000000)
  region size 1024K, 43 young (44032K), 1 survivors (1024K)
 Metaspace       used 83547K, capacity 85649K, committed 92796K, reserved 1128448K
  class space    used 10984K, capacity 11443K, committed 12924K, reserved 1048576K
Heap Regions: E=young(eden), S=young(survivor), O=old, HS=humongous(starts), HC=humongous(continues), CS=collection set, F=free, A=archive, TS=gc time stamp, AC=allocation context, TAMS=top-at-mark-start (previous, next)
|   0|0x0000000700000000, 0x00000007000fe3a8, 0x0000000700100000| 99%| O|  |TS  0|AC  0|TAMS 0x0000000700000000, 0x0000000700000000|
|   1|0x0000000700100000, 0x00000007001fcab8, 0x0000000700200000| 98%| O|  |TS  0|AC  0|TAMS 0x0000000700100000, 0x0000000700100000|
|   2|0x0000000700200000, 0x00000007002d15f8, 0x0000000700300000| 81%| O|  |TS  0|AC  0|TAMS 0x0000000700200000, 0x0000000700200000|
|   3|0x0000000700300000, 0x00000007003fc238, 0x0000000700400000| 98%| O|  |TS  0|AC  0|TAMS 0x0000000700300000, 0x0000000700300000|
|   4|0x0000000700400000, 0x0000000700500000, 0x0000000700500000|100%|HS|  |TS  0|AC  0|TAMS 0x0000000700400000, 0x0000000700400000|
|   5|0x0000000700500000, 0x0000000700600000, 0x0000000700600000|100%|HC|  |TS  0|AC  0|TAMS 0x0000000700500000, 0x0000000700500000|
|   6|0x0000000700600000, 0x0000000700700000, 0x0000000700700000|100%|HS|  |TS  0|AC  0|TAMS 0x0000000700600000, 0x0000000700600000|
|   7|0x0000000700700000, 0x00000007007f51e0, 0x0000000700800000| 95%| O|  |TS  0|AC  0|TAMS 0x0000000700700000, 0x0000000700700000|
|   8|0x0000000700800000, 0x00000007008ee6a8, 0x0000000700900000| 93%| O|  |TS  0|AC  0|TAMS 0x0000000700800000, 0x0000000700800000|
|   9|0x0000000700900000, 0x00000007009ffff0, 0x0000000700a00000| 99%| O|  |TS  0|AC  0|TAMS 0x0000000700900000, 0x0000000700900000|
|  10|0x0000000700a00000, 0x0000000700afffd0, 0x0000000700b00000| 99%| O|  |TS  0|AC  0|TAMS 0x0000000700a00000, 0x0000000700a00000|
|  11|0x0000000700b00000, 0x0000000700bffff8, 0x0000000700c00000| 99%| O|  |TS  0|AC  0|TAMS 0x0000000700b00000, 0x0000000700b00000|
|  12|0x0000000700c00000, 0x0000000700cffe90, 0x0000000700d00000| 99%| O|  |TS  0|AC  0|TAMS 0x0000000700c00000, 0x0000000700c00000|
|  13|0x0000000700d00000, 0x0000000700dff638, 0x0000000700e00000| 99%| O|  |TS  0|AC  0|TAMS 0x0000000700d00000, 0x0000000700d00000|
|  14|0x0000000700e00000, 0x0000000700efbde0, 0x0000000700f00000| 98%| O|  |TS  0|AC  0|TAMS 0x0000000700e00000, 0x0000000700e00000|
|  15|0x0000000700f00000, 0x0000000701000000, 0x0000000701000000|100%|HS|  |TS  0|AC  0|TAMS 0x0000000700f00000, 0x0000000700f00000|
|  16|0x0000000701000000, 0x00000007010fa060, 0x0000000701100000| 97%| O|  |TS  0|AC  0|TAMS 0x0000000701000000, 0x0000000701000000|
|  17|0x0000000701100000, 0x0000000701200000, 0x0000000701200000|100%| O|  |TS  0|AC  0|TAMS 0x0000000701100000, 0x0000000701100000|
|  18|0x0000000701200000, 0x00000007012ffd10, 0x0000000701300000| 99%| O|  |TS  0|AC  0|TAMS 0x0000000701200000, 0x0000000701200000|
|  19|0x0000000701300000, 0x00000007013ffff0, 0x0000000701400000| 99%| O|  |TS  0|AC  0|TAMS 0x0000000701300000, 0x0000000701300000|
|  20|0x0000000701400000, 0x0000000701500000, 0x0000000701500000|100%| O|  |TS  0|AC  0|TAMS 0x0000000701400000, 0x0000000701400000|
|  21|0x0000000701500000, 0x00000007015ffff0, 0x0000000701600000| 99%| O|  |TS  0|AC  0|TAMS 0x0000000701500000, 0x0000000701500000|
|  22|0x0000000701600000, 0x00000007016ffff8, 0x0000000701700000| 99%| O|  |TS  0|AC  0|TAMS 0x0000000701600000, 0x0000000701600000|
|  23|0x0000000701700000, 0x00000007017ff6a0, 0x0000000701800000| 99%| O|  |TS  0|AC  0|TAMS 0x0000000701700000, 0x0000000701700000|
|  24|0x0000000701800000, 0x0000000701900000, 0x0000000701900000|100%| O|  |TS  0|AC  0|TAMS 0x0000000701800000, 0x0000000701800000|
|  25|0x0000000701900000, 0x0000000701a00000, 0x0000000701a00000|100%| O|  |TS  0|AC  0|TAMS 0x0000000701900000, 0x0000000701900000|
|  26|0x0000000701a00000, 0x0000000701affe30, 0x0000000701b00000| 99%| O|  |TS  0|AC  0|TAMS 0x0000000701a00000, 0x0000000701a00000|
|  27|0x0000000701b00000, 0x0000000701bfffe8, 0x0000000701c00000| 99%| O|  |TS  0|AC  0|TAMS 0x0000000701b00000, 0x0000000701b00000|
|  28|0x0000000701c00000, 0x0000000701cffe80, 0x0000000701d00000| 99%| O|  |TS  0|AC  0|TAMS 0x0000000701c00000, 0x0000000701c00000|
|  29|0x0000000701d00000, 0x0000000701dffff0, 0x0000000701e00000| 99%| O|  |TS  0|AC  0|TAMS 0x0000000701d00000, 0x0000000701d00000|
|  30|0x0000000701e00000, 0x0000000701effff0, 0x0000000701f00000| 99%| O|  |TS  0|AC  0|TAMS 0x0000000701e00000, 0x0000000701e00000|
|  31|0x0000000701f00000, 0x0000000701fffff8, 0x0000000702000000| 99%| O|  |TS  0|AC  0|TAMS 0x0000000701f00000, 0x0000000701f00000|
|  32|0x0000000702000000, 0x00000007020fffe8, 0x0000000702100000| 99%| O|  |TS  0|AC  0|TAMS 0x0000000702000000, 0x0000000702000000|
|  33|0x0000000702100000, 0x00000007021fffa8, 0x0000000702200000| 99%| O|  |TS  0|AC  0|TAMS 0x0000000702100000, 0x0000000702100000|
|  34|0x0000000702200000, 0x00000007022c0d48, 0x0000000702300000| 75%| O|  |TS  0|AC  0|TAMS 0x0000000702200000, 0x0000000702200000|
|  35|0x0000000702300000, 0x00000007023ffff0, 0x0000000702400000| 99%| O|  |TS  0|AC  0|TAMS 0x0000000702300000, 0x0000000702300000|
|  36|0x0000000702400000, 0x00000007024ffff8, 0x0000000702500000| 99%| O|  |TS  0|AC  0|TAMS 0x0000000702400000, 0x0000000702400000|
|  37|0x0000000702500000, 0x0000000702600000, 0x0000000702600000|100%| O|  |TS  0|AC  0|TAMS 0x0000000702500000, 0x0000000702500000|
|  38|0x0000000702600000, 0x00000007026fffc8, 0x0000000702700000| 99%| O|  |TS  0|AC  0|TAMS 0x0000000702600000, 0x0000000702600000|
|  39|0x0000000702700000, 0x00000007027fffd8, 0x0000000702800000| 99%| O|  |TS  0|AC  0|TAMS 0x0000000702700000, 0x0000000702700000|
|  40|0x0000000702800000, 0x00000007028ffff0, 0x0000000702900000| 99%| O|  |TS  0|AC  0|TAMS 0x0000000702800000, 0x0000000702800000|
|  41|0x0000000702900000, 0x0000000702a00000, 0x0000000702a00000|100%| O|  |TS  0|AC  0|TAMS 0x0000000702900000, 0x0000000702900000|
|  42|0x0000000702a00000, 0x0000000702affff8, 0x0000000702b00000| 99%| O|  |TS  0|AC  0|TAMS 0x0000000702a00000, 0x0000000702a00000|
|  43|0x0000000702b00000, 0x0000000702bffff0, 0x0000000702c00000| 99%| O|  |TS  0|AC  0|TAMS 0x0000000702b00000, 0x0000000702b00000|
|  44|0x0000000702c00000, 0x0000000702cfffe8, 0x0000000702d00000| 99%| O|  |TS  0|AC  0|TAMS 0x0000000702c00000, 0x0000000702c00000|
|  45|0x0000000702d00000, 0x0000000702dfff48, 0x0000000702e00000| 99%| O|  |TS  0|AC  0|TAMS 0x0000000702d00000, 0x0000000702d00000|
|  46|0x0000000702e00000, 0x0000000702f00000, 0x0000000702f00000|100%|HS|  |TS  0|AC  0|TAMS 0x0000000702e00000, 0x0000000702e00000|
|  47|0x0000000702f00000, 0x0000000703000000, 0x0000000703000000|100%|HC|  |TS  0|AC  0|TAMS 0x0000000702f00000, 0x0000000702f00000|
|  48|0x0000000703000000, 0x0000000703100000, 0x0000000703100000|100%|HC|  |TS  0|AC  0|TAMS 0x0000000703000000, 0x0000000703000000|
|  49|0x0000000703100000, 0x0000000703200000, 0x0000000703200000|100%|HC|  |TS  0|AC  0|TAMS 0x0000000703100000, 0x0000000703100000|
|  50|0x0000000703200000, 0x0000000703300000, 0x0000000703300000|100%|HC|  |TS  0|AC  0|TAMS 0x0000000703200000, 0x0000000703200000|
|  51|0x0000000703300000, 0x0000000703400000, 0x0000000703400000|100%|HC|  |TS  0|AC  0|TAMS 0x0000000703300000, 0x0000000703300000|
|  52|0x0000000703400000, 0x0000000703500000, 0x0000000703500000|100%|HC|  |TS  0|AC  0|TAMS 0x0000000703400000, 0x0000000703400000|
|  53|0x0000000703500000, 0x0000000703600000, 0x0000000703600000|100%|HC|  |TS  0|AC  0|TAMS 0x0000000703500000, 0x0000000703500000|
|  54|0x0000000703600000, 0x00000007036fffb0, 0x0000000703700000| 99%| O|  |TS  0|AC  0|TAMS 0x0000000703600000, 0x0000000703600000|
|  55|0x0000000703700000, 0x00000007037fffc0, 0x0000000703800000| 99%| O|  |TS  0|AC  0|TAMS 0x0000000703700000, 0x0000000703700000|
|  56|0x0000000703800000, 0x00000007038fffb8, 0x0000000703900000| 99%| O|  |TS  0|AC  0|TAMS 0x0000000703800000, 0x0000000703800000|
|  57|0x0000000703900000, 0x00000007039fff30, 0x0000000703a00000| 99%| O|  |TS  0|AC  0|TAMS 0x0000000703900000, 0x0000000703900000|
|  58|0x0000000703a00000, 0x0000000703afffe8, 0x0000000703b00000| 99%| O|  |TS  0|AC  0|TAMS 0x0000000703a00000, 0x0000000703a00000|
|  59|0x0000000703b00000, 0x0000000703bfb688, 0x0000000703c00000| 98%| O|  |TS  0|AC  0|TAMS 0x0000000703b00000, 0x0000000703b00000|
|  60|0x0000000703c00000, 0x0000000703cffff0, 0x0000000703d00000| 99%| O|  |TS  0|AC  0|TAMS 0x0000000703c00000, 0x0000000703c00000|
|  61|0x0000000703d00000, 0x0000000703e00000, 0x0000000703e00000|100%| O|  |TS  0|AC  0|TAMS 0x0000000703d00000, 0x0000000703d00000|
|  62|0x0000000703e00000, 0x0000000703f00000, 0x0000000703f00000|100%|HS|  |TS  0|AC  0|TAMS 0x0000000703e00000, 0x0000000703e00000|
|  63|0x0000000703f00000, 0x0000000704000000, 0x0000000704000000|100%|HC|  |TS  0|AC  0|TAMS 0x0000000703f00000, 0x0000000703f00000|
|  64|0x0000000704000000, 0x00000007040117c0, 0x0000000704100000|  6%| O|  |TS  0|AC  0|TAMS 0x0000000704000000, 0x0000000704000000|
|  65|0x0000000704100000, 0x0000000704100000, 0x0000000704200000|  0%| F|  |TS  0|AC  0|TAMS 0x0000000704100000, 0x0000000704100000|
|  66|0x0000000704200000, 0x0000000704200000, 0x0000000704300000|  0%| F|  |TS  0|AC  0|TAMS 0x0000000704200000, 0x0000000704200000|
|  67|0x0000000704300000, 0x0000000704300000, 0x0000000704400000|  0%| F|  |TS  0|AC  0|TAMS 0x0000000704300000, 0x0000000704300000|
|  68|0x0000000704400000, 0x0000000704400000, 0x0000000704500000|  0%| F|  |TS  0|AC  0|TAMS 0x0000000704400000, 0x0000000704400000|
|  69|0x0000000704500000, 0x0000000704600000, 0x0000000704600000|100%|HS|  |TS  0|AC  0|TAMS 0x0000000704500000, 0x0000000704500000|
|  70|0x0000000704600000, 0x0000000704700000, 0x0000000704700000|100%|HC|  |TS  0|AC  0|TAMS 0x0000000704600000, 0x0000000704600000|
|  71|0x0000000704700000, 0x0000000704800000, 0x0000000704800000|100%|HC|  |TS  0|AC  0|TAMS 0x0000000704700000, 0x0000000704700000|
|  72|0x0000000704800000, 0x0000000704900000, 0x0000000704900000|100%|HC|  |TS  0|AC  0|TAMS 0x0000000704800000, 0x0000000704800000|
|  73|0x0000000704900000, 0x0000000704900000, 0x0000000704a00000|  0%| F|  |TS  0|AC  0|TAMS 0x0000000704900000, 0x0000000704900000|
|  74|0x0000000704a00000, 0x0000000704a00000, 0x0000000704b00000|  0%| F|  |TS  0|AC  0|TAMS 0x0000000704a00000, 0x0000000704a00000|
|  75|0x0000000704b00000, 0x0000000704b00000, 0x0000000704c00000|  0%| F|  |TS  0|AC  0|TAMS 0x0000000704b00000, 0x0000000704b00000|
|  76|0x0000000704c00000, 0x0000000704c00000, 0x0000000704d00000|  0%| F|  |TS  0|AC  0|TAMS 0x0000000704c00000, 0x0000000704c00000|
|  77|0x0000000704d00000, 0x0000000704d00000, 0x0000000704e00000|  0%| F|  |TS  0|AC  0|TAMS 0x0000000704d00000, 0x0000000704d00000|
|  78|0x0000000704e00000, 0x0000000704e00000, 0x0000000704f00000|  0%| F|  |TS  0|AC  0|TAMS 0x0000000704e00000, 0x0000000704e00000|
|  79|0x0000000704f00000, 0x0000000704f00000, 0x0000000705000000|  0%| F|  |TS  0|AC  0|TAMS 0x0000000704f00000, 0x0000000704f00000|
|  80|0x0000000705000000, 0x0000000705000000, 0x0000000705100000|  0%| F|  |TS  0|AC  0|TAMS 0x0000000705000000, 0x0000000705000000|
|  81|0x0000000705100000, 0x0000000705100000, 0x0000000705200000|  0%| F|  |TS  0|AC  0|TAMS 0x0000000705100000, 0x0000000705100000|
|  82|0x0000000705200000, 0x0000000705200000, 0x0000000705300000|  0%| F|  |TS  0|AC  0|TAMS 0x0000000705200000, 0x0000000705200000|
|  83|0x0000000705300000, 0x0000000705300000, 0x0000000705400000|  0%| F|  |TS  0|AC  0|TAMS 0x0000000705300000, 0x0000000705300000|
|  84|0x0000000705400000, 0x0000000705400000, 0x0000000705500000|  0%| F|  |TS  0|AC  0|TAMS 0x0000000705400000, 0x0000000705400000|
|  85|0x0000000705500000, 0x0000000705500000, 0x0000000705600000|  0%| F|  |TS  0|AC  0|TAMS 0x0000000705500000, 0x0000000705500000|
|  86|0x0000000705600000, 0x0000000705600000, 0x0000000705700000|  0%| F|  |TS  0|AC  0|TAMS 0x0000000705600000, 0x0000000705600000|
|  87|0x0000000705700000, 0x0000000705700000, 0x0000000705800000|  0%| F|  |TS  0|AC  0|TAMS 0x0000000705700000, 0x0000000705700000|
|  88|0x0000000705800000, 0x0000000705800000, 0x0000000705900000|  0%| F|  |TS  0|AC  0|TAMS 0x0000000705800000, 0x0000000705800000|
|  89|0x0000000705900000, 0x0000000705900000, 0x0000000705a00000|  0%| F|  |TS  0|AC  0|TAMS 0x0000000705900000, 0x0000000705900000|
|  90|0x0000000705a00000, 0x0000000705a00000, 0x0000000705b00000|  0%| F|  |TS  0|AC  0|TAMS 0x0000000705a00000, 0x0000000705a00000|
|  91|0x0000000705b00000, 0x0000000705b00000, 0x0000000705c00000|  0%| F|  |TS  0|AC  0|TAMS 0x0000000705b00000, 0x0000000705b00000|
|  92|0x0000000705c00000, 0x0000000705c00000, 0x0000000705d00000|  0%| F|  |TS  0|AC  0|TAMS 0x0000000705c00000, 0x0000000705c00000|
|  93|0x0000000705d00000, 0x0000000705d00000, 0x0000000705e00000|  0%| F|  |TS  0|AC  0|TAMS 0x0000000705d00000, 0x0000000705d00000|
|  94|0x0000000705e00000, 0x0000000705e00000, 0x0000000705f00000|  0%| F|  |TS  0|AC  0|TAMS 0x0000000705e00000, 0x0000000705e00000|
|  95|0x0000000705f00000, 0x0000000705f00000, 0x0000000706000000|  0%| F|  |TS  0|AC  0|TAMS 0x0000000705f00000, 0x0000000705f00000|
|  96|0x0000000706000000, 0x0000000706000000, 0x0000000706100000|  0%| F|  |TS  0|AC  0|TAMS 0x0000000706000000, 0x0000000706000000|
|  97|0x0000000706100000, 0x0000000706100000, 0x0000000706200000|  0%| F|  |TS  0|AC  0|TAMS 0x0000000706100000, 0x0000000706100000|
|  98|0x0000000706200000, 0x0000000706200000, 0x0000000706300000|  0%| F|  |TS  0|AC  0|TAMS 0x0000000706200000, 0x0000000706200000|
|  99|0x0000000706300000, 0x0000000706300000, 0x0000000706400000|  0%| F|  |TS  0|AC  0|TAMS 0x0000000706300000, 0x0000000706300000|
| 100|0x0000000706400000, 0x0000000706400000, 0x0000000706500000|  0%| F|  |TS  0|AC  0|TAMS 0x0000000706400000, 0x0000000706400000|
| 101|0x0000000706500000, 0x0000000706500000, 0x0000000706600000|  0%| F|  |TS  0|AC  0|TAMS 0x0000000706500000, 0x0000000706500000|
| 102|0x0000000706600000, 0x0000000706600000, 0x0000000706700000|  0%| F|  |TS  0|AC  0|TAMS 0x0000000706600000, 0x0000000706600000|
| 103|0x0000000706700000, 0x0000000706700000, 0x0000000706800000|  0%| F|  |TS  0|AC  0|TAMS 0x0000000706700000, 0x0000000706700000|
| 104|0x0000000706800000, 0x0000000706800000, 0x0000000706900000|  0%| F|  |TS  0|AC  0|TAMS 0x0000000706800000, 0x0000000706800000|
| 105|0x0000000706900000, 0x0000000706900000, 0x0000000706a00000|  0%| F|  |TS  0|AC  0|TAMS 0x0000000706900000, 0x0000000706900000|
| 106|0x0000000706a00000, 0x0000000706a00000, 0x0000000706b00000|  0%| F|  |TS  0|AC  0|TAMS 0x0000000706a00000, 0x0000000706a00000|
| 107|0x0000000706b00000, 0x0000000706b00000, 0x0000000706c00000|  0%| F|  |TS  0|AC  0|TAMS 0x0000000706b00000, 0x0000000706b00000|
| 108|0x0000000706c00000, 0x0000000706c00000, 0x0000000706d00000|  0%| F|  |TS  0|AC  0|TAMS 0x0000000706c00000, 0x0000000706c00000|
| 109|0x0000000706d00000, 0x0000000706d00000, 0x0000000706e00000|  0%| F|  |TS  0|AC  0|TAMS 0x0000000706d00000, 0x0000000706d00000|
| 110|0x0000000706e00000, 0x0000000706e00000, 0x0000000706f00000|  0%| F|  |TS  0|AC  0|TAMS 0x0000000706e00000, 0x0000000706e00000|
| 111|0x0000000706f00000, 0x0000000706f00000, 0x0000000707000000|  0%| F|  |TS  0|AC  0|TAMS 0x0000000706f00000, 0x0000000706f00000|
| 112|0x0000000707000000, 0x0000000707000000, 0x0000000707100000|  0%| F|  |TS  0|AC  0|TAMS 0x0000000707000000, 0x0000000707000000|
| 113|0x0000000707100000, 0x0000000707100000, 0x0000000707200000|  0%| F|  |TS  0|AC  0|TAMS 0x0000000707100000, 0x0000000707100000|
| 114|0x0000000707200000, 0x0000000707200000, 0x0000000707300000|  0%| F|  |TS  0|AC  0|TAMS 0x0000000707200000, 0x0000000707200000|
| 115|0x0000000707300000, 0x0000000707300000, 0x0000000707400000|  0%| F|  |TS  0|AC  0|TAMS 0x0000000707300000, 0x0000000707300000|
| 116|0x0000000707400000, 0x0000000707400000, 0x0000000707500000|  0%| F|  |TS  0|AC  0|TAMS 0x0000000707400000, 0x0000000707400000|
| 117|0x0000000707500000, 0x0000000707500000, 0x0000000707600000|  0%| F|  |TS  0|AC  0|TAMS 0x0000000707500000, 0x0000000707500000|
| 118|0x0000000707600000, 0x0000000707600000, 0x0000000707700000|  0%| F|  |TS  0|AC  0|TAMS 0x0000000707600000, 0x0000000707600000|
| 119|0x0000000707700000, 0x0000000707700000, 0x0000000707800000|  0%| F|  |TS  0|AC  0|TAMS 0x0000000707700000, 0x0000000707700000|
| 120|0x0000000707800000, 0x0000000707800000, 0x0000000707900000|  0%| F|  |TS  0|AC  0|TAMS 0x0000000707800000, 0x0000000707800000|
| 121|0x0000000707900000, 0x0000000707900000, 0x0000000707a00000|  0%| F|  |TS  0|AC  0|TAMS 0x0000000707900000, 0x0000000707900000|
| 122|0x0000000707a00000, 0x0000000707a00000, 0x0000000707b00000|  0%| F|  |TS  0|AC  0|TAMS 0x0000000707a00000, 0x0000000707a00000|
| 123|0x0000000707b00000, 0x0000000707b00000, 0x0000000707c00000|  0%| F|  |TS  0|AC  0|TAMS 0x0000000707b00000, 0x0000000707b00000|
| 124|0x0000000707c00000, 0x0000000707c00000, 0x0000000707d00000|  0%| F|  |TS  0|AC  0|TAMS 0x0000000707c00000, 0x0000000707c00000|
| 125|0x0000000707d00000, 0x0000000707d00000, 0x0000000707e00000|  0%| F|  |TS  0|AC  0|TAMS 0x0000000707d00000, 0x0000000707d00000|
| 126|0x0000000707e00000, 0x0000000707e00000, 0x0000000707f00000|  0%| F|  |TS  0|AC  0|TAMS 0x0000000707e00000, 0x0000000707e00000|
| 127|0x0000000707f00000, 0x0000000707f00000, 0x0000000708000000|  0%| F|  |TS  0|AC  0|TAMS 0x0000000707f00000, 0x0000000707f00000|
| 128|0x0000000708000000, 0x0000000708000000, 0x0000000708100000|  0%| F|  |TS  0|AC  0|TAMS 0x0000000708000000, 0x0000000708000000|
| 129|0x0000000708100000, 0x0000000708100000, 0x0000000708200000|  0%| F|  |TS  0|AC  0|TAMS 0x0000000708100000, 0x0000000708100000|
| 130|0x0000000708200000, 0x0000000708200000, 0x0000000708300000|  0%| F|  |TS  0|AC  0|TAMS 0x0000000708200000, 0x0000000708200000|
| 131|0x0000000708300000, 0x0000000708300000, 0x0000000708400000|  0%| F|  |TS  0|AC  0|TAMS 0x0000000708300000, 0x0000000708300000|
| 132|0x0000000708400000, 0x0000000708400000, 0x0000000708500000|  0%| F|  |TS  0|AC  0|TAMS 0x0000000708400000, 0x0000000708400000|
| 133|0x0000000708500000, 0x0000000708500000, 0x0000000708600000|  0%| F|  |TS  0|AC  0|TAMS 0x0000000708500000, 0x0000000708500000|
| 134|0x0000000708600000, 0x0000000708600000, 0x0000000708700000|  0%| F|  |TS  0|AC  0|TAMS 0x0000000708600000, 0x0000000708600000|
| 135|0x0000000708700000, 0x0000000708700000, 0x0000000708800000|  0%| F|  |TS  0|AC  0|TAMS 0x0000000708700000, 0x0000000708700000|
| 136|0x0000000708800000, 0x0000000708800000, 0x0000000708900000|  0%| F|  |TS  0|AC  0|TAMS 0x0000000708800000, 0x0000000708800000|
| 137|0x0000000708900000, 0x0000000708900000, 0x0000000708a00000|  0%| F|  |TS  0|AC  0|TAMS 0x0000000708900000, 0x0000000708900000|
| 138|0x0000000708a00000, 0x0000000708a00000, 0x0000000708b00000|  0%| F|  |TS  0|AC  0|TAMS 0x0000000708a00000, 0x0000000708a00000|
| 139|0x0000000708b00000, 0x0000000708b00000, 0x0000000708c00000|  0%| F|  |TS  0|AC  0|TAMS 0x0000000708b00000, 0x0000000708b00000|
| 140|0x0000000708c00000, 0x0000000708c00000, 0x0000000708d00000|  0%| F|  |TS  0|AC  0|TAMS 0x0000000708c00000, 0x0000000708c00000|
| 141|0x0000000708d00000, 0x0000000708d00000, 0x0000000708e00000|  0%| F|  |TS  0|AC  0|TAMS 0x0000000708d00000, 0x0000000708d00000|
| 142|0x0000000708e00000, 0x0000000708e00000, 0x0000000708f00000|  0%| F|  |TS  0|AC  0|TAMS 0x0000000708e00000, 0x0000000708e00000|
| 143|0x0000000708f00000, 0x0000000708f00000, 0x0000000709000000|  0%| F|  |TS  0|AC  0|TAMS 0x0000000708f00000, 0x0000000708f00000|
| 144|0x0000000709000000, 0x0000000709000000, 0x0000000709100000|  0%| F|  |TS  0|AC  0|TAMS 0x0000000709000000, 0x0000000709000000|
| 145|0x0000000709100000, 0x0000000709100000, 0x0000000709200000|  0%| F|  |TS  0|AC  0|TAMS 0x0000000709100000, 0x0000000709100000|
| 146|0x0000000709200000, 0x0000000709200000, 0x0000000709300000|  0%| F|  |TS  0|AC  0|TAMS 0x0000000709200000, 0x0000000709200000|
| 147|0x0000000709300000, 0x0000000709300000, 0x0000000709400000|  0%| F|  |TS  0|AC  0|TAMS 0x0000000709300000, 0x0000000709300000|
| 148|0x0000000709400000, 0x0000000709400000, 0x0000000709500000|  0%| F|  |TS  0|AC  0|TAMS 0x0000000709400000, 0x0000000709400000|
| 149|0x0000000709500000, 0x0000000709500000, 0x0000000709600000|  0%| F|  |TS  0|AC  0|TAMS 0x0000000709500000, 0x0000000709500000|
| 150|0x0000000709600000, 0x000000070966c1e8, 0x0000000709700000| 42%| S|CS|TS  9|AC  0|TAMS 0x0000000709600000, 0x0000000709600000|
| 151|0x0000000709700000, 0x0000000709700000, 0x0000000709800000|  0%| F|  |TS  9|AC  0|TAMS 0x0000000709700000, 0x0000000709700000|
| 152|0x0000000709800000, 0x0000000709800000, 0x0000000709900000|  0%| F|  |TS  9|AC  0|TAMS 0x0000000709800000, 0x0000000709800000|
| 153|0x0000000709900000, 0x0000000709900000, 0x0000000709a00000|  0%| F|  |TS  9|AC  0|TAMS 0x0000000709900000, 0x0000000709900000|
| 154|0x0000000709a00000, 0x0000000709a00000, 0x0000000709b00000|  0%| F|  |TS  9|AC  0|TAMS 0x0000000709a00000, 0x0000000709a00000|
| 155|0x0000000709b00000, 0x0000000709b00000, 0x0000000709c00000|  0%| F|  |TS  9|AC  0|TAMS 0x0000000709b00000, 0x0000000709b00000|
| 156|0x0000000709c00000, 0x0000000709c00000, 0x0000000709d00000|  0%| F|  |TS  9|AC  0|TAMS 0x0000000709c00000, 0x0000000709c00000|
| 157|0x0000000709d00000, 0x0000000709d00000, 0x0000000709e00000|  0%| F|  |TS  9|AC  0|TAMS 0x0000000709d00000, 0x0000000709d00000|
| 158|0x0000000709e00000, 0x0000000709e00000, 0x0000000709f00000|  0%| F|  |TS  9|AC  0|TAMS 0x0000000709e00000, 0x0000000709e00000|
| 159|0x0000000709f00000, 0x0000000709f00000, 0x000000070a000000|  0%| F|  |TS  9|AC  0|TAMS 0x0000000709f00000, 0x0000000709f00000|
| 160|0x000000070a000000, 0x000000070a000000, 0x000000070a100000|  0%| F|  |TS  9|AC  0|TAMS 0x000000070a000000, 0x000000070a000000|
| 161|0x000000070a100000, 0x000000070a100000, 0x000000070a200000|  0%| F|  |TS  9|AC  0|TAMS 0x000000070a100000, 0x000000070a100000|
| 162|0x000000070a200000, 0x000000070a200000, 0x000000070a300000|  0%| F|  |TS  9|AC  0|TAMS 0x000000070a200000, 0x000000070a200000|
| 163|0x000000070a300000, 0x000000070a300000, 0x000000070a400000|  0%| F|  |TS  9|AC  0|TAMS 0x000000070a300000, 0x000000070a300000|
| 164|0x000000070a400000, 0x000000070a400000, 0x000000070a500000|  0%| F|  |TS  9|AC  0|TAMS 0x000000070a400000, 0x000000070a400000|
| 165|0x000000070a500000, 0x000000070a500000, 0x000000070a600000|  0%| F|  |TS  9|AC  0|TAMS 0x000000070a500000, 0x000000070a500000|
| 166|0x000000070a600000, 0x000000070a600000, 0x000000070a700000|  0%| F|  |TS  9|AC  0|TAMS 0x000000070a600000, 0x000000070a600000|
| 167|0x000000070a700000, 0x000000070a700000, 0x000000070a800000|  0%| F|  |TS  9|AC  0|TAMS 0x000000070a700000, 0x000000070a700000|
| 168|0x000000070a800000, 0x000000070a800000, 0x000000070a900000|  0%| F|  |TS  9|AC  0|TAMS 0x000000070a800000, 0x000000070a800000|
| 169|0x000000070a900000, 0x000000070a945c38, 0x000000070aa00000| 27%| E|  |TS  9|AC  0|TAMS 0x000000070a900000, 0x000000070a900000|
| 170|0x000000070aa00000, 0x000000070ab00000, 0x000000070ab00000|100%| E|CS|TS  9|AC  0|TAMS 0x000000070aa00000, 0x000000070aa00000|
| 171|0x000000070ab00000, 0x000000070ac00000, 0x000000070ac00000|100%| E|CS|TS  9|AC  0|TAMS 0x000000070ab00000, 0x000000070ab00000|
| 172|0x000000070ac00000, 0x000000070ad00000, 0x000000070ad00000|100%| E|CS|TS  9|AC  0|TAMS 0x000000070ac00000, 0x000000070ac00000|
| 173|0x000000070ad00000, 0x000000070ae00000, 0x000000070ae00000|100%| E|CS|TS  9|AC  0|TAMS 0x000000070ad00000, 0x000000070ad00000|
| 174|0x000000070ae00000, 0x000000070af00000, 0x000000070af00000|100%| E|CS|TS  9|AC  0|TAMS 0x000000070ae00000, 0x000000070ae00000|
| 175|0x000000070af00000, 0x000000070b000000, 0x000000070b000000|100%| E|CS|TS  9|AC  0|TAMS 0x000000070af00000, 0x000000070af00000|
| 176|0x000000070b000000, 0x000000070b100000, 0x000000070b100000|100%| E|CS|TS  9|AC  0|TAMS 0x000000070b000000, 0x000000070b000000|
| 177|0x000000070b100000, 0x000000070b200000, 0x000000070b200000|100%| E|CS|TS  9|AC  0|TAMS 0x000000070b100000, 0x000000070b100000|
| 178|0x000000070b200000, 0x000000070b300000, 0x000000070b300000|100%| E|CS|TS  9|AC  0|TAMS 0x000000070b200000, 0x000000070b200000|
| 179|0x000000070b300000, 0x000000070b400000, 0x000000070b400000|100%| E|CS|TS  9|AC  0|TAMS 0x000000070b300000, 0x000000070b300000|
| 180|0x000000070b400000, 0x000000070b500000, 0x000000070b500000|100%| E|CS|TS  9|AC  0|TAMS 0x000000070b400000, 0x000000070b400000|
| 181|0x000000070b500000, 0x000000070b600000, 0x000000070b600000|100%| E|CS|TS  9|AC  0|TAMS 0x000000070b500000, 0x000000070b500000|
| 182|0x000000070b600000, 0x000000070b700000, 0x000000070b700000|100%| E|CS|TS  9|AC  0|TAMS 0x000000070b600000, 0x000000070b600000|
| 183|0x000000070b700000, 0x000000070b800000, 0x000000070b800000|100%| E|CS|TS  9|AC  0|TAMS 0x000000070b700000, 0x000000070b700000|
| 184|0x000000070b800000, 0x000000070b900000, 0x000000070b900000|100%| E|CS|TS  9|AC  0|TAMS 0x000000070b800000, 0x000000070b800000|
| 185|0x000000070b900000, 0x000000070ba00000, 0x000000070ba00000|100%| E|CS|TS  9|AC  0|TAMS 0x000000070b900000, 0x000000070b900000|
| 186|0x000000070ba00000, 0x000000070bb00000, 0x000000070bb00000|100%| E|CS|TS  9|AC  0|TAMS 0x000000070ba00000, 0x000000070ba00000|
| 187|0x000000070bb00000, 0x000000070bc00000, 0x000000070bc00000|100%| E|CS|TS  9|AC  0|TAMS 0x000000070bb00000, 0x000000070bb00000|
| 188|0x000000070bc00000, 0x000000070bd00000, 0x000000070bd00000|100%| E|CS|TS  9|AC  0|TAMS 0x000000070bc00000, 0x000000070bc00000|
| 189|0x000000070bd00000, 0x000000070be00000, 0x000000070be00000|100%| E|CS|TS  9|AC  0|TAMS 0x000000070bd00000, 0x000000070bd00000|
| 190|0x000000070be00000, 0x000000070bf00000, 0x000000070bf00000|100%| E|CS|TS  9|AC  0|TAMS 0x000000070be00000, 0x000000070be00000|
| 191|0x000000070bf00000, 0x000000070c000000, 0x000000070c000000|100%| E|CS|TS  9|AC  0|TAMS 0x000000070bf00000, 0x000000070bf00000|
| 192|0x000000070c000000, 0x000000070c100000, 0x000000070c100000|100%| E|CS|TS  9|AC  0|TAMS 0x000000070c000000, 0x000000070c000000|
| 193|0x000000070c100000, 0x000000070c200000, 0x000000070c200000|100%| E|CS|TS  9|AC  0|TAMS 0x000000070c100000, 0x000000070c100000|
| 194|0x000000070c200000, 0x000000070c300000, 0x000000070c300000|100%| E|CS|TS  9|AC  0|TAMS 0x000000070c200000, 0x000000070c200000|
| 195|0x000000070c300000, 0x000000070c400000, 0x000000070c400000|100%| E|CS|TS  9|AC  0|TAMS 0x000000070c300000, 0x000000070c300000|
| 196|0x000000070c400000, 0x000000070c500000, 0x000000070c500000|100%| E|CS|TS  9|AC  0|TAMS 0x000000070c400000, 0x000000070c400000|
| 197|0x000000070c500000, 0x000000070c600000, 0x000000070c600000|100%| E|CS|TS  9|AC  0|TAMS 0x000000070c500000, 0x000000070c500000|
| 198|0x000000070c600000, 0x000000070c700000, 0x000000070c700000|100%| E|CS|TS  9|AC  0|TAMS 0x000000070c600000, 0x000000070c600000|
| 199|0x000000070c700000, 0x000000070c800000, 0x000000070c800000|100%| E|CS|TS  9|AC  0|TAMS 0x000000070c700000, 0x000000070c700000|
| 200|0x000000070c800000, 0x000000070c900000, 0x000000070c900000|100%| E|CS|TS  9|AC  0|TAMS 0x000000070c800000, 0x000000070c800000|
| 201|0x000000070c900000, 0x000000070ca00000, 0x000000070ca00000|100%| E|CS|TS  9|AC  0|TAMS 0x000000070c900000, 0x000000070c900000|
| 202|0x000000070ca00000, 0x000000070cb00000, 0x000000070cb00000|100%| E|CS|TS  9|AC  0|TAMS 0x000000070ca00000, 0x000000070ca00000|
| 203|0x000000070cb00000, 0x000000070cc00000, 0x000000070cc00000|100%| E|CS|TS  9|AC  0|TAMS 0x000000070cb00000, 0x000000070cb00000|
| 204|0x000000070cc00000, 0x000000070cd00000, 0x000000070cd00000|100%| E|CS|TS  9|AC  0|TAMS 0x000000070cc00000, 0x000000070cc00000|
| 205|0x000000070cd00000, 0x000000070ce00000, 0x000000070ce00000|100%| E|CS|TS  9|AC  0|TAMS 0x000000070cd00000, 0x000000070cd00000|
| 206|0x000000070ce00000, 0x000000070cf00000, 0x000000070cf00000|100%| E|CS|TS  9|AC  0|TAMS 0x000000070ce00000, 0x000000070ce00000|
| 207|0x000000070cf00000, 0x000000070d000000, 0x000000070d000000|100%| E|CS|TS  9|AC  0|TAMS 0x000000070cf00000, 0x000000070cf00000|
| 208|0x000000070d000000, 0x000000070d100000, 0x000000070d100000|100%| E|CS|TS  9|AC  0|TAMS 0x000000070d000000, 0x000000070d000000|
| 209|0x000000070d100000, 0x000000070d200000, 0x000000070d200000|100%| E|CS|TS  9|AC  0|TAMS 0x000000070d100000, 0x000000070d100000|
| 210|0x000000070d200000, 0x000000070d300000, 0x000000070d300000|100%| E|CS|TS  9|AC  0|TAMS 0x000000070d200000, 0x000000070d200000|

Card table byte_map: [0x0000000011720000,0x0000000011d20000] byte_map_base: 0x000000000df20000

Marking Bits (Prev, Next): (CMBitMap*) 0x000000000ae47a90, (CMBitMap*) 0x000000000ae47ac8
 Prev Bits: [0x00000000193b0000, 0x000000001c3b0000)
 Next Bits: [0x000000002d2f0000, 0x00000000302f0000)

Polling page: 0x0000000001b60000

CodeHeap 'non-profiled nmethods': size=120000Kb used=21523Kb max_used=22962Kb free=98476Kb
 bounds [0x0000000025dc0000, 0x0000000027450000, 0x000000002d2f0000]
CodeHeap 'profiled nmethods': size=120000Kb used=39073Kb max_used=45899Kb free=80926Kb
 bounds [0x000000001e890000, 0x00000000215b0000, 0x0000000025dc0000]
CodeHeap 'non-nmethods': size=5760Kb used=1783Kb max_used=1825Kb free=3977Kb
 bounds [0x000000001e2f0000, 0x000000001e560000, 0x000000001e890000]
 total_blobs=33430 nmethods=17015 adapters=1125
 compilation: enabled

Compilation events (10 events):
Event: 8159.124 Thread 0x000000000bf7a000 22786       3       javax.swing.plaf.synth.SynthProgressBarUI::getContext (11 bytes)
Event: 8159.127 Thread 0x000000000bf7a000 nmethod 22786 0x000000001f198310 code [0x000000001f198580, 0x000000001f1990f8]
Event: 8159.127 Thread 0x000000000bf7a000 22787       3       javax.swing.plaf.synth.SynthProgressBarUI::getComponentState (5 bytes)
Event: 8159.128 Thread 0x000000000bf7a000 nmethod 22787 0x000000001ef99010 code [0x000000001ef99220, 0x000000001ef998b8]
Event: 8159.623 Thread 0x000000000bf7a000 22788       3       javax.swing.plaf.synth.SynthProgressBarUI::update (44 bytes)
Event: 8159.627 Thread 0x000000000bf7a000 nmethod 22788 0x000000001f1f6b90 code [0x000000001f1f6e80, 0x000000001f1f7fe8]
Event: 8161.689 Thread 0x000000000bf7a000 22789       3       javax.swing.text.GapContent::getPositionsInRange (176 bytes)
Event: 8161.733 Thread 0x000000000bf7a000 nmethod 22789 0x000000001f2e8310 code [0x000000001f2e85e0, 0x000000001f2e9b58]
Event: 8161.835 Thread 0x000000000bf7a000 22790       3       java.awt.SentEvent::<init> (32 bytes)
Event: 8161.836 Thread 0x000000000bf7a000 nmethod 22790 0x000000001f0f7790 code [0x000000001f0f79e0, 0x000000001f0f84d8]

GC Heap History (10 events):
Event: 8046.800 GC heap before
{Heap before GC invocations=501 (full 330):
 garbage-first heap   total 216064K, used 130486K [0x0000000700000000, 0x0000000700100698, 0x00000007c0000000)
  region size 1024K, 60 young (61440K), 0 survivors (0K)
 Metaspace       used 83026K, capacity 85041K, committed 92540K, reserved 1128448K
  class space    used 10903K, capacity 11347K, committed 12924K, reserved 1048576K
}
Event: 8046.808 GC heap after
{Heap after GC invocations=502 (full 330):
 garbage-first heap   total 216064K, used 69311K [0x0000000700000000, 0x0000000700100698, 0x00000007c0000000)
  region size 1024K, 1 young (1024K), 1 survivors (1024K)
 Metaspace       used 83026K, capacity 85041K, committed 92540K, reserved 1128448K
  class space    used 10903K, capacity 11347K, committed 12924K, reserved 1048576K
}
Event: 8052.111 GC heap before
{Heap before GC invocations=502 (full 330):
 garbage-first heap   total 216064K, used 129727K [0x0000000700000000, 0x0000000700100698, 0x00000007c0000000)
  region size 1024K, 60 young (61440K), 1 survivors (1024K)
 Metaspace       used 83030K, capacity 85041K, committed 92540K, reserved 1128448K
  class space    used 10903K, capacity 11347K, committed 12924K, reserved 1048576K
}
Event: 8052.118 GC heap after
{Heap after GC invocations=503 (full 330):
 garbage-first heap   total 216064K, used 69318K [0x0000000700000000, 0x0000000700100698, 0x00000007c0000000)
  region size 1024K, 1 young (1024K), 1 survivors (1024K)
 Metaspace       used 83030K, capacity 85041K, committed 92540K, reserved 1128448K
  class space    used 10903K, capacity 11347K, committed 12924K, reserved 1048576K
}
Event: 8085.139 GC heap before
{Heap before GC invocations=503 (full 330):
 garbage-first heap   total 216064K, used 129734K [0x0000000700000000, 0x0000000700100698, 0x00000007c0000000)
  region size 1024K, 60 young (61440K), 1 survivors (1024K)
 Metaspace       used 83031K, capacity 85041K, committed 92540K, reserved 1128448K
  class space    used 10903K, capacity 11347K, committed 12924K, reserved 1048576K
}
Event: 8085.144 GC heap after
{Heap after GC invocations=504 (full 330):
 garbage-first heap   total 216064K, used 69244K [0x0000000700000000, 0x0000000700100698, 0x00000007c0000000)
  region size 1024K, 1 young (1024K), 1 survivors (1024K)
 Metaspace       used 83031K, capacity 85041K, committed 92540K, reserved 1128448K
  class space    used 10903K, capacity 11347K, committed 12924K, reserved 1048576K
}
Event: 8129.626 GC heap before
{Heap before GC invocations=504 (full 330):
 garbage-first heap   total 216064K, used 129660K [0x0000000700000000, 0x0000000700100698, 0x00000007c0000000)
  region size 1024K, 60 young (61440K), 1 survivors (1024K)
 Metaspace       used 83040K, capacity 85041K, committed 92540K, reserved 1128448K
  class space    used 10903K, capacity 11347K, committed 12924K, reserved 1048576K
}
Event: 8129.633 GC heap after
{Heap after GC invocations=505 (full 330):
 garbage-first heap   total 216064K, used 69279K [0x0000000700000000, 0x0000000700100698, 0x00000007c0000000)
  region size 1024K, 1 young (1024K), 1 survivors (1024K)
 Metaspace       used 83040K, capacity 85041K, committed 92540K, reserved 1128448K
  class space    used 10903K, capacity 11347K, committed 12924K, reserved 1048576K
}
Event: 8156.239 GC heap before
{Heap before GC invocations=505 (full 330):
 garbage-first heap   total 216064K, used 129695K [0x0000000700000000, 0x0000000700100698, 0x00000007c0000000)
  region size 1024K, 60 young (61440K), 1 survivors (1024K)
 Metaspace       used 83237K, capacity 85335K, committed 92796K, reserved 1128448K
  class space    used 10927K, capacity 11366K, committed 12924K, reserved 1048576K
}
Event: 8156.246 GC heap after
{Heap after GC invocations=506 (full 330):
 garbage-first heap   total 216064K, used 69478K [0x0000000700000000, 0x0000000700100698, 0x00000007c0000000)
  region size 1024K, 1 young (1024K), 1 survivors (1024K)
 Metaspace       used 83237K, capacity 85335K, committed 92796K, reserved 1128448K
  class space    used 10927K, capacity 11366K, committed 12924K, reserved 1048576K
}

Deoptimization events (10 events):
Event: 8157.929 Thread 0x00000000345ef000 Uncommon trap: reason=unstable_if action=reinterpret pc=0x0000000026f22e18 method=java.awt.Container.dispatchEventImpl(Ljava/awt/AWTEvent;)V @ 26 c2
Event: 8158.030 Thread 0x00000000345ef000 Uncommon trap: reason=predicate action=maybe_recompile pc=0x00000000273bf994 method=com.jidesoft.grid.TreeTable.a([Lcom/jidesoft/grid/Row;[Lcom/jidesoft/grid/Row;)[Lcom/jidesoft/grid/Row; @ 174 c2
Event: 8158.033 Thread 0x00000000345ef000 Uncommon trap: reason=bimorphic_or_optimized_type_check action=maybe_recompile pc=0x0000000026a45bdc method=ui.frmwork.a.epB()Z @ 14 c2
Event: 8158.034 Thread 0x00000000345ef000 Uncommon trap: reason=bimorphic_or_optimized_type_check action=maybe_recompile pc=0x0000000026a45bdc method=ui.frmwork.a.epB()Z @ 14 c2
Event: 8158.034 Thread 0x00000000345ef000 Uncommon trap: reason=bimorphic_or_optimized_type_check action=maybe_recompile pc=0x0000000026a45bdc method=ui.frmwork.a.epB()Z @ 14 c2
Event: 8158.035 Thread 0x00000000345ef000 Uncommon trap: reason=bimorphic_or_optimized_type_check action=maybe_recompile pc=0x0000000026a45bdc method=ui.frmwork.a.epB()Z @ 14 c2
Event: 8158.035 Thread 0x00000000345ef000 Uncommon trap: reason=bimorphic_or_optimized_type_check action=maybe_recompile pc=0x0000000026738710 method=ui.frmwork.a.epB()Z @ 14 c2
Event: 8158.105 Thread 0x00000000345ef000 Uncommon trap: reason=unstable_if action=reinterpret pc=0x0000000027246a48 method=ui.views.p.g.handleEvent(Lui/frmwork/b/a;)V @ 7 c2
Event: 8158.106 Thread 0x00000000345ef000 Uncommon trap: reason=unstable_if action=reinterpret pc=0x0000000026fb0bdc method=javax.swing.JTree.getExpandedDescendants(Ljavax/swing/tree/TreePath;)Ljava/util/Enumeration; @ 74 c2
Event: 8161.611 Thread 0x00000000345ef000 Uncommon trap: reason=class_check action=maybe_recompile pc=0x00000000266aa89c method=javax.swing.AbstractButton.setEnabled(Z)V @ 21 c2

Classes redefined (0 events):
No events

Internal exceptions (10 events):
Event: 5587.392 Thread 0x00000000345ef000 Exception <a 'java/lang/NoSuchMethodError'{0x000000070ca605b0}: java.lang.invoke.DirectMethodHandle$Holder.invokeSpecial(Ljava/lang/Object;Ljava/lang/Object;IILjava/lang/Object;Ljava/lang/Object;Ljava/lang/Object;ILjava/lang/Object;)Ljava/lang/Object;> (0
Event: 5587.393 Thread 0x00000000345ef000 Exception <a 'java/lang/NoSuchMethodError'{0x000000070ca64020}: java.lang.invoke.DelegatingMethodHandle$Holder.reinvoke_L(Ljava/lang/Object;IILjava/lang/Object;Ljava/lang/Object;Ljava/lang/Object;ILjava/lang/Object;)Ljava/lang/Object;> (0x000000070ca64020
Event: 5587.400 Thread 0x00000000345ef000 Exception <a 'java/lang/NoSuchMethodError'{0x000000070cabc1b0}: method resolution failed> (0x000000070cabc1b0) thrown at [t:/workspace/hotspot/src/share/vm/prims/methodHandles.cpp, line 1256]
Event: 5587.400 Thread 0x00000000345ef000 Exception <a 'java/lang/NoSuchMethodError'{0x000000070cabfe90}: java.lang.invoke.DelegatingMethodHandle$Holder.reinvoke_L(Ljava/lang/Object;Ljava/lang/Object;Ljava/lang/Object;Ljava/lang/Object;ILjava/lang/Object;)Ljava/lang/Object;> (0x000000070cabfe90) 
Event: 5700.072 Thread 0x00000000345ef000 Exception <a 'java/lang/NoSuchMethodError'{0x000000070a1238f0}: method resolution failed> (0x000000070a1238f0) thrown at [t:/workspace/hotspot/src/share/vm/prims/methodHandles.cpp, line 1256]
Event: 7923.199 Thread 0x000000003fe40800 Exception <a 'java/lang/NoSuchMethodError'{0x000000070d158518}: java.lang.invoke.DirectMethodHandle$Holder.invokeSpecial(Ljava/lang/Object;Ljava/lang/Object;IILjava/lang/Object;JJ)Ljava/lang/Object;> (0x000000070d158518) thrown at [t:/workspace/hotspot/sr
Event: 7923.200 Thread 0x000000003fe40800 Exception <a 'java/lang/NoSuchMethodError'{0x000000070d15b928}: java.lang.invoke.DelegatingMethodHandle$Holder.reinvoke_L(Ljava/lang/Object;IILjava/lang/Object;JJ)Ljava/lang/Object;> (0x000000070d15b928) thrown at [t:/workspace/hotspot/src/share/vm/interp
Event: 7923.202 Thread 0x000000003fe40800 Exception <a 'java/lang/NoSuchMethodError'{0x000000070d1763d0}: method resolution failed> (0x000000070d1763d0) thrown at [t:/workspace/hotspot/src/share/vm/prims/methodHandles.cpp, line 1256]
Event: 8148.421 Thread 0x0000000034b33800 Exception <a 'java/lang/NoSuchMethodError'{0x000000070ad11580}: java.lang.invoke.DirectMethodHandle$Holder.invokeVirtual(Ljava/lang/Object;Ljava/lang/Object;)V> (0x000000070ad11580) thrown at [t:/workspace/hotspot/src/share/vm/interpreter/linkResolver.cpp
Event: 8157.907 Thread 0x000000003fe40800 Exception <a 'java/lang/InterruptedException'{0x000000070c9a9940}: sleep interrupted> (0x000000070c9a9940) thrown at [t:/workspace/hotspot/src/share/vm/prims/jvm.cpp, line 3023]

Events (10 events):
Event: 8158.215 loading class ui/views/h/a/f
Event: 8158.215 loading class ui/views/h/a/f done
Event: 8158.216 Thread 0x000000003fe40800 Thread exited: 0x000000003fe40800
Event: 8158.344 Thread 0x000000003fe40800 Thread added: 0x000000003fe40800
Event: 8158.355 Thread 0x000000003fe40800 Thread exited: 0x000000003fe40800
Event: 8160.341 Thread 0x000000003fe40800 Thread added: 0x000000003fe40800
Event: 8160.350 Thread 0x000000003fe40800 Thread exited: 0x000000003fe40800
Event: 8161.611 Thread 0x00000000345ef000 Uncommon trap: trap_request=0xffffffde fr.pc=0x00000000266aa89c relative=0x00000000000000dc
Event: 8161.611 Thread 0x00000000345ef000 DEOPT PACKING pc=0x00000000266aa89c sp=0x00000000397a5b40
Event: 8161.611 Thread 0x00000000345ef000 DEOPT UNPACKING pc=0x000000001e33df21 sp=0x00000000397a5ad8 mode 2


Dynamic libraries:
0x000000013fbe0000 - 0x000000013fc10000 	F:\VivadoInstallation\vivadoInst\Vivado\2019.2\bin\unwrapped\win64.o\vivado.exe
0x0000000077300000 - 0x000000007749f000 	C:\Windows\SYSTEM32\ntdll.dll
0x00000000770e0000 - 0x00000000771ff000 	C:\Windows\system32\kernel32.dll
0x000007fefcff0000 - 0x000007fefd057000 	C:\Windows\system32\KERNELBASE.dll
0x000007fed3ec0000 - 0x000007fed3ed4000 	F:\VivadoInstallation\vivadoInst\Vivado\2019.2\lib\win64.o\libboost_signals.dll
0x000007fed45c0000 - 0x000007fed464d000 	C:\Windows\system32\MSVCP140.dll
0x000007fed46f0000 - 0x000007fed470b000 	C:\Windows\system32\VCRUNTIME140.dll
0x000007fed45b0000 - 0x000007fed45b4000 	C:\Windows\system32\api-ms-win-crt-runtime-l1-1-0.dll
0x000007fed3fc0000 - 0x000007fed40b4000 	C:\Windows\system32\ucrtbase.DLL
0x000007fed45a0000 - 0x000007fed45a3000 	C:\Windows\system32\api-ms-win-core-timezone-l1-1-0.dll
0x000007fed4550000 - 0x000007fed4553000 	C:\Windows\system32\api-ms-win-core-file-l2-1-0.dll
0x000007fed3fb0000 - 0x000007fed3fb3000 	C:\Windows\system32\api-ms-win-core-localization-l1-2-0.dll
0x000007fef8030000 - 0x000007fef8033000 	C:\Windows\system32\api-ms-win-core-synch-l1-2-0.dll
0x000007fed3fa0000 - 0x000007fed3fa3000 	C:\Windows\system32\api-ms-win-core-processthreads-l1-1-1.dll
0x000007fed3f90000 - 0x000007fed3f93000 	C:\Windows\system32\api-ms-win-core-file-l1-2-0.dll
0x000007fed3f80000 - 0x000007fed3f83000 	C:\Windows\system32\api-ms-win-crt-heap-l1-1-0.dll
0x000007fed3f70000 - 0x000007fed3f74000 	C:\Windows\system32\api-ms-win-crt-string-l1-1-0.dll
0x000007fed3f60000 - 0x000007fed3f64000 	C:\Windows\system32\api-ms-win-crt-stdio-l1-1-0.dll
0x000007fed3f50000 - 0x000007fed3f54000 	C:\Windows\system32\api-ms-win-crt-convert-l1-1-0.dll
0x000007fed3f40000 - 0x000007fed3f4c000 	C:\Windows\system32\VCRUNTIME140_1.dll
0x000007fed3f30000 - 0x000007fed3f33000 	C:\Windows\system32\api-ms-win-crt-locale-l1-1-0.dll
0x000007fed3f20000 - 0x000007fed3f23000 	C:\Windows\system32\api-ms-win-crt-filesystem-l1-1-0.dll
0x000007fed3f10000 - 0x000007fed3f13000 	C:\Windows\system32\api-ms-win-crt-time-l1-1-0.dll
0x000007fed3f00000 - 0x000007fed3f03000 	C:\Windows\system32\api-ms-win-crt-environment-l1-1-0.dll
0x000007fed3ef0000 - 0x000007fed3ef5000 	C:\Windows\system32\api-ms-win-crt-math-l1-1-0.dll
0x000007fed3ee0000 - 0x000007fed3ee3000 	C:\Windows\system32\api-ms-win-crt-utility-l1-1-0.dll
0x000007fed2ca0000 - 0x000007fed3be3000 	F:\VivadoInstallation\vivadoInst\Vivado\2019.2\lib\win64.o\librdi_common.dll
0x000007fed2930000 - 0x000007fed2c9e000 	F:\VivadoInstallation\vivadoInst\Vivado\2019.2\lib\win64.o\libCOIN-all.dll
0x000007fed2910000 - 0x000007fed2924000 	F:\VivadoInstallation\vivadoInst\Vivado\2019.2\lib\win64.o\libboost_date_time.dll
0x000007fed28e0000 - 0x000007fed2906000 	F:\VivadoInstallation\vivadoInst\Vivado\2019.2\lib\win64.o\libboost_filesystem.dll
0x000007fed28d0000 - 0x000007fed28db000 	F:\VivadoInstallation\vivadoInst\Vivado\2019.2\lib\win64.o\libboost_system.dll
0x000007fefe7f0000 - 0x000007fefe8cb000 	C:\Windows\system32\ADVAPI32.dll
0x000007fefed50000 - 0x000007fefedef000 	C:\Windows\system32\msvcrt.dll
0x000007fefeea0000 - 0x000007fefeebf000 	C:\Windows\SYSTEM32\sechost.dll
0x000007fefeba0000 - 0x000007fefeccc000 	C:\Windows\system32\RPCRT4.dll
0x000007fed2850000 - 0x000007fed28cf000 	F:\VivadoInstallation\vivadoInst\Vivado\2019.2\lib\win64.o\libboost_program_options.dll
0x000007fed2730000 - 0x000007fed2844000 	F:\VivadoInstallation\vivadoInst\Vivado\2019.2\lib\win64.o\libboost_regex.dll
0x0000000077200000 - 0x00000000772fb000 	C:\Windows\system32\USER32.dll
0x000007feff570000 - 0x000007feff5d7000 	C:\Windows\system32\GDI32.dll
0x000007fefd2f0000 - 0x000007fefd2fe000 	C:\Windows\system32\LPK.dll
0x000007fefe720000 - 0x000007fefe7eb000 	C:\Windows\system32\USP10.dll
0x000007fed2700000 - 0x000007fed2721000 	F:\VivadoInstallation\vivadoInst\Vivado\2019.2\lib\win64.o\libboost_thread.dll
0x000007fed26f0000 - 0x000007fed26fd000 	F:\VivadoInstallation\vivadoInst\Vivado\2019.2\lib\win64.o\libboost_chrono.dll
0x000007fed26e0000 - 0x000007fed26ef000 	F:\VivadoInstallation\vivadoInst\Vivado\2019.2\lib\win64.o\libboost_xilinx.dll
0x000007fed2650000 - 0x000007fed26d2000 	F:\VivadoInstallation\vivadoInst\Vivado\2019.2\lib\win64.o\libhdlpsolve.dll
0x000007fed25a0000 - 0x000007fed2645000 	F:\VivadoInstallation\vivadoInst\Vivado\2019.2\lib\win64.o\libhdxml.dll
0x000007fed19a0000 - 0x000007fed259c200 	F:\VivadoInstallation\vivadoInst\Vivado\2019.2\lib\win64.o\libisl_iostreams.dll
0x000007fed1980000 - 0x000007fed199b000 	F:\VivadoInstallation\vivadoInst\Vivado\2019.2\lib\win64.o\libboost_iostreams.dll
0x000007fed1950000 - 0x000007fed1971000 	F:\VivadoInstallation\vivadoInst\Vivado\2019.2\lib\win64.o\librdizlib.dll
0x000007fed1920000 - 0x000007fed1945000 	F:\VivadoInstallation\vivadoInst\Vivado\2019.2\lib\win64.o\libisl_iosutils.dll
0x000007fed1900000 - 0x000007fed191a000 	F:\VivadoInstallation\vivadoInst\Vivado\2019.2\lib\win64.o\pthreadVC2.dll
0x000007fefa210000 - 0x000007fefa219000 	C:\Windows\system32\WSOCK32.dll
0x000007fefefd0000 - 0x000007feff01d000 	C:\Windows\system32\WS2_32.dll
0x000007feff5e0000 - 0x000007feff5e8000 	C:\Windows\system32\NSI.dll
0x000007fefc7d0000 - 0x000007fefc7f2000 	C:\Windows\system32\bcrypt.dll
0x000007fed18d0000 - 0x000007fed18fe000 	F:\VivadoInstallation\vivadoInst\Vivado\2019.2\lib\win64.o\libisl_sysinfo.dll
0x000007fed1860000 - 0x000007fed18c5000 	F:\VivadoInstallation\vivadoInst\Vivado\2019.2\lib\win64.o\liblmx6.0.dll
0x000007fed16b0000 - 0x000007fed1851000 	F:\VivadoInstallation\vivadoInst\Vivado\2019.2\lib\win64.o\librdi_commonxillic.dll
0x000007fed13d0000 - 0x000007fed16ab000 	F:\VivadoInstallation\vivadoInst\Vivado\2019.2\lib\win64.o\libXil_lmgr11.dll
0x000007fefa960000 - 0x000007fefa976000 	C:\Windows\system32\NETAPI32.dll
0x000007fefa950000 - 0x000007fefa95c000 	C:\Windows\system32\netutils.dll
0x000007fefc900000 - 0x000007fefc923000 	C:\Windows\system32\srvcli.dll
0x000007fefa930000 - 0x000007fefa945000 	C:\Windows\system32\wkscli.dll
0x000007fefd300000 - 0x000007fefd397000 	C:\Windows\system32\COMDLG32.dll
0x000007fefecd0000 - 0x000007fefed41000 	C:\Windows\system32\SHLWAPI.dll
0x000007fef9460000 - 0x000007fef9500000 	C:\Windows\WinSxS\amd64_microsoft.windows.common-controls_6595b64144ccf1df_5.82.7601.18837_none_a4d981ff711297b6\COMCTL32.dll
0x000007fefd990000 - 0x000007fefe71b000 	C:\Windows\system32\SHELL32.dll
0x000007fefd210000 - 0x000007fefd2eb000 	C:\Windows\system32\OLEAUT32.dll
0x000007fefd5b0000 - 0x000007fefd7af000 	C:\Windows\system32\ole32.dll
0x000007fef9180000 - 0x000007fef9198000 	C:\Windows\system32\dhcpcsvc.DLL
0x000007fed13c0000 - 0x000007fed13c3000 	C:\Windows\system32\api-ms-win-crt-conio-l1-1-0.dll
0x000007fefcfb0000 - 0x000007fefcfeb000 	C:\Windows\system32\WINTRUST.dll
0x000007fefd080000 - 0x000007fefd1ed000 	C:\Windows\system32\CRYPT32.dll
0x000007fefce60000 - 0x000007fefce6f000 	C:\Windows\system32\MSASN1.dll
0x000007fed13a0000 - 0x000007fed13bc000 	F:\VivadoInstallation\vivadoInst\Vivado\2019.2\lib\win64.o\librdiconfig.dll
0x000000000fa20000 - 0x000000000fb4b000 	F:\VivadoInstallation\vivadoInst\Vivado\2019.2\lib\win64.o\tcl85t.dll
0x0000000012000000 - 0x0000000012270000 	F:\VivadoInstallation\vivadoInst\Vivado\2019.2\lib\win64.o\xerces-c_3_1.dll
0x000007feff020000 - 0x000007feff4cc000 	C:\Windows\system32\WININET.dll
0x000007fefd200000 - 0x000007fefd204000 	C:\Windows\system32\api-ms-win-downlevel-user32-l1-1-0.dll
0x000007fefcec0000 - 0x000007fefcec4000 	C:\Windows\system32\api-ms-win-downlevel-shlwapi-l1-1-0.dll
0x000007fefce70000 - 0x000007fefce74000 	C:\Windows\system32\api-ms-win-downlevel-version-l1-1-0.dll
0x000007fefc090000 - 0x000007fefc09c000 	C:\Windows\system32\version.DLL
0x000007fefcf90000 - 0x000007fefcf93000 	C:\Windows\system32\api-ms-win-downlevel-normaliz-l1-1-0.dll
0x00000000774a0000 - 0x00000000774a3000 	C:\Windows\system32\normaliz.DLL
0x000007fefe8d0000 - 0x000007fefeb9c000 	C:\Windows\system32\iertutil.dll
0x000007fefcfa0000 - 0x000007fefcfa5000 	C:\Windows\system32\api-ms-win-downlevel-advapi32-l1-1-0.dll
0x000007fefced0000 - 0x000007fefceef000 	C:\Windows\system32\USERENV.dll
0x000007fefce50000 - 0x000007fefce5f000 	C:\Windows\system32\profapi.dll
0x000007fef8310000 - 0x000007fef8381000 	C:\Windows\system32\WINHTTP.dll
0x000007fef82a0000 - 0x000007fef8305000 	C:\Windows\system32\webio.dll
0x000007fefd3a0000 - 0x000007fefd52a000 	C:\Windows\system32\urlmon.dll
0x000007fefd1f0000 - 0x000007fefd1f4000 	C:\Windows\system32\api-ms-win-downlevel-ole32-l1-1-0.dll
0x000007fecf5a0000 - 0x000007fed0431000 	F:\VivadoInstallation\vivadoInst\Vivado\2019.2\lib\win64.o\gurobi65.dll
0x000007fed1360000 - 0x000007fed1391000 	C:\Windows\system32\VCOMP140.DLL
0x000007fed1340000 - 0x000007fed1356000 	F:\VivadoInstallation\vivadoInst\Vivado\2019.2\lib\win64.o\librdi_commonmain.dll
0x000007fed1330000 - 0x000007fed133a000 	F:\VivadoInstallation\vivadoInst\Vivado\2019.2\lib\win64.o\librdi_commonversion.dll
0x000007fefee70000 - 0x000007fefee9e000 	C:\Windows\system32\IMM32.DLL
0x000007fefeec0000 - 0x000007fefefcb000 	C:\Windows\system32\MSCTF.dll
0x000007fed0e10000 - 0x000007fed1327000 	F:\VivadoInstallation\vivadoInst\Vivado\2019.2\lib\win64.o\librdi_commontasks.dll
0x0000000007f60000 - 0x0000000008985000 	F:\VivadoInstallation\vivadoInst\Vivado\2019.2\tps\win64\jre9.0.4\bin\server\jvm.dll
0x000007fefaf80000 - 0x000007fefafbb000 	C:\Windows\system32\WINMM.dll
0x00000000774b0000 - 0x00000000774b7000 	C:\Windows\system32\PSAPI.DLL
0x000007fed0d20000 - 0x000007fed0e0f000 	C:\Windows\system32\MSVCR120.dll
0x000007fed0a30000 - 0x000007fed0d13000 	F:\VivadoInstallation\vivadoInst\Vivado\2019.2\lib\win64.o\librdi_sio.dll
0x000007fef9380000 - 0x000007fef93a7000 	C:\Windows\system32\IPHLPAPI.DLL
0x000007fef9370000 - 0x000007fef937b000 	C:\Windows\system32\WINNSI.DLL
0x000007fefc5d0000 - 0x000007fefc625000 	C:\Windows\system32\MSWSOCK.DLL
0x000007fecce50000 - 0x000007fecf595000 	F:\VivadoInstallation\vivadoInst\Vivado\2019.2\lib\win64.o\librdi_tcltasks.dll
0x000007fecc990000 - 0x000007fecce44000 	F:\VivadoInstallation\vivadoInst\Vivado\2019.2\lib\win64.o\librdi_bitstream.dll
0x000007feb7de0000 - 0x000007fecc98b000 	F:\VivadoInstallation\vivadoInst\Vivado\2019.2\lib\win64.o\librdi_device.dll
0x000007fed09e0000 - 0x000007fed0a2c000 	F:\VivadoInstallation\vivadoInst\Vivado\2019.2\lib\win64.o\libboost_serialization.dll
0x000007feb7290000 - 0x000007feb7dd7000 	F:\VivadoInstallation\vivadoInst\Vivado\2019.2\lib\win64.o\libverific.dll
0x000007fed0840000 - 0x000007fed09dd000 	F:\VivadoInstallation\vivadoInst\Vivado\2019.2\lib\win64.o\librdi_board.dll
0x000007fed07c0000 - 0x000007fed083b000 	F:\VivadoInstallation\vivadoInst\Vivado\2019.2\lib\win64.o\librdi_boarddep.dll
0x000007fed0660000 - 0x000007fed07b2000 	F:\VivadoInstallation\vivadoInst\Vivado\2019.2\lib\win64.o\librdi_cd_client.dll
0x000007feb70f0000 - 0x000007feb7290000 	F:\VivadoInstallation\vivadoInst\Vivado\2019.2\lib\win64.o\librdi_cd_protocol.dll
0x000007feb7000000 - 0x000007feb70ef000 	F:\VivadoInstallation\vivadoInst\Vivado\2019.2\lib\win64.o\librdi_chipscope.dll
0x000007feb6e50000 - 0x000007feb6ff1000 	F:\VivadoInstallation\vivadoInst\Vivado\2019.2\lib\win64.o\librdi_advchipscopeimpl.dll
0x000007feb5370000 - 0x000007feb6e4a000 	F:\VivadoInstallation\vivadoInst\Vivado\2019.2\lib\win64.o\librdi_constraints.dll
0x000007feb4d00000 - 0x000007feb536b000 	F:\VivadoInstallation\vivadoInst\Vivado\2019.2\lib\win64.o\librdi_filemgmt.dll
0x000007feb4ae0000 - 0x000007feb4d00000 	F:\VivadoInstallation\vivadoInst\Vivado\2019.2\lib\win64.o\librdi_hip_devdesign.dll
0x000007feb4a00000 - 0x000007feb4ad7000 	F:\VivadoInstallation\vivadoInst\Vivado\2019.2\lib\win64.o\librdi_ipconfig_readwrite.dll
0x000007feb4310000 - 0x000007feb49f3000 	F:\VivadoInstallation\vivadoInst\Vivado\2019.2\lib\win64.o\librdi_netlist.dll
0x000007fed05d0000 - 0x000007fed0658000 	F:\VivadoInstallation\vivadoInst\Vivado\2019.2\lib\win64.o\librdi_meir_core.dll
0x000007feb42c0000 - 0x000007feb430a000 	F:\VivadoInstallation\vivadoInst\Vivado\2019.2\lib\win64.o\librdi_noc_frameworks.dll
0x000007feb40d0000 - 0x000007feb42b4000 	F:\VivadoInstallation\vivadoInst\Vivado\2019.2\lib\win64.o\librdi_hip_config.dll
0x000007feb3b30000 - 0x000007feb40cd000 	F:\VivadoInstallation\vivadoInst\Vivado\2019.2\lib\win64.o\librdi_ippcw.dll
0x000007feb3970000 - 0x000007feb3b2b000 	F:\VivadoInstallation\vivadoInst\Vivado\2019.2\lib\win64.o\librdi_hip_noc_tools.dll

VM Arguments:
jvm_args: -Dsun.java2d.pmoffscreen=false -Dsun.java2d.xrender=false -Dsun.java2d.d3d=false -Dsun.awt.nopixfmt=true -Dsun.java2d.dpiaware=true -Dsun.java2d.uiScale.enabled=false -Xverify:none -Dswing.aatext=true -XX:-UsePerfData -Djdk.map.althashing.threshold=512 -XX:StringTableSize=4072 --add-opens=java.base/java.nio=ALL-UNNAMED --add-opens=java.desktop/sun.swing=ALL-UNNAMED --add-opens=java.desktop/javax.swing=ALL-UNNAMED --add-opens=java.desktop/javax.swing.tree=ALL-UNNAMED --add-opens=java.desktop/javax.swing.plaf.basic=ALL-UNNAMED --add-opens=java.desktop/javax.swing.plaf.synth=ALL-UNNAMED --add-opens=java.desktop/com.sun.awt=ALL-UNNAMED -XX:NewSize=60m -XX:MaxNewSize=60m -Xms128m -Xmx3072m -Xss5m 
java_command: <unknown>
java_class_path (initial): F:/VivadoInstallation/vivadoInst/Vivado/2019.2\lib\classes\alloy.jar;F:/VivadoInstallation/vivadoInst/Vivado/2019.2\lib\classes\autoesl-common.jar;F:/VivadoInstallation/vivadoInst/Vivado/2019.2\lib\classes\autoesl-models.jar;F:/VivadoInstallation/vivadoInst/Vivado/2019.2\lib\classes\autoesl-report.jar;F:/VivadoInstallation/vivadoInst/Vivado/2019.2\lib\classes\autopilot.scelaborator.jar;F:/VivadoInstallation/vivadoInst/Vivado/2019.2\lib\classes\autopilot.sourceprocessor.jar;F:/VivadoInstallation/vivadoInst/Vivado/2019.2\lib\classes\autopilot.tbprocessor.jar;F:/VivadoInstallation/vivadoInst/Vivado/2019.2\lib\classes\batik-anim.jar;F:/VivadoInstallation/vivadoInst/Vivado/2019.2\lib\classes\batik-awt-util.jar;F:/VivadoInstallation/vivadoInst/Vivado/2019.2\lib\classes\batik-bridge.jar;F:/VivadoInstallation/vivadoInst/Vivado/2019.2\lib\classes\batik-codec.jar;F:/VivadoInstallation/vivadoInst/Vivado/2019.2\lib\classes\batik-css.jar;F:/VivadoInstallation/vivadoInst/Vivado/2019.2\lib\classes\batik-dom.jar;F:/VivadoInstallation/vivadoInst/Vivado/2019.2\lib\classes\batik-ext.jar;F:/VivadoInstallation/vivadoInst/Vivado/2019.2\lib\classes\batik-gui-util.jar;F:/VivadoInstallation/vivadoInst/Vivado/2019.2\lib\classes\batik-gvt.jar;F:/VivadoInstallation/vivadoInst/Vivado/2019.2\lib\classes\batik-parser.jar;F:/VivadoInstallation/vivadoInst/Vivado/2019.2\lib\classes\batik-script.jar;F:/VivadoInstallation/vivadoInst/Vivado/2019.2\lib\classes\batik-svg-dom.jar;F:/VivadoInstallation/vivadoInst/Vivado/2019.2\lib\classes\batik-swing.jar;F:/VivadoInstallation/vivadoInst/Vivado/2019.2\lib\classes\batik-transcoder.jar;F:/VivadoInstallation/vivadoInst/Vivado/2019.2\lib\classes\batik-util.jar;F:/VivadoInstallation/vivadoInst/Vivado/2019.2\lib\classes\batik-xml.jar;F:/VivadoInstallation/vivadoInst/Vivado/2019.2\lib\classes\com.google.gson_2.7.0.v20170129-0911.jar;F:/VivadoInstallation/vivadoInst/Vivado/2019.2\lib\classes\com.google.guava_21.0.0.v20170206-1425.jar;F:
Launcher Type: generic

Logging:
Log output configuration:
#0: stdout all=warning uptime,level,tags
#1: stderr all=off uptime,level,tags

Environment Variables:
PATH=F:/VivadoInstallation/vivadoInst/Vivado/2019.2\gnuwin\bin;F:/VivadoInstallation/vivadoInst/Vivado/2019.2\gnu\microblaze\nt\bin;F:/VivadoInstallation/vivadoInst/Vivado/2019.2/bin;F:/VivadoInstallation/vivadoInst/Vivado/2019.2/lib/win64.o;F:/VivadoInstallation/vivadoInst/Vivado/2019.2/tps/win64/jre9.0.4/bin/server;F:/VivadoInstallation/vivadoInst/Vivado/2019.2/tps/win64/jre9.0.4/bin;F:/VivadoInstallation/vivadoInst/Vivado/2019.2/ids_lite/ISE/bin/nt64;F:/VivadoInstallation/vivadoInst/Vivado/2019.2/ids_lite/ISE/lib/nt64;C:\ProgramData\Oracle\Java\javapath;C:\Windows\system32;C:\Windows;C:\Windows\System32\Wbem;C:\Windows\System32\WindowsPowerShell\v1.0\;C:\Program Files\MATLAB\MATLAB Production Server\R2015a\bin;C:\Program Files\PuTTY\;C:\Program Files\Git\cmd;C:\Strawberry\c\bin;C:\Strawberry\perl\site\bin;C:\Strawberry\perl\bin;C:\Users\Aggelos\AppData\Local\Programs\MiKTeX 2.9\miktex\bin\x64\;C:\Users\Aggelos\AppData\Local\GitHubDesktop\bin;C:\Users\Aggelos\AppData\Local\Programs\Microsoft VS Code\bin;F:/VivadoInstallation/vivadoInst/Vivado/2019.2\tps\mingw\6.2.0\win64.o\nt\bin;F:/VivadoInstallation/vivadoInst/Vivado/2019.2\tps\mingw\6.2.0\win64.o\nt\libexec\gcc\x86_64-w64-mingw32\6.2.0;F:/VivadoInstallation/vivadoInst/Vivado/2019.2\tps\win64\python-2.7.5;F:/VivadoInstallation/vivadoInst/Vivado/2019.2\tps\win64\python-2.7.5\bin;F:/VivadoInstallation/vivadoInst/Vivado/2019.2\tps\win64\python-2.7.5\lib;F:/VivadoInstallation/vivadoInst/Vivado/2019.2\tps\win64\python-2.7.5\Lib\lib-tk;F:/VivadoInstallation/vivadoInst/Vivado/2019.2\tps\win64\python-2.7.5\lib\site-packages
USERNAME=Aggelos
OS=Windows_NT
PROCESSOR_IDENTIFIER=Intel64 Family 6 Model 42 Stepping 7, GenuineIntel



---------------  S Y S T E M  ---------------

OS: Windows 7 , 64 bit Build 7601 (6.1.7601.24545)

CPU:total 8 (initial active 8) (4 cores per cpu, 2 threads per core) family 6 model 42 stepping 7, cmov, cx8, fxsr, mmx, sse, sse2, sse3, ssse3, sse4.1, sse4.2, popcnt, avx, aes, clmul, ht, tsc, tscinvbit

Memory: 4k page, physical 8337772k(3932772k free), swap 16673644k(10296604k free)

vm_info: Java HotSpot(TM) 64-Bit Server VM (9.0.4+11) for windows-amd64 JRE (9.0.4+11), built on Dec 20 2017 02:18:54 by "mach5one" with MS VC++ 12.0 (VS2013)

END.
