#
# A fatal error has been detected by the Java Runtime Environment:
#
#  EXCEPTION_ACCESS_VIOLATION (0xc0000005) at pc=0x000007fed9a708f4, pid=2296, tid=14308
#
# JRE version: Java(TM) SE Runtime Environment (9.0+11) (build 9.0.4+11)
# Java VM: Java HotSpot(TM) 64-Bit Server VM (9.0.4+11, mixed mode, tiered, compressed oops, g1 gc, windows-amd64)
# Problematic frame:
# C  0x000007fed9a708f4
#
# No core dump will be written. Minidumps are not enabled by default on client versions of Windows
#
# If you would like to submit a bug report, please visit:
#   http://bugreport.java.com/bugreport/crash.jsp
# The crash happened outside the Java Virtual Machine in native code.
# See problematic frame for where to report the bug.
#

---------------  S U M M A R Y ------------

Command Line: -Dsun.java2d.pmoffscreen=false -Dsun.java2d.xrender=false -Dsun.java2d.d3d=false -Dsun.awt.nopixfmt=true -Dsun.java2d.dpiaware=true -Dsun.java2d.uiScale.enabled=false -Xverify:none -Dswing.aatext=true -XX:-UsePerfData -Djdk.map.althashing.threshold=512 -XX:StringTableSize=4072 --add-opens=java.base/java.nio=ALL-UNNAMED --add-opens=java.desktop/sun.swing=ALL-UNNAMED --add-opens=java.desktop/javax.swing=ALL-UNNAMED --add-opens=java.desktop/javax.swing.tree=ALL-UNNAMED --add-opens=java.desktop/javax.swing.plaf.basic=ALL-UNNAMED --add-opens=java.desktop/javax.swing.plaf.synth=ALL-UNNAMED --add-opens=java.desktop/com.sun.awt=ALL-UNNAMED -XX:NewSize=60m -XX:MaxNewSize=60m -Xms128m -Xmx3072m -Xss5m 

Host: Intel(R) Core(TM) i7-2820QM CPU @ 2.30GHz, 8 cores, 7G,  Windows 7 , 64 bit Build 7601 (6.1.7601.24545)
Time: Wed Feb 01 19:48:39 2023 ?aeianei? ?na GTB elapsed time: 200833 seconds (2d 7h 47m 13s)

---------------  T H R E A D  ---------------

Current thread (0x0000000033e8f800):  JavaThread "AWT-EventQueue-0" [_thread_in_native, id=14308, stack(0x0000000038c50000,0x0000000039150000)]

Stack: [0x0000000038c50000,0x0000000039150000],  sp=0x00000000391438d0,  free space=5070k
Native frames: (J=compiled Java code, j=interpreted, Vv=VM code, C=native code)
C  0x000007fed9a708f4
C  0x000007fed9a74e4b
C  0x000007fed9a709e8
C  0x000007fed9a716a5
C  0x000007fed9a776fb
C  0x000007fed9a797b2
C  0x000007feba4df41f
C  0x000007feba4df0b4
C  0x000007feba4d60a7
C  0x000007feba4d5edd
C  0x000007feba4f86be
C  0x000007feba591fae
C  0x000007feba591ecf
C  0x000007feba5bb340
C  0x000007feba5bb020
C  0x000007feba61882b
C  0x000007feba61a243
C  0x000007feba5f30a0
C  0x000007feba5f311d
C  0x000007feba5f31c1
C  0x000007feba6196b4
C  0x000007feba5e9746
C  0x000007feba5e9515
C  0x000007feba625ccf
C  0x00000000277a8ca3

Java frames: (J=compiled Java code, j=interpreted, Vv=VM code)
J 27615  ui.views.waveform.waveformi.WVExecutive_getGraphicsDataSize(J)J (0 bytes) @ 0x00000000277a8c21 [0x00000000277a8be0+0x0000000000000041]
J 27614 c1 ui.views.waveform.executive.a.gZe()Ljava/io/ByteArrayInputStream; (93 bytes) @ 0x000000002115e224 [0x000000002115e140+0x00000000000000e4]
J 27613 c1 ui.views.waveform.b.a.gYQ()V (142 bytes) @ 0x0000000021413134 [0x0000000021413020+0x0000000000000114]
J 26628 c1 ui.views.waveform.w.cZO()V (38 bytes) @ 0x00000000213fee64 [0x00000000213fe700+0x0000000000000764]
J 23410 c1 ui.views.waveform.c.b.j(Lui/frmwork/b/i;)V (603 bytes) @ 0x0000000021219744 [0x000000002120ef60+0x000000000000a7e4]
J 23409 c1 ui.views.waveform.w.a(Lui/frmwork/b/i;)V (17 bytes) @ 0x0000000020780b94 [0x0000000020780ac0+0x00000000000000d4]
J 27674 c2 ui.frmwork.G.i(JZ)V (471 bytes) @ 0x00000000277b516c [0x00000000277b2c80+0x00000000000024ec]
J 26285 c2 ui.frmwork.G.fireTclEvent(J)I (113 bytes) @ 0x0000000027607bd4 [0x0000000027606180+0x0000000000001a54]
v  ~StubRoutines::call_stub
J 23785  ui.views.waveform.waveformi.WVExecutive_processModelEvent(JJ)V (0 bytes) @ 0x0000000027321f24 [0x0000000027321ee0+0x0000000000000044]
J 26002 c1 ui.views.waveform.c.b.eQ(J)V (109 bytes) @ 0x0000000020a9ea64 [0x0000000020a9e920+0x0000000000000144]
J 23410 c1 ui.views.waveform.c.b.j(Lui/frmwork/b/i;)V (603 bytes) @ 0x000000002121a47c [0x000000002120ef60+0x000000000000b51c]
J 23409 c1 ui.views.waveform.w.a(Lui/frmwork/b/i;)V (17 bytes) @ 0x0000000020780b94 [0x0000000020780ac0+0x00000000000000d4]
J 27674 c2 ui.frmwork.G.i(JZ)V (471 bytes) @ 0x00000000277b516c [0x00000000277b2c80+0x00000000000024ec]
J 26285 c2 ui.frmwork.G.fireTclEvent(J)I (113 bytes) @ 0x0000000027607bd4 [0x0000000027606180+0x0000000000001a54]
v  ~StubRoutines::call_stub
J 23785  ui.views.waveform.waveformi.WVExecutive_processModelEvent(JJ)V (0 bytes) @ 0x0000000027321f24 [0x0000000027321ee0+0x0000000000000044]
J 26002 c1 ui.views.waveform.c.b.eQ(J)V (109 bytes) @ 0x0000000020a9ea64 [0x0000000020a9e920+0x0000000000000144]
j  ui.views.waveform.c.e.actionPerformed(Ljava/awt/event/ActionEvent;)V+8
J 13048 c2 javax.swing.Timer.fireActionPerformed(Ljava/awt/event/ActionEvent;)V java.desktop@9.0.4 (46 bytes) @ 0x0000000026889158 [0x0000000026889040+0x0000000000000118]
J 13046 c2 javax.swing.Timer$DoPostEvent.run()V java.desktop@9.0.4 (82 bytes) @ 0x0000000026885d64 [0x0000000026885a60+0x0000000000000304]
J 29894 c2 java.awt.EventQueue.dispatchEventImpl(Ljava/awt/AWTEvent;Ljava/lang/Object;)V java.desktop@9.0.4 (136 bytes) @ 0x00000000274f9a54 [0x00000000274f9560+0x00000000000004f4]
J 12969 c2 java.awt.EventQueue$3.run()Ljava/lang/Object; java.desktop@9.0.4 (5 bytes) @ 0x000000002685502c [0x0000000026854fc0+0x000000000000006c]
v  ~StubRoutines::call_stub
J 3861  java.security.AccessController.doPrivileged(Ljava/security/PrivilegedAction;Ljava/security/AccessControlContext;)Ljava/lang/Object; java.base@9.0.4 (0 bytes) @ 0x0000000025fe40c6 [0x0000000025fe4060+0x0000000000000066]
J 12811 c2 java.awt.EventQueue.dispatchEvent(Ljava/awt/AWTEvent;)V java.desktop@9.0.4 (80 bytes) @ 0x0000000026815458 [0x0000000026815140+0x0000000000000318]
J 19634 c2 ui.frmwork.b.d.dispatchEvent(Ljava/awt/AWTEvent;)V (34 bytes) @ 0x0000000027091c3c [0x0000000027091b60+0x00000000000000dc]
J 28871 c2 java.awt.EventDispatchThread.pumpOneEventForFilters(I)V java.desktop@9.0.4 (218 bytes) @ 0x0000000027a03678 [0x0000000027a031a0+0x00000000000004d8]
J 24062 c2 java.awt.EventDispatchThread.pumpEventsForFilter(ILjava/awt/Conditional;Ljava/awt/EventFilter;)V java.desktop@9.0.4 (47 bytes) @ 0x0000000026921730 [0x00000000269215e0+0x0000000000000150]
j  java.awt.EventDispatchThread.pumpEventsForFilter(Ljava/awt/Conditional;Ljava/awt/EventFilter;)V+4 java.desktop@9.0.4
j  java.awt.WaitDispatchSupport$2.run()V+59 java.desktop@9.0.4
j  java.awt.WaitDispatchSupport$4.run()Ljava/lang/Void;+4 java.desktop@9.0.4
j  java.awt.WaitDispatchSupport$4.run()Ljava/lang/Object;+1 java.desktop@9.0.4
v  ~StubRoutines::call_stub
J 1040  java.security.AccessController.doPrivileged(Ljava/security/PrivilegedAction;)Ljava/lang/Object; java.base@9.0.4 (0 bytes) @ 0x0000000025e250b2 [0x0000000025e25060+0x0000000000000052]
j  java.awt.WaitDispatchSupport.enter()Z+260 java.desktop@9.0.4
j  java.awt.Dialog.show()V+225 java.desktop@9.0.4
J 30728 c1 java.awt.Dialog.setVisible(Z)V java.desktop@9.0.4 (6 bytes) @ 0x000000001f6ac804 [0x000000001f6ac5a0+0x0000000000000264]
j  ui.b.c.g.setVisible(Z)V+2
j  ui.b.c.bB.showDialog()V+64
j  ui.b.c.bI.actionPerformed(Ljava/awt/event/ActionEvent;)V+8
j  ui.b.c.bB.cSz()V+396
j  ui.views.c.t.b.a.run()V+60
j  ui.frmwork.a.epE()Z+66
j  ui.frmwork.Y.erq()V+42
j  ui.bm.actionPerformed(Ljava/awt/event/ActionEvent;)V+25
J 30551 c1 javax.swing.AbstractButton.fireActionPerformed(Ljava/awt/event/ActionEvent;)V java.desktop@9.0.4 (96 bytes) @ 0x00000000204eaa2c [0x00000000204ea1c0+0x000000000000086c]
j  ui.utils.p.b.E.fireActionPerformed(Ljava/awt/event/ActionEvent;)V+7
J 30550 c1 javax.swing.AbstractButton$Handler.actionPerformed(Ljava/awt/event/ActionEvent;)V java.desktop@9.0.4 (9 bytes) @ 0x000000001fb601c4 [0x000000001fb600c0+0x0000000000000104]
J 30410 c1 javax.swing.DefaultButtonModel.fireActionPerformed(Ljava/awt/event/ActionEvent;)V java.desktop@9.0.4 (46 bytes) @ 0x000000001fdcda94 [0x000000001fdcd7e0+0x00000000000002b4]
J 23990 c1 javax.swing.DefaultButtonModel.setPressed(Z)V java.desktop@9.0.4 (125 bytes) @ 0x000000001f38c1c4 [0x000000001f38b300+0x0000000000000ec4]
j  javax.swing.plaf.basic.BasicButtonListener.mouseReleased(Ljava/awt/event/MouseEvent;)V+35 java.desktop@9.0.4
j  com.jidesoft.plaf.basic.BasicJideButtonListener.mouseReleased(Ljava/awt/event/MouseEvent;)V+61
J 19870 c1 java.awt.AWTEventMulticaster.mouseReleased(Ljava/awt/event/MouseEvent;)V java.desktop@9.0.4 (27 bytes) @ 0x000000001e9cec0c [0x000000001e9cea00+0x000000000000020c]
J 19870 c1 java.awt.AWTEventMulticaster.mouseReleased(Ljava/awt/event/MouseEvent;)V java.desktop@9.0.4 (27 bytes) @ 0x000000001e9cec0c [0x000000001e9cea00+0x000000000000020c]
J 19870 c1 java.awt.AWTEventMulticaster.mouseReleased(Ljava/awt/event/MouseEvent;)V java.desktop@9.0.4 (27 bytes) @ 0x000000001e9cec0c [0x000000001e9cea00+0x000000000000020c]
J 26214 c2 javax.swing.JComponent.processMouseEvent(Ljava/awt/event/MouseEvent;)V java.desktop@9.0.4 (27 bytes) @ 0x000000002737c410 [0x000000002737c220+0x00000000000001f0]
J 29893 c2 java.awt.Container.processEvent(Ljava/awt/AWTEvent;)V java.desktop@9.0.4 (22 bytes) @ 0x00000000274fb158 [0x00000000274fafc0+0x0000000000000198]
J 30367 c2 java.awt.Component.dispatchEventImpl(Ljava/awt/AWTEvent;)V java.desktop@9.0.4 (739 bytes) @ 0x0000000027947e00 [0x0000000027947580+0x0000000000000880]
J 28873 c2 java.awt.Container.dispatchEventImpl(Ljava/awt/AWTEvent;)V java.desktop@9.0.4 (129 bytes) @ 0x0000000027a054ec [0x0000000027a05440+0x00000000000000ac]
J 29584 c2 java.awt.LightweightDispatcher.retargetMouseEvent(Ljava/awt/Component;ILjava/awt/event/MouseEvent;)V java.desktop@9.0.4 (350 bytes) @ 0x0000000026fe7b84 [0x0000000026fe75c0+0x00000000000005c4]
J 29735 c2 java.awt.LightweightDispatcher.dispatchEvent(Ljava/awt/AWTEvent;)Z java.desktop@9.0.4 (73 bytes) @ 0x00000000274603a8 [0x000000002745ff20+0x0000000000000488]
J 28873 c2 java.awt.Container.dispatchEventImpl(Ljava/awt/AWTEvent;)V java.desktop@9.0.4 (129 bytes) @ 0x0000000027a0548c [0x0000000027a05440+0x000000000000004c]
J 18648 c2 java.awt.Window.dispatchEventImpl(Ljava/awt/AWTEvent;)V java.desktop@9.0.4 (23 bytes) @ 0x00000000260e210c [0x00000000260e20c0+0x000000000000004c]
J 29894 c2 java.awt.EventQueue.dispatchEventImpl(Ljava/awt/AWTEvent;Ljava/lang/Object;)V java.desktop@9.0.4 (136 bytes) @ 0x00000000274f9b00 [0x00000000274f9560+0x00000000000005a0]
J 12969 c2 java.awt.EventQueue$3.run()Ljava/lang/Object; java.desktop@9.0.4 (5 bytes) @ 0x000000002685502c [0x0000000026854fc0+0x000000000000006c]
v  ~StubRoutines::call_stub
J 3861  java.security.AccessController.doPrivileged(Ljava/security/PrivilegedAction;Ljava/security/AccessControlContext;)Ljava/lang/Object; java.base@9.0.4 (0 bytes) @ 0x0000000025fe40c6 [0x0000000025fe4060+0x0000000000000066]
J 17686 c2 java.awt.EventQueue$4.run()Ljava/lang/Object; java.desktop@9.0.4 (5 bytes) @ 0x0000000026dbc838 [0x0000000026dbc5e0+0x0000000000000258]
v  ~StubRoutines::call_stub
J 3861  java.security.AccessController.doPrivileged(Ljava/security/PrivilegedAction;Ljava/security/AccessControlContext;)Ljava/lang/Object; java.base@9.0.4 (0 bytes) @ 0x0000000025fe40c6 [0x0000000025fe4060+0x0000000000000066]
J 12811 c2 java.awt.EventQueue.dispatchEvent(Ljava/awt/AWTEvent;)V java.desktop@9.0.4 (80 bytes) @ 0x00000000268156c0 [0x0000000026815140+0x0000000000000580]
J 19634 c2 ui.frmwork.b.d.dispatchEvent(Ljava/awt/AWTEvent;)V (34 bytes) @ 0x0000000027091c3c [0x0000000027091b60+0x00000000000000dc]
J 28871 c2 java.awt.EventDispatchThread.pumpOneEventForFilters(I)V java.desktop@9.0.4 (218 bytes) @ 0x0000000027a03678 [0x0000000027a031a0+0x00000000000004d8]
J 17365% c2 java.awt.EventDispatchThread.pumpEventsForFilter(ILjava/awt/Conditional;Ljava/awt/EventFilter;)V java.desktop@9.0.4 (47 bytes) @ 0x0000000026d5f168 [0x0000000026d5edc0+0x00000000000003a8]
j  java.awt.EventDispatchThread.pumpEventsForHierarchy(ILjava/awt/Conditional;Ljava/awt/Component;)V+11 java.desktop@9.0.4
j  java.awt.EventDispatchThread.pumpEvents(ILjava/awt/Conditional;)V+4 java.desktop@9.0.4
j  java.awt.EventDispatchThread.pumpEvents(Ljava/awt/Conditional;)V+3 java.desktop@9.0.4
j  java.awt.EventDispatchThread.run()V+9 java.desktop@9.0.4
v  ~StubRoutines::call_stub

siginfo: EXCEPTION_ACCESS_VIOLATION (0xc0000005), reading address 0x0000000000000010


Register to memory mapping:

RIP=0x000007fed9a708f4 is an unknown value
RAX=0x000000012d903cf0 is an unknown value
RBX=0x0000000000000000 is an unknown value
RCX=0x0000000000009021 is an unknown value
RDX=0x0000000039143940 is pointing into the stack for thread: 0x0000000033e8f800
RSP=0x00000000391438d0 is pointing into the stack for thread: 0x0000000033e8f800
RBP=0x000000012d930270 is an unknown value
RSI=0x0000000039143940 is pointing into the stack for thread: 0x0000000033e8f800
RDI=0x000000012d903cf0 is an unknown value
R8 =0x000000000000bb40 is an unknown value
R9 =0x565e4383f2956bb4 is an unknown value
R10=0x000000010d829010 is an unknown value
R11=0x000000012d903d00 is an unknown value
R12=0x000000003b28d5c0 is an unknown value
R13=0x0000000039143c60 is pointing into the stack for thread: 0x0000000033e8f800
R14=0x000000003b28d5c0 is an unknown value
R15=0x0000000039143af8 is pointing into the stack for thread: 0x0000000033e8f800


Registers:
RAX=0x000000012d903cf0, RBX=0x0000000000000000, RCX=0x0000000000009021, RDX=0x0000000039143940
RSP=0x00000000391438d0, RBP=0x000000012d930270, RSI=0x0000000039143940, RDI=0x000000012d903cf0
R8 =0x000000000000bb40, R9 =0x565e4383f2956bb4, R10=0x000000010d829010, R11=0x000000012d903d00
R12=0x000000003b28d5c0, R13=0x0000000039143c60, R14=0x000000003b28d5c0, R15=0x0000000039143af8
RIP=0x000007fed9a708f4, EFLAGS=0x0000000000010206

Top of Stack: (sp=0x00000000391438d0)
0x00000000391438d0:   000000012d9230b0 0000000000000000
0x00000000391438e0:   00000000aa982120 000007fed9a9d2fd
0x00000000391438f0:   000000012d903cf0 fffffffffffffffe
0x0000000039143900:   000000003b28d5c0 000000012d923bb0
0x0000000039143910:   000000010d829010 000007fed9a74e4b
0x0000000039143920:   000000010d829010 000000012d903cf0
0x0000000039143930:   000000012d9230b0 000000012d903cf0
0x0000000039143940:   000000012d903cf0 000007fed9a74a00
0x0000000039143950:   0000000039143a28 000007fed9a709e8
0x0000000039143960:   000000012d9230b0 000000010ca67150
0x0000000039143970:   000000010ca67150 0000000039143a28
0x0000000039143980:   000000010ca67150 fffffffffffffffe
0x0000000039143990:   000000003b28d5c0 00000000cb2cbed0
0x00000000391439a0:   000000010d829010 000007fed9a716a5
0x00000000391439b0:   000000010d829010 0000000039143a28
0x00000000391439c0:   0000000000000070 000000010ca67150 

Instructions: (pc=0x000007fed9a708f4)
0x000007fed9a708d4:   42 08 75 06 49 8b 5a 08 eb 08 4a 8b 5c 03 08 48
0x000007fed9a708e4:   8b 1b 48 3b d8 74 71 49 8b 0b 66 90 48 8b 5b 08
0x000007fed9a708f4:   48 3b 4b 10 74 07 48 3b d8 75 f1 eb 5b 48 8b 4f
0x000007fed9a70904:   08 48 8b 07 48 89 01 48 8b 0f 48 8b 47 08 48 89 



---------------  P R O C E S S  ---------------

Java Threads: ( => current thread )
  0x000000010f782000 JavaThread "Relaunch Simulation Thread" [_thread_in_native, id=15120, stack(0x00000000c6c80000,0x00000000c7180000)]
  0x000000010f783000 JavaThread "Monitor File Timestamp Swing Worker Thread" [_thread_blocked, id=8460, stack(0x00000000c65d0000,0x00000000c6ad0000)]
  0x000000010f783800 JavaThread "Timer-13" [_thread_blocked, id=14456, stack(0x00000000c5f60000,0x00000000c6460000)]
  0x00000000bc754000 JavaThread "Swing-Shell" daemon [_thread_blocked, id=9412, stack(0x0000000094b50000,0x0000000095050000)]
  0x0000000009d4d800 JavaThread "SyntheticaAnimation 50" daemon [_thread_blocked, id=10216, stack(0x0000000076750000,0x0000000076c50000)]
  0x000000010f780800 JavaThread "ForkJoinPool.commonPool-worker-9" daemon [_thread_blocked, id=13456, stack(0x00000000d3800000,0x00000000d3d00000)]
  0x000000003dc8c800 JavaThread "Image Animator 3" daemon [_thread_blocked, id=4848, stack(0x000000004c060000,0x000000004c560000)]
  0x000000003dc89800 JavaThread "SyntheticaAnimation 50" daemon [_thread_blocked, id=5168, stack(0x000000003a120000,0x000000003a620000)]
  0x000000003dc8b000 JavaThread "Update Runs Swing Worker Thread" [_thread_blocked, id=5288, stack(0x0000000051820000,0x0000000051d20000)]
  0x0000000009d4c800 JavaThread "hw_ila_monitor" [_thread_blocked, id=11964, stack(0x000000004a740000,0x000000004ac40000)]
  0x0000000009d4c000 JavaThread "Refresh Filesets Swing Worker Thread" [_thread_blocked, id=4160, stack(0x000000004a080000,0x000000004a580000)]
  0x0000000009d4b000 JavaThread "SyntheticaAnimation 70" daemon [_thread_blocked, id=11712, stack(0x00000000416e0000,0x0000000041be0000)]
  0x0000000009d4a800 JavaThread "SyntheticaAnimation 25" daemon [_thread_blocked, id=3888, stack(0x0000000041c40000,0x0000000042140000)]
  0x0000000009d49000 JavaThread "SyntheticaAnimation 50" daemon [_thread_blocked, id=8056, stack(0x00000000411d0000,0x00000000416d0000)]
  0x0000000009d49800 JavaThread "Monitor HEventQueue Thread" [_thread_blocked, id=9308, stack(0x0000000040950000,0x0000000040e50000)]
  0x0000000009d48000 JavaThread "SyntheticaCleanerThread" daemon [_thread_blocked, id=9984, stack(0x000000003bfb0000,0x000000003c4b0000)]
  0x0000000009d46800 JavaThread "Batik CleanerThread" daemon [_thread_blocked, id=2176, stack(0x00000000391d0000,0x00000000396d0000)]
  0x0000000033ea6800 JavaThread "Process Messages Thread" [_thread_blocked, id=13188, stack(0x0000000039790000,0x0000000039c90000)]
  0x0000000034c18000 JavaThread "Thread-1" [_thread_in_native, id=8088, stack(0x0000000004cc0000,0x00000000060c0000)]
=>0x0000000033e8f800 JavaThread "AWT-EventQueue-0" [_thread_in_native, id=14308, stack(0x0000000038c50000,0x0000000039150000)]
  0x0000000033e8f000 JavaThread "AWT-Shutdown" [_thread_blocked, id=10408, stack(0x0000000038590000,0x0000000038a90000)]
  0x0000000033faf800 JavaThread "TimerQueue" daemon [_thread_blocked, id=10524, stack(0x0000000036d90000,0x0000000037290000)]
  0x0000000033f33000 JavaThread "AWT-Windows" daemon [_thread_in_native, id=12436, stack(0x0000000035c90000,0x0000000036190000)]
  0x0000000033f31800 JavaThread "Java2D Disposer" daemon [_thread_blocked, id=11456, stack(0x0000000034f10000,0x0000000035410000)]
  0x000000000980f000 JavaThread "Service Thread" daemon [_thread_blocked, id=1736, stack(0x0000000033970000,0x0000000033e70000)]
  0x00000000093e4000 JavaThread "Common-Cleaner" daemon [_thread_blocked, id=12308, stack(0x00000000330c0000,0x00000000335c0000)]
  0x00000000093d0000 JavaThread "Sweeper thread" daemon [_thread_blocked, id=14252, stack(0x0000000032af0000,0x0000000032ff0000)]
  0x00000000093cf800 JavaThread "C1 CompilerThread3" daemon [_thread_blocked, id=12268, stack(0x00000000329b0000,0x0000000032ab0000)]
  0x00000000091b9800 JavaThread "C2 CompilerThread2" daemon [_thread_blocked, id=10356, stack(0x0000000031fe0000,0x00000000320e0000)]
  0x00000000091b7800 JavaThread "C2 CompilerThread1" daemon [_thread_blocked, id=8900, stack(0x00000000319b0000,0x0000000031ab0000)]
  0x00000000091b7000 JavaThread "C2 CompilerThread0" daemon [_thread_blocked, id=10528, stack(0x00000000326e0000,0x00000000327e0000)]
  0x000000000f583800 JavaThread "Attach Listener" daemon [_thread_blocked, id=11252, stack(0x00000000321a0000,0x00000000326a0000)]
  0x00000000090a9800 JavaThread "Signal Dispatcher" daemon [_thread_blocked, id=6692, stack(0x0000000031ae0000,0x0000000031fe0000)]
  0x000000000f750000 JavaThread "Finalizer" daemon [_thread_blocked, id=13872, stack(0x0000000031470000,0x0000000031970000)]
  0x000000000f74e000 JavaThread "Reference Handler" daemon [_thread_blocked, id=13680, stack(0x0000000030f70000,0x0000000031470000)]
  0x0000000008ff5000 JavaThread "main" [_thread_blocked, id=12096, stack(0x0000000006ae0000,0x0000000006be0000)]

Other Threads:
  0x000000000f773800 VMThread "VM Thread" [stack: 0x0000000030db0000,0x0000000030eb0000] [id=12028]
  0x000000000975e000 WatcherThread [stack: 0x0000000033840000,0x0000000033940000] [id=13660]
  0x00000000023ba800 GCTaskThread "GC Thread#0" [stack: 0x0000000006e80000,0x0000000006f80000] [id=13176]
  0x000000000e276000 GCTaskThread "GC Thread#1" [stack: 0x0000000008900000,0x0000000008a00000] [id=2280]
  0x000000000e277000 GCTaskThread "GC Thread#2" [stack: 0x0000000008a50000,0x0000000008b50000] [id=14284]
  0x000000000e277800 GCTaskThread "GC Thread#3" [stack: 0x000000000a5b0000,0x000000000a6b0000] [id=13624]
  0x000000000e278000 GCTaskThread "GC Thread#4" [stack: 0x0000000008c10000,0x0000000008d10000] [id=9740]
  0x000000000e278800 GCTaskThread "GC Thread#5" [stack: 0x000000000a730000,0x000000000a830000] [id=13128]
  0x000000000e279800 GCTaskThread "GC Thread#6" [stack: 0x000000000a990000,0x000000000aa90000] [id=8432]
  0x000000000e27a000 GCTaskThread "GC Thread#7" [stack: 0x000000000a870000,0x000000000a970000] [id=12024]
  0x000000000f745800 ConcurrentGCThread "G1 Main Marker" [stack: 0x0000000011890000,0x0000000011990000] [id=13084]
  0x000000000e27a800 ConcurrentGCThread "G1 Marker#0" [stack: 0x00000000119e0000,0x0000000011ae0000] [id=9888]
  0x000000000e27b000 ConcurrentGCThread "G1 Marker#1" [stack: 0x0000000011b90000,0x0000000011c90000] [id=7840]
  0x000000000b682000 ConcurrentGCThread "G1 Refine#0" [stack: 0x000000000f970000,0x000000000fa70000] [id=12360]
  0x000000000b81c000 ConcurrentGCThread "G1 Refine#1" [stack: 0x000000000c500000,0x000000000c600000] [id=11628]
  0x000000000b81b800 ConcurrentGCThread "G1 Refine#2" [stack: 0x000000000fcb0000,0x000000000fdb0000] [id=12080]
  0x000000000b522800 ConcurrentGCThread "G1 Refine#3" [stack: 0x000000000faa0000,0x000000000fba0000] [id=6072]
  0x0000000008690000 ConcurrentGCThread "G1 Refine#4" [stack: 0x000000000f820000,0x000000000f920000] [id=12984]
  0x000000000e2f5000 ConcurrentGCThread "G1 Refine#5" [stack: 0x000000000d600000,0x000000000d700000] [id=8076]
  0x000000000863b000 ConcurrentGCThread "G1 Refine#6" [stack: 0x000000000c2b0000,0x000000000c3b0000] [id=9468]
  0x000000000c8f7000 ConcurrentGCThread "G1 Refine#7" [stack: 0x000000000c3f0000,0x000000000c4f0000] [id=12172]
  0x000000000b683000 ConcurrentGCThread "G1 Young RemSet Sampling" [stack: 0x000000000fea0000,0x000000000ffa0000] [id=13612]

Threads with active compile tasks:

VM state:not at safepoint (normal execution)

VM Mutex/Monitor currently owned by a thread: None

Heap address: 0x0000000700000000, size: 3072 MB, Compressed Oops mode: Zero based, Oop shift amount: 3
Narrow klass base: 0x0000000000000000, Narrow klass shift: 3
Compressed class space size: 1073741824 Address: 0x00000007c0000000

Heap:
 garbage-first heap   total 349184K, used 165828K [0x0000000700000000, 0x0000000700100aa8, 0x00000007c0000000)
  region size 1024K, 38 young (38912K), 1 survivors (1024K)
 Metaspace       used 98126K, capacity 100155K, committed 106236K, reserved 1140736K
  class space    used 12858K, capacity 13320K, committed 14588K, reserved 1048576K
Heap Regions: E=young(eden), S=young(survivor), O=old, HS=humongous(starts), HC=humongous(continues), CS=collection set, F=free, A=archive, TS=gc time stamp, AC=allocation context, TAMS=top-at-mark-start (previous, next)
|   0|0x0000000700000000, 0x00000007000f1b70, 0x0000000700100000| 94%| O|  |TS  0|AC  0|TAMS 0x0000000700000000, 0x0000000700000000|
|   1|0x0000000700100000, 0x00000007001fccd0, 0x0000000700200000| 98%| O|  |TS  0|AC  0|TAMS 0x0000000700100000, 0x0000000700100000|
|   2|0x0000000700200000, 0x00000007002d6ef8, 0x0000000700300000| 83%| O|  |TS  0|AC  0|TAMS 0x0000000700200000, 0x0000000700200000|
|   3|0x0000000700300000, 0x00000007003f7a00, 0x0000000700400000| 96%| O|  |TS  0|AC  0|TAMS 0x0000000700300000, 0x0000000700300000|
|   4|0x0000000700400000, 0x0000000700500000, 0x0000000700500000|100%|HS|  |TS  0|AC  0|TAMS 0x0000000700400000, 0x0000000700400000|
|   5|0x0000000700500000, 0x0000000700600000, 0x0000000700600000|100%|HC|  |TS  0|AC  0|TAMS 0x0000000700500000, 0x0000000700500000|
|   6|0x0000000700600000, 0x0000000700700000, 0x0000000700700000|100%|HS|  |TS  0|AC  0|TAMS 0x0000000700600000, 0x0000000700600000|
|   7|0x0000000700700000, 0x00000007007dd6c0, 0x0000000700800000| 86%| O|  |TS  0|AC  0|TAMS 0x0000000700700000, 0x0000000700700000|
|   8|0x0000000700800000, 0x00000007008ffff8, 0x0000000700900000| 99%| O|  |TS  0|AC  0|TAMS 0x0000000700800000, 0x0000000700800000|
|   9|0x0000000700900000, 0x00000007009ffe98, 0x0000000700a00000| 99%| O|  |TS  0|AC  0|TAMS 0x0000000700900000, 0x0000000700900000|
|  10|0x0000000700a00000, 0x0000000700affff0, 0x0000000700b00000| 99%| O|  |TS  0|AC  0|TAMS 0x0000000700a00000, 0x0000000700a00000|
|  11|0x0000000700b00000, 0x0000000700bfffd8, 0x0000000700c00000| 99%| O|  |TS  0|AC  0|TAMS 0x0000000700b00000, 0x0000000700b00000|
|  12|0x0000000700c00000, 0x0000000700cfffe8, 0x0000000700d00000| 99%| O|  |TS  0|AC  0|TAMS 0x0000000700c00000, 0x0000000700c00000|
|  13|0x0000000700d00000, 0x0000000700df53e8, 0x0000000700e00000| 95%| O|  |TS  0|AC  0|TAMS 0x0000000700d00000, 0x0000000700d00000|
|  14|0x0000000700e00000, 0x0000000700ef1f58, 0x0000000700f00000| 94%| O|  |TS  0|AC  0|TAMS 0x0000000700e00000, 0x0000000700e00000|
|  15|0x0000000700f00000, 0x0000000701000000, 0x0000000701000000|100%|HS|  |TS  0|AC  0|TAMS 0x0000000700f00000, 0x0000000700f00000|
|  16|0x0000000701000000, 0x0000000701100000, 0x0000000701100000|100%| O|  |TS  0|AC  0|TAMS 0x0000000701000000, 0x0000000701000000|
|  17|0x0000000701100000, 0x00000007011fffb8, 0x0000000701200000| 99%| O|  |TS  0|AC  0|TAMS 0x0000000701100000, 0x0000000701100000|
|  18|0x0000000701200000, 0x00000007012ffff0, 0x0000000701300000| 99%| O|  |TS  0|AC  0|TAMS 0x0000000701200000, 0x0000000701200000|
|  19|0x0000000701300000, 0x00000007013ffff0, 0x0000000701400000| 99%| O|  |TS  0|AC  0|TAMS 0x0000000701300000, 0x0000000701300000|
|  20|0x0000000701400000, 0x00000007014ffee8, 0x0000000701500000| 99%| O|  |TS  0|AC  0|TAMS 0x0000000701400000, 0x0000000701400000|
|  21|0x0000000701500000, 0x00000007015fffe0, 0x0000000701600000| 99%| O|  |TS  0|AC  0|TAMS 0x0000000701500000, 0x0000000701500000|
|  22|0x0000000701600000, 0x00000007016ffde0, 0x0000000701700000| 99%| O|  |TS  0|AC  0|TAMS 0x0000000701600000, 0x0000000701600000|
|  23|0x0000000701700000, 0x00000007017ffff8, 0x0000000701800000| 99%| O|  |TS  0|AC  0|TAMS 0x0000000701700000, 0x0000000701700000|
|  24|0x0000000701800000, 0x00000007018fffe8, 0x0000000701900000| 99%| O|  |TS  0|AC  0|TAMS 0x0000000701800000, 0x0000000701800000|
|  25|0x0000000701900000, 0x00000007019ff8c8, 0x0000000701a00000| 99%| O|  |TS  0|AC  0|TAMS 0x0000000701900000, 0x0000000701900000|
|  26|0x0000000701a00000, 0x0000000701afffa8, 0x0000000701b00000| 99%| O|  |TS  0|AC  0|TAMS 0x0000000701a00000, 0x0000000701a00000|
|  27|0x0000000701b00000, 0x0000000701bfffe8, 0x0000000701c00000| 99%| O|  |TS  0|AC  0|TAMS 0x0000000701b00000, 0x0000000701b00000|
|  28|0x0000000701c00000, 0x0000000701d00000, 0x0000000701d00000|100%| O|  |TS  0|AC  0|TAMS 0x0000000701c00000, 0x0000000701c00000|
|  29|0x0000000701d00000, 0x0000000701dffe18, 0x0000000701e00000| 99%| O|  |TS  0|AC  0|TAMS 0x0000000701d00000, 0x0000000701d00000|
|  30|0x0000000701e00000, 0x0000000701effff8, 0x0000000701f00000| 99%| O|  |TS  0|AC  0|TAMS 0x0000000701e00000, 0x0000000701e00000|
|  31|0x0000000701f00000, 0x0000000702000000, 0x0000000702000000|100%| O|  |TS  0|AC  0|TAMS 0x0000000701f00000, 0x0000000701f00000|
|  32|0x0000000702000000, 0x00000007020fffe8, 0x0000000702100000| 99%| O|  |TS  0|AC  0|TAMS 0x0000000702000000, 0x0000000702000000|
|  33|0x0000000702100000, 0x00000007021ffff8, 0x0000000702200000| 99%| O|  |TS  0|AC  0|TAMS 0x0000000702100000, 0x0000000702100000|
|  34|0x0000000702200000, 0x00000007022c9588, 0x0000000702300000| 78%| O|  |TS  0|AC  0|TAMS 0x0000000702200000, 0x0000000702200000|
|  35|0x0000000702300000, 0x00000007023fffb8, 0x0000000702400000| 99%| O|  |TS  0|AC  0|TAMS 0x0000000702300000, 0x0000000702300000|
|  36|0x0000000702400000, 0x00000007024fffd0, 0x0000000702500000| 99%| O|  |TS  0|AC  0|TAMS 0x0000000702400000, 0x0000000702400000|
|  37|0x0000000702500000, 0x00000007025fff48, 0x0000000702600000| 99%| O|  |TS  0|AC  0|TAMS 0x0000000702500000, 0x0000000702500000|
|  38|0x0000000702600000, 0x00000007026ffef8, 0x0000000702700000| 99%| O|  |TS  0|AC  0|TAMS 0x0000000702600000, 0x0000000702600000|
|  39|0x0000000702700000, 0x00000007027fdcf0, 0x0000000702800000| 99%| O|  |TS  0|AC  0|TAMS 0x0000000702700000, 0x0000000702700000|
|  40|0x0000000702800000, 0x00000007028fffe8, 0x0000000702900000| 99%| O|  |TS  0|AC  0|TAMS 0x0000000702800000, 0x0000000702800000|
|  41|0x0000000702900000, 0x00000007029fffc0, 0x0000000702a00000| 99%| O|  |TS  0|AC  0|TAMS 0x0000000702900000, 0x0000000702900000|
|  42|0x0000000702a00000, 0x0000000702b00000, 0x0000000702b00000|100%| O|  |TS  0|AC  0|TAMS 0x0000000702a00000, 0x0000000702a00000|
|  43|0x0000000702b00000, 0x0000000702bffff0, 0x0000000702c00000| 99%| O|  |TS  0|AC  0|TAMS 0x0000000702b00000, 0x0000000702b00000|
|  44|0x0000000702c00000, 0x0000000702cfffe0, 0x0000000702d00000| 99%| O|  |TS  0|AC  0|TAMS 0x0000000702c00000, 0x0000000702c00000|
|  45|0x0000000702d00000, 0x0000000702dffff8, 0x0000000702e00000| 99%| O|  |TS  0|AC  0|TAMS 0x0000000702d00000, 0x0000000702d00000|
|  46|0x0000000702e00000, 0x0000000702efff60, 0x0000000702f00000| 99%| O|  |TS  0|AC  0|TAMS 0x0000000702e00000, 0x0000000702e00000|
|  47|0x0000000702f00000, 0x0000000702ffff70, 0x0000000703000000| 99%| O|  |TS  0|AC  0|TAMS 0x0000000702f00000, 0x0000000702f00000|
|  48|0x0000000703000000, 0x00000007030ffff8, 0x0000000703100000| 99%| O|  |TS  0|AC  0|TAMS 0x0000000703000000, 0x0000000703000000|
|  49|0x0000000703100000, 0x00000007031ffff8, 0x0000000703200000| 99%| O|  |TS  0|AC  0|TAMS 0x0000000703100000, 0x0000000703100000|
|  50|0x0000000703200000, 0x00000007032fff90, 0x0000000703300000| 99%| O|  |TS  0|AC  0|TAMS 0x0000000703200000, 0x0000000703200000|
|  51|0x0000000703300000, 0x00000007033fff18, 0x0000000703400000| 99%| O|  |TS  0|AC  0|TAMS 0x0000000703300000, 0x0000000703300000|
|  52|0x0000000703400000, 0x00000007034ffff0, 0x0000000703500000| 99%| O|  |TS  0|AC  0|TAMS 0x0000000703400000, 0x0000000703400000|
|  53|0x0000000703500000, 0x00000007035ffff0, 0x0000000703600000| 99%| O|  |TS  0|AC  0|TAMS 0x0000000703500000, 0x0000000703500000|
|  54|0x0000000703600000, 0x00000007036ffff8, 0x0000000703700000| 99%| O|  |TS  0|AC  0|TAMS 0x0000000703600000, 0x0000000703600000|
|  55|0x0000000703700000, 0x00000007037ffff8, 0x0000000703800000| 99%| O|  |TS  0|AC  0|TAMS 0x0000000703700000, 0x0000000703700000|
|  56|0x0000000703800000, 0x00000007038f72e0, 0x0000000703900000| 96%| O|  |TS  0|AC  0|TAMS 0x0000000703800000, 0x0000000703800000|
|  57|0x0000000703900000, 0x0000000703a00000, 0x0000000703a00000|100%|HS|  |TS  0|AC  0|TAMS 0x0000000703900000, 0x0000000703900000|
|  58|0x0000000703a00000, 0x0000000703b00000, 0x0000000703b00000|100%|HC|  |TS  0|AC  0|TAMS 0x0000000703a00000, 0x0000000703a00000|
|  59|0x0000000703b00000, 0x0000000703c00000, 0x0000000703c00000|100%|HC|  |TS  0|AC  0|TAMS 0x0000000703b00000, 0x0000000703b00000|
|  60|0x0000000703c00000, 0x0000000703d00000, 0x0000000703d00000|100%|HC|  |TS  0|AC  0|TAMS 0x0000000703c00000, 0x0000000703c00000|
|  61|0x0000000703d00000, 0x0000000703e00000, 0x0000000703e00000|100%|HC|  |TS  0|AC  0|TAMS 0x0000000703d00000, 0x0000000703d00000|
|  62|0x0000000703e00000, 0x0000000703f00000, 0x0000000703f00000|100%|HC|  |TS  0|AC  0|TAMS 0x0000000703e00000, 0x0000000703e00000|
|  63|0x0000000703f00000, 0x0000000704000000, 0x0000000704000000|100%|HC|  |TS  0|AC  0|TAMS 0x0000000703f00000, 0x0000000703f00000|
|  64|0x0000000704000000, 0x0000000704100000, 0x0000000704100000|100%|HC|  |TS  0|AC  0|TAMS 0x0000000704000000, 0x0000000704000000|
|  65|0x0000000704100000, 0x00000007041fffb8, 0x0000000704200000| 99%| O|  |TS  0|AC  0|TAMS 0x0000000704100000, 0x0000000704100000|
|  66|0x0000000704200000, 0x00000007042fea30, 0x0000000704300000| 99%| O|  |TS  0|AC  0|TAMS 0x0000000704200000, 0x0000000704200000|
|  67|0x0000000704300000, 0x0000000704400000, 0x0000000704400000|100%| O|  |TS  0|AC  0|TAMS 0x0000000704300000, 0x0000000704300000|
|  68|0x0000000704400000, 0x00000007044ffee0, 0x0000000704500000| 99%| O|  |TS  0|AC  0|TAMS 0x0000000704400000, 0x0000000704400000|
|  69|0x0000000704500000, 0x00000007045ffff0, 0x0000000704600000| 99%| O|  |TS  0|AC  0|TAMS 0x0000000704500000, 0x0000000704500000|
|  70|0x0000000704600000, 0x00000007046fff90, 0x0000000704700000| 99%| O|  |TS  0|AC  0|TAMS 0x0000000704600000, 0x0000000704600000|
|  71|0x0000000704700000, 0x00000007047fffe8, 0x0000000704800000| 99%| O|  |TS  0|AC  0|TAMS 0x0000000704700000, 0x0000000704700000|
|  72|0x0000000704800000, 0x00000007048ffff8, 0x0000000704900000| 99%| O|  |TS  0|AC  0|TAMS 0x0000000704800000, 0x0000000704800000|
|  73|0x0000000704900000, 0x00000007049fffd8, 0x0000000704a00000| 99%| O|  |TS  0|AC  0|TAMS 0x0000000704900000, 0x0000000704900000|
|  74|0x0000000704a00000, 0x0000000704afff90, 0x0000000704b00000| 99%| O|  |TS  0|AC  0|TAMS 0x0000000704a00000, 0x0000000704a00000|
|  75|0x0000000704b00000, 0x0000000704bfd438, 0x0000000704c00000| 98%| O|  |TS  0|AC  0|TAMS 0x0000000704b00000, 0x0000000704b00000|
|  76|0x0000000704c00000, 0x0000000704cfffd0, 0x0000000704d00000| 99%| O|  |TS  0|AC  0|TAMS 0x0000000704c00000, 0x0000000704c00000|
|  77|0x0000000704d00000, 0x0000000704dffff8, 0x0000000704e00000| 99%| O|  |TS  0|AC  0|TAMS 0x0000000704d00000, 0x0000000704d00000|
|  78|0x0000000704e00000, 0x0000000704effff8, 0x0000000704f00000| 99%| O|  |TS  0|AC  0|TAMS 0x0000000704e00000, 0x0000000704e00000|
|  79|0x0000000704f00000, 0x0000000704fffff0, 0x0000000705000000| 99%| O|  |TS  0|AC  0|TAMS 0x0000000704f00000, 0x0000000704f00000|
|  80|0x0000000705000000, 0x0000000705100000, 0x0000000705100000|100%| O|  |TS  0|AC  0|TAMS 0x0000000705000000, 0x0000000705000000|
|  81|0x0000000705100000, 0x00000007051fff30, 0x0000000705200000| 99%| O|  |TS  0|AC  0|TAMS 0x0000000705100000, 0x0000000705100000|
|  82|0x0000000705200000, 0x00000007052ffff8, 0x0000000705300000| 99%| O|  |TS  0|AC  0|TAMS 0x0000000705200000, 0x0000000705200000|
|  83|0x0000000705300000, 0x0000000705400000, 0x0000000705400000|100%| O|  |TS  0|AC  0|TAMS 0x0000000705300000, 0x0000000705300000|
|  84|0x0000000705400000, 0x0000000705500000, 0x0000000705500000|100%| O|  |TS  0|AC  0|TAMS 0x0000000705400000, 0x0000000705400000|
|  85|0x0000000705500000, 0x0000000705600000, 0x0000000705600000|100%| O|  |TS  0|AC  0|TAMS 0x0000000705500000, 0x0000000705500000|
|  86|0x0000000705600000, 0x00000007056fe688, 0x0000000705700000| 99%| O|  |TS  0|AC  0|TAMS 0x0000000705600000, 0x0000000705600000|
|  87|0x0000000705700000, 0x00000007057fffe8, 0x0000000705800000| 99%| O|  |TS  0|AC  0|TAMS 0x0000000705700000, 0x0000000705700000|
|  88|0x0000000705800000, 0x0000000705900000, 0x0000000705900000|100%| O|  |TS  0|AC  0|TAMS 0x0000000705800000, 0x0000000705800000|
|  89|0x0000000705900000, 0x00000007059fffe8, 0x0000000705a00000| 99%| O|  |TS  0|AC  0|TAMS 0x0000000705900000, 0x0000000705900000|
|  90|0x0000000705a00000, 0x0000000705affff8, 0x0000000705b00000| 99%| O|  |TS  0|AC  0|TAMS 0x0000000705a00000, 0x0000000705a00000|
|  91|0x0000000705b00000, 0x0000000705bff358, 0x0000000705c00000| 99%| O|  |TS  0|AC  0|TAMS 0x0000000705b00000, 0x0000000705b00000|
|  92|0x0000000705c00000, 0x0000000705d00000, 0x0000000705d00000|100%| O|  |TS  0|AC  0|TAMS 0x0000000705c00000, 0x0000000705c00000|
|  93|0x0000000705d00000, 0x0000000705dfffd0, 0x0000000705e00000| 99%| O|  |TS  0|AC  0|TAMS 0x0000000705d00000, 0x0000000705d00000|
|  94|0x0000000705e00000, 0x0000000705effff0, 0x0000000705f00000| 99%| O|  |TS  0|AC  0|TAMS 0x0000000705e00000, 0x0000000705e00000|
|  95|0x0000000705f00000, 0x0000000705fffff0, 0x0000000706000000| 99%| O|  |TS  0|AC  0|TAMS 0x0000000705f00000, 0x0000000705f00000|
|  96|0x0000000706000000, 0x00000007060ffff8, 0x0000000706100000| 99%| O|  |TS  0|AC  0|TAMS 0x0000000706000000, 0x0000000706000000|
|  97|0x0000000706100000, 0x00000007061fff30, 0x0000000706200000| 99%| O|  |TS  0|AC  0|TAMS 0x0000000706100000, 0x0000000706100000|
|  98|0x0000000706200000, 0x00000007062fffb8, 0x0000000706300000| 99%| O|  |TS  0|AC  0|TAMS 0x0000000706200000, 0x0000000706200000|
|  99|0x0000000706300000, 0x0000000706400000, 0x0000000706400000|100%| O|  |TS  0|AC  0|TAMS 0x0000000706300000, 0x0000000706300000|
| 100|0x0000000706400000, 0x0000000706500000, 0x0000000706500000|100%| O|  |TS  0|AC  0|TAMS 0x0000000706400000, 0x0000000706400000|
| 101|0x0000000706500000, 0x00000007065ff930, 0x0000000706600000| 99%| O|  |TS  0|AC  0|TAMS 0x0000000706500000, 0x0000000706500000|
| 102|0x0000000706600000, 0x00000007066fffa0, 0x0000000706700000| 99%| O|  |TS  0|AC  0|TAMS 0x0000000706600000, 0x0000000706600000|
| 103|0x0000000706700000, 0x00000007067fff58, 0x0000000706800000| 99%| O|  |TS  0|AC  0|TAMS 0x0000000706700000, 0x0000000706700000|
| 104|0x0000000706800000, 0x0000000706900000, 0x0000000706900000|100%| O|  |TS  0|AC  0|TAMS 0x0000000706800000, 0x0000000706800000|
| 105|0x0000000706900000, 0x00000007069fffe0, 0x0000000706a00000| 99%| O|  |TS  0|AC  0|TAMS 0x0000000706900000, 0x0000000706900000|
| 106|0x0000000706a00000, 0x0000000706affb68, 0x0000000706b00000| 99%| O|  |TS  0|AC  0|TAMS 0x0000000706a00000, 0x0000000706a00000|
| 107|0x0000000706b00000, 0x0000000706c00000, 0x0000000706c00000|100%|HS|  |TS  0|AC  0|TAMS 0x0000000706b00000, 0x0000000706b00000|
| 108|0x0000000706c00000, 0x0000000706cfffc8, 0x0000000706d00000| 99%| O|  |TS  0|AC  0|TAMS 0x0000000706c00000, 0x0000000706c00000|
| 109|0x0000000706d00000, 0x0000000706e00000, 0x0000000706e00000|100%|HS|  |TS  0|AC  0|TAMS 0x0000000706d00000, 0x0000000706d00000|
| 110|0x0000000706e00000, 0x0000000706f00000, 0x0000000706f00000|100%|HS|  |TS  0|AC  0|TAMS 0x0000000706e00000, 0x0000000706e00000|
| 111|0x0000000706f00000, 0x0000000706fd64c0, 0x0000000707000000| 83%| O|  |TS  0|AC  0|TAMS 0x0000000706f00000, 0x0000000706f00000|
| 112|0x0000000707000000, 0x0000000707100000, 0x0000000707100000|100%|HS|  |TS  0|AC  0|TAMS 0x0000000707000000, 0x0000000707000000|
| 113|0x0000000707100000, 0x0000000707200000, 0x0000000707200000|100%|HC|  |TS  0|AC  0|TAMS 0x0000000707100000, 0x0000000707100000|
| 114|0x0000000707200000, 0x0000000707300000, 0x0000000707300000|100%|HC|  |TS  0|AC  0|TAMS 0x0000000707200000, 0x0000000707200000|
| 115|0x0000000707300000, 0x0000000707400000, 0x0000000707400000|100%| O|  |TS 87|AC  0|TAMS 0x0000000707300000, 0x0000000707300000|
| 116|0x0000000707400000, 0x0000000707422a00, 0x0000000707500000| 13%| O|  |TS 93|AC  0|TAMS 0x0000000707400000, 0x0000000707400000|
| 117|0x0000000707500000, 0x0000000707500000, 0x0000000707600000|  0%| F|  |TS 85|AC  0|TAMS 0x0000000707500000, 0x0000000707500000|
| 118|0x0000000707600000, 0x0000000707600000, 0x0000000707700000|  0%| F|  |TS 87|AC  0|TAMS 0x0000000707600000, 0x0000000707600000|
| 119|0x0000000707700000, 0x0000000707700000, 0x0000000707800000|  0%| F|  |TS 87|AC  0|TAMS 0x0000000707700000, 0x0000000707700000|
| 120|0x0000000707800000, 0x0000000707800000, 0x0000000707900000|  0%| F|  |TS 87|AC  0|TAMS 0x0000000707800000, 0x0000000707800000|
| 121|0x0000000707900000, 0x0000000707900000, 0x0000000707a00000|  0%| F|  |TS 87|AC  0|TAMS 0x0000000707900000, 0x0000000707900000|
| 122|0x0000000707a00000, 0x0000000707a00000, 0x0000000707b00000|  0%| F|  |TS 87|AC  0|TAMS 0x0000000707a00000, 0x0000000707a00000|
| 123|0x0000000707b00000, 0x0000000707b00000, 0x0000000707c00000|  0%| F|  |TS 87|AC  0|TAMS 0x0000000707b00000, 0x0000000707b00000|
| 124|0x0000000707c00000, 0x0000000707c00000, 0x0000000707d00000|  0%| F|  |TS 25|AC  0|TAMS 0x0000000707c00000, 0x0000000707c00000|
| 125|0x0000000707d00000, 0x0000000707e00000, 0x0000000707e00000|100%|HS|  |TS  0|AC  0|TAMS 0x0000000707d00000, 0x0000000707d00000|
| 126|0x0000000707e00000, 0x0000000707f00000, 0x0000000707f00000|100%|HC|  |TS  0|AC  0|TAMS 0x0000000707e00000, 0x0000000707e00000|
| 127|0x0000000707f00000, 0x0000000708000000, 0x0000000708000000|100%|HC|  |TS  0|AC  0|TAMS 0x0000000707f00000, 0x0000000707f00000|
| 128|0x0000000708000000, 0x0000000708100000, 0x0000000708100000|100%|HC|  |TS  0|AC  0|TAMS 0x0000000708000000, 0x0000000708000000|
| 129|0x0000000708100000, 0x0000000708200000, 0x0000000708200000|100%|HC|  |TS  0|AC  0|TAMS 0x0000000708100000, 0x0000000708100000|
| 130|0x0000000708200000, 0x0000000708300000, 0x0000000708300000|100%|HC|  |TS  0|AC  0|TAMS 0x0000000708200000, 0x0000000708200000|
| 131|0x0000000708300000, 0x0000000708400000, 0x0000000708400000|100%|HC|  |TS  0|AC  0|TAMS 0x0000000708300000, 0x0000000708300000|
| 132|0x0000000708400000, 0x0000000708500000, 0x0000000708500000|100%|HC|  |TS  0|AC  0|TAMS 0x0000000708400000, 0x0000000708400000|
| 133|0x0000000708500000, 0x0000000708600000, 0x0000000708600000|100%|HC|  |TS  0|AC  0|TAMS 0x0000000708500000, 0x0000000708500000|
| 134|0x0000000708600000, 0x0000000708700000, 0x0000000708700000|100%|HC|  |TS  0|AC  0|TAMS 0x0000000708600000, 0x0000000708600000|
| 135|0x0000000708700000, 0x0000000708700000, 0x0000000708800000|  0%| F|  |TS 87|AC  0|TAMS 0x0000000708700000, 0x0000000708700000|
| 136|0x0000000708800000, 0x0000000708800000, 0x0000000708900000|  0%| F|  |TS 87|AC  0|TAMS 0x0000000708800000, 0x0000000708800000|
| 137|0x0000000708900000, 0x0000000708900000, 0x0000000708a00000|  0%| F|  |TS 87|AC  0|TAMS 0x0000000708900000, 0x0000000708900000|
| 138|0x0000000708a00000, 0x0000000708a00000, 0x0000000708b00000|  0%| F|  |TS 87|AC  0|TAMS 0x0000000708a00000, 0x0000000708a00000|
| 139|0x0000000708b00000, 0x0000000708b00000, 0x0000000708c00000|  0%| F|  |TS 25|AC  0|TAMS 0x0000000708b00000, 0x0000000708b00000|
| 140|0x0000000708c00000, 0x0000000708c00000, 0x0000000708d00000|  0%| F|  |TS 25|AC  0|TAMS 0x0000000708c00000, 0x0000000708c00000|
| 141|0x0000000708d00000, 0x0000000708d00000, 0x0000000708e00000|  0%| F|  |TS 27|AC  0|TAMS 0x0000000708d00000, 0x0000000708d00000|
| 142|0x0000000708e00000, 0x0000000708e00000, 0x0000000708f00000|  0%| F|  |TS 27|AC  0|TAMS 0x0000000708e00000, 0x0000000708e00000|
| 143|0x0000000708f00000, 0x0000000708f00000, 0x0000000709000000|  0%| F|  |TS 27|AC  0|TAMS 0x0000000708f00000, 0x0000000708f00000|
| 144|0x0000000709000000, 0x0000000709000000, 0x0000000709100000|  0%| F|  |TS 27|AC  0|TAMS 0x0000000709000000, 0x0000000709000000|
| 145|0x0000000709100000, 0x0000000709100000, 0x0000000709200000|  0%| F|  |TS 27|AC  0|TAMS 0x0000000709100000, 0x0000000709100000|
| 146|0x0000000709200000, 0x0000000709200000, 0x0000000709300000|  0%| F|  |TS 27|AC  0|TAMS 0x0000000709200000, 0x0000000709200000|
| 147|0x0000000709300000, 0x0000000709300000, 0x0000000709400000|  0%| F|  |TS 25|AC  0|TAMS 0x0000000709300000, 0x0000000709300000|
| 148|0x0000000709400000, 0x0000000709400000, 0x0000000709500000|  0%| F|  |TS 25|AC  0|TAMS 0x0000000709400000, 0x0000000709400000|
| 149|0x0000000709500000, 0x0000000709500000, 0x0000000709600000|  0%| F|  |TS 25|AC  0|TAMS 0x0000000709500000, 0x0000000709500000|
| 150|0x0000000709600000, 0x0000000709600000, 0x0000000709700000|  0%| F|  |TS 25|AC  0|TAMS 0x0000000709600000, 0x0000000709600000|
| 151|0x0000000709700000, 0x0000000709700000, 0x0000000709800000|  0%| F|  |TS 25|AC  0|TAMS 0x0000000709700000, 0x0000000709700000|
| 152|0x0000000709800000, 0x0000000709800000, 0x0000000709900000|  0%| F|  |TS 25|AC  0|TAMS 0x0000000709800000, 0x0000000709800000|
| 153|0x0000000709900000, 0x0000000709900000, 0x0000000709a00000|  0%| F|  |TS 25|AC  0|TAMS 0x0000000709900000, 0x0000000709900000|
| 154|0x0000000709a00000, 0x0000000709a00000, 0x0000000709b00000|  0%| F|  |TS 25|AC  0|TAMS 0x0000000709a00000, 0x0000000709a00000|
| 155|0x0000000709b00000, 0x0000000709b00000, 0x0000000709c00000|  0%| F|  |TS 27|AC  0|TAMS 0x0000000709b00000, 0x0000000709b00000|
| 156|0x0000000709c00000, 0x0000000709c00000, 0x0000000709d00000|  0%| F|  |TS 27|AC  0|TAMS 0x0000000709c00000, 0x0000000709c00000|
| 157|0x0000000709d00000, 0x0000000709d00000, 0x0000000709e00000|  0%| F|  |TS 39|AC  0|TAMS 0x0000000709d00000, 0x0000000709d00000|
| 158|0x0000000709e00000, 0x0000000709e00000, 0x0000000709f00000|  0%| F|  |TS 39|AC  0|TAMS 0x0000000709e00000, 0x0000000709e00000|
| 159|0x0000000709f00000, 0x0000000709f00000, 0x000000070a000000|  0%| F|  |TS  0|AC  0|TAMS 0x0000000709f00000, 0x0000000709f00000|
| 160|0x000000070a000000, 0x000000070a000000, 0x000000070a100000|  0%| F|  |TS  0|AC  0|TAMS 0x000000070a000000, 0x000000070a000000|
| 161|0x000000070a100000, 0x000000070a100000, 0x000000070a200000|  0%| F|  |TS  0|AC  0|TAMS 0x000000070a100000, 0x000000070a100000|
| 162|0x000000070a200000, 0x000000070a200000, 0x000000070a300000|  0%| F|  |TS  0|AC  0|TAMS 0x000000070a200000, 0x000000070a200000|
| 163|0x000000070a300000, 0x000000070a300000, 0x000000070a400000|  0%| F|  |TS  0|AC  0|TAMS 0x000000070a300000, 0x000000070a300000|
| 164|0x000000070a400000, 0x000000070a400000, 0x000000070a500000|  0%| F|  |TS  0|AC  0|TAMS 0x000000070a400000, 0x000000070a400000|
| 165|0x000000070a500000, 0x000000070a500000, 0x000000070a600000|  0%| F|  |TS  0|AC  0|TAMS 0x000000070a500000, 0x000000070a500000|
| 166|0x000000070a600000, 0x000000070a600000, 0x000000070a700000|  0%| F|  |TS  0|AC  0|TAMS 0x000000070a600000, 0x000000070a600000|
| 167|0x000000070a700000, 0x000000070a700000, 0x000000070a800000|  0%| F|  |TS  0|AC  0|TAMS 0x000000070a700000, 0x000000070a700000|
| 168|0x000000070a800000, 0x000000070a800000, 0x000000070a900000|  0%| F|  |TS  0|AC  0|TAMS 0x000000070a800000, 0x000000070a800000|
| 169|0x000000070a900000, 0x000000070a900000, 0x000000070aa00000|  0%| F|  |TS  0|AC  0|TAMS 0x000000070a900000, 0x000000070a900000|
| 170|0x000000070aa00000, 0x000000070aa00000, 0x000000070ab00000|  0%| F|  |TS  0|AC  0|TAMS 0x000000070aa00000, 0x000000070aa00000|
| 171|0x000000070ab00000, 0x000000070ab00000, 0x000000070ac00000|  0%| F|  |TS  0|AC  0|TAMS 0x000000070ab00000, 0x000000070ab00000|
| 172|0x000000070ac00000, 0x000000070ac00000, 0x000000070ad00000|  0%| F|  |TS  0|AC  0|TAMS 0x000000070ac00000, 0x000000070ac00000|
| 173|0x000000070ad00000, 0x000000070ad00000, 0x000000070ae00000|  0%| F|  |TS  0|AC  0|TAMS 0x000000070ad00000, 0x000000070ad00000|
| 174|0x000000070ae00000, 0x000000070ae00000, 0x000000070af00000|  0%| F|  |TS  0|AC  0|TAMS 0x000000070ae00000, 0x000000070ae00000|
| 175|0x000000070af00000, 0x000000070af00000, 0x000000070b000000|  0%| F|  |TS  0|AC  0|TAMS 0x000000070af00000, 0x000000070af00000|
| 176|0x000000070b000000, 0x000000070b000000, 0x000000070b100000|  0%| F|  |TS  0|AC  0|TAMS 0x000000070b000000, 0x000000070b000000|
| 177|0x000000070b100000, 0x000000070b100000, 0x000000070b200000|  0%| F|  |TS  0|AC  0|TAMS 0x000000070b100000, 0x000000070b100000|
| 178|0x000000070b200000, 0x000000070b200000, 0x000000070b300000|  0%| F|  |TS  0|AC  0|TAMS 0x000000070b200000, 0x000000070b200000|
| 179|0x000000070b300000, 0x000000070b300000, 0x000000070b400000|  0%| F|  |TS  0|AC  0|TAMS 0x000000070b300000, 0x000000070b300000|
| 180|0x000000070b400000, 0x000000070b400000, 0x000000070b500000|  0%| F|  |TS  0|AC  0|TAMS 0x000000070b400000, 0x000000070b400000|
| 181|0x000000070b500000, 0x000000070b500000, 0x000000070b600000|  0%| F|  |TS  0|AC  0|TAMS 0x000000070b500000, 0x000000070b500000|
| 182|0x000000070b600000, 0x000000070b600000, 0x000000070b700000|  0%| F|  |TS  0|AC  0|TAMS 0x000000070b600000, 0x000000070b600000|
| 183|0x000000070b700000, 0x000000070b700000, 0x000000070b800000|  0%| F|  |TS  0|AC  0|TAMS 0x000000070b700000, 0x000000070b700000|
| 184|0x000000070b800000, 0x000000070b800000, 0x000000070b900000|  0%| F|  |TS  0|AC  0|TAMS 0x000000070b800000, 0x000000070b800000|
| 185|0x000000070b900000, 0x000000070b900000, 0x000000070ba00000|  0%| F|  |TS  0|AC  0|TAMS 0x000000070b900000, 0x000000070b900000|
| 186|0x000000070ba00000, 0x000000070ba00000, 0x000000070bb00000|  0%| F|  |TS  0|AC  0|TAMS 0x000000070ba00000, 0x000000070ba00000|
| 187|0x000000070bb00000, 0x000000070bb00000, 0x000000070bc00000|  0%| F|  |TS  0|AC  0|TAMS 0x000000070bb00000, 0x000000070bb00000|
| 188|0x000000070bc00000, 0x000000070bc00000, 0x000000070bd00000|  0%| F|  |TS  0|AC  0|TAMS 0x000000070bc00000, 0x000000070bc00000|
| 189|0x000000070bd00000, 0x000000070bd00000, 0x000000070be00000|  0%| F|  |TS  0|AC  0|TAMS 0x000000070bd00000, 0x000000070bd00000|
| 190|0x000000070be00000, 0x000000070be00000, 0x000000070bf00000|  0%| F|  |TS  0|AC  0|TAMS 0x000000070be00000, 0x000000070be00000|
| 191|0x000000070bf00000, 0x000000070bf00000, 0x000000070c000000|  0%| F|  |TS  0|AC  0|TAMS 0x000000070bf00000, 0x000000070bf00000|
| 192|0x000000070c000000, 0x000000070c000000, 0x000000070c100000|  0%| F|  |TS  0|AC  0|TAMS 0x000000070c000000, 0x000000070c000000|
| 193|0x000000070c100000, 0x000000070c100000, 0x000000070c200000|  0%| F|  |TS  0|AC  0|TAMS 0x000000070c100000, 0x000000070c100000|
| 194|0x000000070c200000, 0x000000070c200000, 0x000000070c300000|  0%| F|  |TS  0|AC  0|TAMS 0x000000070c200000, 0x000000070c200000|
| 195|0x000000070c300000, 0x000000070c300000, 0x000000070c400000|  0%| F|  |TS  0|AC  0|TAMS 0x000000070c300000, 0x000000070c300000|
| 196|0x000000070c400000, 0x000000070c400000, 0x000000070c500000|  0%| F|  |TS  0|AC  0|TAMS 0x000000070c400000, 0x000000070c400000|
| 197|0x000000070c500000, 0x000000070c500000, 0x000000070c600000|  0%| F|  |TS  0|AC  0|TAMS 0x000000070c500000, 0x000000070c500000|
| 198|0x000000070c600000, 0x000000070c600000, 0x000000070c700000|  0%| F|  |TS  0|AC  0|TAMS 0x000000070c600000, 0x000000070c600000|
| 199|0x000000070c700000, 0x000000070c700000, 0x000000070c800000|  0%| F|  |TS  0|AC  0|TAMS 0x000000070c700000, 0x000000070c700000|
| 200|0x000000070c800000, 0x000000070c800000, 0x000000070c900000|  0%| F|  |TS  0|AC  0|TAMS 0x000000070c800000, 0x000000070c800000|
| 201|0x000000070c900000, 0x000000070c900000, 0x000000070ca00000|  0%| F|  |TS  0|AC  0|TAMS 0x000000070c900000, 0x000000070c900000|
| 202|0x000000070ca00000, 0x000000070ca00000, 0x000000070cb00000|  0%| F|  |TS  0|AC  0|TAMS 0x000000070ca00000, 0x000000070ca00000|
| 203|0x000000070cb00000, 0x000000070cb00000, 0x000000070cc00000|  0%| F|  |TS  0|AC  0|TAMS 0x000000070cb00000, 0x000000070cb00000|
| 204|0x000000070cc00000, 0x000000070cc00000, 0x000000070cd00000|  0%| F|  |TS  0|AC  0|TAMS 0x000000070cc00000, 0x000000070cc00000|
| 205|0x000000070cd00000, 0x000000070cd00000, 0x000000070ce00000|  0%| F|  |TS  0|AC  0|TAMS 0x000000070cd00000, 0x000000070cd00000|
| 206|0x000000070ce00000, 0x000000070ce00000, 0x000000070cf00000|  0%| F|  |TS  0|AC  0|TAMS 0x000000070ce00000, 0x000000070ce00000|
| 207|0x000000070cf00000, 0x000000070cf00000, 0x000000070d000000|  0%| F|  |TS  0|AC  0|TAMS 0x000000070cf00000, 0x000000070cf00000|
| 208|0x000000070d000000, 0x000000070d000000, 0x000000070d100000|  0%| F|  |TS  0|AC  0|TAMS 0x000000070d000000, 0x000000070d000000|
| 209|0x000000070d100000, 0x000000070d100000, 0x000000070d200000|  0%| F|  |TS  0|AC  0|TAMS 0x000000070d100000, 0x000000070d100000|
| 210|0x000000070d200000, 0x000000070d200000, 0x000000070d300000|  0%| F|  |TS  0|AC  0|TAMS 0x000000070d200000, 0x000000070d200000|
| 211|0x000000070d300000, 0x000000070d300000, 0x000000070d400000|  0%| F|  |TS  0|AC  0|TAMS 0x000000070d300000, 0x000000070d300000|
| 212|0x000000070d400000, 0x000000070d400000, 0x000000070d500000|  0%| F|  |TS  0|AC  0|TAMS 0x000000070d400000, 0x000000070d400000|
| 213|0x000000070d500000, 0x000000070d500000, 0x000000070d600000|  0%| F|  |TS  0|AC  0|TAMS 0x000000070d500000, 0x000000070d500000|
| 214|0x000000070d600000, 0x000000070d600000, 0x000000070d700000|  0%| F|  |TS  0|AC  0|TAMS 0x000000070d600000, 0x000000070d600000|
| 215|0x000000070d700000, 0x000000070d700000, 0x000000070d800000|  0%| F|  |TS  0|AC  0|TAMS 0x000000070d700000, 0x000000070d700000|
| 216|0x000000070d800000, 0x000000070d800000, 0x000000070d900000|  0%| F|  |TS  0|AC  0|TAMS 0x000000070d800000, 0x000000070d800000|
| 217|0x000000070d900000, 0x000000070d900000, 0x000000070da00000|  0%| F|  |TS  0|AC  0|TAMS 0x000000070d900000, 0x000000070d900000|
| 218|0x000000070da00000, 0x000000070da00000, 0x000000070db00000|  0%| F|  |TS  0|AC  0|TAMS 0x000000070da00000, 0x000000070da00000|
| 219|0x000000070db00000, 0x000000070db00000, 0x000000070dc00000|  0%| F|  |TS  0|AC  0|TAMS 0x000000070db00000, 0x000000070db00000|
| 220|0x000000070dc00000, 0x000000070dc00000, 0x000000070dd00000|  0%| F|  |TS  0|AC  0|TAMS 0x000000070dc00000, 0x000000070dc00000|
| 221|0x000000070dd00000, 0x000000070dd00000, 0x000000070de00000|  0%| F|  |TS  0|AC  0|TAMS 0x000000070dd00000, 0x000000070dd00000|
| 222|0x000000070de00000, 0x000000070de00000, 0x000000070df00000|  0%| F|  |TS  0|AC  0|TAMS 0x000000070de00000, 0x000000070de00000|
| 223|0x000000070df00000, 0x000000070df00000, 0x000000070e000000|  0%| F|  |TS  0|AC  0|TAMS 0x000000070df00000, 0x000000070df00000|
| 224|0x000000070e000000, 0x000000070e000000, 0x000000070e100000|  0%| F|  |TS  0|AC  0|TAMS 0x000000070e000000, 0x000000070e000000|
| 225|0x000000070e100000, 0x000000070e100000, 0x000000070e200000|  0%| F|  |TS  0|AC  0|TAMS 0x000000070e100000, 0x000000070e100000|
| 226|0x000000070e200000, 0x000000070e200000, 0x000000070e300000|  0%| F|  |TS  0|AC  0|TAMS 0x000000070e200000, 0x000000070e200000|
| 227|0x000000070e300000, 0x000000070e300000, 0x000000070e400000|  0%| F|  |TS  0|AC  0|TAMS 0x000000070e300000, 0x000000070e300000|
| 228|0x000000070e400000, 0x000000070e400000, 0x000000070e500000|  0%| F|  |TS  0|AC  0|TAMS 0x000000070e400000, 0x000000070e400000|
| 229|0x000000070e500000, 0x000000070e500000, 0x000000070e600000|  0%| F|  |TS  0|AC  0|TAMS 0x000000070e500000, 0x000000070e500000|
| 230|0x000000070e600000, 0x000000070e600000, 0x000000070e700000|  0%| F|  |TS  0|AC  0|TAMS 0x000000070e600000, 0x000000070e600000|
| 231|0x000000070e700000, 0x000000070e700000, 0x000000070e800000|  0%| F|  |TS  0|AC  0|TAMS 0x000000070e700000, 0x000000070e700000|
| 232|0x000000070e800000, 0x000000070e800000, 0x000000070e900000|  0%| F|  |TS  0|AC  0|TAMS 0x000000070e800000, 0x000000070e800000|
| 233|0x000000070e900000, 0x000000070e900000, 0x000000070ea00000|  0%| F|  |TS  0|AC  0|TAMS 0x000000070e900000, 0x000000070e900000|
| 234|0x000000070ea00000, 0x000000070ea00000, 0x000000070eb00000|  0%| F|  |TS  0|AC  0|TAMS 0x000000070ea00000, 0x000000070ea00000|
| 235|0x000000070eb00000, 0x000000070eb00000, 0x000000070ec00000|  0%| F|  |TS  0|AC  0|TAMS 0x000000070eb00000, 0x000000070eb00000|
| 236|0x000000070ec00000, 0x000000070ec00000, 0x000000070ed00000|  0%| F|  |TS  0|AC  0|TAMS 0x000000070ec00000, 0x000000070ec00000|
| 237|0x000000070ed00000, 0x000000070ed00000, 0x000000070ee00000|  0%| F|  |TS  0|AC  0|TAMS 0x000000070ed00000, 0x000000070ed00000|
| 238|0x000000070ee00000, 0x000000070ee00000, 0x000000070ef00000|  0%| F|  |TS  0|AC  0|TAMS 0x000000070ee00000, 0x000000070ee00000|
| 239|0x000000070ef00000, 0x000000070ef00000, 0x000000070f000000|  0%| F|  |TS  0|AC  0|TAMS 0x000000070ef00000, 0x000000070ef00000|
| 240|0x000000070f000000, 0x000000070f000000, 0x000000070f100000|  0%| F|  |TS  0|AC  0|TAMS 0x000000070f000000, 0x000000070f000000|
| 241|0x000000070f100000, 0x000000070f100000, 0x000000070f200000|  0%| F|  |TS  0|AC  0|TAMS 0x000000070f100000, 0x000000070f100000|
| 242|0x000000070f200000, 0x000000070f200000, 0x000000070f300000|  0%| F|  |TS  0|AC  0|TAMS 0x000000070f200000, 0x000000070f200000|
| 243|0x000000070f300000, 0x000000070f300000, 0x000000070f400000|  0%| F|  |TS  0|AC  0|TAMS 0x000000070f300000, 0x000000070f300000|
| 244|0x000000070f400000, 0x000000070f400000, 0x000000070f500000|  0%| F|  |TS  0|AC  0|TAMS 0x000000070f400000, 0x000000070f400000|
| 245|0x000000070f500000, 0x000000070f500000, 0x000000070f600000|  0%| F|  |TS  0|AC  0|TAMS 0x000000070f500000, 0x000000070f500000|
| 246|0x000000070f600000, 0x000000070f600000, 0x000000070f700000|  0%| F|  |TS  0|AC  0|TAMS 0x000000070f600000, 0x000000070f600000|
| 247|0x000000070f700000, 0x000000070f700000, 0x000000070f800000|  0%| F|  |TS  0|AC  0|TAMS 0x000000070f700000, 0x000000070f700000|
| 248|0x000000070f800000, 0x000000070f800000, 0x000000070f900000|  0%| F|  |TS  0|AC  0|TAMS 0x000000070f800000, 0x000000070f800000|
| 249|0x000000070f900000, 0x000000070f900000, 0x000000070fa00000|  0%| F|  |TS  0|AC  0|TAMS 0x000000070f900000, 0x000000070f900000|
| 250|0x000000070fa00000, 0x000000070fa00000, 0x000000070fb00000|  0%| F|  |TS  0|AC  0|TAMS 0x000000070fa00000, 0x000000070fa00000|
| 251|0x000000070fb00000, 0x000000070fb00000, 0x000000070fc00000|  0%| F|  |TS  0|AC  0|TAMS 0x000000070fb00000, 0x000000070fb00000|
| 252|0x000000070fc00000, 0x000000070fc00000, 0x000000070fd00000|  0%| F|  |TS  0|AC  0|TAMS 0x000000070fc00000, 0x000000070fc00000|
| 253|0x000000070fd00000, 0x000000070fd00000, 0x000000070fe00000|  0%| F|  |TS  0|AC  0|TAMS 0x000000070fd00000, 0x000000070fd00000|
| 254|0x000000070fe00000, 0x000000070fe00000, 0x000000070ff00000|  0%| F|  |TS  0|AC  0|TAMS 0x000000070fe00000, 0x000000070fe00000|
| 255|0x000000070ff00000, 0x000000070ff00000, 0x0000000710000000|  0%| F|  |TS  0|AC  0|TAMS 0x000000070ff00000, 0x000000070ff00000|
| 256|0x0000000710000000, 0x0000000710000000, 0x0000000710100000|  0%| F|  |TS  0|AC  0|TAMS 0x0000000710000000, 0x0000000710000000|
| 257|0x0000000710100000, 0x0000000710100000, 0x0000000710200000|  0%| F|  |TS  0|AC  0|TAMS 0x0000000710100000, 0x0000000710100000|
| 258|0x0000000710200000, 0x0000000710200000, 0x0000000710300000|  0%| F|  |TS  0|AC  0|TAMS 0x0000000710200000, 0x0000000710200000|
| 259|0x0000000710300000, 0x0000000710300000, 0x0000000710400000|  0%| F|  |TS  0|AC  0|TAMS 0x0000000710300000, 0x0000000710300000|
| 260|0x0000000710400000, 0x0000000710400000, 0x0000000710500000|  0%| F|  |TS  0|AC  0|TAMS 0x0000000710400000, 0x0000000710400000|
| 261|0x0000000710500000, 0x0000000710500000, 0x0000000710600000|  0%| F|  |TS  0|AC  0|TAMS 0x0000000710500000, 0x0000000710500000|
| 262|0x0000000710600000, 0x0000000710600000, 0x0000000710700000|  0%| F|  |TS  0|AC  0|TAMS 0x0000000710600000, 0x0000000710600000|
| 263|0x0000000710700000, 0x0000000710700000, 0x0000000710800000|  0%| F|  |TS  0|AC  0|TAMS 0x0000000710700000, 0x0000000710700000|
| 264|0x0000000710800000, 0x0000000710800000, 0x0000000710900000|  0%| F|  |TS  0|AC  0|TAMS 0x0000000710800000, 0x0000000710800000|
| 265|0x0000000710900000, 0x0000000710900000, 0x0000000710a00000|  0%| F|  |TS  0|AC  0|TAMS 0x0000000710900000, 0x0000000710900000|
| 266|0x0000000710a00000, 0x0000000710a00000, 0x0000000710b00000|  0%| F|  |TS  0|AC  0|TAMS 0x0000000710a00000, 0x0000000710a00000|
| 267|0x0000000710b00000, 0x0000000710b00000, 0x0000000710c00000|  0%| F|  |TS  0|AC  0|TAMS 0x0000000710b00000, 0x0000000710b00000|
| 268|0x0000000710c00000, 0x0000000710c00000, 0x0000000710d00000|  0%| F|  |TS  0|AC  0|TAMS 0x0000000710c00000, 0x0000000710c00000|
| 269|0x0000000710d00000, 0x0000000710d00000, 0x0000000710e00000|  0%| F|  |TS  0|AC  0|TAMS 0x0000000710d00000, 0x0000000710d00000|
| 270|0x0000000710e00000, 0x0000000710e00000, 0x0000000710f00000|  0%| F|  |TS  0|AC  0|TAMS 0x0000000710e00000, 0x0000000710e00000|
| 271|0x0000000710f00000, 0x0000000710f00000, 0x0000000711000000|  0%| F|  |TS  0|AC  0|TAMS 0x0000000710f00000, 0x0000000710f00000|
| 272|0x0000000711000000, 0x0000000711000000, 0x0000000711100000|  0%| F|  |TS  0|AC  0|TAMS 0x0000000711000000, 0x0000000711000000|
| 273|0x0000000711100000, 0x0000000711100000, 0x0000000711200000|  0%| F|  |TS  0|AC  0|TAMS 0x0000000711100000, 0x0000000711100000|
| 274|0x0000000711200000, 0x0000000711200000, 0x0000000711300000|  0%| F|  |TS  0|AC  0|TAMS 0x0000000711200000, 0x0000000711200000|
| 275|0x0000000711300000, 0x0000000711300000, 0x0000000711400000|  0%| F|  |TS  0|AC  0|TAMS 0x0000000711300000, 0x0000000711300000|
| 276|0x0000000711400000, 0x0000000711400000, 0x0000000711500000|  0%| F|  |TS  0|AC  0|TAMS 0x0000000711400000, 0x0000000711400000|
| 277|0x0000000711500000, 0x0000000711500000, 0x0000000711600000|  0%| F|  |TS  0|AC  0|TAMS 0x0000000711500000, 0x0000000711500000|
| 278|0x0000000711600000, 0x0000000711600000, 0x0000000711700000|  0%| F|  |TS  0|AC  0|TAMS 0x0000000711600000, 0x0000000711600000|
| 279|0x0000000711700000, 0x0000000711700000, 0x0000000711800000|  0%| F|  |TS 85|AC  0|TAMS 0x0000000711700000, 0x0000000711700000|
| 280|0x0000000711800000, 0x0000000711800000, 0x0000000711900000|  0%| F|  |TS 93|AC  0|TAMS 0x0000000711800000, 0x0000000711800000|
| 281|0x0000000711900000, 0x00000007119c11f0, 0x0000000711a00000| 75%| S|CS|TS 93|AC  0|TAMS 0x0000000711900000, 0x0000000711900000|
| 282|0x0000000711a00000, 0x0000000711a00000, 0x0000000711b00000|  0%| F|  |TS 93|AC  0|TAMS 0x0000000711a00000, 0x0000000711a00000|
| 283|0x0000000711b00000, 0x0000000711b00000, 0x0000000711c00000|  0%| F|  |TS 93|AC  0|TAMS 0x0000000711b00000, 0x0000000711b00000|
| 284|0x0000000711c00000, 0x0000000711c00000, 0x0000000711d00000|  0%| F|  |TS 93|AC  0|TAMS 0x0000000711c00000, 0x0000000711c00000|
| 285|0x0000000711d00000, 0x0000000711d00000, 0x0000000711e00000|  0%| F|  |TS 93|AC  0|TAMS 0x0000000711d00000, 0x0000000711d00000|
| 286|0x0000000711e00000, 0x0000000711e00000, 0x0000000711f00000|  0%| F|  |TS 93|AC  0|TAMS 0x0000000711e00000, 0x0000000711e00000|
| 287|0x0000000711f00000, 0x0000000711f00000, 0x0000000712000000|  0%| F|  |TS 93|AC  0|TAMS 0x0000000711f00000, 0x0000000711f00000|
| 288|0x0000000712000000, 0x0000000712000000, 0x0000000712100000|  0%| F|  |TS 93|AC  0|TAMS 0x0000000712000000, 0x0000000712000000|
| 289|0x0000000712100000, 0x0000000712100000, 0x0000000712200000|  0%| F|  |TS 93|AC  0|TAMS 0x0000000712100000, 0x0000000712100000|
| 290|0x0000000712200000, 0x0000000712200000, 0x0000000712300000|  0%| F|  |TS 93|AC  0|TAMS 0x0000000712200000, 0x0000000712200000|
| 291|0x0000000712300000, 0x0000000712300000, 0x0000000712400000|  0%| F|  |TS 93|AC  0|TAMS 0x0000000712300000, 0x0000000712300000|
| 292|0x0000000712400000, 0x0000000712400000, 0x0000000712500000|  0%| F|  |TS 93|AC  0|TAMS 0x0000000712400000, 0x0000000712400000|
| 293|0x0000000712500000, 0x0000000712500000, 0x0000000712600000|  0%| F|  |TS 93|AC  0|TAMS 0x0000000712500000, 0x0000000712500000|
| 294|0x0000000712600000, 0x0000000712600000, 0x0000000712700000|  0%| F|  |TS 93|AC  0|TAMS 0x0000000712600000, 0x0000000712600000|
| 295|0x0000000712700000, 0x0000000712700000, 0x0000000712800000|  0%| F|  |TS 93|AC  0|TAMS 0x0000000712700000, 0x0000000712700000|
| 296|0x0000000712800000, 0x0000000712800000, 0x0000000712900000|  0%| F|  |TS 93|AC  0|TAMS 0x0000000712800000, 0x0000000712800000|
| 297|0x0000000712900000, 0x0000000712900000, 0x0000000712a00000|  0%| F|  |TS 93|AC  0|TAMS 0x0000000712900000, 0x0000000712900000|
| 298|0x0000000712a00000, 0x0000000712a00000, 0x0000000712b00000|  0%| F|  |TS 93|AC  0|TAMS 0x0000000712a00000, 0x0000000712a00000|
| 299|0x0000000712b00000, 0x0000000712b00000, 0x0000000712c00000|  0%| F|  |TS 93|AC  0|TAMS 0x0000000712b00000, 0x0000000712b00000|
| 300|0x0000000712c00000, 0x0000000712c00000, 0x0000000712d00000|  0%| F|  |TS 93|AC  0|TAMS 0x0000000712c00000, 0x0000000712c00000|
| 301|0x0000000712d00000, 0x0000000712d00000, 0x0000000712e00000|  0%| F|  |TS 93|AC  0|TAMS 0x0000000712d00000, 0x0000000712d00000|
| 302|0x0000000712e00000, 0x0000000712e00000, 0x0000000712f00000|  0%| F|  |TS 93|AC  0|TAMS 0x0000000712e00000, 0x0000000712e00000|
| 303|0x0000000712f00000, 0x0000000712f00000, 0x0000000713000000|  0%| F|  |TS 93|AC  0|TAMS 0x0000000712f00000, 0x0000000712f00000|
| 304|0x0000000713000000, 0x00000007130b59d0, 0x0000000713100000| 70%| E|  |TS 93|AC  0|TAMS 0x0000000713000000, 0x0000000713000000|
| 305|0x0000000713100000, 0x0000000713200000, 0x0000000713200000|100%| E|CS|TS 93|AC  0|TAMS 0x0000000713100000, 0x0000000713100000|
| 306|0x0000000713200000, 0x0000000713300000, 0x0000000713300000|100%| E|CS|TS 93|AC  0|TAMS 0x0000000713200000, 0x0000000713200000|
| 307|0x0000000713300000, 0x0000000713400000, 0x0000000713400000|100%| E|CS|TS 93|AC  0|TAMS 0x0000000713300000, 0x0000000713300000|
| 308|0x0000000713400000, 0x0000000713500000, 0x0000000713500000|100%| E|CS|TS 93|AC  0|TAMS 0x0000000713400000, 0x0000000713400000|
| 309|0x0000000713500000, 0x0000000713600000, 0x0000000713600000|100%| E|CS|TS 93|AC  0|TAMS 0x0000000713500000, 0x0000000713500000|
| 310|0x0000000713600000, 0x0000000713700000, 0x0000000713700000|100%| E|CS|TS 93|AC  0|TAMS 0x0000000713600000, 0x0000000713600000|
| 311|0x0000000713700000, 0x0000000713800000, 0x0000000713800000|100%| E|CS|TS 93|AC  0|TAMS 0x0000000713700000, 0x0000000713700000|
| 312|0x0000000713800000, 0x0000000713900000, 0x0000000713900000|100%| E|CS|TS 93|AC  0|TAMS 0x0000000713800000, 0x0000000713800000|
| 313|0x0000000713900000, 0x0000000713a00000, 0x0000000713a00000|100%| E|CS|TS 93|AC  0|TAMS 0x0000000713900000, 0x0000000713900000|
| 314|0x0000000713a00000, 0x0000000713b00000, 0x0000000713b00000|100%| E|CS|TS 93|AC  0|TAMS 0x0000000713a00000, 0x0000000713a00000|
| 315|0x0000000713b00000, 0x0000000713c00000, 0x0000000713c00000|100%| E|CS|TS 93|AC  0|TAMS 0x0000000713b00000, 0x0000000713b00000|
| 316|0x0000000713c00000, 0x0000000713d00000, 0x0000000713d00000|100%| E|CS|TS 93|AC  0|TAMS 0x0000000713c00000, 0x0000000713c00000|
| 317|0x0000000713d00000, 0x0000000713e00000, 0x0000000713e00000|100%| E|CS|TS 93|AC  0|TAMS 0x0000000713d00000, 0x0000000713d00000|
| 318|0x0000000713e00000, 0x0000000713f00000, 0x0000000713f00000|100%| E|CS|TS 93|AC  0|TAMS 0x0000000713e00000, 0x0000000713e00000|
| 319|0x0000000713f00000, 0x0000000714000000, 0x0000000714000000|100%| E|CS|TS 93|AC  0|TAMS 0x0000000713f00000, 0x0000000713f00000|
| 320|0x0000000714000000, 0x0000000714100000, 0x0000000714100000|100%| E|CS|TS 93|AC  0|TAMS 0x0000000714000000, 0x0000000714000000|
| 321|0x0000000714100000, 0x0000000714200000, 0x0000000714200000|100%| E|CS|TS 93|AC  0|TAMS 0x0000000714100000, 0x0000000714100000|
| 322|0x0000000714200000, 0x0000000714300000, 0x0000000714300000|100%| E|CS|TS 93|AC  0|TAMS 0x0000000714200000, 0x0000000714200000|
| 323|0x0000000714300000, 0x0000000714400000, 0x0000000714400000|100%| E|CS|TS 93|AC  0|TAMS 0x0000000714300000, 0x0000000714300000|
| 324|0x0000000714400000, 0x0000000714500000, 0x0000000714500000|100%| E|CS|TS 93|AC  0|TAMS 0x0000000714400000, 0x0000000714400000|
| 325|0x0000000714500000, 0x0000000714600000, 0x0000000714600000|100%| E|CS|TS 93|AC  0|TAMS 0x0000000714500000, 0x0000000714500000|
| 326|0x0000000714600000, 0x0000000714700000, 0x0000000714700000|100%| E|CS|TS 93|AC  0|TAMS 0x0000000714600000, 0x0000000714600000|
| 327|0x0000000714700000, 0x0000000714800000, 0x0000000714800000|100%| E|CS|TS 93|AC  0|TAMS 0x0000000714700000, 0x0000000714700000|
| 328|0x0000000714800000, 0x0000000714900000, 0x0000000714900000|100%| E|CS|TS 93|AC  0|TAMS 0x0000000714800000, 0x0000000714800000|
| 329|0x0000000714900000, 0x0000000714a00000, 0x0000000714a00000|100%| E|CS|TS 93|AC  0|TAMS 0x0000000714900000, 0x0000000714900000|
| 330|0x0000000714a00000, 0x0000000714b00000, 0x0000000714b00000|100%| E|CS|TS 93|AC  0|TAMS 0x0000000714a00000, 0x0000000714a00000|
| 331|0x0000000714b00000, 0x0000000714c00000, 0x0000000714c00000|100%| E|CS|TS 93|AC  0|TAMS 0x0000000714b00000, 0x0000000714b00000|
| 332|0x0000000714c00000, 0x0000000714d00000, 0x0000000714d00000|100%| E|CS|TS 93|AC  0|TAMS 0x0000000714c00000, 0x0000000714c00000|
| 333|0x0000000714d00000, 0x0000000714e00000, 0x0000000714e00000|100%| E|CS|TS 93|AC  0|TAMS 0x0000000714d00000, 0x0000000714d00000|
| 334|0x0000000714e00000, 0x0000000714f00000, 0x0000000714f00000|100%| E|CS|TS 93|AC  0|TAMS 0x0000000714e00000, 0x0000000714e00000|
| 335|0x0000000714f00000, 0x0000000715000000, 0x0000000715000000|100%| E|CS|TS 93|AC  0|TAMS 0x0000000714f00000, 0x0000000714f00000|
| 336|0x0000000715000000, 0x0000000715100000, 0x0000000715100000|100%| E|CS|TS 93|AC  0|TAMS 0x0000000715000000, 0x0000000715000000|
| 337|0x0000000715100000, 0x0000000715200000, 0x0000000715200000|100%| E|CS|TS 93|AC  0|TAMS 0x0000000715100000, 0x0000000715100000|
| 338|0x0000000715200000, 0x0000000715300000, 0x0000000715300000|100%| E|CS|TS 93|AC  0|TAMS 0x0000000715200000, 0x0000000715200000|
| 339|0x0000000715300000, 0x0000000715400000, 0x0000000715400000|100%| E|CS|TS 93|AC  0|TAMS 0x0000000715300000, 0x0000000715300000|
| 340|0x0000000715400000, 0x0000000715500000, 0x0000000715500000|100%| E|CS|TS 93|AC  0|TAMS 0x0000000715400000, 0x0000000715400000|

Card table byte_map: [0x0000000010ba0000,0x00000000111a0000] byte_map_base: 0x000000000d3a0000

Marking Bits (Prev, Next): (CMBitMap*) 0x000000000b6a2cf0, (CMBitMap*) 0x000000000b6a2d28
 Prev Bits: [0x0000000018db0000, 0x000000001bdb0000)
 Next Bits: [0x000000002d2f0000, 0x00000000302f0000)

Polling page: 0x0000000000130000

CodeHeap 'non-profiled nmethods': size=120000Kb used=31766Kb max_used=31773Kb free=88233Kb
 bounds [0x0000000025dc0000, 0x0000000027d00000, 0x000000002d2f0000]
CodeHeap 'profiled nmethods': size=120000Kb used=47764Kb max_used=49928Kb free=72235Kb
 bounds [0x000000001e890000, 0x0000000021a00000, 0x0000000025dc0000]
CodeHeap 'non-nmethods': size=5760Kb used=1870Kb max_used=1916Kb free=3889Kb
 bounds [0x000000001e2f0000, 0x000000001e560000, 0x000000001e890000]
 total_blobs=46243 nmethods=22053 adapters=1257
 compilation: enabled

Compilation events (10 events):
Event: 200813.724 Thread 0x00000000093cf800 nmethod 30839 0x000000001efe2f90 code [0x000000001efe3160, 0x000000001efe3548]
Event: 200813.724 Thread 0x00000000093cf800 30840       3       ui.views.waveform.executive.protobuf.WVTree$WVTreeMessage::getTitle (41 bytes)
Event: 200813.724 Thread 0x00000000093cf800 nmethod 30840 0x000000001f6aab90 code [0x000000001f6aada0, 0x000000001f6ab708]
Event: 200813.756 Thread 0x00000000091b9800 30842       4       sun.java2d.pipe.PixelToParallelogramConverter::fillRectangle (236 bytes)
Event: 200813.783 Thread 0x00000000091b9800 nmethod 30842 0x0000000027795010 code [0x0000000027795240, 0x0000000027795ab8]
Event: 200814.145 Thread 0x00000000093cf800 30843       3       com.jidesoft.editor.CodeEditor$8::foldingSpanChanged (156 bytes)
Event: 200814.149 Thread 0x00000000093cf800 nmethod 30843 0x000000001fa80c90 code [0x000000001fa80f40, 0x000000001fa81d88]
Event: 200827.845 Thread 0x00000000093cf800 30844       3       com.jidesoft.editor.TextUtils::findMatchingBracket (1014 bytes)
Event: 200827.911 Thread 0x00000000093cf800 nmethod 30844 0x0000000020ea2490 code [0x0000000020ea2d20, 0x0000000020ea9fb8]
Event: 200832.917 Thread 0x00000000091b7800 30845       4       ui.views.waveform.f.e::getTreeCellRendererComponent (579 bytes)

GC Heap History (10 events):
Event: 200808.271 GC heap before
{Heap before GC invocations=1812 (full 156):
 garbage-first heap   total 349184K, used 200404K [0x0000000700000000, 0x0000000700100aa8, 0x00000007c0000000)
  region size 1024K, 60 young (61440K), 2 survivors (2048K)
 Metaspace       used 98118K, capacity 100155K, committed 106236K, reserved 1140736K
  class space    used 12858K, capacity 13320K, committed 14588K, reserved 1048576K
}
Event: 200808.292 GC heap after
{Heap after GC invocations=1813 (full 156):
 garbage-first heap   total 349184K, used 139100K [0x0000000700000000, 0x0000000700100aa8, 0x00000007c0000000)
  region size 1024K, 1 young (1024K), 1 survivors (1024K)
 Metaspace       used 98118K, capacity 100155K, committed 106236K, reserved 1140736K
  class space    used 12858K, capacity 13320K, committed 14588K, reserved 1048576K
}
Event: 200814.442 GC heap before
{Heap before GC invocations=1813 (full 156):
 garbage-first heap   total 349184K, used 199516K [0x0000000700000000, 0x0000000700100aa8, 0x00000007c0000000)
  region size 1024K, 60 young (61440K), 1 survivors (1024K)
 Metaspace       used 98126K, capacity 100155K, committed 106236K, reserved 1140736K
  class space    used 12858K, capacity 13320K, committed 14588K, reserved 1048576K
}
Event: 200814.452 GC heap after
{Heap after GC invocations=1814 (full 156):
 garbage-first heap   total 349184K, used 128935K [0x0000000700000000, 0x0000000700100aa8, 0x00000007c0000000)
  region size 1024K, 1 young (1024K), 1 survivors (1024K)
 Metaspace       used 98126K, capacity 100155K, committed 106236K, reserved 1140736K
  class space    used 12858K, capacity 13320K, committed 14588K, reserved 1048576K
}
Event: 200818.227 GC heap before
{Heap before GC invocations=1814 (full 156):
 garbage-first heap   total 349184K, used 189351K [0x0000000700000000, 0x0000000700100aa8, 0x00000007c0000000)
  region size 1024K, 60 young (61440K), 1 survivors (1024K)
 Metaspace       used 98126K, capacity 100155K, committed 106236K, reserved 1140736K
  class space    used 12858K, capacity 13320K, committed 14588K, reserved 1048576K
}
Event: 200818.239 GC heap after
{Heap after GC invocations=1815 (full 156):
 garbage-first heap   total 349184K, used 128938K [0x0000000700000000, 0x0000000700100aa8, 0x00000007c0000000)
  region size 1024K, 1 young (1024K), 1 survivors (1024K)
 Metaspace       used 98126K, capacity 100155K, committed 106236K, reserved 1140736K
  class space    used 12858K, capacity 13320K, committed 14588K, reserved 1048576K
}
Event: 200823.034 GC heap before
{Heap before GC invocations=1815 (full 156):
 garbage-first heap   total 349184K, used 189354K [0x0000000700000000, 0x0000000700100aa8, 0x00000007c0000000)
  region size 1024K, 60 young (61440K), 1 survivors (1024K)
 Metaspace       used 98126K, capacity 100155K, committed 106236K, reserved 1140736K
  class space    used 12858K, capacity 13320K, committed 14588K, reserved 1048576K
}
Event: 200823.047 GC heap after
{Heap after GC invocations=1816 (full 156):
 garbage-first heap   total 349184K, used 129007K [0x0000000700000000, 0x0000000700100aa8, 0x00000007c0000000)
  region size 1024K, 1 young (1024K), 1 survivors (1024K)
 Metaspace       used 98126K, capacity 100155K, committed 106236K, reserved 1140736K
  class space    used 12858K, capacity 13320K, committed 14588K, reserved 1048576K
}
Event: 200827.851 GC heap before
{Heap before GC invocations=1816 (full 156):
 garbage-first heap   total 349184K, used 189423K [0x0000000700000000, 0x0000000700100aa8, 0x00000007c0000000)
  region size 1024K, 60 young (61440K), 1 survivors (1024K)
 Metaspace       used 98126K, capacity 100155K, committed 106236K, reserved 1140736K
  class space    used 12858K, capacity 13320K, committed 14588K, reserved 1048576K
}
Event: 200827.862 GC heap after
{Heap after GC invocations=1817 (full 156):
 garbage-first heap   total 349184K, used 128964K [0x0000000700000000, 0x0000000700100aa8, 0x00000007c0000000)
  region size 1024K, 1 young (1024K), 1 survivors (1024K)
 Metaspace       used 98126K, capacity 100155K, committed 106236K, reserved 1140736K
  class space    used 12858K, capacity 13320K, committed 14588K, reserved 1048576K
}

Deoptimization events (10 events):
Event: 199104.181 Thread 0x0000000033e8f800 Uncommon trap: reason=class_check action=maybe_recompile pc=0x000000002717961c method=javax.swing.plaf.basic.BasicTreeUI.paintExpandControl(Ljava/awt/Graphics;Ljava/awt/Rectangle;Ljava/awt/Insets;Ljava/awt/Rectangle;Ljavax/swing/tree/TreePath;IZZZ)V @ 23 
Event: 199104.181 Thread 0x0000000033e8f800 Uncommon trap: reason=bimorphic_or_optimized_type_check action=maybe_recompile pc=0x0000000027a84440 method=javax.swing.plaf.basic.BasicTreeUI.paint(Ljava/awt/Graphics;Ljavax/swing/JComponent;)V @ 306 c2
Event: 199104.336 Thread 0x0000000033e8f800 Uncommon trap: reason=bimorphic_or_optimized_type_check action=maybe_recompile pc=0x0000000027a84440 method=javax.swing.plaf.basic.BasicTreeUI.paint(Ljava/awt/Graphics;Ljavax/swing/JComponent;)V @ 306 c2
Event: 199104.533 Thread 0x0000000033e8f800 Uncommon trap: reason=bimorphic_or_optimized_type_check action=maybe_recompile pc=0x0000000027a84440 method=javax.swing.plaf.basic.BasicTreeUI.paint(Ljava/awt/Graphics;Ljavax/swing/JComponent;)V @ 306 c2
Event: 199106.891 Thread 0x0000000033e8f800 Uncommon trap: reason=unstable_if action=reinterpret pc=0x0000000027a57e90 method=ui.views.waveform.b.a.bJ(Ljava/awt/event/MouseEvent;)V @ 101 c2
Event: 199107.245 Thread 0x0000000033e8f800 Uncommon trap: reason=bimorphic_or_optimized_type_check action=maybe_recompile pc=0x00000000275b79c8 method=javax.swing.JTree.fireTreeExpanded(Ljavax/swing/tree/TreePath;)V @ 95 c2
Event: 200282.753 Thread 0x0000000033e8f800 Uncommon trap: reason=unstable_if action=reinterpret pc=0x000000002759a574 method=ui.views.V.a.ap.a(Ljava/awt/Graphics;II)V @ 253 c2
Event: 200651.973 Thread 0x0000000033e8f800 Uncommon trap: reason=unstable_if action=reinterpret pc=0x00000000270316d0 method=com.jidesoft.editor.TextUtils.findMatchingBracket(Ljavax/swing/text/Document;I)I @ 776 c2
Event: 200796.224 Thread 0x0000000033e8f800 Uncommon trap: reason=unstable_if action=reinterpret pc=0x0000000027889890 method=com.jidesoft.editor.SyntaxDocument.isWordChar(C)Z @ 51 c2
Event: 200813.637 Thread 0x0000000033e8f800 Uncommon trap: reason=null_check action=make_not_entrant pc=0x0000000027cc0f4c method=ui.views.waveform.f.a.acN(Ljava/lang/String;)Ljavax/swing/Icon; @ 18 c2

Classes redefined (0 events):
No events

Internal exceptions (10 events):
Event: 175185.479 Thread 0x0000000033e8f800 Exception <a 'java/lang/NoSuchMethodError'{0x0000000713dfc278}: java.lang.invoke.DirectMethodHandle$Holder.invokeSpecial(Ljava/lang/Object;Ljava/lang/Object;IIILjava/lang/Object;Ljava/lang/Object;ILjava/lang/Object;II)Ljava/lang/Object;> (0x0000000713dfc2
Event: 175185.480 Thread 0x0000000033e8f800 Exception <a 'java/lang/NoSuchMethodError'{0x0000000713c071f8}: java.lang.invoke.DelegatingMethodHandle$Holder.reinvoke_L(Ljava/lang/Object;IIILjava/lang/Object;Ljava/lang/Object;ILjava/lang/Object;II)Ljava/lang/Object;> (0x0000000713c071f8) thrown at [t:
Event: 175185.482 Thread 0x0000000033e8f800 Exception <a 'java/lang/NoSuchMethodError'{0x0000000713c256a0}: method resolution failed> (0x0000000713c256a0) thrown at [t:/workspace/hotspot/src/share/vm/prims/methodHandles.cpp, line 1256]
Event: 175189.275 Thread 0x0000000033e8f800 Exception <a 'java/lang/NoSuchMethodError'{0x0000000711f15118}: method resolution failed> (0x0000000711f15118) thrown at [t:/workspace/hotspot/src/share/vm/prims/methodHandles.cpp, line 1256]
Event: 195992.116 Thread 0x0000000033e8f800 Exception <a 'java/lang/NoSuchMethodError'{0x0000000712adeb60}: java.lang.invoke.DelegatingMethodHandle$Holder.reinvoke_L(Ljava/lang/Object;IILjava/lang/Object;Ljava/lang/Object;I)Ljava/lang/Object;> (0x0000000712adeb60) thrown at [t:/workspace/hotspot/sr
Event: 195994.960 Thread 0x000000010f783800 Exception <a 'java/lang/InterruptedException'{0x0000000711baf500}: sleep interrupted> (0x0000000711baf500) thrown at [t:/workspace/hotspot/src/share/vm/prims/jvm.cpp, line 3023]
Event: 195999.149 Thread 0x000000010f786000 Exception <a 'java/lang/InterruptedException'{0x0000000714380840}: sleep interrupted> (0x0000000714380840) thrown at [t:/workspace/hotspot/src/share/vm/prims/jvm.cpp, line 3023]
Event: 196000.958 Thread 0x000000010f786800 Exception <a 'java/lang/InterruptedException'{0x00000007137d27c8}: sleep interrupted> (0x00000007137d27c8) thrown at [t:/workspace/hotspot/src/share/vm/prims/jvm.cpp, line 3023]
Event: 196082.193 Thread 0x00000000bc755800 Exception <a 'java/lang/InterruptedException'{0x00000007127d8af8}: sleep interrupted> (0x00000007127d8af8) thrown at [t:/workspace/hotspot/src/share/vm/prims/jvm.cpp, line 3023]
Event: 200813.637 Thread 0x0000000033e8f800 Implicit null exception at 0x0000000027cbcf40 to 0x0000000027cc0f35

Events (10 events):
Event: 200824.741 Thread 0x000000010f786800 Thread exited: 0x000000010f786800
Event: 200825.733 Thread 0x000000010f786800 Thread added: 0x000000010f786800
Event: 200825.741 Thread 0x000000010f786800 Thread exited: 0x000000010f786800
Event: 200826.733 Thread 0x000000010f786800 Thread added: 0x000000010f786800
Event: 200826.740 Thread 0x000000010f786800 Thread exited: 0x000000010f786800
Event: 200827.734 Thread 0x000000010f786800 Thread added: 0x000000010f786800
Event: 200827.740 Thread 0x000000010f786800 Thread exited: 0x000000010f786800
Event: 200827.850 Executing VM operation: G1IncCollectionPause
Event: 200827.862 Executing VM operation: G1IncCollectionPause done
Event: 200832.953 Thread 0x000000010f786800 Thread added: 0x000000010f786800


Dynamic libraries:
0x000000013fe50000 - 0x000000013fe80000 	F:\VivadoInstallation\vivadoInst\Vivado\2019.2\bin\unwrapped\win64.o\vivado.exe
0x0000000077620000 - 0x00000000777bf000 	C:\Windows\SYSTEM32\ntdll.dll
0x0000000077400000 - 0x000000007751f000 	C:\Windows\system32\kernel32.dll
0x000007fefd280000 - 0x000007fefd2e7000 	C:\Windows\system32\KERNELBASE.dll
0x000007fef0c00000 - 0x000007fef0c14000 	F:\VivadoInstallation\vivadoInst\Vivado\2019.2\lib\win64.o\libboost_signals.dll
0x000007feecdc0000 - 0x000007feece4d000 	C:\Windows\system32\MSVCP140.dll
0x000007fefa7f0000 - 0x000007fefa80b000 	C:\Windows\system32\VCRUNTIME140.dll
0x000007fefbe30000 - 0x000007fefbe34000 	C:\Windows\system32\api-ms-win-crt-runtime-l1-1-0.dll
0x000007feeaea0000 - 0x000007feeaf94000 	C:\Windows\system32\ucrtbase.DLL
0x000007fefbe50000 - 0x000007fefbe53000 	C:\Windows\system32\api-ms-win-core-timezone-l1-1-0.dll
0x000007fefa850000 - 0x000007fefa853000 	C:\Windows\system32\api-ms-win-core-file-l2-1-0.dll
0x000007fefa830000 - 0x000007fefa833000 	C:\Windows\system32\api-ms-win-core-localization-l1-2-0.dll
0x000007fef8350000 - 0x000007fef8353000 	C:\Windows\system32\api-ms-win-core-synch-l1-2-0.dll
0x000007fefa420000 - 0x000007fefa423000 	C:\Windows\system32\api-ms-win-core-processthreads-l1-1-1.dll
0x000007fefa6f0000 - 0x000007fefa6f3000 	C:\Windows\system32\api-ms-win-core-file-l1-2-0.dll
0x000007fefa410000 - 0x000007fefa413000 	C:\Windows\system32\api-ms-win-crt-heap-l1-1-0.dll
0x000007fef95c0000 - 0x000007fef95c4000 	C:\Windows\system32\api-ms-win-crt-string-l1-1-0.dll
0x000007fef95b0000 - 0x000007fef95b4000 	C:\Windows\system32\api-ms-win-crt-stdio-l1-1-0.dll
0x000007fef95a0000 - 0x000007fef95a4000 	C:\Windows\system32\api-ms-win-crt-convert-l1-1-0.dll
0x000007fef1030000 - 0x000007fef103c000 	C:\Windows\system32\VCRUNTIME140_1.dll
0x000007fef1020000 - 0x000007fef1023000 	C:\Windows\system32\api-ms-win-crt-locale-l1-1-0.dll
0x000007fef0c60000 - 0x000007fef0c63000 	C:\Windows\system32\api-ms-win-crt-filesystem-l1-1-0.dll
0x000007fef0c50000 - 0x000007fef0c53000 	C:\Windows\system32\api-ms-win-crt-time-l1-1-0.dll
0x000007fef0c40000 - 0x000007fef0c43000 	C:\Windows\system32\api-ms-win-crt-environment-l1-1-0.dll
0x000007fef0c30000 - 0x000007fef0c35000 	C:\Windows\system32\api-ms-win-crt-math-l1-1-0.dll
0x000007fef0c20000 - 0x000007fef0c23000 	C:\Windows\system32\api-ms-win-crt-utility-l1-1-0.dll
0x000007fee8370000 - 0x000007fee92b3000 	F:\VivadoInstallation\vivadoInst\Vivado\2019.2\lib\win64.o\librdi_common.dll
0x000007fee8000000 - 0x000007fee836e000 	F:\VivadoInstallation\vivadoInst\Vivado\2019.2\lib\win64.o\libCOIN-all.dll
0x000007fef09a0000 - 0x000007fef09b4000 	F:\VivadoInstallation\vivadoInst\Vivado\2019.2\lib\win64.o\libboost_date_time.dll
0x000007feefeb0000 - 0x000007feefed6000 	F:\VivadoInstallation\vivadoInst\Vivado\2019.2\lib\win64.o\libboost_filesystem.dll
0x000007fef0230000 - 0x000007fef023b000 	F:\VivadoInstallation\vivadoInst\Vivado\2019.2\lib\win64.o\libboost_system.dll
0x000007feff540000 - 0x000007feff61b000 	C:\Windows\system32\ADVAPI32.dll
0x000007feff620000 - 0x000007feff6bf000 	C:\Windows\system32\msvcrt.dll
0x000007fefd530000 - 0x000007fefd54f000 	C:\Windows\SYSTEM32\sechost.dll
0x000007feff740000 - 0x000007feff86c000 	C:\Windows\system32\RPCRT4.dll
0x000007fee7f80000 - 0x000007fee7fff000 	F:\VivadoInstallation\vivadoInst\Vivado\2019.2\lib\win64.o\libboost_program_options.dll
0x000007fee7e60000 - 0x000007fee7f74000 	F:\VivadoInstallation\vivadoInst\Vivado\2019.2\lib\win64.o\libboost_regex.dll
0x0000000077520000 - 0x000000007761b000 	C:\Windows\system32\USER32.dll
0x000007fefd9c0000 - 0x000007fefda27000 	C:\Windows\system32\GDI32.dll
0x000007fefd750000 - 0x000007fefd75e000 	C:\Windows\system32\LPK.dll
0x000007fefdc30000 - 0x000007fefdcfb000 	C:\Windows\system32\USP10.dll
0x000007feefb60000 - 0x000007feefb81000 	F:\VivadoInstallation\vivadoInst\Vivado\2019.2\lib\win64.o\libboost_thread.dll
0x000007fef01c0000 - 0x000007fef01cd000 	F:\VivadoInstallation\vivadoInst\Vivado\2019.2\lib\win64.o\libboost_chrono.dll
0x000007fef01b0000 - 0x000007fef01bf000 	F:\VivadoInstallation\vivadoInst\Vivado\2019.2\lib\win64.o\libboost_xilinx.dll
0x000007fee7dd0000 - 0x000007fee7e52000 	F:\VivadoInstallation\vivadoInst\Vivado\2019.2\lib\win64.o\libhdlpsolve.dll
0x000007fee7d20000 - 0x000007fee7dc5000 	F:\VivadoInstallation\vivadoInst\Vivado\2019.2\lib\win64.o\libhdxml.dll
0x000007fee7120000 - 0x000007fee7d1c200 	F:\VivadoInstallation\vivadoInst\Vivado\2019.2\lib\win64.o\libisl_iostreams.dll
0x000007feefe90000 - 0x000007feefeab000 	F:\VivadoInstallation\vivadoInst\Vivado\2019.2\lib\win64.o\libboost_iostreams.dll
0x000007feeed50000 - 0x000007feeed71000 	F:\VivadoInstallation\vivadoInst\Vivado\2019.2\lib\win64.o\librdizlib.dll
0x000007feee960000 - 0x000007feee985000 	F:\VivadoInstallation\vivadoInst\Vivado\2019.2\lib\win64.o\libisl_iosutils.dll
0x000007feec6a0000 - 0x000007feec6ba000 	F:\VivadoInstallation\vivadoInst\Vivado\2019.2\lib\win64.o\pthreadVC2.dll
0x000007fefa7b0000 - 0x000007fefa7b9000 	C:\Windows\system32\WSOCK32.dll
0x000007fefd760000 - 0x000007fefd7ad000 	C:\Windows\system32\WS2_32.dll
0x000007fefe610000 - 0x000007fefe618000 	C:\Windows\system32\NSI.dll
0x000007fefcaf0000 - 0x000007fefcb12000 	C:\Windows\system32\bcrypt.dll
0x000007feec670000 - 0x000007feec69e000 	F:\VivadoInstallation\vivadoInst\Vivado\2019.2\lib\win64.o\libisl_sysinfo.dll
0x000007fee70b0000 - 0x000007fee7115000 	F:\VivadoInstallation\vivadoInst\Vivado\2019.2\lib\win64.o\liblmx6.0.dll
0x000007fee6f00000 - 0x000007fee70a1000 	F:\VivadoInstallation\vivadoInst\Vivado\2019.2\lib\win64.o\librdi_commonxillic.dll
0x000007fee6c20000 - 0x000007fee6efb000 	F:\VivadoInstallation\vivadoInst\Vivado\2019.2\lib\win64.o\libXil_lmgr11.dll
0x000007fefae00000 - 0x000007fefae16000 	C:\Windows\system32\NETAPI32.dll
0x000007fefade0000 - 0x000007fefadec000 	C:\Windows\system32\netutils.dll
0x000007fefcc40000 - 0x000007fefcc63000 	C:\Windows\system32\srvcli.dll
0x000007fefac50000 - 0x000007fefac65000 	C:\Windows\system32\wkscli.dll
0x000007fefd7b0000 - 0x000007fefd847000 	C:\Windows\system32\COMDLG32.dll
0x000007fefdd30000 - 0x000007fefdda1000 	C:\Windows\system32\SHLWAPI.dll
0x000007fef99f0000 - 0x000007fef9a90000 	C:\Windows\WinSxS\amd64_microsoft.windows.common-controls_6595b64144ccf1df_5.82.7601.18837_none_a4d981ff711297b6\COMCTL32.dll
0x000007fefe7b0000 - 0x000007feff53b000 	C:\Windows\system32\SHELL32.dll
0x000007fefe530000 - 0x000007fefe60b000 	C:\Windows\system32\OLEAUT32.dll
0x000007fefda30000 - 0x000007fefdc2f000 	C:\Windows\system32\ole32.dll
0x000007fef94a0000 - 0x000007fef94b8000 	C:\Windows\system32\dhcpcsvc.DLL
0x000007fef0140000 - 0x000007fef0143000 	C:\Windows\system32\api-ms-win-crt-conio-l1-1-0.dll
0x000007fefd4a0000 - 0x000007fefd4db000 	C:\Windows\system32\WINTRUST.dll
0x000007fefd330000 - 0x000007fefd49d000 	C:\Windows\system32\CRYPT32.dll
0x000007fefd180000 - 0x000007fefd18f000 	C:\Windows\system32\MSASN1.dll
0x000007feec250000 - 0x000007feec26c000 	F:\VivadoInstallation\vivadoInst\Vivado\2019.2\lib\win64.o\librdiconfig.dll
0x000000005e940000 - 0x000000005ea6b000 	F:\VivadoInstallation\vivadoInst\Vivado\2019.2\lib\win64.o\tcl85t.dll
0x0000000012000000 - 0x0000000012270000 	F:\VivadoInstallation\vivadoInst\Vivado\2019.2\lib\win64.o\xerces-c_3_1.dll
0x000007fefddb0000 - 0x000007fefe25c000 	C:\Windows\system32\WININET.dll
0x000007fefd1b0000 - 0x000007fefd1b4000 	C:\Windows\system32\api-ms-win-downlevel-user32-l1-1-0.dll
0x000007fefd320000 - 0x000007fefd324000 	C:\Windows\system32\api-ms-win-downlevel-shlwapi-l1-1-0.dll
0x000007fefd190000 - 0x000007fefd194000 	C:\Windows\system32\api-ms-win-downlevel-version-l1-1-0.dll
0x000007fefc3b0000 - 0x000007fefc3bc000 	C:\Windows\system32\version.DLL
0x000007fefd520000 - 0x000007fefd523000 	C:\Windows\system32\api-ms-win-downlevel-normaliz-l1-1-0.dll
0x00000000777d0000 - 0x00000000777d3000 	C:\Windows\system32\normaliz.DLL
0x000007fefe260000 - 0x000007fefe52c000 	C:\Windows\system32\iertutil.dll
0x000007fefd1a0000 - 0x000007fefd1a5000 	C:\Windows\system32\api-ms-win-downlevel-advapi32-l1-1-0.dll
0x000007fefd300000 - 0x000007fefd31f000 	C:\Windows\system32\USERENV.dll
0x000007fefd170000 - 0x000007fefd17f000 	C:\Windows\system32\profapi.dll
0x000007fef8630000 - 0x000007fef86a1000 	C:\Windows\system32\WINHTTP.dll
0x000007fef85c0000 - 0x000007fef8625000 	C:\Windows\system32\webio.dll
0x000007fefe620000 - 0x000007fefe7aa000 	C:\Windows\system32\urlmon.dll
0x000007fefd2f0000 - 0x000007fefd2f4000 	C:\Windows\system32\api-ms-win-downlevel-ole32-l1-1-0.dll
0x000007fee5d80000 - 0x000007fee6c11000 	F:\VivadoInstallation\vivadoInst\Vivado\2019.2\lib\win64.o\gurobi65.dll
0x000007fee5d40000 - 0x000007fee5d71000 	C:\Windows\system32\VCOMP140.DLL
0x000007feec1f0000 - 0x000007feec206000 	F:\VivadoInstallation\vivadoInst\Vivado\2019.2\lib\win64.o\librdi_commonmain.dll
0x000007fef00d0000 - 0x000007fef00da000 	F:\VivadoInstallation\vivadoInst\Vivado\2019.2\lib\win64.o\librdi_commonversion.dll
0x000007fefdd00000 - 0x000007fefdd2e000 	C:\Windows\system32\IMM32.DLL
0x000007fefd8b0000 - 0x000007fefd9bb000 	C:\Windows\system32\MSCTF.dll
0x000007fee5820000 - 0x000007fee5d37000 	F:\VivadoInstallation\vivadoInst\Vivado\2019.2\lib\win64.o\librdi_commontasks.dll
0x000000005df10000 - 0x000000005e935000 	F:\VivadoInstallation\vivadoInst\Vivado\2019.2\tps\win64\jre9.0.4\bin\server\jvm.dll
0x000007fefb620000 - 0x000007fefb65b000 	C:\Windows\system32\WINMM.dll
0x00000000777c0000 - 0x00000000777c7000 	C:\Windows\system32\PSAPI.DLL
0x000007fee5730000 - 0x000007fee581f000 	C:\Windows\system32\MSVCR120.dll
0x000007fee5440000 - 0x000007fee5723000 	F:\VivadoInstallation\vivadoInst\Vivado\2019.2\lib\win64.o\librdi_sio.dll
0x000007fef96a0000 - 0x000007fef96c7000 	C:\Windows\system32\IPHLPAPI.DLL
0x000007fef9690000 - 0x000007fef969b000 	C:\Windows\system32\WINNSI.DLL
0x000007fefc8f0000 - 0x000007fefc945000 	C:\Windows\system32\MSWSOCK.DLL
0x000007fee2cf0000 - 0x000007fee5435000 	F:\VivadoInstallation\vivadoInst\Vivado\2019.2\lib\win64.o\librdi_tcltasks.dll
0x000007fee2830000 - 0x000007fee2ce4000 	F:\VivadoInstallation\vivadoInst\Vivado\2019.2\lib\win64.o\librdi_bitstream.dll
0x000007fe94570000 - 0x000007fea911b000 	F:\VivadoInstallation\vivadoInst\Vivado\2019.2\lib\win64.o\librdi_device.dll
0x000007fee27e0000 - 0x000007fee282c000 	F:\VivadoInstallation\vivadoInst\Vivado\2019.2\lib\win64.o\libboost_serialization.dll
0x000007fee1c90000 - 0x000007fee27d7000 	F:\VivadoInstallation\vivadoInst\Vivado\2019.2\lib\win64.o\libverific.dll
0x000007fee1af0000 - 0x000007fee1c8d000 	F:\VivadoInstallation\vivadoInst\Vivado\2019.2\lib\win64.o\librdi_board.dll
0x000007fee1a70000 - 0x000007fee1aeb000 	F:\VivadoInstallation\vivadoInst\Vivado\2019.2\lib\win64.o\librdi_boarddep.dll
0x000007fee1910000 - 0x000007fee1a62000 	F:\VivadoInstallation\vivadoInst\Vivado\2019.2\lib\win64.o\librdi_cd_client.dll
0x000007fee1770000 - 0x000007fee1910000 	F:\VivadoInstallation\vivadoInst\Vivado\2019.2\lib\win64.o\librdi_cd_protocol.dll
0x000007fee1680000 - 0x000007fee176f000 	F:\VivadoInstallation\vivadoInst\Vivado\2019.2\lib\win64.o\librdi_chipscope.dll
0x000007fee14d0000 - 0x000007fee1671000 	F:\VivadoInstallation\vivadoInst\Vivado\2019.2\lib\win64.o\librdi_advchipscopeimpl.dll
0x000007fedf9f0000 - 0x000007fee14ca000 	F:\VivadoInstallation\vivadoInst\Vivado\2019.2\lib\win64.o\librdi_constraints.dll
0x000007fedf380000 - 0x000007fedf9eb000 	F:\VivadoInstallation\vivadoInst\Vivado\2019.2\lib\win64.o\librdi_filemgmt.dll
0x000007fedf160000 - 0x000007fedf380000 	F:\VivadoInstallation\vivadoInst\Vivado\2019.2\lib\win64.o\librdi_hip_devdesign.dll
0x000007fedf080000 - 0x000007fedf157000 	F:\VivadoInstallation\vivadoInst\Vivado\2019.2\lib\win64.o\librdi_ipconfig_readwrite.dll
0x000007fede990000 - 0x000007fedf073000 	F:\VivadoInstallation\vivadoInst\Vivado\2019.2\lib\win64.o\librdi_netlist.dll
0x000007fede900000 - 0x000007fede988000 	F:\VivadoInstallation\vivadoInst\Vivado\2019.2\lib\win64.o\librdi_meir_core.dll
0x000007fede8b0000 - 0x000007fede8fa000 	F:\VivadoInstallation\vivadoInst\Vivado\2019.2\lib\win64.o\librdi_noc_frameworks.dll
0x000007fede6c0000 - 0x000007fede8a4000 	F:\VivadoInstallation\vivadoInst\Vivado\2019.2\lib\win64.o\librdi_hip_config.dll
0x000007fede120000 - 0x000007fede6bd000 	F:\VivadoInstallation\vivadoInst\Vivado\2019.2\lib\win64.o\librdi_ippcw.dll
0x000007feddf60000 - 0x000007fede11b000 	F:\VivadoInstallation\vivadoInst\Vivado\2019.2\lib\win64.o\librdi_hip_noc_tools.dll

VM Arguments:
jvm_args: -Dsun.java2d.pmoffscreen=false -Dsun.java2d.xrender=false -Dsun.java2d.d3d=false -Dsun.awt.nopixfmt=true -Dsun.java2d.dpiaware=true -Dsun.java2d.uiScale.enabled=false -Xverify:none -Dswing.aatext=true -XX:-UsePerfData -Djdk.map.althashing.threshold=512 -XX:StringTableSize=4072 --add-opens=java.base/java.nio=ALL-UNNAMED --add-opens=java.desktop/sun.swing=ALL-UNNAMED --add-opens=java.desktop/javax.swing=ALL-UNNAMED --add-opens=java.desktop/javax.swing.tree=ALL-UNNAMED --add-opens=java.desktop/javax.swing.plaf.basic=ALL-UNNAMED --add-opens=java.desktop/javax.swing.plaf.synth=ALL-UNNAMED --add-opens=java.desktop/com.sun.awt=ALL-UNNAMED -XX:NewSize=60m -XX:MaxNewSize=60m -Xms128m -Xmx3072m -Xss5m 
java_command: <unknown>
java_class_path (initial): F:/VivadoInstallation/vivadoInst/Vivado/2019.2\lib\classes\alloy.jar;F:/VivadoInstallation/vivadoInst/Vivado/2019.2\lib\classes\autoesl-common.jar;F:/VivadoInstallation/vivadoInst/Vivado/2019.2\lib\classes\autoesl-models.jar;F:/VivadoInstallation/vivadoInst/Vivado/2019.2\lib\classes\autoesl-report.jar;F:/VivadoInstallation/vivadoInst/Vivado/2019.2\lib\classes\autopilot.scelaborator.jar;F:/VivadoInstallation/vivadoInst/Vivado/2019.2\lib\classes\autopilot.sourceprocessor.jar;F:/VivadoInstallation/vivadoInst/Vivado/2019.2\lib\classes\autopilot.tbprocessor.jar;F:/VivadoInstallation/vivadoInst/Vivado/2019.2\lib\classes\batik-anim.jar;F:/VivadoInstallation/vivadoInst/Vivado/2019.2\lib\classes\batik-awt-util.jar;F:/VivadoInstallation/vivadoInst/Vivado/2019.2\lib\classes\batik-bridge.jar;F:/VivadoInstallation/vivadoInst/Vivado/2019.2\lib\classes\batik-codec.jar;F:/VivadoInstallation/vivadoInst/Vivado/2019.2\lib\classes\batik-css.jar;F:/VivadoInstallation/vivadoInst/Vivado/2019.2\lib\classes\batik-dom.jar;F:/VivadoInstallation/vivadoInst/Vivado/2019.2\lib\classes\batik-ext.jar;F:/VivadoInstallation/vivadoInst/Vivado/2019.2\lib\classes\batik-gui-util.jar;F:/VivadoInstallation/vivadoInst/Vivado/2019.2\lib\classes\batik-gvt.jar;F:/VivadoInstallation/vivadoInst/Vivado/2019.2\lib\classes\batik-parser.jar;F:/VivadoInstallation/vivadoInst/Vivado/2019.2\lib\classes\batik-script.jar;F:/VivadoInstallation/vivadoInst/Vivado/2019.2\lib\classes\batik-svg-dom.jar;F:/VivadoInstallation/vivadoInst/Vivado/2019.2\lib\classes\batik-swing.jar;F:/VivadoInstallation/vivadoInst/Vivado/2019.2\lib\classes\batik-transcoder.jar;F:/VivadoInstallation/vivadoInst/Vivado/2019.2\lib\classes\batik-util.jar;F:/VivadoInstallation/vivadoInst/Vivado/2019.2\lib\classes\batik-xml.jar;F:/VivadoInstallation/vivadoInst/Vivado/2019.2\lib\classes\com.google.gson_2.7.0.v20170129-0911.jar;F:/VivadoInstallation/vivadoInst/Vivado/2019.2\lib\classes\com.google.guava_21.0.0.v20170206-1425.jar;F:
Launcher Type: generic

Logging:
Log output configuration:
#0: stdout all=warning uptime,level,tags
#1: stderr all=off uptime,level,tags

Environment Variables:
PATH=F:/VivadoInstallation/vivadoInst/Vivado/2019.2\gnuwin\bin;F:/VivadoInstallation/vivadoInst/Vivado/2019.2\gnu\microblaze\nt\bin;F:/VivadoInstallation/vivadoInst/Vivado/2019.2/bin;F:/VivadoInstallation/vivadoInst/Vivado/2019.2/lib/win64.o;F:/VivadoInstallation/vivadoInst/Vivado/2019.2/tps/win64/jre9.0.4/bin/server;F:/VivadoInstallation/vivadoInst/Vivado/2019.2/tps/win64/jre9.0.4/bin;F:/VivadoInstallation/vivadoInst/Vivado/2019.2/ids_lite/ISE/bin/nt64;F:/VivadoInstallation/vivadoInst/Vivado/2019.2/ids_lite/ISE/lib/nt64;C:\ProgramData\Oracle\Java\javapath;C:\Windows\system32;C:\Windows;C:\Windows\System32\Wbem;C:\Windows\System32\WindowsPowerShell\v1.0\;C:\Program Files\MATLAB\MATLAB Production Server\R2015a\bin;C:\Program Files\PuTTY\;C:\Program Files\Git\cmd;C:\Strawberry\c\bin;C:\Strawberry\perl\site\bin;C:\Strawberry\perl\bin;C:\Users\Aggelos\AppData\Local\Programs\MiKTeX 2.9\miktex\bin\x64\;C:\Users\Aggelos\AppData\Local\GitHubDesktop\bin;C:\Users\Aggelos\AppData\Local\Programs\Microsoft VS Code\bin;F:/VivadoInstallation/vivadoInst/Vivado/2019.2\tps\mingw\6.2.0\win64.o\nt\bin;F:/VivadoInstallation/vivadoInst/Vivado/2019.2\tps\mingw\6.2.0\win64.o\nt\libexec\gcc\x86_64-w64-mingw32\6.2.0;F:/VivadoInstallation/vivadoInst/Vivado/2019.2\tps\win64\python-2.7.5;F:/VivadoInstallation/vivadoInst/Vivado/2019.2\tps\win64\python-2.7.5\bin;F:/VivadoInstallation/vivadoInst/Vivado/2019.2\tps\win64\python-2.7.5\lib;F:/VivadoInstallation/vivadoInst/Vivado/2019.2\tps\win64\python-2.7.5\Lib\lib-tk;F:/VivadoInstallation/vivadoInst/Vivado/2019.2\tps\win64\python-2.7.5\lib\site-packages
USERNAME=Aggelos
OS=Windows_NT
PROCESSOR_IDENTIFIER=Intel64 Family 6 Model 42 Stepping 7, GenuineIntel



---------------  S Y S T E M  ---------------

OS: Windows 7 , 64 bit Build 7601 (6.1.7601.24545)

CPU:total 8 (initial active 8) (4 cores per cpu, 2 threads per core) family 6 model 42 stepping 7, cmov, cx8, fxsr, mmx, sse, sse2, sse3, ssse3, sse4.1, sse4.2, popcnt, avx, aes, clmul, ht, tsc, tscinvbit

Memory: 4k page, physical 8337772k(2277472k free), swap 19605640k(4923244k free)

vm_info: Java HotSpot(TM) 64-Bit Server VM (9.0.4+11) for windows-amd64 JRE (9.0.4+11), built on Dec 20 2017 02:18:54 by "mach5one" with MS VC++ 12.0 (VS2013)

END.
