#
# A fatal error has been detected by the Java Runtime Environment:
#
#  EXCEPTION_ACCESS_VIOLATION (0xc0000005) at pc=0x000007febab08129, pid=12576, tid=13444
#
# JRE version: Java(TM) SE Runtime Environment (9.0+11) (build 9.0.4+11)
# Java VM: Java HotSpot(TM) 64-Bit Server VM (9.0.4+11, mixed mode, tiered, compressed oops, g1 gc, windows-amd64)
# Problematic frame:
# C  0x000007febab08129
#
# No core dump will be written. Minidumps are not enabled by default on client versions of Windows
#
# If you would like to submit a bug report, please visit:
#   http://bugreport.java.com/bugreport/crash.jsp
# The crash happened outside the Java Virtual Machine in native code.
# See problematic frame for where to report the bug.
#

---------------  S U M M A R Y ------------

Command Line: -Dsun.java2d.pmoffscreen=false -Dsun.java2d.xrender=false -Dsun.java2d.d3d=false -Dsun.awt.nopixfmt=true -Dsun.java2d.dpiaware=true -Dsun.java2d.uiScale.enabled=false -Xverify:none -Dswing.aatext=true -XX:-UsePerfData -Djdk.map.althashing.threshold=512 -XX:StringTableSize=4072 --add-opens=java.base/java.nio=ALL-UNNAMED --add-opens=java.desktop/sun.swing=ALL-UNNAMED --add-opens=java.desktop/javax.swing=ALL-UNNAMED --add-opens=java.desktop/javax.swing.tree=ALL-UNNAMED --add-opens=java.desktop/javax.swing.plaf.basic=ALL-UNNAMED --add-opens=java.desktop/javax.swing.plaf.synth=ALL-UNNAMED --add-opens=java.desktop/com.sun.awt=ALL-UNNAMED -XX:NewSize=60m -XX:MaxNewSize=60m -Xms128m -Xmx3072m -Xss5m 

Host: Intel(R) Core(TM) i7-2820QM CPU @ 2.30GHz, 8 cores, 7G,  Windows 7 , 64 bit Build 7601 (6.1.7601.24545)
Time: Thu Dec 22 12:15:44 2022 ?aeianei? ?na GTB elapsed time: 57093 seconds (0d 15h 51m 33s)

---------------  T H R E A D  ---------------

Current thread (0x0000000034335000):  JavaThread "AWT-EventQueue-1" [_thread_in_native, id=13444, stack(0x0000000039350000,0x0000000039850000)]

Stack: [0x0000000039350000,0x0000000039850000],  sp=0x000000003984afb0,  free space=5099k
Native frames: (J=compiled Java code, j=interpreted, Vv=VM code, C=native code)
C  0x000007febab08129
C  0x000007febab0a3bb
C  0x000007febab0ab26
C  0x000007febab261c4
C  0x000007febb02e83a
C  0x000007febb0472e7
C  0x000007febb098b0c
C  0x0000000026d860c5

Java frames: (J=compiled Java code, j=interpreted, Vv=VM code)
J 17125  ui.views.simulator.executive.simulationi.SimulationExecutive_getCodeTooltipValue(JLjava/lang/String;IZ)Ljava/lang/String; (0 bytes) @ 0x0000000026d8603f [0x0000000026d85fe0+0x000000000000005f]
J 17812 c2 ui.views.O.d.mouseMoved(Ljava/awt/event/MouseEvent;)V (13 bytes) @ 0x0000000026dc36ac [0x0000000026dc32c0+0x00000000000003ec]
J 16860 c2 java.awt.AWTEventMulticaster.mouseMoved(Ljava/awt/event/MouseEvent;)V java.desktop@9.0.4 (27 bytes) @ 0x0000000026cce4f4 [0x0000000026cce440+0x00000000000000b4]
J 16860 c2 java.awt.AWTEventMulticaster.mouseMoved(Ljava/awt/event/MouseEvent;)V java.desktop@9.0.4 (27 bytes) @ 0x0000000026cce4b4 [0x0000000026cce440+0x0000000000000074]
J 16860 c2 java.awt.AWTEventMulticaster.mouseMoved(Ljava/awt/event/MouseEvent;)V java.desktop@9.0.4 (27 bytes) @ 0x0000000026cce4b4 [0x0000000026cce440+0x0000000000000074]
J 22714 c2 javax.swing.JComponent.processMouseMotionEvent(Ljava/awt/event/MouseEvent;)V java.desktop@9.0.4 (46 bytes) @ 0x00000000271e6af8 [0x00000000271e6a40+0x00000000000000b8]
J 17439 c2 java.awt.Container.processEvent(Ljava/awt/AWTEvent;)V java.desktop@9.0.4 (22 bytes) @ 0x00000000265b4824 [0x00000000265b46a0+0x0000000000000184]
J 24263 c2 java.awt.Component.dispatchEventImpl(Ljava/awt/AWTEvent;)V java.desktop@9.0.4 (739 bytes) @ 0x00000000273f5268 [0x00000000273f4900+0x0000000000000968]
J 18289 c2 java.awt.Container.dispatchEventImpl(Ljava/awt/AWTEvent;)V java.desktop@9.0.4 (129 bytes) @ 0x0000000026e3edd8 [0x0000000026e3ed80+0x0000000000000058]
J 17178 c2 java.awt.LightweightDispatcher.retargetMouseEvent(Ljava/awt/Component;ILjava/awt/event/MouseEvent;)V java.desktop@9.0.4 (350 bytes) @ 0x0000000026d9f8c0 [0x0000000026d9f320+0x00000000000005a0]
J 19979 c2 java.awt.LightweightDispatcher.processMouseEvent(Ljava/awt/event/MouseEvent;)Z java.desktop@9.0.4 (265 bytes) @ 0x0000000027033024 [0x0000000027032ac0+0x0000000000000564]
J 18289 c2 java.awt.Container.dispatchEventImpl(Ljava/awt/AWTEvent;)V java.desktop@9.0.4 (129 bytes) @ 0x0000000026e3f1c0 [0x0000000026e3ed80+0x0000000000000440]
J 17157 c2 java.awt.Window.dispatchEventImpl(Ljava/awt/AWTEvent;)V java.desktop@9.0.4 (23 bytes) @ 0x0000000026d9130c [0x0000000026d912c0+0x000000000000004c]
J 13053 c2 java.awt.EventQueue$3.run()Ljava/lang/Object; java.desktop@9.0.4 (5 bytes) @ 0x000000002686e260 [0x000000002686dc80+0x00000000000005e0]
v  ~StubRoutines::call_stub
J 3781  java.security.AccessController.doPrivileged(Ljava/security/PrivilegedAction;Ljava/security/AccessControlContext;)Ljava/lang/Object; java.base@9.0.4 (0 bytes) @ 0x0000000025fd2cc6 [0x0000000025fd2c60+0x0000000000000066]
J 16647 c2 java.awt.EventQueue$4.run()Ljava/lang/Object; java.desktop@9.0.4 (5 bytes) @ 0x0000000026c8d438 [0x0000000026c8d1e0+0x0000000000000258]
v  ~StubRoutines::call_stub
J 3781  java.security.AccessController.doPrivileged(Ljava/security/PrivilegedAction;Ljava/security/AccessControlContext;)Ljava/lang/Object; java.base@9.0.4 (0 bytes) @ 0x0000000025fd2cc6 [0x0000000025fd2c60+0x0000000000000066]
J 13042 c2 ui.frmwork.b.d.dispatchEvent(Ljava/awt/AWTEvent;)V (34 bytes) @ 0x000000002685ef9c [0x000000002685eb80+0x000000000000041c]
J 17279 c2 java.awt.EventDispatchThread.pumpOneEventForFilters(I)V java.desktop@9.0.4 (218 bytes) @ 0x0000000026191c74 [0x0000000026191900+0x0000000000000374]
J 19719% c2 java.awt.EventDispatchThread.pumpEventsForFilter(ILjava/awt/Conditional;Ljava/awt/EventFilter;)V java.desktop@9.0.4 (47 bytes) @ 0x0000000026fb22c0 [0x0000000026fb21c0+0x0000000000000100]
j  java.awt.EventDispatchThread.pumpEventsForHierarchy(ILjava/awt/Conditional;Ljava/awt/Component;)V+11 java.desktop@9.0.4
j  java.awt.EventDispatchThread.pumpEvents(ILjava/awt/Conditional;)V+4 java.desktop@9.0.4
j  java.awt.EventDispatchThread.pumpEvents(Ljava/awt/Conditional;)V+3 java.desktop@9.0.4
j  java.awt.EventDispatchThread.run()V+9 java.desktop@9.0.4
v  ~StubRoutines::call_stub

siginfo: EXCEPTION_ACCESS_VIOLATION (0xc0000005), reading address 0xffffffffffffffff


Register to memory mapping:

RIP=0x000007febab08129 is an unknown value
RAX=0x000007febadf1982 is an unknown value
RBX=0x000000004dc0c540 is an unknown value
RCX=0x000000004dc0c540 is an unknown value
RDX=0x000000003984b038 is pointing into the stack for thread: 0x0000000034335000
RSP=0x000000003984afb0 is pointing into the stack for thread: 0x0000000034335000
RBP=0x000000003984b089 is pointing into the stack for thread: 0x0000000034335000
RSI=0x000000003984b038 is pointing into the stack for thread: 0x0000000034335000
RDI=0x000000004e8c4468 is an unknown value
R8 =0x000000003984b038 is pointing into the stack for thread: 0x0000000034335000
R9 =0x0000000000000000 is an unknown value
R10=0x000000004dc0c540 is an unknown value
R11=0x000007feba9e0000 is an unknown value
R12=0x000000003984b16f is pointing into the stack for thread: 0x0000000034335000
R13=0x000000003984b200 is pointing into the stack for thread: 0x0000000034335000
R14=0x0000000000000000 is an unknown value
R15=0x0000000000000000 is an unknown value


Registers:
RAX=0x000007febadf1982, RBX=0x000000004dc0c540, RCX=0x000000004dc0c540, RDX=0x000000003984b038
RSP=0x000000003984afb0, RBP=0x000000003984b089, RSI=0x000000003984b038, RDI=0x000000004e8c4468
R8 =0x000000003984b038, R9 =0x0000000000000000, R10=0x000000004dc0c540, R11=0x000007feba9e0000
R12=0x000000003984b16f, R13=0x000000003984b200, R14=0x0000000000000000, R15=0x0000000000000000
RIP=0x000007febab08129, EFLAGS=0x0000000000010202

Top of Stack: (sp=0x000000003984afb0)
0x000000003984afb0:   000000070a0a8dd8 0000000026ebc088
0x000000003984afc0:   000000070a0a9b58 0000000026b434d8
0x000000003984afd0:   0000000000000000 000007febab0a3bb
0x000000003984afe0:   0000000000000000 000000004e8c4468
0x000000003984aff0:   00000007047fd790 000000070a0a9b58
0x000000003984b000:   0000000000000182 00000183000004c5
0x000000003984b010:   0000000702e70000 0000000000000000
0x000000003984b020:   0000000000000000 000000004dc0c540
0x000000003984b030:   fffffffffffffffe 0079616c70736964
0x000000003984b040:   0000000702e76de0 0000000000000007
0x000000003984b050:   000000000000000f 000000000040c100
0x000000003984b060:   0000000000442910 0000000000000000
0x000000003984b070:   000000000000000f 00000000e0211b78
0x000000003984b080:   00000007047fd5f8 000000070a0a9b58
0x000000003984b090:   0000000077773128 0000000000000000
0x000000003984b0a0:   0000b7850593b468 000007febaa54f25 

Instructions: (pc=0x000007febab08129)
0x000007febab08109:   10 57 48 83 ec 20 49 8b f0 48 8b da 48 8b f9 0f
0x000007febab08119:   1f 84 00 00 00 00 00 48 8b 03 48 8b d6 48 8b cb
0x000007febab08129:   ff 50 30 48 85 c0 75 27 48 8b 03 48 8b cb ff 90
0x000007febab08139:   b8 00 00 00 84 c0 75 15 48 3b 5f 28 75 06 48 8b 



---------------  P R O C E S S  ---------------

Java Threads: ( => current thread )
  0x000000004bd5a800 JavaThread "Image Fetcher 1" daemon [_thread_blocked, id=11356, stack(0x0000000053e50000,0x0000000054350000)]
  0x000000004bd57800 JavaThread "Image Fetcher 0" daemon [_thread_blocked, id=7576, stack(0x00000000520c0000,0x00000000525c0000)]
  0x000000004bd5a000 JavaThread "Relaunch Simulation Thread" [_thread_blocked, id=4480, stack(0x000000007e860000,0x000000007ed60000)]
  0x000000003b3cc800 JavaThread "ForkJoinPool.commonPool-worker-9" daemon [_thread_blocked, id=11824, stack(0x0000000051a50000,0x0000000051f50000)]
  0x000000004bd58800 JavaThread "SyntheticaAnimation 50" daemon [_thread_blocked, id=12492, stack(0x00000000543b0000,0x00000000548b0000)]
  0x000000003b3cf800 JavaThread "Image Animator 2" daemon [_thread_blocked, id=7328, stack(0x000000004bff0000,0x000000004c4f0000)]
  0x000000003b3ce000 JavaThread "Update Runs Swing Worker Thread" [_thread_blocked, id=13844, stack(0x00000000504e0000,0x00000000509e0000)]
  0x0000000034e42800 JavaThread "hw_ila_monitor" [_thread_blocked, id=3752, stack(0x000000004a6c0000,0x000000004abc0000)]
  0x0000000034e42000 JavaThread "Refresh Filesets Swing Worker Thread" [_thread_blocked, id=9624, stack(0x0000000049f70000,0x000000004a470000)]
  0x0000000034e41000 JavaThread "SyntheticaAnimation 70" daemon [_thread_blocked, id=11352, stack(0x00000000439f0000,0x0000000043ef0000)]
  0x0000000034e40800 JavaThread "SyntheticaAnimation 25" daemon [_thread_blocked, id=9036, stack(0x00000000424b0000,0x00000000429b0000)]
  0x0000000034e3f000 JavaThread "SyntheticaAnimation 50" daemon [_thread_blocked, id=13716, stack(0x0000000041e50000,0x0000000042350000)]
  0x0000000034e3f800 JavaThread "Monitor HEventQueue Thread" [_thread_blocked, id=9520, stack(0x0000000041860000,0x0000000041d60000)]
  0x0000000034e3e000 JavaThread "SyntheticaCleanerThread" daemon [_thread_blocked, id=13972, stack(0x000000003c1d0000,0x000000003c6d0000)]
  0x0000000034e3c800 JavaThread "Batik CleanerThread" daemon [_thread_blocked, id=14192, stack(0x0000000039bc0000,0x000000003a0c0000)]
=>0x0000000034335000 JavaThread "AWT-EventQueue-1" [_thread_in_native, id=13444, stack(0x0000000039350000,0x0000000039850000)]
  0x00000000345c2000 JavaThread "Process Messages Thread" [_thread_blocked, id=3488, stack(0x0000000038d30000,0x0000000039230000)]
  0x0000000034280800 JavaThread "Thread-1" [_thread_in_native, id=9336, stack(0x00000000036a0000,0x0000000004aa0000)]
  0x0000000034028000 JavaThread "TimerQueue" daemon [_thread_blocked, id=12828, stack(0x0000000036370000,0x0000000036870000)]
  0x000000000da69000 JavaThread "AWT-Windows" daemon [_thread_in_native, id=13076, stack(0x0000000035c60000,0x0000000036160000)]
  0x000000000d7da000 JavaThread "AWT-Shutdown" [_thread_blocked, id=11780, stack(0x00000000355b0000,0x0000000035ab0000)]
  0x000000000d7d9000 JavaThread "Java2D Disposer" daemon [_thread_blocked, id=10960, stack(0x0000000035040000,0x0000000035540000)]
  0x000000000cfd5800 JavaThread "Service Thread" daemon [_thread_blocked, id=12348, stack(0x0000000033a10000,0x0000000033f10000)]
  0x000000000c67d800 JavaThread "Common-Cleaner" daemon [_thread_blocked, id=9692, stack(0x0000000033140000,0x0000000033640000)]
  0x000000000c656000 JavaThread "Sweeper thread" daemon [_thread_blocked, id=12772, stack(0x0000000032b70000,0x0000000033070000)]
  0x000000000c655000 JavaThread "C1 CompilerThread3" daemon [_thread_blocked, id=9892, stack(0x00000000328c0000,0x00000000329c0000)]
  0x00000000101e4000 JavaThread "C2 CompilerThread2" daemon [_thread_blocked, id=2436, stack(0x00000000326f0000,0x00000000327f0000)]
  0x00000000101e3800 JavaThread "C2 CompilerThread1" daemon [_thread_blocked, id=12132, stack(0x0000000032520000,0x0000000032620000)]
  0x000000000ca10800 JavaThread "C2 CompilerThread0" daemon [_thread_blocked, id=9900, stack(0x0000000031850000,0x0000000031950000)]
  0x000000000ca0f800 JavaThread "Attach Listener" daemon [_thread_blocked, id=11156, stack(0x0000000031fb0000,0x00000000324b0000)]
  0x000000000d317800 JavaThread "Signal Dispatcher" daemon [_thread_blocked, id=9540, stack(0x0000000031950000,0x0000000031e50000)]
  0x0000000010151800 JavaThread "Finalizer" daemon [_thread_blocked, id=12984, stack(0x0000000031270000,0x0000000031770000)]
  0x0000000010150800 JavaThread "Reference Handler" daemon [_thread_blocked, id=11140, stack(0x0000000030bd0000,0x00000000310d0000)]
  0x000000000a89b000 JavaThread "main" [_thread_blocked, id=14072, stack(0x0000000006cc0000,0x0000000006dc0000)]

Other Threads:
  0x000000000c9e7000 VMThread "VM Thread" [stack: 0x000000001ded0000,0x000000001dfd0000] [id=6632]
  0x000000000d088800 WatcherThread [stack: 0x00000000310e0000,0x00000000311e0000] [id=5548]
  0x000000000d15d000 GCTaskThread "GC Thread#0" [stack: 0x000000000b110000,0x000000000b210000] [id=10776]
  0x000000000ad80000 GCTaskThread "GC Thread#1" [stack: 0x0000000009f30000,0x000000000a030000] [id=12308]
  0x000000000ad81000 GCTaskThread "GC Thread#2" [stack: 0x0000000006ba0000,0x0000000006ca0000] [id=7704]
  0x000000000ad81800 GCTaskThread "GC Thread#3" [stack: 0x000000000b340000,0x000000000b440000] [id=13152]
  0x000000000ad82000 GCTaskThread "GC Thread#4" [stack: 0x000000000b510000,0x000000000b610000] [id=7948]
  0x000000000ad82800 GCTaskThread "GC Thread#5" [stack: 0x000000000b720000,0x000000000b820000] [id=5532]
  0x000000000ad83800 GCTaskThread "GC Thread#6" [stack: 0x000000000b620000,0x000000000b720000] [id=13544]
  0x000000000ad84000 GCTaskThread "GC Thread#7" [stack: 0x000000000b960000,0x000000000ba60000] [id=7768]
  0x000000000c9ad800 ConcurrentGCThread "G1 Main Marker" [stack: 0x000000000e570000,0x000000000e670000] [id=11504]
  0x000000000ad84800 ConcurrentGCThread "G1 Marker#0" [stack: 0x000000000fa80000,0x000000000fb80000] [id=2772]
  0x000000000ad85000 ConcurrentGCThread "G1 Marker#1" [stack: 0x000000000f970000,0x000000000fa70000] [id=5484]
  0x000000000c9ad000 ConcurrentGCThread "G1 Refine#0" [stack: 0x000000000eb20000,0x000000000ec20000] [id=6576]
  0x000000000c60c800 ConcurrentGCThread "G1 Refine#1" [stack: 0x000000000e8b0000,0x000000000e9b0000] [id=13368]
  0x00000000091f5800 ConcurrentGCThread "G1 Refine#2" [stack: 0x000000000e790000,0x000000000e890000] [id=9628]
  0x000000000c620000 ConcurrentGCThread "G1 Refine#3" [stack: 0x000000000e300000,0x000000000e400000] [id=11492]
  0x000000000cbc1800 ConcurrentGCThread "G1 Refine#4" [stack: 0x000000000e690000,0x000000000e790000] [id=13388]
  0x000000000c9aa000 ConcurrentGCThread "G1 Refine#5" [stack: 0x000000000e420000,0x000000000e520000] [id=10708]
  0x0000000010019800 ConcurrentGCThread "G1 Refine#6" [stack: 0x000000000e1b0000,0x000000000e2b0000] [id=4988]
  0x000000000c9a7000 ConcurrentGCThread "G1 Refine#7" [stack: 0x000000000e020000,0x000000000e120000] [id=12100]
  0x000000000cc0e000 ConcurrentGCThread "G1 Young RemSet Sampling" [stack: 0x000000000ec30000,0x000000000ed30000] [id=9288]

Threads with active compile tasks:

VM state:not at safepoint (normal execution)

VM Mutex/Monitor currently owned by a thread: None

Heap address: 0x0000000700000000, size: 3072 MB, Compressed Oops mode: Zero based, Oop shift amount: 3
Narrow klass base: 0x0000000000000000, Narrow klass shift: 3
Compressed class space size: 1073741824 Address: 0x00000007c0000000

Heap:
 garbage-first heap   total 199680K, used 114156K [0x0000000700000000, 0x0000000700100618, 0x00000007c0000000)
  region size 1024K, 38 young (38912K), 2 survivors (2048K)
 Metaspace       used 84438K, capacity 86359K, committed 94076K, reserved 1130496K
  class space    used 10878K, capacity 11304K, committed 12924K, reserved 1048576K
Heap Regions: E=young(eden), S=young(survivor), O=old, HS=humongous(starts), HC=humongous(continues), CS=collection set, F=free, A=archive, TS=gc time stamp, AC=allocation context, TAMS=top-at-mark-start (previous, next)
|   0|0x0000000700000000, 0x00000007000fffd8, 0x0000000700100000| 99%| O|  |TS  0|AC  0|TAMS 0x00000007000fffd8, 0x00000007000fffd8|
|   1|0x0000000700100000, 0x00000007001ff788, 0x0000000700200000| 99%| O|  |TS  0|AC  0|TAMS 0x00000007001ff788, 0x00000007001ff788|
|   2|0x0000000700200000, 0x00000007002f8570, 0x0000000700300000| 97%| O|  |TS  0|AC  0|TAMS 0x00000007002f8570, 0x00000007002f8570|
|   3|0x0000000700300000, 0x00000007003fb008, 0x0000000700400000| 98%| O|  |TS  0|AC  0|TAMS 0x00000007003fb008, 0x00000007003fb008|
|   4|0x0000000700400000, 0x0000000700500000, 0x0000000700500000|100%|HS|  |TS  0|AC  0|TAMS 0x0000000700500000, 0x0000000700500000|
|   5|0x0000000700500000, 0x0000000700600000, 0x0000000700600000|100%|HC|  |TS  0|AC  0|TAMS 0x0000000700600000, 0x0000000700600000|
|   6|0x0000000700600000, 0x0000000700700000, 0x0000000700700000|100%|HS|  |TS  0|AC  0|TAMS 0x0000000700700000, 0x0000000700700000|
|   7|0x0000000700700000, 0x00000007007fbc78, 0x0000000700800000| 98%| O|  |TS  0|AC  0|TAMS 0x00000007007fbc78, 0x00000007007fbc78|
|   8|0x0000000700800000, 0x00000007008d0728, 0x0000000700900000| 81%| O|  |TS  0|AC  0|TAMS 0x00000007008d0728, 0x00000007008d0728|
|   9|0x0000000700900000, 0x00000007009fffa0, 0x0000000700a00000| 99%| O|  |TS  0|AC  0|TAMS 0x00000007009fffa0, 0x00000007009fffa0|
|  10|0x0000000700a00000, 0x0000000700b00000, 0x0000000700b00000|100%| O|  |TS  0|AC  0|TAMS 0x0000000700b00000, 0x0000000700b00000|
|  11|0x0000000700b00000, 0x0000000700bffff8, 0x0000000700c00000| 99%| O|  |TS  0|AC  0|TAMS 0x0000000700bffff8, 0x0000000700bffff8|
|  12|0x0000000700c00000, 0x0000000700cf7f18, 0x0000000700d00000| 96%| O|  |TS  0|AC  0|TAMS 0x0000000700cf7f18, 0x0000000700cf7f18|
|  13|0x0000000700d00000, 0x0000000700dd72a8, 0x0000000700e00000| 84%| O|  |TS  0|AC  0|TAMS 0x0000000700dd72a8, 0x0000000700dd72a8|
|  14|0x0000000700e00000, 0x0000000700efe0a8, 0x0000000700f00000| 99%| O|  |TS  0|AC  0|TAMS 0x0000000700efe0a8, 0x0000000700efe0a8|
|  15|0x0000000700f00000, 0x0000000701000000, 0x0000000701000000|100%|HS|  |TS  0|AC  0|TAMS 0x0000000701000000, 0x0000000701000000|
|  16|0x0000000701000000, 0x00000007010f7ef8, 0x0000000701100000| 96%| O|  |TS  0|AC  0|TAMS 0x00000007010f7ef8, 0x00000007010f7ef8|
|  17|0x0000000701100000, 0x00000007011ff4c0, 0x0000000701200000| 99%| O|  |TS  0|AC  0|TAMS 0x00000007011ff4c0, 0x00000007011ff4c0|
|  18|0x0000000701200000, 0x00000007012ffff0, 0x0000000701300000| 99%| O|  |TS  0|AC  0|TAMS 0x00000007012ffff0, 0x00000007012ffff0|
|  19|0x0000000701300000, 0x00000007013fffe0, 0x0000000701400000| 99%| O|  |TS  0|AC  0|TAMS 0x00000007013fffe0, 0x00000007013fffe0|
|  20|0x0000000701400000, 0x00000007014ffee0, 0x0000000701500000| 99%| O|  |TS  0|AC  0|TAMS 0x00000007014ffee0, 0x00000007014ffee0|
|  21|0x0000000701500000, 0x00000007015ffff8, 0x0000000701600000| 99%| O|  |TS  0|AC  0|TAMS 0x00000007015ffff8, 0x00000007015ffff8|
|  22|0x0000000701600000, 0x00000007016ff290, 0x0000000701700000| 99%| O|  |TS  0|AC  0|TAMS 0x00000007016ff290, 0x00000007016ff290|
|  23|0x0000000701700000, 0x00000007017ffff0, 0x0000000701800000| 99%| O|  |TS  0|AC  0|TAMS 0x00000007017ffff0, 0x00000007017ffff0|
|  24|0x0000000701800000, 0x00000007018ffff8, 0x0000000701900000| 99%| O|  |TS  0|AC  0|TAMS 0x00000007018ffff8, 0x00000007018ffff8|
|  25|0x0000000701900000, 0x0000000701a00000, 0x0000000701a00000|100%| O|  |TS  0|AC  0|TAMS 0x0000000701a00000, 0x0000000701a00000|
|  26|0x0000000701a00000, 0x0000000701b00000, 0x0000000701b00000|100%| O|  |TS  0|AC  0|TAMS 0x0000000701b00000, 0x0000000701b00000|
|  27|0x0000000701b00000, 0x0000000701bfffe8, 0x0000000701c00000| 99%| O|  |TS  0|AC  0|TAMS 0x0000000701bfffe8, 0x0000000701bfffe8|
|  28|0x0000000701c00000, 0x0000000701cffff8, 0x0000000701d00000| 99%| O|  |TS  0|AC  0|TAMS 0x0000000701cffff8, 0x0000000701cffff8|
|  29|0x0000000701d00000, 0x0000000701dfffe8, 0x0000000701e00000| 99%| O|  |TS  0|AC  0|TAMS 0x0000000701dfffe8, 0x0000000701dfffe8|
|  30|0x0000000701e00000, 0x0000000701effff0, 0x0000000701f00000| 99%| O|  |TS  0|AC  0|TAMS 0x0000000701effff0, 0x0000000701effff0|
|  31|0x0000000701f00000, 0x0000000701fffff8, 0x0000000702000000| 99%| O|  |TS  0|AC  0|TAMS 0x0000000701fffff8, 0x0000000701fffff8|
|  32|0x0000000702000000, 0x00000007020fffe0, 0x0000000702100000| 99%| O|  |TS  0|AC  0|TAMS 0x00000007020fffe0, 0x00000007020fffe0|
|  33|0x0000000702100000, 0x00000007021ffff0, 0x0000000702200000| 99%| O|  |TS  0|AC  0|TAMS 0x00000007021ffff0, 0x00000007021ffff0|
|  34|0x0000000702200000, 0x00000007022ffff0, 0x0000000702300000| 99%| O|  |TS  0|AC  0|TAMS 0x00000007022ffff0, 0x00000007022ffff0|
|  35|0x0000000702300000, 0x00000007023ffa40, 0x0000000702400000| 99%| O|  |TS  0|AC  0|TAMS 0x00000007023ffa40, 0x00000007023ffa40|
|  36|0x0000000702400000, 0x00000007024ffff8, 0x0000000702500000| 99%| O|  |TS  0|AC  0|TAMS 0x00000007024ffff8, 0x00000007024ffff8|
|  37|0x0000000702500000, 0x00000007025fffe8, 0x0000000702600000| 99%| O|  |TS  0|AC  0|TAMS 0x00000007025fffe8, 0x00000007025fffe8|
|  38|0x0000000702600000, 0x00000007026fffd8, 0x0000000702700000| 99%| O|  |TS  0|AC  0|TAMS 0x00000007026fffd8, 0x00000007026fffd8|
|  39|0x0000000702700000, 0x00000007027fd180, 0x0000000702800000| 98%| O|  |TS  0|AC  0|TAMS 0x00000007027fd180, 0x00000007027fd180|
|  40|0x0000000702800000, 0x00000007028fffe8, 0x0000000702900000| 99%| O|  |TS  0|AC  0|TAMS 0x00000007028fffe8, 0x00000007028fffe8|
|  41|0x0000000702900000, 0x00000007029ffff8, 0x0000000702a00000| 99%| O|  |TS  0|AC  0|TAMS 0x00000007029ffff8, 0x00000007029ffff8|
|  42|0x0000000702a00000, 0x0000000702afffd8, 0x0000000702b00000| 99%| O|  |TS  0|AC  0|TAMS 0x0000000702afffd8, 0x0000000702afffd8|
|  43|0x0000000702b00000, 0x0000000702bfffe0, 0x0000000702c00000| 99%| O|  |TS  0|AC  0|TAMS 0x0000000702bfffe0, 0x0000000702bfffe0|
|  44|0x0000000702c00000, 0x0000000702cfffe8, 0x0000000702d00000| 99%| O|  |TS  0|AC  0|TAMS 0x0000000702cfffe8, 0x0000000702cfffe8|
|  45|0x0000000702d00000, 0x0000000702dfff98, 0x0000000702e00000| 99%| O|  |TS  0|AC  0|TAMS 0x0000000702dfff98, 0x0000000702dfff98|
|  46|0x0000000702e00000, 0x0000000702ef20d8, 0x0000000702f00000| 94%| O|  |TS  0|AC  0|TAMS 0x0000000702ef20d8, 0x0000000702ef20d8|
|  47|0x0000000702f00000, 0x0000000703000000, 0x0000000703000000|100%|HS|  |TS  0|AC  0|TAMS 0x0000000703000000, 0x0000000703000000|
|  48|0x0000000703000000, 0x0000000703100000, 0x0000000703100000|100%|HC|  |TS  0|AC  0|TAMS 0x0000000703100000, 0x0000000703100000|
|  49|0x0000000703100000, 0x0000000703200000, 0x0000000703200000|100%|HC|  |TS  0|AC  0|TAMS 0x0000000703200000, 0x0000000703200000|
|  50|0x0000000703200000, 0x0000000703300000, 0x0000000703300000|100%|HC|  |TS  0|AC  0|TAMS 0x0000000703300000, 0x0000000703300000|
|  51|0x0000000703300000, 0x0000000703400000, 0x0000000703400000|100%|HC|  |TS  0|AC  0|TAMS 0x0000000703400000, 0x0000000703400000|
|  52|0x0000000703400000, 0x0000000703500000, 0x0000000703500000|100%|HC|  |TS  0|AC  0|TAMS 0x0000000703500000, 0x0000000703500000|
|  53|0x0000000703500000, 0x0000000703600000, 0x0000000703600000|100%|HC|  |TS  0|AC  0|TAMS 0x0000000703600000, 0x0000000703600000|
|  54|0x0000000703600000, 0x0000000703700000, 0x0000000703700000|100%|HC|  |TS  0|AC  0|TAMS 0x0000000703700000, 0x0000000703700000|
|  55|0x0000000703700000, 0x00000007037fffd8, 0x0000000703800000| 99%| O|  |TS  0|AC  0|TAMS 0x00000007037fffd8, 0x00000007037fffd8|
|  56|0x0000000703800000, 0x0000000703900000, 0x0000000703900000|100%| O|  |TS  0|AC  0|TAMS 0x0000000703900000, 0x0000000703900000|
|  57|0x0000000703900000, 0x0000000703a00000, 0x0000000703a00000|100%| O|  |TS  0|AC  0|TAMS 0x0000000703a00000, 0x0000000703a00000|
|  58|0x0000000703a00000, 0x0000000703b00000, 0x0000000703b00000|100%| O|  |TS  0|AC  0|TAMS 0x0000000703b00000, 0x0000000703b00000|
|  59|0x0000000703b00000, 0x0000000703bfffe8, 0x0000000703c00000| 99%| O|  |TS  0|AC  0|TAMS 0x0000000703bfffe8, 0x0000000703bfffe8|
|  60|0x0000000703c00000, 0x0000000703cffff0, 0x0000000703d00000| 99%| O|  |TS  0|AC  0|TAMS 0x0000000703cffff0, 0x0000000703cffff0|
|  61|0x0000000703d00000, 0x0000000703dffdb0, 0x0000000703e00000| 99%| O|  |TS  0|AC  0|TAMS 0x0000000703dffdb0, 0x0000000703dffdb0|
|  62|0x0000000703e00000, 0x0000000703efffd0, 0x0000000703f00000| 99%| O|  |TS  0|AC  0|TAMS 0x0000000703efffd0, 0x0000000703efffd0|
|  63|0x0000000703f00000, 0x0000000703ffffd0, 0x0000000704000000| 99%| O|  |TS  0|AC  0|TAMS 0x0000000703ffffd0, 0x0000000703ffffd0|
|  64|0x0000000704000000, 0x00000007040ffef0, 0x0000000704100000| 99%| O|  |TS  0|AC  0|TAMS 0x00000007040ffef0, 0x00000007040ffef0|
|  65|0x0000000704100000, 0x00000007041fff68, 0x0000000704200000| 99%| O|  |TS  0|AC  0|TAMS 0x00000007041fff68, 0x00000007041fff68|
|  66|0x0000000704200000, 0x00000007042fffb8, 0x0000000704300000| 99%| O|  |TS  0|AC  0|TAMS 0x00000007042fffb8, 0x00000007042fffb8|
|  67|0x0000000704300000, 0x00000007043fffe8, 0x0000000704400000| 99%| O|  |TS  0|AC  0|TAMS 0x00000007043fffe8, 0x00000007043fffe8|
|  68|0x0000000704400000, 0x00000007044ffff0, 0x0000000704500000| 99%| O|  |TS  0|AC  0|TAMS 0x00000007044ffff0, 0x00000007044ffff0|
|  69|0x0000000704500000, 0x00000007045fef00, 0x0000000704600000| 99%| O|  |TS  0|AC  0|TAMS 0x00000007045fef00, 0x00000007045fef00|
|  70|0x0000000704600000, 0x00000007046ffff8, 0x0000000704700000| 99%| O|  |TS  0|AC  0|TAMS 0x00000007046ffff8, 0x00000007046ffff8|
|  71|0x0000000704700000, 0x0000000704800000, 0x0000000704800000|100%| O|  |TS  0|AC  0|TAMS 0x0000000704800000, 0x0000000704800000|
|  72|0x0000000704800000, 0x00000007048ffff0, 0x0000000704900000| 99%| O|  |TS  0|AC  0|TAMS 0x00000007048ffff0, 0x00000007048ffff0|
|  73|0x0000000704900000, 0x0000000704938c30, 0x0000000704a00000| 22%| O|  |TS  0|AC  0|TAMS 0x0000000704938c30, 0x0000000704938c30|
|  74|0x0000000704a00000, 0x0000000704b00000, 0x0000000704b00000|100%|HS|  |TS  0|AC  0|TAMS 0x0000000704b00000, 0x0000000704b00000|
|  75|0x0000000704b00000, 0x0000000704c00000, 0x0000000704c00000|100%| O|  |TS 45|AC  0|TAMS 0x0000000704b00000, 0x0000000704b00000|
|  76|0x0000000704c00000, 0x0000000704cbb400, 0x0000000704d00000| 73%| O|  |TS 89|AC  0|TAMS 0x0000000704c00000, 0x0000000704c00000|
|  77|0x0000000704d00000, 0x0000000704d00000, 0x0000000704e00000|  0%| F|  |TS  1|AC  0|TAMS 0x0000000704d00000, 0x0000000704d00000|
|  78|0x0000000704e00000, 0x0000000704e00000, 0x0000000704f00000|  0%| F|  |TS  0|AC  0|TAMS 0x0000000704e00000, 0x0000000704e00000|
|  79|0x0000000704f00000, 0x0000000704f00000, 0x0000000705000000|  0%| F|  |TS  0|AC  0|TAMS 0x0000000704f00000, 0x0000000704f00000|
|  80|0x0000000705000000, 0x0000000705000000, 0x0000000705100000|  0%| F|  |TS  0|AC  0|TAMS 0x0000000705000000, 0x0000000705000000|
|  81|0x0000000705100000, 0x0000000705100000, 0x0000000705200000|  0%| F|  |TS  0|AC  0|TAMS 0x0000000705100000, 0x0000000705100000|
|  82|0x0000000705200000, 0x0000000705200000, 0x0000000705300000|  0%| F|  |TS  0|AC  0|TAMS 0x0000000705200000, 0x0000000705200000|
|  83|0x0000000705300000, 0x0000000705300000, 0x0000000705400000|  0%| F|  |TS  0|AC  0|TAMS 0x0000000705300000, 0x0000000705300000|
|  84|0x0000000705400000, 0x0000000705400000, 0x0000000705500000|  0%| F|  |TS  0|AC  0|TAMS 0x0000000705400000, 0x0000000705400000|
|  85|0x0000000705500000, 0x0000000705500000, 0x0000000705600000|  0%| F|  |TS  0|AC  0|TAMS 0x0000000705500000, 0x0000000705500000|
|  86|0x0000000705600000, 0x0000000705600000, 0x0000000705700000|  0%| F|  |TS  0|AC  0|TAMS 0x0000000705600000, 0x0000000705600000|
|  87|0x0000000705700000, 0x0000000705700000, 0x0000000705800000|  0%| F|  |TS  0|AC  0|TAMS 0x0000000705700000, 0x0000000705700000|
|  88|0x0000000705800000, 0x0000000705800000, 0x0000000705900000|  0%| F|  |TS  0|AC  0|TAMS 0x0000000705800000, 0x0000000705800000|
|  89|0x0000000705900000, 0x0000000705900000, 0x0000000705a00000|  0%| F|  |TS  0|AC  0|TAMS 0x0000000705900000, 0x0000000705900000|
|  90|0x0000000705a00000, 0x0000000705a00000, 0x0000000705b00000|  0%| F|  |TS  0|AC  0|TAMS 0x0000000705a00000, 0x0000000705a00000|
|  91|0x0000000705b00000, 0x0000000705b00000, 0x0000000705c00000|  0%| F|  |TS  0|AC  0|TAMS 0x0000000705b00000, 0x0000000705b00000|
|  92|0x0000000705c00000, 0x0000000705c00000, 0x0000000705d00000|  0%| F|  |TS  0|AC  0|TAMS 0x0000000705c00000, 0x0000000705c00000|
|  93|0x0000000705d00000, 0x0000000705d00000, 0x0000000705e00000|  0%| F|  |TS  0|AC  0|TAMS 0x0000000705d00000, 0x0000000705d00000|
|  94|0x0000000705e00000, 0x0000000705e00000, 0x0000000705f00000|  0%| F|  |TS  0|AC  0|TAMS 0x0000000705e00000, 0x0000000705e00000|
|  95|0x0000000705f00000, 0x0000000705f00000, 0x0000000706000000|  0%| F|  |TS  0|AC  0|TAMS 0x0000000705f00000, 0x0000000705f00000|
|  96|0x0000000706000000, 0x0000000706000000, 0x0000000706100000|  0%| F|  |TS  0|AC  0|TAMS 0x0000000706000000, 0x0000000706000000|
|  97|0x0000000706100000, 0x0000000706100000, 0x0000000706200000|  0%| F|  |TS  0|AC  0|TAMS 0x0000000706100000, 0x0000000706100000|
|  98|0x0000000706200000, 0x0000000706200000, 0x0000000706300000|  0%| F|  |TS  0|AC  0|TAMS 0x0000000706200000, 0x0000000706200000|
|  99|0x0000000706300000, 0x0000000706300000, 0x0000000706400000|  0%| F|  |TS  0|AC  0|TAMS 0x0000000706300000, 0x0000000706300000|
| 100|0x0000000706400000, 0x0000000706400000, 0x0000000706500000|  0%| F|  |TS  0|AC  0|TAMS 0x0000000706400000, 0x0000000706400000|
| 101|0x0000000706500000, 0x0000000706500000, 0x0000000706600000|  0%| F|  |TS  0|AC  0|TAMS 0x0000000706500000, 0x0000000706500000|
| 102|0x0000000706600000, 0x0000000706600000, 0x0000000706700000|  0%| F|  |TS  0|AC  0|TAMS 0x0000000706600000, 0x0000000706600000|
| 103|0x0000000706700000, 0x0000000706700000, 0x0000000706800000|  0%| F|  |TS  0|AC  0|TAMS 0x0000000706700000, 0x0000000706700000|
| 104|0x0000000706800000, 0x0000000706800000, 0x0000000706900000|  0%| F|  |TS  0|AC  0|TAMS 0x0000000706800000, 0x0000000706800000|
| 105|0x0000000706900000, 0x0000000706900000, 0x0000000706a00000|  0%| F|  |TS  0|AC  0|TAMS 0x0000000706900000, 0x0000000706900000|
| 106|0x0000000706a00000, 0x0000000706a00000, 0x0000000706b00000|  0%| F|  |TS  0|AC  0|TAMS 0x0000000706a00000, 0x0000000706a00000|
| 107|0x0000000706b00000, 0x0000000706b00000, 0x0000000706c00000|  0%| F|  |TS  0|AC  0|TAMS 0x0000000706b00000, 0x0000000706b00000|
| 108|0x0000000706c00000, 0x0000000706c00000, 0x0000000706d00000|  0%| F|  |TS  0|AC  0|TAMS 0x0000000706c00000, 0x0000000706c00000|
| 109|0x0000000706d00000, 0x0000000706d00000, 0x0000000706e00000|  0%| F|  |TS  0|AC  0|TAMS 0x0000000706d00000, 0x0000000706d00000|
| 110|0x0000000706e00000, 0x0000000706e00000, 0x0000000706f00000|  0%| F|  |TS  0|AC  0|TAMS 0x0000000706e00000, 0x0000000706e00000|
| 111|0x0000000706f00000, 0x0000000706f00000, 0x0000000707000000|  0%| F|  |TS  0|AC  0|TAMS 0x0000000706f00000, 0x0000000706f00000|
| 112|0x0000000707000000, 0x0000000707000000, 0x0000000707100000|  0%| F|  |TS  0|AC  0|TAMS 0x0000000707000000, 0x0000000707000000|
| 113|0x0000000707100000, 0x0000000707100000, 0x0000000707200000|  0%| F|  |TS  0|AC  0|TAMS 0x0000000707100000, 0x0000000707100000|
| 114|0x0000000707200000, 0x0000000707200000, 0x0000000707300000|  0%| F|  |TS  0|AC  0|TAMS 0x0000000707200000, 0x0000000707200000|
| 115|0x0000000707300000, 0x0000000707300000, 0x0000000707400000|  0%| F|  |TS  0|AC  0|TAMS 0x0000000707300000, 0x0000000707300000|
| 116|0x0000000707400000, 0x0000000707400000, 0x0000000707500000|  0%| F|  |TS  0|AC  0|TAMS 0x0000000707400000, 0x0000000707400000|
| 117|0x0000000707500000, 0x0000000707500000, 0x0000000707600000|  0%| F|  |TS  0|AC  0|TAMS 0x0000000707500000, 0x0000000707500000|
| 118|0x0000000707600000, 0x0000000707600000, 0x0000000707700000|  0%| F|  |TS  0|AC  0|TAMS 0x0000000707600000, 0x0000000707600000|
| 119|0x0000000707700000, 0x0000000707700000, 0x0000000707800000|  0%| F|  |TS  0|AC  0|TAMS 0x0000000707700000, 0x0000000707700000|
| 120|0x0000000707800000, 0x0000000707800000, 0x0000000707900000|  0%| F|  |TS  0|AC  0|TAMS 0x0000000707800000, 0x0000000707800000|
| 121|0x0000000707900000, 0x0000000707900000, 0x0000000707a00000|  0%| F|  |TS  0|AC  0|TAMS 0x0000000707900000, 0x0000000707900000|
| 122|0x0000000707a00000, 0x0000000707a00000, 0x0000000707b00000|  0%| F|  |TS  0|AC  0|TAMS 0x0000000707a00000, 0x0000000707a00000|
| 123|0x0000000707b00000, 0x0000000707b00000, 0x0000000707c00000|  0%| F|  |TS  0|AC  0|TAMS 0x0000000707b00000, 0x0000000707b00000|
| 124|0x0000000707c00000, 0x0000000707c00000, 0x0000000707d00000|  0%| F|  |TS  0|AC  0|TAMS 0x0000000707c00000, 0x0000000707c00000|
| 125|0x0000000707d00000, 0x0000000707d00000, 0x0000000707e00000|  0%| F|  |TS  0|AC  0|TAMS 0x0000000707d00000, 0x0000000707d00000|
| 126|0x0000000707e00000, 0x0000000707e00000, 0x0000000707f00000|  0%| F|  |TS  0|AC  0|TAMS 0x0000000707e00000, 0x0000000707e00000|
| 127|0x0000000707f00000, 0x0000000707f00000, 0x0000000708000000|  0%| F|  |TS  0|AC  0|TAMS 0x0000000707f00000, 0x0000000707f00000|
| 128|0x0000000708000000, 0x0000000708000000, 0x0000000708100000|  0%| F|  |TS  0|AC  0|TAMS 0x0000000708000000, 0x0000000708000000|
| 129|0x0000000708100000, 0x0000000708100000, 0x0000000708200000|  0%| F|  |TS  0|AC  0|TAMS 0x0000000708100000, 0x0000000708100000|
| 130|0x0000000708200000, 0x0000000708200000, 0x0000000708300000|  0%| F|  |TS  0|AC  0|TAMS 0x0000000708200000, 0x0000000708200000|
| 131|0x0000000708300000, 0x0000000708300000, 0x0000000708400000|  0%| F|  |TS  0|AC  0|TAMS 0x0000000708300000, 0x0000000708300000|
| 132|0x0000000708400000, 0x0000000708400000, 0x0000000708500000|  0%| F|  |TS 37|AC  0|TAMS 0x0000000708400000, 0x0000000708400000|
| 133|0x0000000708500000, 0x00000007085174a0, 0x0000000708600000|  9%| S|CS|TS 89|AC  0|TAMS 0x0000000708500000, 0x0000000708500000|
| 134|0x0000000708600000, 0x0000000708700000, 0x0000000708700000|100%| S|CS|TS 89|AC  0|TAMS 0x0000000708600000, 0x0000000708600000|
| 135|0x0000000708700000, 0x0000000708700000, 0x0000000708800000|  0%| F|  |TS 89|AC  0|TAMS 0x0000000708700000, 0x0000000708700000|
| 136|0x0000000708800000, 0x0000000708800000, 0x0000000708900000|  0%| F|  |TS 89|AC  0|TAMS 0x0000000708800000, 0x0000000708800000|
| 137|0x0000000708900000, 0x0000000708900000, 0x0000000708a00000|  0%| F|  |TS 89|AC  0|TAMS 0x0000000708900000, 0x0000000708900000|
| 138|0x0000000708a00000, 0x0000000708a00000, 0x0000000708b00000|  0%| F|  |TS 89|AC  0|TAMS 0x0000000708a00000, 0x0000000708a00000|
| 139|0x0000000708b00000, 0x0000000708b00000, 0x0000000708c00000|  0%| F|  |TS 89|AC  0|TAMS 0x0000000708b00000, 0x0000000708b00000|
| 140|0x0000000708c00000, 0x0000000708c00000, 0x0000000708d00000|  0%| F|  |TS 89|AC  0|TAMS 0x0000000708c00000, 0x0000000708c00000|
| 141|0x0000000708d00000, 0x0000000708d00000, 0x0000000708e00000|  0%| F|  |TS 89|AC  0|TAMS 0x0000000708d00000, 0x0000000708d00000|
| 142|0x0000000708e00000, 0x0000000708e00000, 0x0000000708f00000|  0%| F|  |TS 89|AC  0|TAMS 0x0000000708e00000, 0x0000000708e00000|
| 143|0x0000000708f00000, 0x0000000708f00000, 0x0000000709000000|  0%| F|  |TS 89|AC  0|TAMS 0x0000000708f00000, 0x0000000708f00000|
| 144|0x0000000709000000, 0x0000000709000000, 0x0000000709100000|  0%| F|  |TS 89|AC  0|TAMS 0x0000000709000000, 0x0000000709000000|
| 145|0x0000000709100000, 0x0000000709100000, 0x0000000709200000|  0%| F|  |TS 89|AC  0|TAMS 0x0000000709100000, 0x0000000709100000|
| 146|0x0000000709200000, 0x0000000709200000, 0x0000000709300000|  0%| F|  |TS 89|AC  0|TAMS 0x0000000709200000, 0x0000000709200000|
| 147|0x0000000709300000, 0x0000000709300000, 0x0000000709400000|  0%| F|  |TS 89|AC  0|TAMS 0x0000000709300000, 0x0000000709300000|
| 148|0x0000000709400000, 0x0000000709400000, 0x0000000709500000|  0%| F|  |TS 89|AC  0|TAMS 0x0000000709400000, 0x0000000709400000|
| 149|0x0000000709500000, 0x0000000709500000, 0x0000000709600000|  0%| F|  |TS 89|AC  0|TAMS 0x0000000709500000, 0x0000000709500000|
| 150|0x0000000709600000, 0x0000000709600000, 0x0000000709700000|  0%| F|  |TS 89|AC  0|TAMS 0x0000000709600000, 0x0000000709600000|
| 151|0x0000000709700000, 0x0000000709700000, 0x0000000709800000|  0%| F|  |TS 89|AC  0|TAMS 0x0000000709700000, 0x0000000709700000|
| 152|0x0000000709800000, 0x0000000709800000, 0x0000000709900000|  0%| F|  |TS 89|AC  0|TAMS 0x0000000709800000, 0x0000000709800000|
| 153|0x0000000709900000, 0x0000000709900000, 0x0000000709a00000|  0%| F|  |TS 89|AC  0|TAMS 0x0000000709900000, 0x0000000709900000|
| 154|0x0000000709a00000, 0x0000000709a00000, 0x0000000709b00000|  0%| F|  |TS 89|AC  0|TAMS 0x0000000709a00000, 0x0000000709a00000|
| 155|0x0000000709b00000, 0x0000000709b00000, 0x0000000709c00000|  0%| F|  |TS 89|AC  0|TAMS 0x0000000709b00000, 0x0000000709b00000|
| 156|0x0000000709c00000, 0x0000000709c00000, 0x0000000709d00000|  0%| F|  |TS 89|AC  0|TAMS 0x0000000709c00000, 0x0000000709c00000|
| 157|0x0000000709d00000, 0x0000000709d00000, 0x0000000709e00000|  0%| F|  |TS 89|AC  0|TAMS 0x0000000709d00000, 0x0000000709d00000|
| 158|0x0000000709e00000, 0x0000000709e00000, 0x0000000709f00000|  0%| F|  |TS 89|AC  0|TAMS 0x0000000709e00000, 0x0000000709e00000|
| 159|0x0000000709f00000, 0x0000000709f333e0, 0x000000070a000000| 20%| E|  |TS 89|AC  0|TAMS 0x0000000709f00000, 0x0000000709f00000|
| 160|0x000000070a000000, 0x000000070a100000, 0x000000070a100000|100%| E|CS|TS 89|AC  0|TAMS 0x000000070a000000, 0x000000070a000000|
| 161|0x000000070a100000, 0x000000070a200000, 0x000000070a200000|100%| E|CS|TS 89|AC  0|TAMS 0x000000070a100000, 0x000000070a100000|
| 162|0x000000070a200000, 0x000000070a300000, 0x000000070a300000|100%| E|CS|TS 89|AC  0|TAMS 0x000000070a200000, 0x000000070a200000|
| 163|0x000000070a300000, 0x000000070a400000, 0x000000070a400000|100%| E|CS|TS 89|AC  0|TAMS 0x000000070a300000, 0x000000070a300000|
| 164|0x000000070a400000, 0x000000070a500000, 0x000000070a500000|100%| E|CS|TS 89|AC  0|TAMS 0x000000070a400000, 0x000000070a400000|
| 165|0x000000070a500000, 0x000000070a600000, 0x000000070a600000|100%| E|CS|TS 89|AC  0|TAMS 0x000000070a500000, 0x000000070a500000|
| 166|0x000000070a600000, 0x000000070a700000, 0x000000070a700000|100%| E|CS|TS 89|AC  0|TAMS 0x000000070a600000, 0x000000070a600000|
| 167|0x000000070a700000, 0x000000070a800000, 0x000000070a800000|100%| E|CS|TS 89|AC  0|TAMS 0x000000070a700000, 0x000000070a700000|
| 168|0x000000070a800000, 0x000000070a900000, 0x000000070a900000|100%| E|CS|TS 89|AC  0|TAMS 0x000000070a800000, 0x000000070a800000|
| 169|0x000000070a900000, 0x000000070aa00000, 0x000000070aa00000|100%| E|CS|TS 89|AC  0|TAMS 0x000000070a900000, 0x000000070a900000|
| 170|0x000000070aa00000, 0x000000070ab00000, 0x000000070ab00000|100%| E|CS|TS 89|AC  0|TAMS 0x000000070aa00000, 0x000000070aa00000|
| 171|0x000000070ab00000, 0x000000070ac00000, 0x000000070ac00000|100%| E|CS|TS 89|AC  0|TAMS 0x000000070ab00000, 0x000000070ab00000|
| 172|0x000000070ac00000, 0x000000070ad00000, 0x000000070ad00000|100%| E|CS|TS 89|AC  0|TAMS 0x000000070ac00000, 0x000000070ac00000|
| 173|0x000000070ad00000, 0x000000070ae00000, 0x000000070ae00000|100%| E|CS|TS 89|AC  0|TAMS 0x000000070ad00000, 0x000000070ad00000|
| 174|0x000000070ae00000, 0x000000070af00000, 0x000000070af00000|100%| E|CS|TS 89|AC  0|TAMS 0x000000070ae00000, 0x000000070ae00000|
| 175|0x000000070af00000, 0x000000070b000000, 0x000000070b000000|100%| E|CS|TS 89|AC  0|TAMS 0x000000070af00000, 0x000000070af00000|
| 176|0x000000070b000000, 0x000000070b100000, 0x000000070b100000|100%| E|CS|TS 89|AC  0|TAMS 0x000000070b000000, 0x000000070b000000|
| 177|0x000000070b100000, 0x000000070b200000, 0x000000070b200000|100%| E|CS|TS 89|AC  0|TAMS 0x000000070b100000, 0x000000070b100000|
| 178|0x000000070b200000, 0x000000070b300000, 0x000000070b300000|100%| E|CS|TS 89|AC  0|TAMS 0x000000070b200000, 0x000000070b200000|
| 179|0x000000070b300000, 0x000000070b400000, 0x000000070b400000|100%| E|CS|TS 89|AC  0|TAMS 0x000000070b300000, 0x000000070b300000|
| 180|0x000000070b400000, 0x000000070b500000, 0x000000070b500000|100%| E|CS|TS 89|AC  0|TAMS 0x000000070b400000, 0x000000070b400000|
| 181|0x000000070b500000, 0x000000070b600000, 0x000000070b600000|100%| E|CS|TS 89|AC  0|TAMS 0x000000070b500000, 0x000000070b500000|
| 182|0x000000070b600000, 0x000000070b700000, 0x000000070b700000|100%| E|CS|TS 89|AC  0|TAMS 0x000000070b600000, 0x000000070b600000|
| 183|0x000000070b700000, 0x000000070b800000, 0x000000070b800000|100%| E|CS|TS 89|AC  0|TAMS 0x000000070b700000, 0x000000070b700000|
| 184|0x000000070b800000, 0x000000070b900000, 0x000000070b900000|100%| E|CS|TS 89|AC  0|TAMS 0x000000070b800000, 0x000000070b800000|
| 185|0x000000070b900000, 0x000000070ba00000, 0x000000070ba00000|100%| E|CS|TS 89|AC  0|TAMS 0x000000070b900000, 0x000000070b900000|
| 186|0x000000070ba00000, 0x000000070bb00000, 0x000000070bb00000|100%| E|CS|TS 89|AC  0|TAMS 0x000000070ba00000, 0x000000070ba00000|
| 187|0x000000070bb00000, 0x000000070bc00000, 0x000000070bc00000|100%| E|CS|TS 89|AC  0|TAMS 0x000000070bb00000, 0x000000070bb00000|
| 188|0x000000070bc00000, 0x000000070bd00000, 0x000000070bd00000|100%| E|CS|TS 89|AC  0|TAMS 0x000000070bc00000, 0x000000070bc00000|
| 189|0x000000070bd00000, 0x000000070be00000, 0x000000070be00000|100%| E|CS|TS 89|AC  0|TAMS 0x000000070bd00000, 0x000000070bd00000|
| 190|0x000000070be00000, 0x000000070bf00000, 0x000000070bf00000|100%| E|CS|TS 89|AC  0|TAMS 0x000000070be00000, 0x000000070be00000|
| 191|0x000000070bf00000, 0x000000070c000000, 0x000000070c000000|100%| E|CS|TS 89|AC  0|TAMS 0x000000070bf00000, 0x000000070bf00000|
| 192|0x000000070c000000, 0x000000070c100000, 0x000000070c100000|100%| E|CS|TS 89|AC  0|TAMS 0x000000070c000000, 0x000000070c000000|
| 193|0x000000070c100000, 0x000000070c200000, 0x000000070c200000|100%| E|CS|TS 89|AC  0|TAMS 0x000000070c100000, 0x000000070c100000|
| 194|0x000000070c200000, 0x000000070c300000, 0x000000070c300000|100%| E|CS|TS 89|AC  0|TAMS 0x000000070c200000, 0x000000070c200000|

Card table byte_map: [0x0000000010df0000,0x00000000113f0000] byte_map_base: 0x000000000d5f0000

Marking Bits (Prev, Next): (CMBitMap*) 0x000000000c9b0ef0, (CMBitMap*) 0x000000000c9b0f28
 Prev Bits: [0x0000000018db0000, 0x000000001bdb0000)
 Next Bits: [0x000000002d2f0000, 0x00000000302f0000)

Polling page: 0x0000000000150000

CodeHeap 'non-profiled nmethods': size=120000Kb used=23546Kb max_used=23546Kb free=96453Kb
 bounds [0x0000000025dc0000, 0x00000000274d0000, 0x000000002d2f0000]
CodeHeap 'profiled nmethods': size=120000Kb used=42739Kb max_used=44046Kb free=77260Kb
 bounds [0x000000001e890000, 0x0000000021450000, 0x0000000025dc0000]
CodeHeap 'non-nmethods': size=5760Kb used=1793Kb max_used=1846Kb free=3966Kb
 bounds [0x000000001e2f0000, 0x000000001e560000, 0x000000001e890000]
 total_blobs=36085 nmethods=18503 adapters=1146
 compilation: enabled

Compilation events (10 events):
Event: 57089.665 Thread 0x000000000c655000 nmethod 24664 0x000000001fc3a110 code [0x000000001fc3a320, 0x000000001fc3ab18]
Event: 57089.666 Thread 0x000000000c655000 24665       3       ui.utils.k.c::addOverlayComponent (67 bytes)
Event: 57089.668 Thread 0x000000000c655000 nmethod 24665 0x000000001fd16e10 code [0x000000001fd170c0, 0x000000001fd180c8]
Event: 57089.692 Thread 0x000000000ca10800 nmethod 24663 0x00000000274c2310 code [0x00000000274c2500, 0x00000000274c2cc8]
Event: 57093.317 Thread 0x00000000101e4000 24666  s    4       sun.awt.image.ToolkitImage::addWatcher (49 bytes)
Event: 57093.366 Thread 0x00000000101e4000 nmethod 24666 0x00000000274c3210 code [0x00000000274c3440, 0x00000000274c44a0]
Event: 57093.517 Thread 0x000000000c655000 24667       3       sun.awt.im.InputMethodContext::setCompositionAreaUndecorated (16 bytes)
Event: 57093.518 Thread 0x000000000c655000 nmethod 24667 0x000000001f370090 code [0x000000001f370260, 0x000000001f3704e8]
Event: 57093.522 Thread 0x000000000c655000 24668       3       ui.views.d.o::focusGained (80 bytes)
Event: 57093.524 Thread 0x000000000c655000 nmethod 24668 0x000000001ffbe590 code [0x000000001ffbe7e0, 0x000000001ffbf1f8]

GC Heap History (10 events):
Event: 56948.786 GC heap before
{Heap before GC invocations=344 (full 31):
 garbage-first heap   total 199680K, used 138028K [0x0000000700000000, 0x0000000700100618, 0x00000007c0000000)
  region size 1024K, 60 young (61440K), 2 survivors (2048K)
 Metaspace       used 84420K, capacity 86359K, committed 94076K, reserved 1130496K
  class space    used 10878K, capacity 11304K, committed 12924K, reserved 1048576K
}
Event: 56948.799 GC heap after
{Heap after GC invocations=345 (full 31):
 garbage-first heap   total 199680K, used 78332K [0x0000000700000000, 0x0000000700100618, 0x00000007c0000000)
  region size 1024K, 2 young (2048K), 2 survivors (2048K)
 Metaspace       used 84420K, capacity 86359K, committed 94076K, reserved 1130496K
  class space    used 10878K, capacity 11304K, committed 12924K, reserved 1048576K
}
Event: 57015.308 GC heap before
{Heap before GC invocations=345 (full 31):
 garbage-first heap   total 199680K, used 137724K [0x0000000700000000, 0x0000000700100618, 0x00000007c0000000)
  region size 1024K, 60 young (61440K), 2 survivors (2048K)
 Metaspace       used 84420K, capacity 86359K, committed 94076K, reserved 1130496K
  class space    used 10878K, capacity 11304K, committed 12924K, reserved 1048576K
}
Event: 57015.320 GC heap after
{Heap after GC invocations=346 (full 31):
 garbage-first heap   total 199680K, used 78216K [0x0000000700000000, 0x0000000700100618, 0x00000007c0000000)
  region size 1024K, 2 young (2048K), 2 survivors (2048K)
 Metaspace       used 84420K, capacity 86359K, committed 94076K, reserved 1130496K
  class space    used 10878K, capacity 11304K, committed 12924K, reserved 1048576K
}
Event: 57060.042 GC heap before
{Heap before GC invocations=346 (full 31):
 garbage-first heap   total 199680K, used 137608K [0x0000000700000000, 0x0000000700100618, 0x00000007c0000000)
  region size 1024K, 60 young (61440K), 2 survivors (2048K)
 Metaspace       used 84425K, capacity 86359K, committed 94076K, reserved 1130496K
  class space    used 10878K, capacity 11304K, committed 12924K, reserved 1048576K
}
Event: 57060.051 GC heap after
{Heap after GC invocations=347 (full 31):
 garbage-first heap   total 199680K, used 78253K [0x0000000700000000, 0x0000000700100618, 0x00000007c0000000)
  region size 1024K, 2 young (2048K), 2 survivors (2048K)
 Metaspace       used 84425K, capacity 86359K, committed 94076K, reserved 1130496K
  class space    used 10878K, capacity 11304K, committed 12924K, reserved 1048576K
}
Event: 57070.955 GC heap before
{Heap before GC invocations=347 (full 31):
 garbage-first heap   total 199680K, used 137645K [0x0000000700000000, 0x0000000700100618, 0x00000007c0000000)
  region size 1024K, 60 young (61440K), 2 survivors (2048K)
 Metaspace       used 84426K, capacity 86359K, committed 94076K, reserved 1130496K
  class space    used 10878K, capacity 11304K, committed 12924K, reserved 1048576K
}
Event: 57070.968 GC heap after
{Heap after GC invocations=348 (full 31):
 garbage-first heap   total 199680K, used 78208K [0x0000000700000000, 0x0000000700100618, 0x00000007c0000000)
  region size 1024K, 1 young (1024K), 1 survivors (1024K)
 Metaspace       used 84426K, capacity 86359K, committed 94076K, reserved 1130496K
  class space    used 10878K, capacity 11304K, committed 12924K, reserved 1048576K
}
Event: 57091.040 GC heap before
{Heap before GC invocations=348 (full 31):
 garbage-first heap   total 199680K, used 138624K [0x0000000700000000, 0x0000000700100618, 0x00000007c0000000)
  region size 1024K, 60 young (61440K), 1 survivors (1024K)
 Metaspace       used 84436K, capacity 86359K, committed 94076K, reserved 1130496K
  class space    used 10878K, capacity 11304K, committed 12924K, reserved 1048576K
}
Event: 57091.053 GC heap after
{Heap after GC invocations=349 (full 31):
 garbage-first heap   total 199680K, used 78316K [0x0000000700000000, 0x0000000700100618, 0x00000007c0000000)
  region size 1024K, 2 young (2048K), 2 survivors (2048K)
 Metaspace       used 84436K, capacity 86359K, committed 94076K, reserved 1130496K
  class space    used 10878K, capacity 11304K, committed 12924K, reserved 1048576K
}

Deoptimization events (10 events):
Event: 56310.325 Thread 0x0000000034335000 Uncommon trap: reason=unstable_if action=reinterpret pc=0x0000000026ffeddc method=javax.swing.undo.CompoundEdit.isSignificant()Z @ 14 c2
Event: 56396.257 Thread 0x0000000034335000 Uncommon trap: reason=class_check action=maybe_recompile pc=0x00000000273fa9ec method=com.jidesoft.editor.CodeEditor.setHorizontalOffset(I)V @ 38 c2
Event: 56396.263 Thread 0x0000000034335000 Uncommon trap: reason=class_check action=maybe_recompile pc=0x00000000273fa9ec method=com.jidesoft.editor.CodeEditor.setHorizontalOffset(I)V @ 38 c2
Event: 56396.269 Thread 0x0000000034335000 Uncommon trap: reason=class_check action=maybe_recompile pc=0x00000000273fa9ec method=com.jidesoft.editor.CodeEditor.setHorizontalOffset(I)V @ 38 c2
Event: 56396.275 Thread 0x0000000034335000 Uncommon trap: reason=class_check action=maybe_recompile pc=0x00000000273fa9ec method=com.jidesoft.editor.CodeEditor.setHorizontalOffset(I)V @ 38 c2
Event: 56480.969 Thread 0x0000000034335000 Uncommon trap: reason=unstable_if action=reinterpret pc=0x00000000272f097c method=com.jidesoft.editor.CodeEditor.a(III)I @ 117 c2
Event: 56484.388 Thread 0x0000000034335000 Uncommon trap: reason=unstable_if action=reinterpret pc=0x00000000262d4ccc method=javax.swing.text.GapContent.getChars(IILjavax/swing/text/Segment;)V @ 6 c2
Event: 56494.965 Thread 0x0000000034335000 Uncommon trap: reason=unstable_if action=reinterpret pc=0x0000000027446850 method=javax.swing.text.FieldView.adjustAllocation(Ljava/awt/Shape;)Ljava/awt/Shape; @ 134 c2
Event: 56810.949 Thread 0x0000000034335000 Uncommon trap: reason=unstable_if action=reinterpret pc=0x000000002746ba5c method=javax.swing.plaf.basic.BasicScrollBarUI$TrackListener.mouseDragged(Ljava/awt/event/MouseEvent;)V @ 59 c2
Event: 56931.535 Thread 0x000000004bd57800 Uncommon trap: reason=unstable_if action=reinterpret pc=0x00000000265e5c04 method=sun.awt.image.InputStreamImageSource.doneDecoding(Lsun/awt/image/ImageDecoder;)V @ 17 c2

Classes redefined (0 events):
No events

Internal exceptions (10 events):
Event: 18260.148 Thread 0x000000004bd5d000 Exception <a 'ui/frmwork/CommandFailedException'{0x000000070be86980}> (0x000000070be86980) thrown at [t:/workspace/hotspot/src/share/vm/prims/jni.cpp, line 604]
Event: 53633.071 Thread 0x0000000034335000 Implicit null exception at 0x00000000260569e3 to 0x00000000260572e5
Event: 53767.246 Thread 0x000000004bd5d000 Exception <a 'java/lang/InterruptedException'{0x0000000708f02aa8}: sleep interrupted> (0x0000000708f02aa8) thrown at [t:/workspace/hotspot/src/share/vm/prims/jvm.cpp, line 2984]
Event: 54878.524 Thread 0x0000000034335000 Implicit null exception at 0x00000000262514d2 to 0x0000000026251de5
Event: 55121.778 Thread 0x0000000034335000 Exception <a 'java/lang/NoSuchMethodError'{0x000000070b215d90}: java.lang.invoke.DelegatingMethodHandle$Holder.reinvoke_L(Ljava/lang/Object;IIILjava/lang/Object;Ljava/lang/Object;I)Ljava/lang/Object;> (0x000000070b215d90) thrown at [t:/workspace/hotspot/s
Event: 55409.983 Thread 0x000000004bd5d800 Exception <a 'java/lang/InterruptedException'{0x0000000709b393c0}: sleep interrupted> (0x0000000709b393c0) thrown at [t:/workspace/hotspot/src/share/vm/prims/jvm.cpp, line 3023]
Event: 55415.560 Thread 0x000000004bd57800 Exception <a 'java/lang/InterruptedException'{0x000000070ba07dc0}: sleep interrupted> (0x000000070ba07dc0) thrown at [t:/workspace/hotspot/src/share/vm/prims/jvm.cpp, line 2984]
Event: 55623.453 Thread 0x000000004bd57800 Exception <a 'java/lang/InterruptedException'{0x000000070bc926c8}: sleep interrupted> (0x000000070bc926c8) thrown at [t:/workspace/hotspot/src/share/vm/prims/jvm.cpp, line 2984]
Event: 55669.476 Thread 0x0000000034335000 Exception <a 'java/lang/NoSuchMethodError'{0x000000070c18bb00}: java.lang.invoke.DirectMethodHandle$Holder.invokeSpecial(Ljava/lang/Object;Ljava/lang/Object;IILjava/lang/Object;Ljava/lang/Object;Ljava/lang/Object;Ljava/lang/Object;Ljava/lang/Object;)Ljava
Event: 55669.477 Thread 0x0000000034335000 Exception <a 'java/lang/NoSuchMethodError'{0x000000070c18f700}: java.lang.invoke.DelegatingMethodHandle$Holder.reinvoke_L(Ljava/lang/Object;IILjava/lang/Object;Ljava/lang/Object;Ljava/lang/Object;Ljava/lang/Object;Ljava/lang/Object;)Ljava/lang/Object;> (0

Events (10 events):
Event: 57091.039 Executing VM operation: G1IncCollectionPause
Event: 57091.054 Executing VM operation: G1IncCollectionPause done
Event: 57091.371 Thread 0x000000004bd57800 Thread added: 0x000000004bd57800
Event: 57091.383 Thread 0x000000004bd57800 Thread exited: 0x000000004bd57800
Event: 57092.372 Thread 0x000000004bd57800 Thread added: 0x000000004bd57800
Event: 57092.389 Thread 0x000000004bd57800 Thread exited: 0x000000004bd57800
Event: 57093.306 Thread 0x000000004bd57800 Thread added: 0x000000004bd57800
Event: 57093.318 Thread 0x000000004bd5a800 Thread added: 0x000000004bd5a800
Event: 57093.516 Thread 0x000000004bd5e800 Thread added: 0x000000004bd5e800
Event: 57093.526 Thread 0x000000004bd5e800 Thread exited: 0x000000004bd5e800


Dynamic libraries:
0x000000013f730000 - 0x000000013f760000 	F:\VivadoInstallation\vivadoInst\Vivado\2019.2\bin\unwrapped\win64.o\vivado.exe
0x0000000077770000 - 0x000000007790f000 	C:\Windows\SYSTEM32\ntdll.dll
0x0000000077650000 - 0x000000007776f000 	C:\Windows\system32\kernel32.dll
0x000007fefd5c0000 - 0x000007fefd627000 	C:\Windows\system32\KERNELBASE.dll
0x000007feed7f0000 - 0x000007feed804000 	F:\VivadoInstallation\vivadoInst\Vivado\2019.2\lib\win64.o\libboost_signals.dll
0x000007feed920000 - 0x000007feed9ad000 	C:\Windows\system32\MSVCP140.dll
0x000007fefa8c0000 - 0x000007fefa8db000 	C:\Windows\system32\VCRUNTIME140.dll
0x000007fefa930000 - 0x000007fefa934000 	C:\Windows\system32\api-ms-win-crt-runtime-l1-1-0.dll
0x000007fee70a0000 - 0x000007fee7194000 	C:\Windows\system32\ucrtbase.DLL
0x000007fefa920000 - 0x000007fefa923000 	C:\Windows\system32\api-ms-win-core-timezone-l1-1-0.dll
0x000007fefa910000 - 0x000007fefa913000 	C:\Windows\system32\api-ms-win-core-file-l2-1-0.dll
0x000007fef9710000 - 0x000007fef9713000 	C:\Windows\system32\api-ms-win-core-localization-l1-2-0.dll
0x000007fef84a0000 - 0x000007fef84a3000 	C:\Windows\system32\api-ms-win-core-synch-l1-2-0.dll
0x000007fefa850000 - 0x000007fefa853000 	C:\Windows\system32\api-ms-win-core-processthreads-l1-1-1.dll
0x000007fef9700000 - 0x000007fef9703000 	C:\Windows\system32\api-ms-win-core-file-l1-2-0.dll
0x000007fef4090000 - 0x000007fef4093000 	C:\Windows\system32\api-ms-win-crt-heap-l1-1-0.dll
0x000007fef3e50000 - 0x000007fef3e54000 	C:\Windows\system32\api-ms-win-crt-string-l1-1-0.dll
0x000007feed910000 - 0x000007feed914000 	C:\Windows\system32\api-ms-win-crt-stdio-l1-1-0.dll
0x000007feed890000 - 0x000007feed894000 	C:\Windows\system32\api-ms-win-crt-convert-l1-1-0.dll
0x000007feed8a0000 - 0x000007feed8ac000 	C:\Windows\system32\VCRUNTIME140_1.dll
0x000007feed860000 - 0x000007feed863000 	C:\Windows\system32\api-ms-win-crt-locale-l1-1-0.dll
0x000007feed850000 - 0x000007feed853000 	C:\Windows\system32\api-ms-win-crt-filesystem-l1-1-0.dll
0x000007feed840000 - 0x000007feed843000 	C:\Windows\system32\api-ms-win-crt-time-l1-1-0.dll
0x000007feed830000 - 0x000007feed833000 	C:\Windows\system32\api-ms-win-crt-environment-l1-1-0.dll
0x000007feed820000 - 0x000007feed825000 	C:\Windows\system32\api-ms-win-crt-math-l1-1-0.dll
0x000007feed810000 - 0x000007feed813000 	C:\Windows\system32\api-ms-win-crt-utility-l1-1-0.dll
0x000007fee3230000 - 0x000007fee4173000 	F:\VivadoInstallation\vivadoInst\Vivado\2019.2\lib\win64.o\librdi_common.dll
0x000007fee5e80000 - 0x000007fee61ee000 	F:\VivadoInstallation\vivadoInst\Vivado\2019.2\lib\win64.o\libCOIN-all.dll
0x000007feed7d0000 - 0x000007feed7e4000 	F:\VivadoInstallation\vivadoInst\Vivado\2019.2\lib\win64.o\libboost_date_time.dll
0x000007feed7a0000 - 0x000007feed7c6000 	F:\VivadoInstallation\vivadoInst\Vivado\2019.2\lib\win64.o\libboost_filesystem.dll
0x000007feeb410000 - 0x000007feeb41b000 	F:\VivadoInstallation\vivadoInst\Vivado\2019.2\lib\win64.o\libboost_system.dll
0x000007feff1a0000 - 0x000007feff27b000 	C:\Windows\system32\ADVAPI32.dll
0x000007fefd6f0000 - 0x000007fefd78f000 	C:\Windows\system32\msvcrt.dll
0x000007feff320000 - 0x000007feff33f000 	C:\Windows\SYSTEM32\sechost.dll
0x000007fefdc70000 - 0x000007fefdd9c000 	C:\Windows\system32\RPCRT4.dll
0x000007feeb2a0000 - 0x000007feeb31f000 	F:\VivadoInstallation\vivadoInst\Vivado\2019.2\lib\win64.o\libboost_program_options.dll
0x000007fee8610000 - 0x000007fee8724000 	F:\VivadoInstallation\vivadoInst\Vivado\2019.2\lib\win64.o\libboost_regex.dll
0x0000000077550000 - 0x000000007764b000 	C:\Windows\system32\USER32.dll
0x000007fefd680000 - 0x000007fefd6e7000 	C:\Windows\system32\GDI32.dll
0x000007feffa50000 - 0x000007feffa5e000 	C:\Windows\system32\LPK.dll
0x000007fefdb20000 - 0x000007fefdbeb000 	C:\Windows\system32\USP10.dll
0x000007feeb200000 - 0x000007feeb221000 	F:\VivadoInstallation\vivadoInst\Vivado\2019.2\lib\win64.o\libboost_thread.dll
0x000007feeb400000 - 0x000007feeb40d000 	F:\VivadoInstallation\vivadoInst\Vivado\2019.2\lib\win64.o\libboost_chrono.dll
0x000007feeb3f0000 - 0x000007feeb3ff000 	F:\VivadoInstallation\vivadoInst\Vivado\2019.2\lib\win64.o\libboost_xilinx.dll
0x000007fee9840000 - 0x000007fee98c2000 	F:\VivadoInstallation\vivadoInst\Vivado\2019.2\lib\win64.o\libhdlpsolve.dll
0x000007fee9730000 - 0x000007fee97d5000 	F:\VivadoInstallation\vivadoInst\Vivado\2019.2\lib\win64.o\libhdxml.dll
0x000007fee2630000 - 0x000007fee322c200 	F:\VivadoInstallation\vivadoInst\Vivado\2019.2\lib\win64.o\libisl_iostreams.dll
0x000007feeb390000 - 0x000007feeb3ab000 	F:\VivadoInstallation\vivadoInst\Vivado\2019.2\lib\win64.o\libboost_iostreams.dll
0x000007fee9700000 - 0x000007fee9721000 	F:\VivadoInstallation\vivadoInst\Vivado\2019.2\lib\win64.o\librdizlib.dll
0x000007fee9e10000 - 0x000007fee9e35000 	F:\VivadoInstallation\vivadoInst\Vivado\2019.2\lib\win64.o\libisl_iosutils.dll
0x000007fee9900000 - 0x000007fee991a000 	F:\VivadoInstallation\vivadoInst\Vivado\2019.2\lib\win64.o\pthreadVC2.dll
0x000007fefa840000 - 0x000007fefa849000 	C:\Windows\system32\WSOCK32.dll
0x000007fefdff0000 - 0x000007fefe03d000 	C:\Windows\system32\WS2_32.dll
0x000007fefdfe0000 - 0x000007fefdfe8000 	C:\Windows\system32\NSI.dll
0x000007fefcc40000 - 0x000007fefcc62000 	C:\Windows\system32\bcrypt.dll
0x000007fee96b0000 - 0x000007fee96de000 	F:\VivadoInstallation\vivadoInst\Vivado\2019.2\lib\win64.o\libisl_sysinfo.dll
0x000007fee85a0000 - 0x000007fee8605000 	F:\VivadoInstallation\vivadoInst\Vivado\2019.2\lib\win64.o\liblmx6.0.dll
0x000007fee6dd0000 - 0x000007fee6f71000 	F:\VivadoInstallation\vivadoInst\Vivado\2019.2\lib\win64.o\librdi_commonxillic.dll
0x000007fee2350000 - 0x000007fee262b000 	F:\VivadoInstallation\vivadoInst\Vivado\2019.2\lib\win64.o\libXil_lmgr11.dll
0x000007fefaf00000 - 0x000007fefaf16000 	C:\Windows\system32\NETAPI32.dll
0x000007fefaef0000 - 0x000007fefaefc000 	C:\Windows\system32\netutils.dll
0x000007fefcd70000 - 0x000007fefcd93000 	C:\Windows\system32\srvcli.dll
0x000007fefad30000 - 0x000007fefad45000 	C:\Windows\system32\wkscli.dll
0x000007fefd970000 - 0x000007fefda07000 	C:\Windows\system32\COMDLG32.dll
0x000007fefdbf0000 - 0x000007fefdc61000 	C:\Windows\system32\SHLWAPI.dll
0x000007fef9b40000 - 0x000007fef9be0000 	C:\Windows\WinSxS\amd64_microsoft.windows.common-controls_6595b64144ccf1df_5.82.7601.18837_none_a4d981ff711297b6\COMCTL32.dll
0x000007fefe120000 - 0x000007fefeeab000 	C:\Windows\system32\SHELL32.dll
0x000007fefe040000 - 0x000007fefe11b000 	C:\Windows\system32\OLEAUT32.dll
0x000007feff7f0000 - 0x000007feff9ef000 	C:\Windows\system32\ole32.dll
0x000007fef95f0000 - 0x000007fef9608000 	C:\Windows\system32\dhcpcsvc.DLL
0x000007feeb290000 - 0x000007feeb293000 	C:\Windows\system32\api-ms-win-crt-conio-l1-1-0.dll
0x000007fefd480000 - 0x000007fefd4bb000 	C:\Windows\system32\WINTRUST.dll
0x000007fefd2f0000 - 0x000007fefd45d000 	C:\Windows\system32\CRYPT32.dll
0x000007fefd2c0000 - 0x000007fefd2cf000 	C:\Windows\system32\MSASN1.dll
0x000007feeaf00000 - 0x000007feeaf1c000 	F:\VivadoInstallation\vivadoInst\Vivado\2019.2\lib\win64.o\librdiconfig.dll
0x000000005ffd0000 - 0x00000000600fb000 	F:\VivadoInstallation\vivadoInst\Vivado\2019.2\lib\win64.o\tcl85t.dll
0x0000000012000000 - 0x0000000012270000 	F:\VivadoInstallation\vivadoInst\Vivado\2019.2\lib\win64.o\xerces-c_3_1.dll
0x000007feff340000 - 0x000007feff7ec000 	C:\Windows\system32\WININET.dll
0x000007fefd2e0000 - 0x000007fefd2e4000 	C:\Windows\system32\api-ms-win-downlevel-user32-l1-1-0.dll
0x000007fefd470000 - 0x000007fefd474000 	C:\Windows\system32\api-ms-win-downlevel-shlwapi-l1-1-0.dll
0x000007fefd460000 - 0x000007fefd464000 	C:\Windows\system32\api-ms-win-downlevel-version-l1-1-0.dll
0x000007fefc500000 - 0x000007fefc50c000 	C:\Windows\system32\version.DLL
0x000007fefd640000 - 0x000007fefd643000 	C:\Windows\system32\api-ms-win-downlevel-normaliz-l1-1-0.dll
0x0000000077920000 - 0x0000000077923000 	C:\Windows\system32\normaliz.DLL
0x000007fefeed0000 - 0x000007feff19c000 	C:\Windows\system32\iertutil.dll
0x000007fefd670000 - 0x000007fefd675000 	C:\Windows\system32\api-ms-win-downlevel-advapi32-l1-1-0.dll
0x000007fefd650000 - 0x000007fefd66f000 	C:\Windows\system32\USERENV.dll
0x000007fefd2d0000 - 0x000007fefd2df000 	C:\Windows\system32\profapi.dll
0x000007fef8780000 - 0x000007fef87f1000 	C:\Windows\system32\WINHTTP.dll
0x000007fef8710000 - 0x000007fef8775000 	C:\Windows\system32\webio.dll
0x000007fefddd0000 - 0x000007fefdf5a000 	C:\Windows\system32\urlmon.dll
0x000007fefd630000 - 0x000007fefd634000 	C:\Windows\system32\api-ms-win-downlevel-ole32-l1-1-0.dll
0x000007fee14b0000 - 0x000007fee2341000 	F:\VivadoInstallation\vivadoInst\Vivado\2019.2\lib\win64.o\gurobi65.dll
0x000007fee9530000 - 0x000007fee9561000 	C:\Windows\system32\VCOMP140.DLL
0x000007fee9820000 - 0x000007fee9836000 	F:\VivadoInstallation\vivadoInst\Vivado\2019.2\lib\win64.o\librdi_commonmain.dll
0x000007fee96a0000 - 0x000007fee96aa000 	F:\VivadoInstallation\vivadoInst\Vivado\2019.2\lib\win64.o\librdi_commonversion.dll
0x000007fefdda0000 - 0x000007fefddce000 	C:\Windows\system32\IMM32.DLL
0x000007fefda10000 - 0x000007fefdb1b000 	C:\Windows\system32\MSCTF.dll
0x000007fee0f90000 - 0x000007fee14a7000 	F:\VivadoInstallation\vivadoInst\Vivado\2019.2\lib\win64.o\librdi_commontasks.dll
0x000000005f5a0000 - 0x000000005ffc5000 	F:\VivadoInstallation\vivadoInst\Vivado\2019.2\tps\win64\jre9.0.4\bin\server\jvm.dll
0x000007fefb520000 - 0x000007fefb55b000 	C:\Windows\system32\WINMM.dll
0x0000000077910000 - 0x0000000077917000 	C:\Windows\system32\PSAPI.DLL
0x000007fee6ce0000 - 0x000007fee6dcf000 	C:\Windows\system32\MSVCR120.dll
0x000007fee0ca0000 - 0x000007fee0f83000 	F:\VivadoInstallation\vivadoInst\Vivado\2019.2\lib\win64.o\librdi_sio.dll
0x000007fef97f0000 - 0x000007fef9817000 	C:\Windows\system32\IPHLPAPI.DLL
0x000007fef97e0000 - 0x000007fef97eb000 	C:\Windows\system32\WINNSI.DLL
0x000007fefca40000 - 0x000007fefca95000 	C:\Windows\system32\MSWSOCK.DLL
0x000007fede550000 - 0x000007fee0c95000 	F:\VivadoInstallation\vivadoInst\Vivado\2019.2\lib\win64.o\librdi_tcltasks.dll
0x000007fede090000 - 0x000007fede544000 	F:\VivadoInstallation\vivadoInst\Vivado\2019.2\lib\win64.o\librdi_bitstream.dll
0x000007fec94e0000 - 0x000007fede08b000 	F:\VivadoInstallation\vivadoInst\Vivado\2019.2\lib\win64.o\librdi_device.dll
0x000007fee94e0000 - 0x000007fee952c000 	F:\VivadoInstallation\vivadoInst\Vivado\2019.2\lib\win64.o\libboost_serialization.dll
0x000007fec8990000 - 0x000007fec94d7000 	F:\VivadoInstallation\vivadoInst\Vivado\2019.2\lib\win64.o\libverific.dll
0x000007fee5ce0000 - 0x000007fee5e7d000 	F:\VivadoInstallation\vivadoInst\Vivado\2019.2\lib\win64.o\librdi_board.dll
0x000007fee6c60000 - 0x000007fee6cdb000 	F:\VivadoInstallation\vivadoInst\Vivado\2019.2\lib\win64.o\librdi_boarddep.dll
0x000007fec8830000 - 0x000007fec8982000 	F:\VivadoInstallation\vivadoInst\Vivado\2019.2\lib\win64.o\librdi_cd_client.dll
0x000007fec8690000 - 0x000007fec8830000 	F:\VivadoInstallation\vivadoInst\Vivado\2019.2\lib\win64.o\librdi_cd_protocol.dll
0x000007fee42a0000 - 0x000007fee438f000 	F:\VivadoInstallation\vivadoInst\Vivado\2019.2\lib\win64.o\librdi_chipscope.dll
0x000007fec84e0000 - 0x000007fec8681000 	F:\VivadoInstallation\vivadoInst\Vivado\2019.2\lib\win64.o\librdi_advchipscopeimpl.dll
0x000007fec6a00000 - 0x000007fec84da000 	F:\VivadoInstallation\vivadoInst\Vivado\2019.2\lib\win64.o\librdi_constraints.dll
0x000007fec6390000 - 0x000007fec69fb000 	F:\VivadoInstallation\vivadoInst\Vivado\2019.2\lib\win64.o\librdi_filemgmt.dll
0x000007fec6170000 - 0x000007fec6390000 	F:\VivadoInstallation\vivadoInst\Vivado\2019.2\lib\win64.o\librdi_hip_devdesign.dll
0x000007fec6090000 - 0x000007fec6167000 	F:\VivadoInstallation\vivadoInst\Vivado\2019.2\lib\win64.o\librdi_ipconfig_readwrite.dll
0x000007fec59a0000 - 0x000007fec6083000 	F:\VivadoInstallation\vivadoInst\Vivado\2019.2\lib\win64.o\librdi_netlist.dll
0x000007fee7500000 - 0x000007fee7588000 	F:\VivadoInstallation\vivadoInst\Vivado\2019.2\lib\win64.o\librdi_meir_core.dll
0x000007fee8d30000 - 0x000007fee8d7a000 	F:\VivadoInstallation\vivadoInst\Vivado\2019.2\lib\win64.o\librdi_noc_frameworks.dll
0x000007fec57b0000 - 0x000007fec5994000 	F:\VivadoInstallation\vivadoInst\Vivado\2019.2\lib\win64.o\librdi_hip_config.dll
0x000007fec5210000 - 0x000007fec57ad000 	F:\VivadoInstallation\vivadoInst\Vivado\2019.2\lib\win64.o\librdi_ippcw.dll
0x000007fec5050000 - 0x000007fec520b000 	F:\VivadoInstallation\vivadoInst\Vivado\2019.2\lib\win64.o\librdi_hip_noc_tools.dll

VM Arguments:
jvm_args: -Dsun.java2d.pmoffscreen=false -Dsun.java2d.xrender=false -Dsun.java2d.d3d=false -Dsun.awt.nopixfmt=true -Dsun.java2d.dpiaware=true -Dsun.java2d.uiScale.enabled=false -Xverify:none -Dswing.aatext=true -XX:-UsePerfData -Djdk.map.althashing.threshold=512 -XX:StringTableSize=4072 --add-opens=java.base/java.nio=ALL-UNNAMED --add-opens=java.desktop/sun.swing=ALL-UNNAMED --add-opens=java.desktop/javax.swing=ALL-UNNAMED --add-opens=java.desktop/javax.swing.tree=ALL-UNNAMED --add-opens=java.desktop/javax.swing.plaf.basic=ALL-UNNAMED --add-opens=java.desktop/javax.swing.plaf.synth=ALL-UNNAMED --add-opens=java.desktop/com.sun.awt=ALL-UNNAMED -XX:NewSize=60m -XX:MaxNewSize=60m -Xms128m -Xmx3072m -Xss5m 
java_command: <unknown>
java_class_path (initial): F:/VivadoInstallation/vivadoInst/Vivado/2019.2\lib\classes\alloy.jar;F:/VivadoInstallation/vivadoInst/Vivado/2019.2\lib\classes\autoesl-common.jar;F:/VivadoInstallation/vivadoInst/Vivado/2019.2\lib\classes\autoesl-models.jar;F:/VivadoInstallation/vivadoInst/Vivado/2019.2\lib\classes\autoesl-report.jar;F:/VivadoInstallation/vivadoInst/Vivado/2019.2\lib\classes\autopilot.scelaborator.jar;F:/VivadoInstallation/vivadoInst/Vivado/2019.2\lib\classes\autopilot.sourceprocessor.jar;F:/VivadoInstallation/vivadoInst/Vivado/2019.2\lib\classes\autopilot.tbprocessor.jar;F:/VivadoInstallation/vivadoInst/Vivado/2019.2\lib\classes\batik-anim.jar;F:/VivadoInstallation/vivadoInst/Vivado/2019.2\lib\classes\batik-awt-util.jar;F:/VivadoInstallation/vivadoInst/Vivado/2019.2\lib\classes\batik-bridge.jar;F:/VivadoInstallation/vivadoInst/Vivado/2019.2\lib\classes\batik-codec.jar;F:/VivadoInstallation/vivadoInst/Vivado/2019.2\lib\classes\batik-css.jar;F:/VivadoInstallation/vivadoInst/Vivado/2019.2\lib\classes\batik-dom.jar;F:/VivadoInstallation/vivadoInst/Vivado/2019.2\lib\classes\batik-ext.jar;F:/VivadoInstallation/vivadoInst/Vivado/2019.2\lib\classes\batik-gui-util.jar;F:/VivadoInstallation/vivadoInst/Vivado/2019.2\lib\classes\batik-gvt.jar;F:/VivadoInstallation/vivadoInst/Vivado/2019.2\lib\classes\batik-parser.jar;F:/VivadoInstallation/vivadoInst/Vivado/2019.2\lib\classes\batik-script.jar;F:/VivadoInstallation/vivadoInst/Vivado/2019.2\lib\classes\batik-svg-dom.jar;F:/VivadoInstallation/vivadoInst/Vivado/2019.2\lib\classes\batik-swing.jar;F:/VivadoInstallation/vivadoInst/Vivado/2019.2\lib\classes\batik-transcoder.jar;F:/VivadoInstallation/vivadoInst/Vivado/2019.2\lib\classes\batik-util.jar;F:/VivadoInstallation/vivadoInst/Vivado/2019.2\lib\classes\batik-xml.jar;F:/VivadoInstallation/vivadoInst/Vivado/2019.2\lib\classes\com.google.gson_2.7.0.v20170129-0911.jar;F:/VivadoInstallation/vivadoInst/Vivado/2019.2\lib\classes\com.google.guava_21.0.0.v20170206-1425.jar;F:
Launcher Type: generic

Logging:
Log output configuration:
#0: stdout all=warning uptime,level,tags
#1: stderr all=off uptime,level,tags

Environment Variables:
PATH=F:/VivadoInstallation/vivadoInst/Vivado/2019.2\gnuwin\bin;F:/VivadoInstallation/vivadoInst/Vivado/2019.2\gnu\microblaze\nt\bin;F:/VivadoInstallation/vivadoInst/Vivado/2019.2/bin;F:/VivadoInstallation/vivadoInst/Vivado/2019.2/lib/win64.o;F:/VivadoInstallation/vivadoInst/Vivado/2019.2/tps/win64/jre9.0.4/bin/server;F:/VivadoInstallation/vivadoInst/Vivado/2019.2/tps/win64/jre9.0.4/bin;F:/VivadoInstallation/vivadoInst/Vivado/2019.2/ids_lite/ISE/bin/nt64;F:/VivadoInstallation/vivadoInst/Vivado/2019.2/ids_lite/ISE/lib/nt64;C:\ProgramData\Oracle\Java\javapath;C:\Windows\system32;C:\Windows;C:\Windows\System32\Wbem;C:\Windows\System32\WindowsPowerShell\v1.0\;C:\Program Files\MATLAB\MATLAB Production Server\R2015a\bin;C:\Program Files\PuTTY\;C:\Program Files\Git\cmd;C:\Strawberry\c\bin;C:\Strawberry\perl\site\bin;C:\Strawberry\perl\bin;C:\Users\Aggelos\AppData\Local\Programs\MiKTeX 2.9\miktex\bin\x64\;C:\Users\Aggelos\AppData\Local\GitHubDesktop\bin;C:\Users\Aggelos\AppData\Local\Programs\Microsoft VS Code\bin;F:/VivadoInstallation/vivadoInst/Vivado/2019.2\tps\mingw\6.2.0\win64.o\nt\bin;F:/VivadoInstallation/vivadoInst/Vivado/2019.2\tps\mingw\6.2.0\win64.o\nt\libexec\gcc\x86_64-w64-mingw32\6.2.0;F:/VivadoInstallation/vivadoInst/Vivado/2019.2\tps\win64\python-2.7.5;F:/VivadoInstallation/vivadoInst/Vivado/2019.2\tps\win64\python-2.7.5\bin;F:/VivadoInstallation/vivadoInst/Vivado/2019.2\tps\win64\python-2.7.5\lib;F:/VivadoInstallation/vivadoInst/Vivado/2019.2\tps\win64\python-2.7.5\Lib\lib-tk;F:/VivadoInstallation/vivadoInst/Vivado/2019.2\tps\win64\python-2.7.5\lib\site-packages
USERNAME=Aggelos
OS=Windows_NT
PROCESSOR_IDENTIFIER=Intel64 Family 6 Model 42 Stepping 7, GenuineIntel



---------------  S Y S T E M  ---------------

OS: Windows 7 , 64 bit Build 7601 (6.1.7601.24545)

CPU:total 8 (initial active 8) (4 cores per cpu, 2 threads per core) family 6 model 42 stepping 7, cmov, cx8, fxsr, mmx, sse, sse2, sse3, ssse3, sse4.1, sse4.2, popcnt, avx, aes, clmul, ht, tsc, tscinvbit

Memory: 4k page, physical 8337772k(5520380k free), swap 26896656k(19786052k free)

vm_info: Java HotSpot(TM) 64-Bit Server VM (9.0.4+11) for windows-amd64 JRE (9.0.4+11), built on Dec 20 2017 02:18:54 by "mach5one" with MS VC++ 12.0 (VS2013)

END.
