Vivado Simulator 2019.2
Time resolution is 1 ps
All Descriptors are Fully scheduled 
Correct BRAM :: BTS=SB and correct Status
          0 Correct Sheduled Desc :    1!!Correct Transfer for Desc :    1
          1 Correct Sheduled Desc :   14!!Correct Transfer for Desc :   14
          2 Correct Sheduled Desc :   16!!Correct Transfer for Desc :   16
          3 Correct Sheduled Desc :   17!!Correct Transfer for Desc :   17
          4 Correct Sheduled Desc :   24!!Correct Transfer for Desc :   24
          5 Correct Sheduled Desc :   27!!Correct Transfer for Desc :   27
          6 Correct Sheduled Desc :   30!!Correct Transfer for Desc :   30
          7 Correct Sheduled Desc :   31!!Correct Transfer for Desc :   31
          8 Correct Sheduled Desc :   37!!Correct Transfer for Desc :   37
          9 Correct Sheduled Desc :   39!!Correct Transfer for Desc :   39
         10 Correct Sheduled Desc :   42!!Correct Transfer for Desc :   42
         11 Correct Sheduled Desc :   43!!Correct Transfer for Desc :   43
         12 Correct Sheduled Desc :   51!!Correct Transfer for Desc :   51
         13 Correct Sheduled Desc :   56!!Correct Transfer for Desc :   56
         14 Correct Sheduled Desc :   57!!Correct Transfer for Desc :   57
         15 Correct Sheduled Desc :   58!!Correct Transfer for Desc :   58
         16 Correct Sheduled Desc :   59!!Correct Transfer for Desc :   59
         17 Correct Sheduled Desc :   60!!Correct Transfer for Desc :   60
         18 Correct Sheduled Desc :   66!!Correct Transfer for Desc :   66
         19 Correct Sheduled Desc :   68!!Correct Transfer for Desc :   68
         20 Correct Sheduled Desc :   75!!Correct Transfer for Desc :   75
         21 Correct Sheduled Desc :   77!!Correct Transfer for Desc :   77
         22 Correct Sheduled Desc :   78!!Correct Transfer for Desc :   78
         23 Correct Sheduled Desc :   82!!Correct Transfer for Desc :   82
         24 Correct Sheduled Desc :   83!!Correct Transfer for Desc :   83
         25 Correct Sheduled Desc :   84!!Correct Transfer for Desc :   84
         26 Correct Sheduled Desc :   86!!Correct Transfer for Desc :   86
         27 Correct Sheduled Desc :   88!!Correct Transfer for Desc :   88
         28 Correct Sheduled Desc :   90!!Correct Transfer for Desc :   90
         29 Correct Sheduled Desc :   92!!Correct Transfer for Desc :   92
         30 Correct Sheduled Desc :   94!!Correct Transfer for Desc :   94
         31 Correct Sheduled Desc :   98!!Correct Transfer for Desc :   98
         32 Correct Sheduled Desc :  100!!Correct Transfer for Desc :  100
         33 Correct Sheduled Desc :  101!!Correct Transfer for Desc :  101
         34 Correct Sheduled Desc :  107!!Correct Transfer for Desc :  107
         35 Correct Sheduled Desc :  117!!Correct Transfer for Desc :  117
         36 Correct Sheduled Desc :  120!!Correct Transfer for Desc :  120
         37 Correct Sheduled Desc :  123!!Correct Transfer for Desc :  123
         38 Correct Sheduled Desc :  124!!Correct Transfer for Desc :  124
         39 Correct Sheduled Desc :  125!!Correct Transfer for Desc :  125
         40 Correct Sheduled Desc :  126!!Correct Transfer for Desc :  126
         41 Correct Sheduled Desc :  129!!Correct Transfer for Desc :  129
         42 Correct Sheduled Desc :  132!!Correct Transfer for Desc :  132
         43 Correct Sheduled Desc :  133!!Correct Transfer for Desc :  133
         44 Correct Sheduled Desc :  143!!Correct Transfer for Desc :  143
         45 Correct Sheduled Desc :  144!!Correct Transfer for Desc :  144
         46 Correct Sheduled Desc :  151!!Correct Transfer for Desc :  151
         47 Correct Sheduled Desc :  156!!Correct Transfer for Desc :  156
         48 Correct Sheduled Desc :  157!!Correct Transfer for Desc :  157
         49 Correct Sheduled Desc :  158!!Correct Transfer for Desc :  158
         50 Correct Sheduled Desc :  160!!Correct Transfer for Desc :  160
         51 Correct Sheduled Desc :  161!!Correct Transfer for Desc :  161
         52 Correct Sheduled Desc :  173!!Correct Transfer for Desc :  173
         53 Correct Sheduled Desc :  175!!Correct Transfer for Desc :  175
         54 Correct Sheduled Desc :  180!!Correct Transfer for Desc :  180
         55 Correct Sheduled Desc :  181!!Correct Transfer for Desc :  181
         56 Correct Sheduled Desc :  181!!Correct Transfer for Desc :  181
         57 Correct Sheduled Desc :  187!!Correct Transfer for Desc :  187
         58 Correct Sheduled Desc :  188!!Correct Transfer for Desc :  188
         59 Correct Sheduled Desc :  189!!Correct Transfer for Desc :  189
         60 Correct Sheduled Desc :  190!!Correct Transfer for Desc :  190
         61 Correct Sheduled Desc :  191!!Correct Transfer for Desc :  191
         62 Correct Sheduled Desc :  192!!Correct Transfer for Desc :  192
         63 Correct Sheduled Desc :  198!!Correct Transfer for Desc :  198
         64 Correct Sheduled Desc :  201!!Correct Transfer for Desc :  201
         65 Correct Sheduled Desc :  203!!Correct Transfer for Desc :  203
         66 Correct Sheduled Desc :  208!!Correct Transfer for Desc :  208
         67 Correct Sheduled Desc :  209!!Correct Transfer for Desc :  209
         68 Correct Sheduled Desc :  218!!Correct Transfer for Desc :  218
         69 Correct Sheduled Desc :  220!!Correct Transfer for Desc :  220
         70 Correct Sheduled Desc :  225!!Correct Transfer for Desc :  225
         71 Correct Sheduled Desc :  234!!Correct Transfer for Desc :  234
         72 Correct Sheduled Desc :  235!!Correct Transfer for Desc :  235
         73 Correct Sheduled Desc :  236!!Correct Transfer for Desc :  236
         74 Correct Sheduled Desc :  238!!Correct Transfer for Desc :  238
         75 Correct Sheduled Desc :  240!!Correct Transfer for Desc :  240
         76 Correct Sheduled Desc :  241!!Correct Transfer for Desc :  241
         77 Correct Sheduled Desc :  243!!Correct Transfer for Desc :  243
         78 Correct Sheduled Desc :  249!!Correct Transfer for Desc :  249
         79 Correct Sheduled Desc :  252!!Correct Transfer for Desc :  252
         80 Correct Sheduled Desc :  257!!Correct Transfer for Desc :  257
         81 Correct Sheduled Desc :  260!!Correct Transfer for Desc :  260
         82 Correct Sheduled Desc :  263!!Correct Transfer for Desc :  263
         83 Correct Sheduled Desc :  278!!Correct Transfer for Desc :  278
         84 Correct Sheduled Desc :  279!!Correct Transfer for Desc :  279
         85 Correct Sheduled Desc :  288!!Correct Transfer for Desc :  288
         86 Correct Sheduled Desc :  294!!Correct Transfer for Desc :  294
         87 Correct Sheduled Desc :  298!!Correct Transfer for Desc :  298
         88 Correct Sheduled Desc :  306!!Correct Transfer for Desc :  306
         89 Correct Sheduled Desc :  310!!Correct Transfer for Desc :  310
         90 Correct Sheduled Desc :  311!!Correct Transfer for Desc :  311
         91 Correct Sheduled Desc :  315!!Correct Transfer for Desc :  315
         92 Correct Sheduled Desc :  318!!Correct Transfer for Desc :  318
         93 Correct Sheduled Desc :  319!!Correct Transfer for Desc :  319
         94 Correct Sheduled Desc :  325!!Correct Transfer for Desc :  325
         95 Correct Sheduled Desc :  331!!Correct Transfer for Desc :  331
         96 Correct Sheduled Desc :  332!!Correct Transfer for Desc :  332
         97 Correct Sheduled Desc :  337!!Correct Transfer for Desc :  337
         98 Correct Sheduled Desc :  342!!Correct Transfer for Desc :  342
         99 Correct Sheduled Desc :  345!!Correct Transfer for Desc :  345
        100 Correct Sheduled Desc :  347!!Correct Transfer for Desc :  347
        101 Correct Sheduled Desc :  348!!Correct Transfer for Desc :  348
        102 Correct Sheduled Desc :  351!!Correct Transfer for Desc :  351
        103 Correct Sheduled Desc :  357!!Correct Transfer for Desc :  357
        104 Correct Sheduled Desc :  358!!Correct Transfer for Desc :  358
        105 Correct Sheduled Desc :  364!!Correct Transfer for Desc :  364
        106 Correct Sheduled Desc :  374!!Correct Transfer for Desc :  374
        107 Correct Sheduled Desc :  375!!Correct Transfer for Desc :  375
        108 Correct Sheduled Desc :  378!!Correct Transfer for Desc :  378
        109 Correct Sheduled Desc :  380!!Correct Transfer for Desc :  380
        110 Correct Sheduled Desc :  381!!Correct Transfer for Desc :  381
        111 Correct Sheduled Desc :  385!!Correct Transfer for Desc :  385
        112 Correct Sheduled Desc :  386!!Correct Transfer for Desc :  386
        113 Correct Sheduled Desc :  389!!Correct Transfer for Desc :  389
        114 Correct Sheduled Desc :  390!!Correct Transfer for Desc :  390
        115 Correct Sheduled Desc :  391!!Correct Transfer for Desc :  391
        116 Correct Sheduled Desc :  392!!Correct Transfer for Desc :  392
        117 Correct Sheduled Desc :  393!!Correct Transfer for Desc :  393
        118 Correct Sheduled Desc :  394!!Correct Transfer for Desc :  394
        119 Correct Sheduled Desc :  397!!Correct Transfer for Desc :  397
        120 Correct Sheduled Desc :  398!!Correct Transfer for Desc :  398
        121 Correct Sheduled Desc :  401!!Correct Transfer for Desc :  401
        122 Correct Sheduled Desc :  402!!Correct Transfer for Desc :  402
        123 Correct Sheduled Desc :  404!!Correct Transfer for Desc :  404
        124 Correct Sheduled Desc :  405!!Correct Transfer for Desc :  405
        125 Correct Sheduled Desc :  407!!Correct Transfer for Desc :  407
        126 Correct Sheduled Desc :  408!!Correct Transfer for Desc :  408
        127 Correct Sheduled Desc :  411!!Correct Transfer for Desc :  411
        128 Correct Sheduled Desc :  412!!Correct Transfer for Desc :  412
        129 Correct Sheduled Desc :  413!!Correct Transfer for Desc :  413
        130 Correct Sheduled Desc :  417!!Correct Transfer for Desc :  417
        131 Correct Sheduled Desc :  423!!Correct Transfer for Desc :  423
        132 Correct Sheduled Desc :  425!!Correct Transfer for Desc :  425
        133 Correct Sheduled Desc :  426!!Correct Transfer for Desc :  426
        134 Correct Sheduled Desc :  429!!Correct Transfer for Desc :  429
        135 Correct Sheduled Desc :  432!!Correct Transfer for Desc :  432
        136 Correct Sheduled Desc :  435!!Correct Transfer for Desc :  435
        137 Correct Sheduled Desc :  437!!Correct Transfer for Desc :  437
        138 Correct Sheduled Desc :  439!!Correct Transfer for Desc :  439
        139 Correct Sheduled Desc :  443!!Correct Transfer for Desc :  443
        140 Correct Sheduled Desc :  444!!Correct Transfer for Desc :  444
        141 Correct Sheduled Desc :  445!!Correct Transfer for Desc :  445
        142 Correct Sheduled Desc :  446!!Correct Transfer for Desc :  446
        143 Correct Sheduled Desc :  447!!Correct Transfer for Desc :  447
        144 Correct Sheduled Desc :  448!!Correct Transfer for Desc :  448
        145 Correct Sheduled Desc :  454!!Correct Transfer for Desc :  454
        146 Correct Sheduled Desc :  455!!Correct Transfer for Desc :  455
        147 Correct Sheduled Desc :  456!!Correct Transfer for Desc :  456
        148 Correct Sheduled Desc :  457!!Correct Transfer for Desc :  457
        149 Correct Sheduled Desc :  459!!Correct Transfer for Desc :  459
        150 Correct Sheduled Desc :  460!!Correct Transfer for Desc :  460
        151 Correct Sheduled Desc :  463!!Correct Transfer for Desc :  463
        152 Correct Sheduled Desc :  466!!Correct Transfer for Desc :  466
        153 Correct Sheduled Desc :  474!!Correct Transfer for Desc :  474
        154 Correct Sheduled Desc :  475!!Correct Transfer for Desc :  475
        155 Correct Sheduled Desc :  476!!Correct Transfer for Desc :  476
        156 Correct Sheduled Desc :  479!!Correct Transfer for Desc :  479
        157 Correct Sheduled Desc :  481!!Correct Transfer for Desc :  481
        158 Correct Sheduled Desc :  488!!Correct Transfer for Desc :  488
        159 Correct Sheduled Desc :  494!!Correct Transfer for Desc :  494
        160 Correct Sheduled Desc :  497!!Correct Transfer for Desc :  497
        161 Correct Sheduled Desc :  505!!Correct Transfer for Desc :  505
        162 Correct Sheduled Desc :  508!!Correct Transfer for Desc :  508
        163 Correct Sheduled Desc :  509!!Correct Transfer for Desc :  509
        164 Correct Sheduled Desc :  511!!Correct Transfer for Desc :  511
        165 Correct Sheduled Desc :  513!!Correct Transfer for Desc :  513
        166 Correct Sheduled Desc :  516!!Correct Transfer for Desc :  516
        167 Correct Sheduled Desc :  520!!Correct Transfer for Desc :  520
        168 Correct Sheduled Desc :  524!!Correct Transfer for Desc :  524
        169 Correct Sheduled Desc :  525!!Correct Transfer for Desc :  525
        170 Correct Sheduled Desc :  531!!Correct Transfer for Desc :  531
        171 Correct Sheduled Desc :  535!!Correct Transfer for Desc :  535
        172 Correct Sheduled Desc :  542!!Correct Transfer for Desc :  542
        173 Correct Sheduled Desc :  543!!Correct Transfer for Desc :  543
        174 Correct Sheduled Desc :  545!!Correct Transfer for Desc :  545
        175 Correct Sheduled Desc :  548!!Correct Transfer for Desc :  548
        176 Correct Sheduled Desc :  552!!Correct Transfer for Desc :  552
        177 Correct Sheduled Desc :  554!!Correct Transfer for Desc :  554
        178 Correct Sheduled Desc :  561!!Correct Transfer for Desc :  561
        179 Correct Sheduled Desc :  565!!Correct Transfer for Desc :  565
        180 Correct Sheduled Desc :  566!!Correct Transfer for Desc :  566
        181 Correct Sheduled Desc :  570!!Correct Transfer for Desc :  570
        182 Correct Sheduled Desc :  573!!Correct Transfer for Desc :  573
        183 Correct Sheduled Desc :  575!!Correct Transfer for Desc :  575
        184 Correct Sheduled Desc :  585!!Correct Transfer for Desc :  585
        185 Correct Sheduled Desc :  586!!Correct Transfer for Desc :  586
        186 Correct Sheduled Desc :  587!!Correct Transfer for Desc :  587
        187 Correct Sheduled Desc :  591!!Correct Transfer for Desc :  591
        188 Correct Sheduled Desc :  592!!Correct Transfer for Desc :  592
        189 Correct Sheduled Desc :  596!!Correct Transfer for Desc :  596
        190 Correct Sheduled Desc :  599!!Correct Transfer for Desc :  599
        191 Correct Sheduled Desc :  602!!Correct Transfer for Desc :  602
        192 Correct Sheduled Desc :  603!!Correct Transfer for Desc :  603
        193 Correct Sheduled Desc :  604!!Correct Transfer for Desc :  604
        194 Correct Sheduled Desc :  608!!Correct Transfer for Desc :  608
        195 Correct Sheduled Desc :  611!!Correct Transfer for Desc :  611
        196 Correct Sheduled Desc :  612!!Correct Transfer for Desc :  612
        197 Correct Sheduled Desc :  617!!Correct Transfer for Desc :  617
        198 Correct Sheduled Desc :  619!!Correct Transfer for Desc :  619
        199 Correct Sheduled Desc :  628!!Correct Transfer for Desc :  628
        200 Correct Sheduled Desc :  630!!Correct Transfer for Desc :  630
        201 Correct Sheduled Desc :  631!!Correct Transfer for Desc :  631
        202 Correct Sheduled Desc :  632!!Correct Transfer for Desc :  632
        203 Correct Sheduled Desc :  635!!Correct Transfer for Desc :  635
        204 Correct Sheduled Desc :  636!!Correct Transfer for Desc :  636
        205 Correct Sheduled Desc :  638!!Correct Transfer for Desc :  638
        206 Correct Sheduled Desc :  639!!Correct Transfer for Desc :  639
        207 Correct Sheduled Desc :  641!!Correct Transfer for Desc :  641
        208 Correct Sheduled Desc :  644!!Correct Transfer for Desc :  644
        209 Correct Sheduled Desc :  645!!Correct Transfer for Desc :  645
        210 Correct Sheduled Desc :  649!!Correct Transfer for Desc :  649
        211 Correct Sheduled Desc :  653!!Correct Transfer for Desc :  653
        212 Correct Sheduled Desc :  655!!Correct Transfer for Desc :  655
        213 Correct Sheduled Desc :  656!!Correct Transfer for Desc :  656
        214 Correct Sheduled Desc :  658!!Correct Transfer for Desc :  658
        215 Correct Sheduled Desc :  659!!Correct Transfer for Desc :  659
        216 Correct Sheduled Desc :  665!!Correct Transfer for Desc :  665
        217 Correct Sheduled Desc :  666!!Correct Transfer for Desc :  666
        218 Correct Sheduled Desc :  673!!Correct Transfer for Desc :  673
        219 Correct Sheduled Desc :  674!!Correct Transfer for Desc :  674
        220 Correct Sheduled Desc :  676!!Correct Transfer for Desc :  676
        221 Correct Sheduled Desc :  678!!Correct Transfer for Desc :  678
        222 Correct Sheduled Desc :  682!!Correct Transfer for Desc :  682
        223 Correct Sheduled Desc :  688!!Correct Transfer for Desc :  688
        224 Correct Sheduled Desc :  691!!Correct Transfer for Desc :  691
        225 Correct Sheduled Desc :  697!!Correct Transfer for Desc :  697
        226 Correct Sheduled Desc :  698!!Correct Transfer for Desc :  698
        227 Correct Sheduled Desc :  699!!Correct Transfer for Desc :  699
        228 Correct Sheduled Desc :  702!!Correct Transfer for Desc :  702
        229 Correct Sheduled Desc :  703!!Correct Transfer for Desc :  703
        230 Correct Sheduled Desc :  704!!Correct Transfer for Desc :  704
        231 Correct Sheduled Desc :  707!!Correct Transfer for Desc :  707
        232 Correct Sheduled Desc :  712!!Correct Transfer for Desc :  712
        233 Correct Sheduled Desc :  715!!Correct Transfer for Desc :  715
        234 Correct Sheduled Desc :  716!!Correct Transfer for Desc :  716
        235 Correct Sheduled Desc :  717!!Correct Transfer for Desc :  717
        236 Correct Sheduled Desc :  718!!Correct Transfer for Desc :  718
        237 Correct Sheduled Desc :  719!!Correct Transfer for Desc :  719
        238 Correct Sheduled Desc :  722!!Correct Transfer for Desc :  722
        239 Correct Sheduled Desc :  723!!Correct Transfer for Desc :  723
        240 Correct Sheduled Desc :  726!!Correct Transfer for Desc :  726
        241 Correct Sheduled Desc :  727!!Correct Transfer for Desc :  727
        242 Correct Sheduled Desc :  728!!Correct Transfer for Desc :  728
        243 Correct Sheduled Desc :  732!!Correct Transfer for Desc :  732
        244 Correct Sheduled Desc :  734!!Correct Transfer for Desc :  734
        245 Correct Sheduled Desc :  739!!Correct Transfer for Desc :  739
        246 Correct Sheduled Desc :  740!!Correct Transfer for Desc :  740
        247 Correct Sheduled Desc :  744!!Correct Transfer for Desc :  744
        248 Correct Sheduled Desc :  745!!Correct Transfer for Desc :  745
        249 Correct Sheduled Desc :  746!!Correct Transfer for Desc :  746
        250 Correct Sheduled Desc :  747!!Correct Transfer for Desc :  747
        251 Correct Sheduled Desc :  749!!Correct Transfer for Desc :  749
        252 Correct Sheduled Desc :  756!!Correct Transfer for Desc :  756
        253 Correct Sheduled Desc :  757!!Correct Transfer for Desc :  757
        254 Correct Sheduled Desc :  758!!Correct Transfer for Desc :  758
        255 Correct Sheduled Desc :  759!!Correct Transfer for Desc :  759
        256 Correct Sheduled Desc :  763!!Correct Transfer for Desc :  763
        257 Correct Sheduled Desc :  764!!Correct Transfer for Desc :  764
        258 Correct Sheduled Desc :  772!!Correct Transfer for Desc :  772
        259 Correct Sheduled Desc :  773!!Correct Transfer for Desc :  773
        260 Correct Sheduled Desc :  775!!Correct Transfer for Desc :  775
        261 Correct Sheduled Desc :  778!!Correct Transfer for Desc :  778
        262 Correct Sheduled Desc :  779!!Correct Transfer for Desc :  779
        263 Correct Sheduled Desc :  785!!Correct Transfer for Desc :  785
        264 Correct Sheduled Desc :  790!!Correct Transfer for Desc :  790
        265 Correct Sheduled Desc :  791!!Correct Transfer for Desc :  791
        266 Correct Sheduled Desc :  792!!Correct Transfer for Desc :  792
        267 Correct Sheduled Desc :  802!!Correct Transfer for Desc :  802
        268 Correct Sheduled Desc :  803!!Correct Transfer for Desc :  803
        269 Correct Sheduled Desc :  806!!Correct Transfer for Desc :  806
        270 Correct Sheduled Desc :  807!!Correct Transfer for Desc :  807
        271 Correct Sheduled Desc :  808!!Correct Transfer for Desc :  808
        272 Correct Sheduled Desc :  813!!Correct Transfer for Desc :  813
        273 Correct Sheduled Desc :  814!!Correct Transfer for Desc :  814
        274 Correct Sheduled Desc :  814!!Correct Transfer for Desc :  814
        275 Correct Sheduled Desc :  816!!Correct Transfer for Desc :  816
        276 Correct Sheduled Desc :  829!!Correct Transfer for Desc :  829
        277 Correct Sheduled Desc :  832!!Correct Transfer for Desc :  832
        278 Correct Sheduled Desc :  834!!Correct Transfer for Desc :  834
        279 Correct Sheduled Desc :  836!!Correct Transfer for Desc :  836
        280 Correct Sheduled Desc :  839!!Correct Transfer for Desc :  839
        281 Correct Sheduled Desc :  840!!Correct Transfer for Desc :  840
        282 Correct Sheduled Desc :  841!!Correct Transfer for Desc :  841
        283 Correct Sheduled Desc :  844!!Correct Transfer for Desc :  844
        284 Correct Sheduled Desc :  846!!Correct Transfer for Desc :  846
        285 Correct Sheduled Desc :  852!!Correct Transfer for Desc :  852
        286 Correct Sheduled Desc :  853!!Correct Transfer for Desc :  853
        287 Correct Sheduled Desc :  854!!Correct Transfer for Desc :  854
        288 Correct Sheduled Desc :  856!!Correct Transfer for Desc :  856
        289 Correct Sheduled Desc :  858!!Correct Transfer for Desc :  858
        290 Correct Sheduled Desc :  861!!Correct Transfer for Desc :  861
        291 Correct Sheduled Desc :  862!!Correct Transfer for Desc :  862
        292 Correct Sheduled Desc :  864!!Correct Transfer for Desc :  864
        293 Correct Sheduled Desc :  866!!Correct Transfer for Desc :  866
        294 Correct Sheduled Desc :  872!!Correct Transfer for Desc :  872
        295 Correct Sheduled Desc :  879!!Correct Transfer for Desc :  879
        296 Correct Sheduled Desc :  880!!Correct Transfer for Desc :  880
        297 Correct Sheduled Desc :  884!!Correct Transfer for Desc :  884
        298 Correct Sheduled Desc :  887!!Correct Transfer for Desc :  887
        299 Correct Sheduled Desc :  896!!Correct Transfer for Desc :  896
        300 Correct Sheduled Desc :  897!!Correct Transfer for Desc :  897
        301 Correct Sheduled Desc :  909!!Correct Transfer for Desc :  909
        302 Correct Sheduled Desc :  911!!Correct Transfer for Desc :  911
        303 Correct Sheduled Desc :  923!!Correct Transfer for Desc :  923
        304 Correct Sheduled Desc :  924!!Correct Transfer for Desc :  924
        305 Correct Sheduled Desc :  927!!Correct Transfer for Desc :  927
        306 Correct Sheduled Desc :  928!!Correct Transfer for Desc :  928
        307 Correct Sheduled Desc :  931!!Correct Transfer for Desc :  931
        308 Correct Sheduled Desc :  933!!Correct Transfer for Desc :  933
        309 Correct Sheduled Desc :  934!!Correct Transfer for Desc :  934
        310 Correct Sheduled Desc :  935!!Correct Transfer for Desc :  935
        311 Correct Sheduled Desc :  937!!Correct Transfer for Desc :  937
        312 Correct Sheduled Desc :  938!!Correct Transfer for Desc :  938
        313 Correct Sheduled Desc :  939!!Correct Transfer for Desc :  939
        314 Correct Sheduled Desc :  940!!Correct Transfer for Desc :  940
        315 Correct Sheduled Desc :  942!!Correct Transfer for Desc :  942
        316 Correct Sheduled Desc :  943!!Correct Transfer for Desc :  943
        317 Correct Sheduled Desc :  944!!Correct Transfer for Desc :  944
        318 Correct Sheduled Desc :  946!!Correct Transfer for Desc :  946
        319 Correct Sheduled Desc :  948!!Correct Transfer for Desc :  948
        320 Correct Sheduled Desc :  950!!Correct Transfer for Desc :  950
        321 Correct Sheduled Desc :  957!!Correct Transfer for Desc :  957
        322 Correct Sheduled Desc :  958!!Correct Transfer for Desc :  958
        323 Correct Sheduled Desc :  959!!Correct Transfer for Desc :  959
        324 Correct Sheduled Desc :  960!!Correct Transfer for Desc :  960
        325 Correct Sheduled Desc :  963!!Correct Transfer for Desc :  963
        326 Correct Sheduled Desc :  964!!Correct Transfer for Desc :  964
        327 Correct Sheduled Desc :  967!!Correct Transfer for Desc :  967
        328 Correct Sheduled Desc :  969!!Correct Transfer for Desc :  969
        329 Correct Sheduled Desc :  971!!Correct Transfer for Desc :  971
        330 Correct Sheduled Desc :  972!!Correct Transfer for Desc :  972
        331 Correct Sheduled Desc :  976!!Correct Transfer for Desc :  976
        332 Correct Sheduled Desc :  977!!Correct Transfer for Desc :  977
        333 Correct Sheduled Desc :  980!!Correct Transfer for Desc :  980
        334 Correct Sheduled Desc :  982!!Correct Transfer for Desc :  982
        335 Correct Sheduled Desc :  986!!Correct Transfer for Desc :  986
        336 Correct Sheduled Desc :  989!!Correct Transfer for Desc :  989
        337 Correct Sheduled Desc :  994!!Correct Transfer for Desc :  994
        338 Correct Sheduled Desc :  996!!Correct Transfer for Desc :  996
        339 Correct Sheduled Desc : 1000!!Correct Transfer for Desc : 1000
        340 Correct Sheduled Desc : 1006!!Correct Transfer for Desc : 1006
        341 Correct Sheduled Desc : 1009!!Correct Transfer for Desc : 1009
        342 Correct Sheduled Desc : 1011!!Correct Transfer for Desc : 1011
        343 Correct Sheduled Desc : 1012!!Correct Transfer for Desc : 1012
        344 Correct Sheduled Desc : 1015!!Correct Transfer for Desc : 1015
        345 Correct Sheduled Desc : 1016!!Correct Transfer for Desc : 1016
        346 Correct Sheduled Desc : 1017!!Correct Transfer for Desc : 1017
        347 Correct Sheduled Desc : 1018!!Correct Transfer for Desc : 1018
        348 Correct Sheduled Desc : 1020!!Correct Transfer for Desc : 1020
        349 Correct Sheduled Desc : 1022!!Correct Transfer for Desc : 1022
