srcscan starts
INFO: analyzing module Arbiter (VERI-9002)
C:/Users/Aggelos/AppData/Local/Temp/VivadoEditorAssist8139129136516248398.tmp(2): INFO: Compiling verilog file "C:/Users/Aggelos/Desktop/vivado/CHI-DMA/CHI-DMA.srcs/sources_1/new/RSParameters.vh" included at line 2. (VERI-9003)
C:/Users/Aggelos/AppData/Local/Temp/VivadoEditorAssist8139129136516248398.tmp(2): INFO: back to file 'C:/Users/Aggelos/AppData/Local/Temp/VivadoEditorAssist8139129136516248398.tmp' (VERI-2320)
INFO: analyzing module FIFO_Addr (VERI-9002)
C:/Users/Aggelos/AppData/Local/Temp/VivadoEditorAssist8139129136516248398.tmp(27): ERROR: 'AddrWidth' is not declared (VERI-1128)
C:/Users/Aggelos/AppData/Local/Temp/VivadoEditorAssist8139129136516248398.tmp(27): ERROR: range must be bounded by constant expressions (VERI-1952)
C:/Users/Aggelos/AppData/Local/Temp/VivadoEditorAssist8139129136516248398.tmp(30): ERROR: 'AddrWidth' is not declared (VERI-1128)
C:/Users/Aggelos/AppData/Local/Temp/VivadoEditorAssist8139129136516248398.tmp(30): ERROR: range must be bounded by constant expressions (VERI-1952)
C:/Users/Aggelos/AppData/Local/Temp/VivadoEditorAssist8139129136516248398.tmp(35): ERROR: 'AddrWidth' is not declared (VERI-1128)
C:/Users/Aggelos/AppData/Local/Temp/VivadoEditorAssist8139129136516248398.tmp(35): ERROR: range must be bounded by constant expressions (VERI-1952)
C:/Users/Aggelos/AppData/Local/Temp/VivadoEditorAssist8139129136516248398.tmp(35): ERROR: 'QueueSize' is not declared (VERI-1128)
C:/Users/Aggelos/AppData/Local/Temp/VivadoEditorAssist8139129136516248398.tmp(35): ERROR: range must be bounded by constant expressions (VERI-1952)
C:/Users/Aggelos/AppData/Local/Temp/VivadoEditorAssist8139129136516248398.tmp(45): ERROR: 'QueueSize' is not declared (VERI-1128)
C:/Users/Aggelos/AppData/Local/Temp/VivadoEditorAssist8139129136516248398.tmp(53): ERROR: 'QueueSize' is not declared (VERI-1128)
C:/Users/Aggelos/AppData/Local/Temp/VivadoEditorAssist8139129136516248398.tmp(62): ERROR: 'QueueSize' is not declared (VERI-1128)
C:/Users/Aggelos/AppData/Local/Temp/VivadoEditorAssist8139129136516248398.tmp(70): ERROR: 'QueueSize' is not declared (VERI-1128)
C:/Users/Aggelos/AppData/Local/Temp/VivadoEditorAssist8139129136516248398.tmp(71): ERROR: 'QueueSize' is not declared (VERI-1128)
C:/Users/Aggelos/Desktop/vivado/CHI-DMA/CHI-DMA.srcs/sources_1/new/FIFO_Data.sv(2): INFO: Compiling verilog file "C:/Users/Aggelos/Desktop/vivado/CHI-DMA/CHI-DMA.srcs/sources_1/new/RSParameters.vh" included at line 2. (VERI-9003)
C:/Users/Aggelos/Desktop/vivado/CHI-DMA/CHI-DMA.srcs/sources_1/new/FIFO_Data.sv(2): INFO: back to file 'C:/Users/Aggelos/Desktop/vivado/CHI-DMA/CHI-DMA.srcs/sources_1/new/FIFO_Data.sv' (VERI-2320)
INFO: analyzing module FIFO_Data (VERI-9002)
C:/Users/Aggelos/Desktop/vivado/CHI-DMA/CHI-DMA.srcs/sources_1/new/FIFO_Data.sv(27): ERROR: 'DataWidth' is not declared (VERI-1128)
C:/Users/Aggelos/Desktop/vivado/CHI-DMA/CHI-DMA.srcs/sources_1/new/FIFO_Data.sv(27): ERROR: range must be bounded by constant expressions (VERI-1952)
C:/Users/Aggelos/Desktop/vivado/CHI-DMA/CHI-DMA.srcs/sources_1/new/FIFO_Data.sv(30): ERROR: 'DataWidth' is not declared (VERI-1128)
C:/Users/Aggelos/Desktop/vivado/CHI-DMA/CHI-DMA.srcs/sources_1/new/FIFO_Data.sv(30): ERROR: range must be bounded by constant expressions (VERI-1952)
C:/Users/Aggelos/Desktop/vivado/CHI-DMA/CHI-DMA.srcs/sources_1/new/FIFO_Data.sv(35): ERROR: 'DataWidth' is not declared (VERI-1128)
C:/Users/Aggelos/Desktop/vivado/CHI-DMA/CHI-DMA.srcs/sources_1/new/FIFO_Data.sv(35): ERROR: range must be bounded by constant expressions (VERI-1952)
C:/Users/Aggelos/Desktop/vivado/CHI-DMA/CHI-DMA.srcs/sources_1/new/FIFO_Data.sv(35): ERROR: 'QueueSize' is not declared (VERI-1128)
C:/Users/Aggelos/Desktop/vivado/CHI-DMA/CHI-DMA.srcs/sources_1/new/FIFO_Data.sv(35): ERROR: range must be bounded by constant expressions (VERI-1952)
C:/Users/Aggelos/Desktop/vivado/CHI-DMA/CHI-DMA.srcs/sources_1/new/FIFO_Data.sv(45): ERROR: 'QueueSize' is not declared (VERI-1128)
C:/Users/Aggelos/Desktop/vivado/CHI-DMA/CHI-DMA.srcs/sources_1/new/FIFO_Data.sv(53): ERROR: 'QueueSize' is not declared (VERI-1128)
C:/Users/Aggelos/Desktop/vivado/CHI-DMA/CHI-DMA.srcs/sources_1/new/FIFO_Data.sv(62): ERROR: 'QueueSize' is not declared (VERI-1128)
C:/Users/Aggelos/Desktop/vivado/CHI-DMA/CHI-DMA.srcs/sources_1/new/FIFO_Data.sv(70): ERROR: 'QueueSize' is not declared (VERI-1128)
C:/Users/Aggelos/Desktop/vivado/CHI-DMA/CHI-DMA.srcs/sources_1/new/FIFO_Data.sv(71): ERROR: 'QueueSize' is not declared (VERI-1128)
C:/Users/Aggelos/Desktop/vivado/CHI-DMA/CHI-DMA.srcs/sources_1/new/RegSpace+Sched.sv(2): INFO: Compiling verilog file "C:/Users/Aggelos/Desktop/vivado/CHI-DMA/CHI-DMA.srcs/sources_1/new/RSParameters.vh" included at line 2. (VERI-9003)
C:/Users/Aggelos/Desktop/vivado/CHI-DMA/CHI-DMA.srcs/sources_1/new/RegSpace+Sched.sv(2): INFO: back to file 'C:/Users/Aggelos/Desktop/vivado/CHI-DMA/CHI-DMA.srcs/sources_1/new/RegSpace+Sched.sv' (VERI-2320)
INFO: analyzing module RegSpaceAndSched (VERI-9002)
C:/Users/Aggelos/Desktop/vivado/CHI-DMA/CHI-DMA.srcs/sources_1/new/RegSpace+Sched.sv(29): ERROR: 'AddrWidth' is not declared (VERI-1128)
C:/Users/Aggelos/Desktop/vivado/CHI-DMA/CHI-DMA.srcs/sources_1/new/RegSpace+Sched.sv(29): ERROR: range must be bounded by constant expressions (VERI-1952)
C:/Users/Aggelos/Desktop/vivado/CHI-DMA/CHI-DMA.srcs/sources_1/new/RegSpace+Sched.sv(30): ERROR: 'AddrWidth' is not declared (VERI-1128)
C:/Users/Aggelos/Desktop/vivado/CHI-DMA/CHI-DMA.srcs/sources_1/new/RegSpace+Sched.sv(30): ERROR: range must be bounded by constant expressions (VERI-1952)
C:/Users/Aggelos/Desktop/vivado/CHI-DMA/CHI-DMA.srcs/sources_1/new/RegSpace+Sched.sv(31): ERROR: 'BTSWidth' is not declared (VERI-1128)
C:/Users/Aggelos/Desktop/vivado/CHI-DMA/CHI-DMA.srcs/sources_1/new/RegSpace+Sched.sv(31): ERROR: range must be bounded by constant expressions (VERI-1952)
C:/Users/Aggelos/Desktop/vivado/CHI-DMA/CHI-DMA.srcs/sources_1/new/RegSpace+Sched.sv(32): ERROR: 'DataWidth' is not declared (VERI-1128)
C:/Users/Aggelos/Desktop/vivado/CHI-DMA/CHI-DMA.srcs/sources_1/new/RegSpace+Sched.sv(32): ERROR: range must be bounded by constant expressions (VERI-1952)
C:/Users/Aggelos/Desktop/vivado/CHI-DMA/CHI-DMA.srcs/sources_1/new/RegSpace+Sched.sv(35): ERROR: 'AddrWidth' is not declared (VERI-1128)
C:/Users/Aggelos/Desktop/vivado/CHI-DMA/CHI-DMA.srcs/sources_1/new/RegSpace+Sched.sv(35): ERROR: range must be bounded by constant expressions (VERI-1952)
C:/Users/Aggelos/Desktop/vivado/CHI-DMA/CHI-DMA.srcs/sources_1/new/RegSpace+Sched.sv(36): ERROR: 'AddrWidth' is not declared (VERI-1128)
C:/Users/Aggelos/Desktop/vivado/CHI-DMA/CHI-DMA.srcs/sources_1/new/RegSpace+Sched.sv(36): ERROR: range must be bounded by constant expressions (VERI-1952)
C:/Users/Aggelos/Desktop/vivado/CHI-DMA/CHI-DMA.srcs/sources_1/new/RegSpace+Sched.sv(37): ERROR: 'BTSWidth' is not declared (VERI-1128)
C:/Users/Aggelos/Desktop/vivado/CHI-DMA/CHI-DMA.srcs/sources_1/new/RegSpace+Sched.sv(37): ERROR: range must be bounded by constant expressions (VERI-1952)
C:/Users/Aggelos/Desktop/vivado/CHI-DMA/CHI-DMA.srcs/sources_1/new/RegSpace+Sched.sv(38): ERROR: 'BTSWidth' is not declared (VERI-1128)
C:/Users/Aggelos/Desktop/vivado/CHI-DMA/CHI-DMA.srcs/sources_1/new/RegSpace+Sched.sv(38): ERROR: range must be bounded by constant expressions (VERI-1952)
C:/Users/Aggelos/Desktop/vivado/CHI-DMA/CHI-DMA.srcs/sources_1/new/RegSpace+Sched.sv(41): ERROR: 'DataWidth' is not declared (VERI-1128)
C:/Users/Aggelos/Desktop/vivado/CHI-DMA/CHI-DMA.srcs/sources_1/new/RegSpace+Sched.sv(41): ERROR: range must be bounded by constant expressions (VERI-1952)
C:/Users/Aggelos/Desktop/vivado/CHI-DMA/CHI-DMA.srcs/sources_1/new/RegSpace+Sched.sv(45): ERROR: 'BTSWidth' is not declared (VERI-1128)
C:/Users/Aggelos/Desktop/vivado/CHI-DMA/CHI-DMA.srcs/sources_1/new/RegSpace+Sched.sv(45): ERROR: range must be bounded by constant expressions (VERI-1952)
C:/Users/Aggelos/Desktop/vivado/CHI-DMA/CHI-DMA.srcs/sources_1/new/RegSpace+Sched.sv(46): ERROR: 'AddrWidth' is not declared (VERI-1128)
C:/Users/Aggelos/Desktop/vivado/CHI-DMA/CHI-DMA.srcs/sources_1/new/RegSpace+Sched.sv(46): ERROR: range must be bounded by constant expressions (VERI-1952)
C:/Users/Aggelos/AppData/Local/Temp/VivadoEditorAssist17233502978336987257.tmp(2): INFO: Compiling verilog file "C:/Users/Aggelos/Desktop/vivado/CHI-DMA/CHI-DMA.srcs/sources_1/new/RSParameters.vh" included at line 2. (VERI-9003)
C:/Users/Aggelos/AppData/Local/Temp/VivadoEditorAssist17233502978336987257.tmp(2): INFO: back to file 'C:/Users/Aggelos/AppData/Local/Temp/VivadoEditorAssist17233502978336987257.tmp' (VERI-2320)
INFO: analyzing module RegSpace (VERI-9002)
C:/Users/Aggelos/AppData/Local/Temp/VivadoEditorAssist17233502978336987257.tmp(32): ERROR: 'AddrWidth' is not declared (VERI-1128)
C:/Users/Aggelos/AppData/Local/Temp/VivadoEditorAssist17233502978336987257.tmp(32): ERROR: range must be bounded by constant expressions (VERI-1952)
C:/Users/Aggelos/AppData/Local/Temp/VivadoEditorAssist17233502978336987257.tmp(33): ERROR: 'AddrWidth' is not declared (VERI-1128)
C:/Users/Aggelos/AppData/Local/Temp/VivadoEditorAssist17233502978336987257.tmp(33): ERROR: range must be bounded by constant expressions (VERI-1952)
C:/Users/Aggelos/AppData/Local/Temp/VivadoEditorAssist17233502978336987257.tmp(34): ERROR: 'BTSWidth' is not declared (VERI-1128)
C:/Users/Aggelos/AppData/Local/Temp/VivadoEditorAssist17233502978336987257.tmp(34): ERROR: range must be bounded by constant expressions (VERI-1952)
C:/Users/Aggelos/AppData/Local/Temp/VivadoEditorAssist17233502978336987257.tmp(35): ERROR: 'BTSWidth' is not declared (VERI-1128)
C:/Users/Aggelos/AppData/Local/Temp/VivadoEditorAssist17233502978336987257.tmp(35): ERROR: range must be bounded by constant expressions (VERI-1952)
C:/Users/Aggelos/AppData/Local/Temp/VivadoEditorAssist17233502978336987257.tmp(38): ERROR: 'AddrWidth' is not declared (VERI-1128)
C:/Users/Aggelos/AppData/Local/Temp/VivadoEditorAssist17233502978336987257.tmp(38): ERROR: range must be bounded by constant expressions (VERI-1952)
C:/Users/Aggelos/AppData/Local/Temp/VivadoEditorAssist17233502978336987257.tmp(39): ERROR: 'AddrWidth' is not declared (VERI-1128)
C:/Users/Aggelos/AppData/Local/Temp/VivadoEditorAssist17233502978336987257.tmp(39): ERROR: range must be bounded by constant expressions (VERI-1952)
C:/Users/Aggelos/AppData/Local/Temp/VivadoEditorAssist17233502978336987257.tmp(40): ERROR: 'BTSWidth' is not declared (VERI-1128)
C:/Users/Aggelos/AppData/Local/Temp/VivadoEditorAssist17233502978336987257.tmp(40): ERROR: range must be bounded by constant expressions (VERI-1952)
C:/Users/Aggelos/AppData/Local/Temp/VivadoEditorAssist17233502978336987257.tmp(41): ERROR: 'BTSWidth' is not declared (VERI-1128)
C:/Users/Aggelos/AppData/Local/Temp/VivadoEditorAssist17233502978336987257.tmp(41): ERROR: range must be bounded by constant expressions (VERI-1952)
C:/Users/Aggelos/AppData/Local/Temp/VivadoEditorAssist17233502978336987257.tmp(45): ERROR: 'AddrWidth' is not declared (VERI-1128)
C:/Users/Aggelos/AppData/Local/Temp/VivadoEditorAssist17233502978336987257.tmp(45): ERROR: range must be bounded by constant expressions (VERI-1952)
C:/Users/Aggelos/AppData/Local/Temp/VivadoEditorAssist17233502978336987257.tmp(45): ERROR: 'numOfDesc' is not declared (VERI-1128)
C:/Users/Aggelos/AppData/Local/Temp/VivadoEditorAssist17233502978336987257.tmp(45): ERROR: range must be bounded by constant expressions (VERI-1952)
C:/Users/Aggelos/AppData/Local/Temp/VivadoEditorAssist17233502978336987257.tmp(45): ERROR: 'numOfDesc' is not declared (VERI-1128)
C:/Users/Aggelos/AppData/Local/Temp/VivadoEditorAssist17233502978336987257.tmp(45): ERROR: range must be bounded by constant expressions (VERI-1952)
C:/Users/Aggelos/AppData/Local/Temp/VivadoEditorAssist17233502978336987257.tmp(46): ERROR: 'BTSWidth' is not declared (VERI-1128)
C:/Users/Aggelos/AppData/Local/Temp/VivadoEditorAssist17233502978336987257.tmp(46): ERROR: range must be bounded by constant expressions (VERI-1952)
C:/Users/Aggelos/AppData/Local/Temp/VivadoEditorAssist17233502978336987257.tmp(46): ERROR: 'numOfDesc' is not declared (VERI-1128)
C:/Users/Aggelos/AppData/Local/Temp/VivadoEditorAssist17233502978336987257.tmp(46): ERROR: range must be bounded by constant expressions (VERI-1952)
C:/Users/Aggelos/AppData/Local/Temp/VivadoEditorAssist17233502978336987257.tmp(46): ERROR: 'numOfDesc' is not declared (VERI-1128)
C:/Users/Aggelos/AppData/Local/Temp/VivadoEditorAssist17233502978336987257.tmp(46): ERROR: range must be bounded by constant expressions (VERI-1952)
C:/Users/Aggelos/AppData/Local/Temp/VivadoEditorAssist17233502978336987257.tmp(47): ERROR: 'numOfDesc' is not declared (VERI-1128)
C:/Users/Aggelos/AppData/Local/Temp/VivadoEditorAssist17233502978336987257.tmp(47): ERROR: range must be bounded by constant expressions (VERI-1952)
C:/Users/Aggelos/AppData/Local/Temp/VivadoEditorAssist17233502978336987257.tmp(55): ERROR: 'numOfDesc' is not declared (VERI-1128)
C:/Users/Aggelos/AppData/Local/Temp/VivadoEditorAssist17233502978336987257.tmp(68): ERROR: 'numOfDesc' is not declared (VERI-1128)
C:/Users/Aggelos/AppData/Local/Temp/VivadoEditorAssist17233502978336987257.tmp(74): ERROR: 'numOfDesc' is not declared (VERI-1128)
C:/Users/Aggelos/AppData/Local/Temp/VivadoEditorAssist17233502978336987257.tmp(76): ERROR: 'numOfDesc' is not declared (VERI-1128)
C:/Users/Aggelos/AppData/Local/Temp/VivadoEditorAssist17233502978336987257.tmp(98): ERROR: 'numOfDesc' is not declared (VERI-1128)
C:/Users/Aggelos/AppData/Local/Temp/VivadoEditorAssist17233502978336987257.tmp(104): ERROR: 'numOfDesc' is not declared (VERI-1128)
C:/Users/Aggelos/AppData/Local/Temp/VivadoEditorAssist17233502978336987257.tmp(106): ERROR: 'numOfDesc' is not declared (VERI-1128)
C:/Users/Aggelos/AppData/Local/Temp/VivadoEditorAssist17233502978336987257.tmp(119): ERROR: 'numOfDesc' is not declared (VERI-1128)
C:/Users/Aggelos/AppData/Local/Temp/VivadoEditorAssist17233502978336987257.tmp(144): WARNING: variable 'flag' must explicitly be declared as automatic or static (VERI-2013)
C:/Users/Aggelos/AppData/Local/Temp/VivadoEditorAssist17233502978336987257.tmp(145): ERROR: 'numOfDesc' is not declared (VERI-1128)
C:/Users/Aggelos/Desktop/vivado/CHI-DMA/CHI-DMA.srcs/sources_1/new/Scheduler.sv(2): INFO: Compiling verilog file "C:/Users/Aggelos/Desktop/vivado/CHI-DMA/CHI-DMA.srcs/sources_1/new/RSParameters.vh" included at line 2. (VERI-9003)
C:/Users/Aggelos/Desktop/vivado/CHI-DMA/CHI-DMA.srcs/sources_1/new/Scheduler.sv(2): INFO: back to file 'C:/Users/Aggelos/Desktop/vivado/CHI-DMA/CHI-DMA.srcs/sources_1/new/Scheduler.sv' (VERI-2320)
INFO: analyzing module Scheduler (VERI-9002)
C:/Users/Aggelos/Desktop/vivado/CHI-DMA/CHI-DMA.srcs/sources_1/new/Scheduler.sv(28): ERROR: 'AddrWidth' is not declared (VERI-1128)
C:/Users/Aggelos/Desktop/vivado/CHI-DMA/CHI-DMA.srcs/sources_1/new/Scheduler.sv(28): ERROR: range must be bounded by constant expressions (VERI-1952)
C:/Users/Aggelos/Desktop/vivado/CHI-DMA/CHI-DMA.srcs/sources_1/new/Scheduler.sv(29): ERROR: 'AddrWidth' is not declared (VERI-1128)
C:/Users/Aggelos/Desktop/vivado/CHI-DMA/CHI-DMA.srcs/sources_1/new/Scheduler.sv(29): ERROR: range must be bounded by constant expressions (VERI-1952)
C:/Users/Aggelos/Desktop/vivado/CHI-DMA/CHI-DMA.srcs/sources_1/new/Scheduler.sv(30): ERROR: 'BTSWidth' is not declared (VERI-1128)
C:/Users/Aggelos/Desktop/vivado/CHI-DMA/CHI-DMA.srcs/sources_1/new/Scheduler.sv(30): ERROR: range must be bounded by constant expressions (VERI-1952)
C:/Users/Aggelos/Desktop/vivado/CHI-DMA/CHI-DMA.srcs/sources_1/new/Scheduler.sv(31): ERROR: 'BTSWidth' is not declared (VERI-1128)
C:/Users/Aggelos/Desktop/vivado/CHI-DMA/CHI-DMA.srcs/sources_1/new/Scheduler.sv(31): ERROR: range must be bounded by constant expressions (VERI-1952)
C:/Users/Aggelos/Desktop/vivado/CHI-DMA/CHI-DMA.srcs/sources_1/new/Scheduler.sv(32): ERROR: 'DataWidth' is not declared (VERI-1128)
C:/Users/Aggelos/Desktop/vivado/CHI-DMA/CHI-DMA.srcs/sources_1/new/Scheduler.sv(32): ERROR: range must be bounded by constant expressions (VERI-1952)
C:/Users/Aggelos/Desktop/vivado/CHI-DMA/CHI-DMA.srcs/sources_1/new/Scheduler.sv(35): ERROR: 'AddrWidth' is not declared (VERI-1128)
C:/Users/Aggelos/Desktop/vivado/CHI-DMA/CHI-DMA.srcs/sources_1/new/Scheduler.sv(35): ERROR: range must be bounded by constant expressions (VERI-1952)
C:/Users/Aggelos/Desktop/vivado/CHI-DMA/CHI-DMA.srcs/sources_1/new/Scheduler.sv(36): ERROR: 'AddrWidth' is not declared (VERI-1128)
C:/Users/Aggelos/Desktop/vivado/CHI-DMA/CHI-DMA.srcs/sources_1/new/Scheduler.sv(36): ERROR: range must be bounded by constant expressions (VERI-1952)
C:/Users/Aggelos/Desktop/vivado/CHI-DMA/CHI-DMA.srcs/sources_1/new/Scheduler.sv(37): ERROR: 'BTSWidth' is not declared (VERI-1128)
C:/Users/Aggelos/Desktop/vivado/CHI-DMA/CHI-DMA.srcs/sources_1/new/Scheduler.sv(37): ERROR: range must be bounded by constant expressions (VERI-1952)
C:/Users/Aggelos/Desktop/vivado/CHI-DMA/CHI-DMA.srcs/sources_1/new/Scheduler.sv(38): ERROR: 'BTSWidth' is not declared (VERI-1128)
C:/Users/Aggelos/Desktop/vivado/CHI-DMA/CHI-DMA.srcs/sources_1/new/Scheduler.sv(38): ERROR: range must be bounded by constant expressions (VERI-1952)
C:/Users/Aggelos/Desktop/vivado/CHI-DMA/CHI-DMA.srcs/sources_1/new/Scheduler.sv(39): ERROR: 'BTSWidth' is not declared (VERI-1128)
C:/Users/Aggelos/Desktop/vivado/CHI-DMA/CHI-DMA.srcs/sources_1/new/Scheduler.sv(39): ERROR: range must be bounded by constant expressions (VERI-1952)
C:/Users/Aggelos/Desktop/vivado/CHI-DMA/CHI-DMA.srcs/sources_1/new/Scheduler.sv(40): ERROR: 'DataWidth' is not declared (VERI-1128)
C:/Users/Aggelos/Desktop/vivado/CHI-DMA/CHI-DMA.srcs/sources_1/new/Scheduler.sv(40): ERROR: range must be bounded by constant expressions (VERI-1952)
C:/Users/Aggelos/Desktop/vivado/CHI-DMA/CHI-DMA.srcs/sources_1/new/Scheduler.sv(49): ERROR: 'Chunk' is not declared (VERI-1128)
C:/Users/Aggelos/Desktop/vivado/CHI-DMA/CHI-DMA.srcs/sources_1/new/Scheduler.sv(49): ERROR: range must be bounded by constant expressions (VERI-1952)
C:/Users/Aggelos/Desktop/vivado/CHI-DMA/CHI-DMA.srcs/sources_1/new/Scheduler.sv(51): ERROR: 'Chunk' is not declared (VERI-1128)
C:/Users/Aggelos/Desktop/vivado/CHI-DMA/CHI-DMA.srcs/sources_1/new/Scheduler.sv(51): ERROR: range must be bounded by constant expressions (VERI-1952)
C:/Users/Aggelos/Desktop/vivado/CHI-DMA/CHI-DMA.srcs/sources_1/new/Scheduler.sv(64): ERROR: 'BTSWidth' is not declared (VERI-1128)
C:/Users/Aggelos/Desktop/vivado/CHI-DMA/CHI-DMA.srcs/sources_1/new/Scheduler.sv(64): ERROR: range must be bounded by constant expressions (VERI-1952)
C:/Users/Aggelos/Desktop/vivado/CHI-DMA/CHI-DMA.srcs/sources_1/new/Scheduler.sv(102): ERROR: 'DataWidth' is not declared (VERI-1128)
C:/Users/Aggelos/Desktop/vivado/CHI-DMA/CHI-DMA.srcs/sources_1/new/Scheduler.sv(103): ERROR: 'DataWidth' is not declared (VERI-1128)
C:/Users/Aggelos/Desktop/vivado/CHI-DMA/CHI-DMA.srcs/sources_1/new/Scheduler.sv(104): ERROR: 'DataWidth' is not declared (VERI-1128)
C:/Users/Aggelos/Desktop/vivado/CHI-DMA/CHI-DMA.srcs/sources_1/new/Scheduler.sv(105): ERROR: 'DataWidth' is not declared (VERI-1128)
C:/Users/Aggelos/Desktop/vivado/CHI-DMA/CHI-DMA.srcs/sources_1/new/Scheduler.sv(106): ERROR: 'DataWidth' is not declared (VERI-1128)
C:/Users/Aggelos/Desktop/vivado/CHI-DMA/CHI-DMA.srcs/sources_1/new/Scheduler.sv(108): ERROR: 'DataWidth' is not declared (VERI-1128)
C:/Users/Aggelos/Desktop/vivado/CHI-DMA/CHI-DMA.srcs/sources_1/new/Scheduler.sv(162): ERROR: 'Chunk' is not declared (VERI-1128)
INFO: analyzing module Descriptor (VERI-9002)
srcscan exits with return value 0
