#-----------------------------------------------------------
# Vivado v2019.2 (64-bit)
# SW Build 2708876 on Wed Nov  6 21:40:23 MST 2019
# IP Build 2700528 on Thu Nov  7 00:09:20 MST 2019
# Start of session at: Mon Aug 29 16:38:12 2022
# Process ID: 4908
# Current directory: C:/Users/Aggelos/Desktop/github/Chi-DMA/CHI-DMA
# Command line: vivado.exe -gui_launcher_event rodinguilauncherevent5088 C:\Users\Aggelos\Desktop\github\Chi-DMA\CHI-DMA\CHI-DMA.xpr
# Log file: C:/Users/Aggelos/Desktop/github/Chi-DMA/CHI-DMA/vivado.log
# Journal file: C:/Users/Aggelos/Desktop/github/Chi-DMA/CHI-DMA\vivado.jou
#-----------------------------------------------------------
start_gui
open_project C:/Users/Aggelos/Desktop/github/Chi-DMA/CHI-DMA/CHI-DMA.xpr
INFO: [Project 1-313] Project file moved from 'C:/Users/Aggelos/Desktop/vivado/CHI-DMA' since last save.
Scanning sources...
Finished scanning sources
INFO: [IP_Flow 19-234] Refreshing IP repositories
INFO: [IP_Flow 19-1704] No user IP repositories specified
INFO: [IP_Flow 19-2313] Loaded Vivado IP repository 'F:/VivadoInstallation/vivadoInst/Vivado/2019.2/data/ip'.
open_project: Time (s): cpu = 00:00:27 ; elapsed = 00:00:14 . Memory (MB): peak = 893.184 ; gain = 233.625
update_compile_order -fileset sources_1
set_property top Scheduler [current_fileset]
update_compile_order -fileset sources_1
reset_run synth_1
launch_runs synth_1 -jobs 4
[Mon Aug 29 20:44:00 2022] Launched synth_1...
Run output will be captured here: C:/Users/Aggelos/Desktop/github/Chi-DMA/CHI-DMA/CHI-DMA.runs/synth_1/runme.log
reset_run synth_1
launch_runs synth_1 -jobs 4
[Mon Aug 29 20:50:47 2022] Launched synth_1...
Run output will be captured here: C:/Users/Aggelos/Desktop/github/Chi-DMA/CHI-DMA/CHI-DMA.runs/synth_1/runme.log
reset_run synth_1
launch_runs synth_1 -jobs 4
[Mon Aug 29 20:52:52 2022] Launched synth_1...
Run output will be captured here: C:/Users/Aggelos/Desktop/github/Chi-DMA/CHI-DMA/CHI-DMA.runs/synth_1/runme.log
reset_run synth_1
launch_runs synth_1 -jobs 4
[Mon Aug 29 20:56:33 2022] Launched synth_1...
Run output will be captured here: C:/Users/Aggelos/Desktop/github/Chi-DMA/CHI-DMA/CHI-DMA.runs/synth_1/runme.log
reset_run synth_1
launch_runs synth_1 -jobs 4
[Mon Aug 29 20:58:47 2022] Launched synth_1...
Run output will be captured here: C:/Users/Aggelos/Desktop/github/Chi-DMA/CHI-DMA/CHI-DMA.runs/synth_1/runme.log
reset_run synth_1
launch_runs synth_1 -jobs 4
[Mon Aug 29 21:00:45 2022] Launched synth_1...
Run output will be captured here: C:/Users/Aggelos/Desktop/github/Chi-DMA/CHI-DMA/CHI-DMA.runs/synth_1/runme.log
reset_run synth_1
launch_runs synth_1 -jobs 4
[Mon Aug 29 21:08:53 2022] Launched synth_1...
Run output will be captured here: C:/Users/Aggelos/Desktop/github/Chi-DMA/CHI-DMA/CHI-DMA.runs/synth_1/runme.log
reset_run synth_1
launch_runs synth_1 -jobs 4
[Mon Aug 29 21:10:17 2022] Launched synth_1...
Run output will be captured here: C:/Users/Aggelos/Desktop/github/Chi-DMA/CHI-DMA/CHI-DMA.runs/synth_1/runme.log
exit
INFO: [Common 17-206] Exiting Vivado at Mon Aug 29 21:25:43 2022...
